frame index, translation vector, rotation vector
1, [ 0.23882115 -0.5205455   0.58117588], [ 0.02688069 -0.00786188 -0.01455475]
2, [ 0.23781617 -0.51307688  0.57480774], [ 0.04718711  0.01335502 -0.01792964]
3, [ 0.2380468  -0.51502381  0.57612705], [ 0.03592284  0.02743929 -0.01087134]
4, [ 0.23813208 -0.51594044  0.57618831], [ 0.04207927  0.01827905 -0.01146863]
5, [ 0.23735582 -0.51295764  0.57281909], [ 0.04687636  0.02238939 -0.00692927]
6, [ 0.23740363 -0.51387192  0.57256191], [ 0.03675353  0.01460509 -0.00566416]
7, [ 0.23772283 -0.51897004  0.5758448 ], [ 0.02027474  0.00286941 -0.00796156]
8, [ 0.23665047 -0.51731831  0.5725832 ], [ 0.03148778  0.00325821 -0.01442437]
9, [ 0.23667619 -0.52089654  0.57448245], [ 0.01768096  0.00130095 -0.00668251]
10, [ 0.23474269 -0.51530107  0.56800039], [ 0.04397321  0.01327272 -0.01007623]
11, [ 0.2357125  -0.52265663  0.57390149], [-0.00099595  0.00251728 -0.00304901]
12, [ 0.23375972 -0.51408769  0.5652637 ], [ 0.04715956  0.00619353 -0.01615839]
13, [ 0.23512584 -0.51671158  0.56837041], [ 0.0240156  -0.00109055 -0.00738776]
14, [ 0.23466999 -0.51299168  0.56475378], [ 0.05575332  0.01366992 -0.01740191]
15, [ 0.23578529 -0.51863091  0.56970593], [ 0.02898302  0.01075033 -0.00297279]
16, [ 0.23649603 -0.51908476  0.56999367], [ 0.03571917  0.007623   -0.01445448]
17, [ 0.23612949 -0.51664197  0.56614265], [ 0.05715145  0.01424914 -0.02325131]
18, [ 0.23607886 -0.51790776  0.5647967 ], [ 0.05302771  0.00728648 -0.01161944]
19, [ 0.23490407 -0.517225    0.55999452], [ 0.07231087  0.01279774 -0.01922203]
20, [ 0.23591965 -0.52570809  0.56377346], [ 0.04726084  0.00487301 -0.01464281]
21, [ 0.23519486 -0.52579544  0.55859739], [ 0.05426754 -0.00290358 -0.01008688]
22, [ 0.23576683 -0.53150581  0.55808297], [ 0.06051651  0.00262683 -0.01549384]
23, [ 0.23549287 -0.52924391  0.54948061], [0.06203231 0.00853953 0.01026763]
24, [ 0.23704946 -0.53610705  0.54924846], [ 0.06505764 -0.00348144  0.00417876]
25, [ 0.2377213  -0.53719778  0.54231569], [ 0.11596438 -0.01269877  0.00119572]
26, [ 0.23922542 -0.540654    0.53779576], [ 0.08822834 -0.00906983 -0.00568434]
27, [ 0.24133266 -0.54552161  0.53462995], [ 0.06513908 -0.00268703  0.01304645]
28, [ 0.24416197 -0.54922165  0.53036227], [ 0.06277728 -0.0170787   0.01209655]
29, [ 0.24705091 -0.5541692   0.5264745 ], [0.09478009 0.0044129  0.01318846]
30, [ 0.25145144 -0.56594154  0.52899677], [ 0.04763727 -0.03214407  0.01682262]
31, [ 0.25313243 -0.56216735  0.51466944], [0.11767682 0.01203994 0.02054863]
32, [ 0.25879073 -0.5758461   0.51856253], [1.38071679 0.25227891 0.01428447]
33, [ 0.26610969 -0.59574448  0.53325299], [ 0.01291872 -0.00206675  0.00475897]
34, [ 0.26878767 -0.59264409  0.51992197], [0.03388216 0.01201728 0.01683843]
35, [ 0.2715926  -0.59924773  0.51607319], [ 0.07262476 -0.0312932  -0.00150741]
36, [ 0.27486727 -0.61399347  0.52266488], [ 0.02660349 -0.08173608 -0.00509969]
37, [ 0.27659408 -0.61966983  0.51776167], [ 0.00373124 -0.01794743  0.01528199]
38, [ 0.2798335  -0.62261167  0.51046905], [0.0118323  0.03231442 0.0528336 ]
39, [ 0.28385696 -0.62441992  0.50221851], [0.05071262 0.07267179 0.06973643]
40, [ 0.28943362 -0.63871665  0.51004924], [0.01680295 0.04275487 0.04438219]
41, [ 0.2938946  -0.64676741  0.51073451], [0.00384686 0.08237019 0.07390469]
42, [ 0.30388098 -0.68538131  0.55503654], [-0.12474607  0.07922299  0.04636497]
43, [ 0.30961735 -0.69136092  0.55671812], [-0.13455784  0.14929338  0.05798197]
44, [ 0.31314252 -0.68697485  0.54137581], [-0.05356963  0.16376946  0.06342127]
45, [ 0.31614765 -0.70104951  0.55178822], [-0.11977063  0.14817424  0.06379166]
46, [ 0.31750949 -0.71680597  0.5657908 ], [-0.17075975  0.15779703  0.07053298]
47, [ 0.31881147 -0.72677459  0.5735789 ], [-0.18585269  0.17797048  0.0742537 ]
48, [ 0.31998381 -0.73105821  0.57381654], [-0.17220549  0.21099834  0.08144934]
49, [ 0.32192184 -0.7434665   0.58683141], [-0.2197357   0.20824688  0.08123947]
50, [ 0.3246256  -0.75557072  0.59812362], [-0.23067361  0.22907609  0.07986082]
51, [ 0.33032317 -0.7847654   0.63323615], [-0.27011133  0.31791812  0.09576717]
52, [ 0.33313344 -0.79347637  0.63946761], [-0.29634068  0.3095348   0.0749042 ]
53, [ 0.33526169 -0.79569285  0.63648305], [-0.33667804  0.27035487  0.03768131]
54, [ 0.33566411 -0.79136379  0.62590963], [-0.33712638  0.25711753  0.04020148]
55, [ 0.33546059 -0.79300702  0.62808873], [-0.33172445  0.2670355   0.02262457]
56, [ 0.33645926 -0.79089633  0.62694672], [-0.29703283  0.26144714  0.00407279]
57, [ 0.33690324 -0.78450833  0.61935869], [-0.27407702  0.2577971   0.01137271]
58, [ 0.33794745 -0.79019054  0.63110695], [-0.29838547  0.25733909 -0.00146476]
59, [ 0.3382387  -0.78874304  0.6304599 ], [-0.30977011  0.2685629  -0.00896015]
60, [ 0.33763826 -0.78924773  0.63198761], [-0.33232649  0.26406    -0.00800512]
61, [ 0.33731268 -0.80029054  0.64627155], [-0.37339069  0.25780674 -0.015161  ]
65, [ 0.32445162 -0.80638023  0.62298083], [-0.31466897  0.30922291 -0.00505628]
66, [ 0.31888819 -0.80132501  0.60598856], [-0.28397545  0.3115874  -0.00327571]
67, [ 0.31403221 -0.7982179   0.59195307], [-0.2944031   0.32087712  0.02593005]
68, [ 0.31099133 -0.80026231  0.58780234], [-0.3064694   0.3273198   0.01196556]
69, [ 0.30824137 -0.80135643  0.58139272], [-0.29822673  0.3285286   0.01939551]
70, [ 0.30580969 -0.80615476  0.58192211], [-0.33124689  0.37006537  0.03288715]
71, [ 0.30639048 -0.81747519  0.59172828], [-0.36995429  0.41047792  0.05053159]
72, [ 0.30652635 -0.8222944   0.58892293], [-0.39028377  0.43735629  0.06343049]
73, [ 0.30669592 -0.83193226  0.59700437], [-0.47877772  0.38458964 -0.0388185 ]
74, [ 0.30231182 -0.81319485  0.54748016], [-0.41788426  0.31483844 -0.02660549]
75, [ 0.29953373 -0.81125558  0.53442981], [-0.38637166  0.29289307 -0.04026649]
76, [ 0.29714851 -0.81246926  0.52929745], [-0.39407966  0.29245324 -0.04157197]
77, [ 0.29513136 -0.81729583  0.53222344], [-0.40567978  0.31544889 -0.04270742]
78, [ 0.29222364 -0.82251233  0.53608517], [-0.39198528  0.34746981 -0.02118983]
79, [ 0.29026275 -0.83338456  0.54998041], [-0.4144227   0.3629688  -0.02198189]
80, [ 0.28642012 -0.83935838  0.55293459], [-0.42520807  0.35011797 -0.01415834]
81, [ 0.28032745 -0.83809185  0.5402398 ], [-0.37808746  0.40749453 -0.02695155]
82, [ 0.27605018 -0.84210689  0.53877548], [-0.38577257  0.43236435  0.01585598]
83, [ 0.2722792  -0.84382219  0.53379422], [-0.36978974  0.42282919  0.01005619]
84, [ 0.26944276 -0.84888453  0.53720832], [-0.37614456  0.43002439  0.01951745]
85, [ 0.26251632 -0.8436637   0.51829372], [-0.37741113  0.40750485  0.01373932]
86, [ 0.2583439  -0.84727024  0.5200589 ], [-0.39263885  0.40729763  0.02732034]
87, [ 0.24490779 -0.83114011  0.47666993], [-0.30710301  0.40229373  0.01338084]
88, [ 0.23475185 -0.82154493  0.44864033], [-0.28845244  0.38220192  0.00805231]
89, [ 0.22322128 -0.81189911  0.41908493], [-0.21658405  0.35468598  0.00620336]
91, [ 0.20795192 -0.80771816  0.39089932], [-0.16950378  0.44698038  0.02502797]
92, [ 0.19636299 -0.79876996  0.35943009], [-0.11722745  0.3622949  -0.0050588 ]
93, [ 0.18990097 -0.80001891  0.35559666], [-0.22332366  0.27491566  0.01751617]
94, [ 0.1795215  -0.79633919  0.3395541 ], [-0.24149427  0.21927716 -0.00571107]
95, [ 0.16763713 -0.79076886  0.31983009], [-0.24789268  0.27675779  0.01055406]
96, [ 0.16287332 -0.79689182  0.33212421], [-0.29765004  0.26299959  0.03115511]
97, [ 0.14585718 -0.78618962  0.30001202], [-0.24433571  0.23817296  0.00703361]
98, [ 0.13282172 -0.78035662  0.28249131], [-0.2591318   0.23412699  0.01231951]
99, [ 0.12030982 -0.7764921   0.26814122], [-0.22243577  0.20854316 -0.0016951 ]
100, [ 0.10899167 -0.77338586  0.25629832], [-0.22160408  0.16924675 -0.0140754 ]
101, [ 0.09335999 -0.76495559  0.22887011], [-0.1568021   0.10291374 -0.02869248]
102, [ 0.08798964 -0.76874964  0.23392312], [-0.17714024  0.0836584  -0.03525928]
103, [ 0.07990141 -0.77017533  0.22995039], [-0.19332287  0.08885638 -0.01797213]
104, [ 0.06894062 -0.76858698  0.21566743], [-0.1321105   0.04955994 -0.03932294]
105, [ 0.06661264 -0.77699117  0.22861089], [-0.19073367  0.03403129 -0.04351165]
106, [ 0.05990702 -0.78114474  0.22893403], [-0.22213383  0.0404899  -0.03369442]
107, [ 0.04799649 -0.780178    0.21532911], [-0.20400331  0.0219395  -0.05159844]
108, [ 0.04113988 -0.78481593  0.21875107], [-0.2561918   0.0823971  -0.03166943]
109, [ 0.03061185 -0.78556509  0.21328994], [-0.22754886  0.08794863 -0.02552802]
110, [ 0.02276093 -0.78892605  0.21603197], [-0.25772986  0.08755046 -0.01694803]
111, [ 0.01374866 -0.79119168  0.21643388], [-0.26584336  0.08573852 -0.01968746]
112, [ 0.00796702 -0.79581495  0.22348528], [-0.29440588  0.08708096 -0.00104084]
113, [-0.00263937 -0.79653106  0.21820387], [-0.25938099  0.02918769 -0.00302063]
114, [-0.00829936 -0.80136467  0.22300835], [-0.28987424  0.01617384 -0.01335148]
115, [-0.01765671 -0.80274579  0.21694305], [-0.27066276  0.00485609 -0.01199969]
116, [-0.01989551 -0.80856238  0.22659597], [-0.30552864  0.00437108 -0.00519726]
117, [-0.03441602 -0.80638755  0.20826235], [-0.29274795  0.02308135 -0.00638554]
118, [-0.03669699 -0.81268655  0.21754801], [-0.30051173  0.00810906 -0.00942886]
119, [-0.04850488 -0.81129381  0.20405698], [-0.30323641  0.02906381  0.00916053]
120, [-0.05870054 -0.81112568  0.19365745], [-0.27122966  0.02464085 -0.00509131]
121, [-0.0613606  -0.81636417  0.20061209], [-0.28192657  0.00883917 -0.01836628]
122, [-0.06578158 -0.82034762  0.20316868], [-0.32043953  0.0426514   0.00714293]
123, [-0.07446787 -0.82168586  0.19566287], [-0.29773823  0.02922333  0.00515347]
124, [-0.07884584 -0.82551888  0.19718963], [-0.3295594   0.04929043  0.02153321]
125, [-0.08939179 -0.82510236  0.18426069], [-0.28951753  0.03256819 -0.00306016]
126, [-0.09266731 -0.82903181  0.18608441], [-0.29904685  0.04905091  0.01002495]
127, [-0.10000721 -0.83054863  0.17973945], [-0.28256741  0.04773613  0.01623668]
128, [-0.11108788 -0.83120301  0.16324698], [ 0.77755678  0.84549859 -0.10640568]
129, [-0.11685619 -0.83320077  0.15991953], [-0.29404008  0.08908162  0.03642574]
130, [-0.11962444 -0.83737299  0.15926705], [-0.27802693  0.06664103  0.03202317]
131, [-0.12298882 -0.8407664   0.15730024], [ 0.77001527  0.83827532 -0.12245933]
132, [-0.1276846  -0.84331268  0.15485486], [-0.3209923   0.06764185  0.03559747]
133, [-0.1333787  -0.84709072  0.15170833], [ 0.78612383  0.86175319 -0.14255772]
134, [-0.11691644 -0.86069013  0.19249745], [ 0.90437226  0.83371362 -0.14895259]
135, [-0.13355102 -0.8586744   0.17264179], [-0.42846188  0.11398184  0.08439714]
136, [-0.12662869 -0.8692012   0.19937403], [-0.44206504  0.05349268  0.07562626]
137, [-0.14040542 -0.87014445  0.18470222], [ 0.84473278  0.91599364 -0.16894311]
138, [-0.14420082 -0.87688208  0.1929664 ], [ 0.88906478  0.88033359 -0.16960119]
139, [-0.16339549 -0.87605634  0.17311259], [-0.44590202  0.13630971  0.11665434]
140, [-0.17010058 -0.88140682  0.17705443], [-0.47361574  0.1628392   0.12258831]
141, [-0.19616869 -0.87912121  0.1481318 ], [-0.40286073  0.11006689  0.05012976]
142, [-0.20428258 -0.8828294   0.14834252], [ 0.80273675  0.88602717 -0.16597545]
143, [-0.20806871 -0.88885446  0.157692  ], [ 0.84449102  0.8632014  -0.17080123]
144, [-0.20817997 -0.89552615  0.17191442], [-0.43269077  0.11322211  0.08712487]
145, [-0.2336982  -0.89455514  0.14136165], [ 0.75580344  0.95639087 -0.15750907]
146, [-0.23876336 -0.89988304  0.14531264], [-0.39760189  0.14005858  0.10044446]
147, [-0.25209098 -0.90156791  0.13263177], [-0.39188713  0.15327559  0.09366154]
148, [-0.25503748 -0.90569721  0.13642553], [-0.41412456  0.16057787  0.11242051]
149, [-0.26025934 -0.90859708  0.13762617], [ 0.75951985  0.92172169 -0.16599519]
150, [-0.27249797 -0.9087049   0.13108624], [-0.40936148  0.20427989  0.11676026]
151, [-0.27264424 -0.91397519  0.14609932], [ 0.77903386  0.91008512 -0.18522837]
152, [-0.28461978 -0.91475874  0.14405864], [-0.45864307  0.21711625  0.14691413]
153, [-0.28756409 -0.91771985  0.15396672], [ 0.79074021  0.9372247  -0.19849122]
154, [-0.30226507 -0.91673484  0.1464461 ], [-0.43814279  0.19478376  0.12877772]
155, [-0.31502013 -0.91739748  0.1388007 ], [-0.42993708  0.20949662  0.13288675]
156, [-0.33004337 -0.91829859  0.12687352], [ 0.70552815  0.96412492 -0.16838189]
157, [-0.31964932 -0.92570131  0.15329442], [-0.45670706  0.17742219  0.14214969]
158, [-0.32501376 -0.92979026  0.15994184], [-0.47055025  0.13853226  0.11006534]
159, [-0.28121424 -0.94447834  0.23606613], [-0.57223355  0.18194468  0.20995864]
160, [-0.28850177 -0.94700273  0.24160954], [-0.58112687  0.1796436   0.22034947]
161, [-0.31047946 -0.94820587  0.22743301], [ 0.84933186  1.08372459 -0.21194143]
162, [-0.30762527 -0.95240912  0.24430716], [ 0.86683345  1.08343038 -0.21372578]
163, [-0.34041488 -0.94848588  0.21674553], [-0.50482455  0.21238442  0.18423327]
164, [-0.36910705 -0.94332354  0.19124962], [ 0.73677013  0.9625247  -0.22556391]
169, [-0.33195542 -0.92042933  0.27633123], [-0.50310337  0.19972095  0.13145767]
170, [-0.30865707 -0.92062842  0.3073038 ], [-0.53072909  0.18870942  0.1302002 ]
171, [-0.31815456 -0.9135285   0.2991751 ], [-0.53977746  0.22333805  0.15876711]
172, [-0.31236646 -0.9111225   0.31013177], [-0.52858014  0.2189679   0.14537698]
173, [-0.3050636  -0.9086048   0.32319058], [-0.53020289  0.21362427  0.14343862]
174, [-0.33496887 -0.89471641  0.29373207], [-0.48353359  0.24950476  0.12770389]
175, [-0.34066609 -0.88729186  0.29446522], [-0.45903493  0.24532441  0.15174487]
179, [-0.35053442 -0.84555876  0.31247152], [ 0.84400341  1.09194589 -0.25068696]
180, [-0.31394462 -0.8487582   0.36145404], [-0.44383943  0.31277757  0.13408731]
181, [-0.29483504 -0.84593422  0.38832714], [-0.48050047  0.2719815   0.1037378 ]
182, [-0.27263    -0.84645751  0.41596025], [-0.46837681  0.20353247  0.10889916]
183, [-0.26783016 -0.83986757  0.42256295], [-0.47277001  0.20564497  0.11621622]
184, [-0.26412346 -0.83485904  0.42821684], [-0.46897873  0.19885604  0.12477822]
185, [-0.26872834 -0.82583614  0.42447514], [-0.45067516  0.1976297   0.11028788]
186, [-0.26618969 -0.81910728  0.42758648], [-0.43798806  0.18943875  0.0947024 ]
187, [-0.25509082 -0.81480685  0.43896747], [-0.43567658  0.18404803  0.0880452 ]
188, [-0.2509965  -0.80663798  0.44271184], [-0.42571739  0.14222334  0.06830186]
189, [-0.23937195 -0.80068505  0.45364369], [-0.40946243  0.13595379  0.04698895]
190, [-0.22643709 -0.7949725   0.46649759], [-0.43591758  0.14137541  0.06084734]
191, [-0.20107677 -0.79526441  0.4907367 ], [-0.44305835  0.09767496  0.05991373]
192, [-0.18309593 -0.79218524  0.50591749], [-0.46102228  0.09603668  0.05882407]
193, [-0.20666949 -0.76702702  0.47600983], [-0.43220651  0.12974258  0.02279932]
194, [-0.18347983 -0.77047105  0.49887077], [-0.42821764  0.1072186   0.0255745 ]
195, [-0.17332314 -0.76555208  0.50463651], [ 1.18312253  1.30506039 -0.34037933]
196, [-0.16093409 -0.76210586  0.51513547], [-0.3934534   0.0420444  -0.03551809]
203, [-0.07603061 -0.72334724  0.57919248], [-0.36752899 -0.04095814 -0.16217752]
204, [-0.07625149 -0.71284879  0.57313706], [-0.3878373  -0.00638174 -0.12038297]
205, [-0.07110835 -0.70809738  0.5732974 ], [-0.3905134   0.01540343 -0.09670604]
206, [-0.06705311 -0.70238043  0.57098362], [-0.38193595  0.01840875 -0.11791009]
207, [-0.06136886 -0.69688052  0.5688876 ], [-0.37717662  0.01343754 -0.12795896]
208, [-0.05053325 -0.69612829  0.57268767], [-0.37380991 -0.01482861 -0.13241163]
209, [-0.04812409 -0.68621955  0.56621063], [-0.34644468 -0.04303657 -0.18586701]
210, [-0.03842228 -0.68524826  0.57057832], [-0.339348   -0.06328104 -0.20185975]
211, [-0.04127152 -0.67131128  0.55770188], [-0.34462191 -0.03738648 -0.18015132]
212, [-0.03929835 -0.66222236  0.5514967 ], [-0.31975636 -0.05911309 -0.22377703]
213, [-0.03310693 -0.65825028  0.55203162], [-0.30917864 -0.05998273 -0.20542592]
214, [-0.03342495 -0.64845557  0.54472313], [-0.30494976 -0.05247553 -0.21443534]
215, [-0.02863899 -0.64527743  0.54532414], [-0.29368137 -0.07025149 -0.22834412]
216, [-0.02651001 -0.63941302  0.5415389 ], [-0.29883662 -0.06286295 -0.2464228 ]
217, [-0.02288764 -0.63614987  0.53935157], [-0.29628814 -0.06704252 -0.2529355 ]
218, [-0.01360935 -0.64018054  0.54615328], [-0.28481017 -0.10887547 -0.27963444]
219, [-0.0110973  -0.6353949   0.54304155], [-0.29547737 -0.09571983 -0.25702447]
220, [-0.0148206  -0.62447817  0.53256089], [-0.27146449 -0.09756852 -0.2741911 ]
221, [-0.01129117 -0.62471726  0.53572493], [-0.25947157 -0.11551902 -0.27399332]
222, [-0.01450926 -0.61725218  0.52957398], [-0.25627439 -0.10537959 -0.27842312]
223, [-0.01266023 -0.61839086  0.53382025], [-0.23794781 -0.12198439 -0.29709914]
224, [-0.01059103 -0.61906444  0.53834092], [-0.25613535 -0.10949682 -0.28816828]
225, [-0.0106658  -0.61892186  0.54046981], [-0.25338761 -0.11449617 -0.29662758]
226, [-0.0086902  -0.61940156  0.54318536], [ 1.35999959  1.32791248 -0.28369853]
227, [-0.00758089 -0.61774012  0.54481893], [-0.24263358 -0.13446685 -0.31419679]
228, [-0.00100051 -0.62127285  0.55277626], [-0.23943719 -0.1509819  -0.32435149]
229, [ 4.45093975e-04 -6.15765566e-01  5.51831639e-01], [-0.24602467 -0.14154148 -0.31015432]
230, [ 0.00475009 -0.61371892  0.55532426], [-0.24209718 -0.15648512 -0.30165746]
231, [ 0.00964758 -0.61034685  0.5582183 ], [-0.22528164 -0.17724894 -0.34213009]
232, [ 0.01507242 -0.60874082  0.56316043], [-0.23224999 -0.16484941 -0.31257141]
233, [ 0.01621965 -0.59938041  0.56084461], [-0.21024429 -0.16719651 -0.33249167]
237, [ 0.01812096 -0.55080415  0.54912417], [ 1.43912956  1.29549791 -0.23293897]
238, [ 0.03259125 -0.56780741  0.57452861], [-0.1838438  -0.16797219 -0.34385084]
239, [ 0.03137509 -0.56275968  0.57483478], [-0.1850136  -0.1440005  -0.33206475]
240, [ 0.03417183 -0.56472928  0.5812437 ], [-0.18790287 -0.13523155 -0.32533806]
241, [ 0.03593488 -0.56300514  0.58527097], [-0.17930209 -0.14110922 -0.32691377]
242, [ 0.03919242 -0.56356203  0.59150292], [-0.19027728 -0.13067312 -0.31116586]
243, [ 0.03390983 -0.54855287  0.58415986], [-0.17807676 -0.12334324 -0.32392723]
244, [ 0.02704878 -0.53084405  0.57550185], [ 1.52798542  1.24254034 -0.21060396]
245, [ 0.03392374 -0.53430294  0.58908037], [-0.16574623 -0.10204658 -0.29616617]
246, [ 0.04137151 -0.53842491  0.60173991], [-0.15016179 -0.13105781 -0.30624728]
247, [ 0.04467499 -0.53530044  0.60781996], [-0.16365989 -0.10451937 -0.28543936]
248, [ 0.04412618 -0.52444962  0.60705956], [-0.1505564  -0.1006211  -0.29148484]
249, [ 0.04741959 -0.51641368  0.61084642], [-0.15283603 -0.08286582 -0.27142172]
250, [ 0.04966657 -0.50718129  0.61453439], [-0.15886316 -0.06171347 -0.26012216]
251, [ 0.05490379 -0.50382511  0.62294068], [-0.1341303  -0.08326233 -0.26551909]
252, [ 0.0608096  -0.50252798  0.63185036], [-0.12563327 -0.09336595 -0.2799546 ]
253, [ 0.06096354 -0.4881467   0.63098248], [-0.11781416 -0.0624747  -0.26347865]
254, [ 0.06253099 -0.47551247  0.63322923], [-0.13346157 -0.02332015 -0.25335789]
255, [ 0.05204029 -0.43662479  0.61857948], [-0.09464643 -0.00964943 -0.25525362]
259, [ 0.07139917 -0.39771326  0.66511429], [-0.02425908  0.0493409  -0.24885847]
260, [ 0.08404685 -0.40305517  0.68272766], [-0.05319581  0.05598764 -0.24975894]
261, [ 0.09094581 -0.39508132  0.68908978], [-0.04568784  0.07728259 -0.23294754]
262, [ 0.09741256 -0.3866009   0.69480709], [-0.03601163  0.09015734 -0.25454606]
277, [ 0.23722339 -0.4206777   0.79260168], [ 0.01718767  0.38774979 -0.24579673]
278, [ 0.24170809 -0.39567663  0.77515115], [ 0.04748155  0.42640263 -0.23272205]
295, [ 0.41782804 -0.53804678  0.43175769], [ 0.6156223  -1.4649866  -1.30079928]
299, [ 0.38323088 -0.66232897  0.48183408], [-0.00445817  1.83234774 -0.46984537]
309, [ 0.31163142 -0.73909951  0.35855717], [ 0.75605904  1.71637215 -0.0582803 ]
310, [ 0.29657048 -0.67375017  0.19616127], [ 0.51252221  1.78932221 -0.45935594]
317, [ 0.27488965 -0.76834299  0.30563686], [-0.14718397 -1.11134994 -0.60047754]
318, [ 0.23566587 -0.62401644 -0.06650254], [ 0.177531    1.94944774 -0.50478732]
319, [ 0.27975347 -0.81014507  0.39385569], [ 0.33124523  1.85502728 -0.59030592]
320, [ 0.2292779  -0.64299446 -0.04866623], [ 0.04345523 -1.16271857 -0.78007082]
321, [ 0.20113156 -0.55215841 -0.29667181], [ 0.66764482  1.769356   -0.60176339]
322, [ 0.19612228 -0.55072516 -0.30621519], [ 0.65784457  1.77421089 -0.60369103]
323, [-0.83269888  2.92842239 -9.50338765], [-1.82434488 -2.53815657 -0.20334269]
324, [ 0.20323717 -0.58748255 -0.22103203], [-0.36613846 -1.09196002 -0.41438172]
330, [ 0.24566334 -0.72473662  0.14511423], [ 0.09120589  1.96005014 -0.80868333]
340, [ 0.21219658 -0.54302466 -0.27978482], [ 0.09032901  1.94047579 -0.6143225 ]
341, [ 0.22671287 -0.54418654 -0.24002723], [-0.35922518 -0.89354975 -1.06706331]
342, [ 0.21087132 -0.47703967 -0.40642621], [ 0.01504579  1.93203813 -0.69365201]
343, [ 0.18795252 -0.38081903 -0.64197455], [ 1.36895746  0.03608574 -1.20878736]
345, [ 0.25500017 -0.69047901  0.10298402], [ 0.29431103 -1.21369902 -1.19171588]
362, [ 0.29633664 -0.5312851  -0.05859316], [-0.61723392 -1.41165738 -0.31572196]
363, [ 0.31060168 -0.61592707  0.1312921 ], [-0.97994322 -1.15397618  0.14633508]
364, [ 0.28926182 -0.5299956  -0.07722499], [-0.03370502  2.0758312  -0.67297466]
365, [ 1.61028246 -1.56445642  0.26591174], [ 0.52660477  0.49746662 -0.49782867]
366, [ 0.30146447 -0.42153273 -0.23604969], [ 0.27070791 -1.30188884 -1.30596958]
367, [ 0.32601585 -0.79564311  0.50708371], [-1.86779745 -0.68231274  1.570427  ]
368, [ 0.30670298 -0.54245472 -0.01364836], [ 0.21349192 -0.98919006 -0.781938  ]
369, [ 0.29150142 -0.2779662  -0.5276005 ], [ 1.11214884 -0.22350731 -1.5593928 ]
370, [ 0.28867092 -0.23815846 -0.5870754 ], [ 0.71481376 -0.52952028 -1.66112159]
371, [ 0.32867752 -0.6530504   0.25830918], [-1.5246108  -0.79094722  1.15873239]
372, [ 0.31101836 -0.52625789 -0.02162861], [ 0.29385618 -0.99674979 -0.85443245]
373, [ 0.30147307 -0.52654408 -0.05312837], [-0.66803269  2.14002314 -1.00520713]
374, [ 0.32264183 -0.53724083  0.04600399], [ 0.66085543 -1.08056165 -1.28906417]
375, [ 0.32911389 -0.5577557   0.0891864 ], [ 0.61346826 -1.10082449 -1.24716586]
376, [ 0.32157707 -0.40495084 -0.20021306], [ 0.3417352  -1.220269   -1.39434225]
377, [ 0.32763479 -0.55154218  0.08561349], [ 0.2820373  -1.09733938 -0.87520098]
378, [ 0.33064945 -0.55042998  0.08708159], [ 0.31874852 -1.06505764 -0.88544752]
379, [ 0.32903051 -0.41053229 -0.15595762], [ 0.69187993 -1.13478839 -1.36542787]
380, [ 0.32626289 -0.48047838 -0.04423922], [ 0.58728454 -1.0366951  -1.15574355]
381, [ 0.32168023 -0.30208029 -0.36573769], [ 1.10896231 -0.53477265 -1.70497317]
382, [ 0.33452726 -0.29722002 -0.33863759], [-0.57033785  1.65528209 -0.9075518 ]
383, [ 0.3320107  -0.46532267 -0.05433804], [ 0.66807623 -1.12498558 -1.31533643]
384, [ 0.32730419 -0.28030077 -0.39051069], [ 1.07782122 -0.57001699 -1.71699074]
385, [ 0.32824927 -0.31632034 -0.33236817], [ 1.35416175 -0.51819926 -2.61344699]
386, [ 0.32740377 -0.29677244 -0.35442925], [ 1.20187902 -0.55046826 -1.69940438]
387, [ 0.34275124 -0.81120711  0.58308845], [-0.79106718  1.94626908 -1.14900508]
388, [ 0.33300097 -0.30273237 -0.34209903], [ 1.14521671 -0.61642683 -1.72809995]
389, [ 0.34482668 -0.65676899  0.32315241], [-1.23727393 -0.49520619  0.76246509]
390, [ 0.3427345  -0.58061179  0.17965152], [ 0.79688945 -1.1391403  -1.46780085]
391, [ 0.33737591 -0.4756612  -0.02895803], [ 0.66232318 -1.01946911 -1.20815255]
392, [ 0.33155452 -0.42163179 -0.13611912], [ 0.01471154  1.85987927 -0.52671558]
393, [ 0.32871243 -0.28356851 -0.36509373], [-1.43962675  0.08112418 -0.21163654]
394, [ 0.33369559 -0.32697238 -0.28705928], [ 1.43782667 -0.61483601 -1.73320592]
395, [ 0.33430925 -0.30612731 -0.32090306], [-1.94396431  0.21744694  2.2313411 ]
396, [ 0.33526179 -0.45695192 -0.05035869], [ 0.60981056 -1.0408854  -1.1595897 ]
397, [ 0.3527726  -0.67406412  0.38322888], [-1.68615765  0.18783592  2.26235797]
404, [   0.52795036   75.66749327 -132.3844149 ], [ 0.57974172 -1.29929857 -1.52697475]
405, [ 0.33103158 -0.38139125 -0.20635457], [ 1.62515564 -0.82876924 -1.80851499]
406, [ 0.328053   -0.37561973 -0.22385057], [ 1.62982531 -0.76840087 -1.72464706]
407, [ 0.32576835 -0.33766948 -0.3050143 ], [-0.33120243  1.85271279 -0.83829292]
408, [ 0.32985132 -0.41528428 -0.15388817], [ 0.22842187 -1.00286594 -0.74402336]
409, [ -1.04062332  36.00567635 -68.61619993], [ 0.735302   -2.67898717 -0.41237729]
410, [ -1.65669823  47.63806605 -91.08458718], [ 1.97200915 -1.52438466 -1.75577104]
411, [  -2.88222356   90.2277465  -169.96917778], [-1.67175243 -2.3037276  -0.6736531 ]
412, [ 2.16869991e+08 -6.68545477e+07 -1.33185658e+08], [-2.06494115  0.39616585  1.89035406]
413, [  -3.301828     91.30704395 -173.26132261], [-1.32245592  0.34575086  0.96669894]
414, [ 0.33456837 -0.60010992  0.18583906], [-0.16117752  1.86799799 -0.85180669]
415, [ 0.33970973 -0.71577615  0.40908405], [ 0.05265725  1.87642432 -0.56211985]
417, [ 0.34311547 -0.77957395  0.53126915], [ 0.10695691  1.85387503 -0.48069398]
418, [ 0.32669851 -0.34288797 -0.26965475], [-0.89724706 -1.77288601  1.20014405]
419, [ 0.32934389 -0.36091907 -0.25146196], [-1.30702314 -1.06262817  0.91549583]
420, [ -0.80212537  36.8989691  -69.44882175], [-2.07187234  0.09047338  0.83985331]
421, [  -2.17282895   77.15919997 -144.56117896], [-0.76452836  0.88908185  0.59508271]
422, [ -1.19272332  49.74229708 -93.21195971], [0.72474436 0.18725355 2.52854797]
423, [  0.04805657  14.85655629 -27.84308008], [-1.78879592 -1.56928685 -0.54702309]
424, [ 0.33054649 -0.29114475 -0.33227572], [ 0.03942778 -0.717853   -1.83736086]
425, [ 0.34763393 -0.49727828  0.05067409], [1.34194532 1.33368295 0.22617675]
426, [ 0.34354293 -0.55471135  0.13968125], [ 6.63300420e-04  2.00292790e+00 -5.80686781e-01]
427, [ 0.354071   -0.46205833 -0.00231258], [-1.42351359 -0.87384623  0.69469883]
428, [ 0.3459287  -0.41437022 -0.10244996], [ 1.53550919 -0.57305541 -1.50795364]
429, [ 0.36246494  3.81700139 -7.43340248], [-1.22230737  1.35961046  1.69317952]
430, [ 0.35036725 -0.4879482   0.04566847], [ 0.11551784  1.88082724 -0.33197815]
431, [ 0.33920805 -0.45470418 -0.05780562], [-1.88016286 -0.73344678  1.54859631]
432, [ 0.3545091  -0.47378836  0.0350252 ], [ 0.1202242   1.83668473 -0.27568599]
433, [ 0.35857857 -0.58394679  0.24699699], [-0.59200072 -1.07068132 -0.07577135]
434, [ 0.35594919 -0.57122339  0.21154444], [ 0.11582275  1.83411219 -0.41472901]
437, [ 0.36094829 -0.57680045  0.23810313], [ 0.38724139  1.74318781 -0.33936664]
438, [ 0.37029844 -0.34640075 -0.11624301], [-2.25230631 -0.6033508   2.01443235]
439, [ 0.37022959 -0.3262101  -0.15231538], [ 0.56218857 -0.9688063  -1.81099632]
452, [  1.77708278  14.55974977 -20.28334104], [-1.00200331  1.01743135  1.67096816]
458, [ 0.40673821 -0.54964275  0.39573186], [0.67356119 1.63346204 0.11096358]
464, [ 0.41374206 -0.38119854  0.12751002], [1.17573553 1.39765721 0.29963424]
465, [ 0.39551502 -0.59039699  0.40527354], [-0.0948411  -1.34033872 -0.33049694]
466, [ 0.38823166 -0.64336522  0.47341917], [-0.14280277 -1.45692105 -0.3065719 ]
468, [ 0.42563656 -0.28516797 -0.06296686], [-0.51392665 -2.006594   -0.47092085]
469, [ 0.38869355 -0.27352602 -0.06314136], [ 0.66136062 -0.00332106 -0.04299911]
471, [ 0.35680095 -0.7253397   0.5795667 ], [-0.42288939  0.14411981 -0.10345432]
472, [ 0.35312892 -0.7776072   0.65487764], [-0.50870803  0.16681125 -0.13004567]
473, [ 0.35127269 -0.79667359  0.68308013], [-0.54127067  0.18700148 -0.11206824]
474, [ 0.34956006 -0.80224697  0.69169861], [-0.53502657  0.21070898 -0.09496894]
475, [ 0.34771095 -0.79654771  0.68492845], [-0.53163171  0.2100337  -0.08071448]
476, [ 0.34710448 -0.79540442  0.68416151], [-0.52753523  0.20819646 -0.08937936]
477, [ 0.34562323 -0.78277841  0.66807793], [-0.52204006  0.19264181 -0.07809513]
478, [ 0.34309744 -0.76378948  0.64302929], [-0.48132198  0.193819   -0.07996938]
479, [ 0.3397027  -0.74616181  0.62080599], [-0.47442486  0.1657411  -0.07635138]
480, [ 0.33926314 -0.74915242  0.62679998], [-0.46908982  0.17925389 -0.06452488]
481, [ 0.33908363 -0.74707318  0.62524404], [-0.48033658  0.15608502 -0.08090938]
482, [ 0.33410815 -0.72492894  0.59676499], [-0.47507851  0.09558232 -0.05735125]
483, [ 0.32874254 -0.70192502  0.56530003], [-0.43631552  0.09446328 -0.08952746]
484, [ 0.32816758 -0.69857526  0.56278311], [-0.42680887  0.09577279 -0.0912474 ]
485, [ 0.32784158 -0.69279136  0.55577413], [-0.41696601  0.12271891 -0.09205952]
486, [ 0.32662267 -0.68694216  0.54824908], [-0.4033053   0.11073139 -0.09547015]
487, [ 0.32581719 -0.68487205  0.54541432], [-0.4013959   0.11736317 -0.0859389 ]
488, [ 0.32558725 -0.6811897   0.5396755 ], [-0.39506288  0.12031963 -0.08566905]
489, [ 0.32571232 -0.68384264  0.54249495], [-0.40669482  0.12614346 -0.07160145]
490, [ 0.32543311 -0.67978878  0.53657198], [-0.38843882  0.12034411 -0.08033425]
491, [ 0.32689074 -0.69091076  0.55174219], [-0.42218774  0.10243651 -0.09080379]
492, [ 0.32671914 -0.68609769  0.54425538], [-0.40866773  0.11696949 -0.08658968]
493, [ 0.32614727 -0.68435678  0.54169711], [-0.41233273  0.10897771 -0.0865939 ]
494, [ 0.32661979 -0.68793885  0.5463125 ], [-0.44150603  0.09256157 -0.07520156]
495, [ 0.32673131 -0.68595292  0.54338844], [-0.42003542  0.10514311 -0.08587129]
496, [ 0.32599049 -0.68292296  0.53853653], [-0.41507071  0.10079161 -0.09003344]
497, [ 0.32607101 -0.68676733  0.54320081], [-0.43377259  0.09518596 -0.07978877]
498, [ 0.32471069 -0.68211405  0.53490268], [-0.43161146  0.09162378 -0.09022342]
499, [ 0.32343901 -0.68435305  0.53550698], [-0.44249912  0.08053591 -0.07507039]
500, [ 0.32455476 -0.70294157  0.55939603], [-0.47101487  0.04223372 -0.09195912]
501, [ 0.32302622 -0.67293429  0.51513425], [-0.40825274  0.09650901 -0.07750005]
502, [ 0.32034339 -0.6925778   0.540516  ], [-0.46133054  0.053241   -0.07018144]
506, [ 0.28546071 -0.6304481   0.44489975], [-0.3751964   0.03059073 -0.06924056]
507, [ 0.27745321 -0.59357619  0.3902562 ], [-0.28728279 -0.01699303 -0.04753327]
512, [ 0.26467496 -0.56782005  0.33952311], [-0.33429962 -0.05027226 -0.09425724]
513, [ 0.26172635 -0.56585425  0.34054352], [-0.34873028 -0.02932259 -0.02265977]
514, [ 0.26170964 -0.57653762  0.36346613], [-0.38229104 -0.03961966 -0.03580837]
515, [ 0.2535439  -0.55998759  0.34938623], [-0.37627992 -0.02137515 -0.02870901]
516, [ 0.24222291 -0.52332139  0.31032982], [-0.34570147 -0.04370297 -0.03411309]
517, [ 0.23316336 -0.49776645  0.29110118], [-0.308251    0.00585136 -0.01347096]
518, [ 0.22681281 -0.49712914  0.30576911], [-0.35289444  0.01140092 -0.02261647]
527, [ 0.12712113 -0.36614852  0.28826733], [-0.26561707 -0.10757846 -0.05350665]
528, [ 0.1227862  -0.36586441  0.29360957], [-0.3007767  -0.07208127 -0.04081824]
529, [ 0.11463161 -0.35820782  0.28477474], [-0.28963804 -0.11536748 -0.06878477]
530, [ 0.10738112 -0.3457642   0.26697477], [-0.32200311 -0.05964851 -0.02559836]
531, [ 0.10647759 -0.34702607  0.26524768], [-0.30349382 -0.08823944 -0.03178431]
532, [ 0.10595969 -0.35436552  0.26919222], [-0.30817509 -0.09939657 -0.04269924]
533, [ 0.10538361 -0.35289192  0.26304839], [-0.32684908 -0.08026284 -0.04449903]
534, [ 0.10197464 -0.33416159  0.23596098], [-0.30971976 -0.10097869 -0.09649174]
535, [ 0.10254371 -0.32796992  0.22225452], [-0.30132797 -0.09321427 -0.06927248]
536, [ 0.10525886 -0.32612249  0.21210621], [ 1.68618074  0.55305664 -0.10414748]
537, [ 0.11445495 -0.33697541  0.21677442], [-0.34461875 -0.02232696 -0.07130558]
538, [ 0.1166653  -0.32847587  0.19936859], [-0.30845243 -0.10832557 -0.10477262]
539, [ 0.12370232 -0.33796697  0.20242439], [-0.33925458 -0.08716658 -0.10355428]
541, [ 0.14705631 -0.36278115  0.22458488], [-0.34633257 -0.12209103 -0.11442151]
542, [ 0.14414738 -0.3371024   0.19056127], [-0.32906586 -0.09435528 -0.10939168]
543, [ 0.1421198  -0.31849823  0.16633402], [-0.28587306 -0.14676331 -0.17090067]
544, [ 0.15297224 -0.33750746  0.1903448 ], [-0.34986167 -0.10545188 -0.12739073]
545, [ 0.15405394 -0.32702547  0.17691059], [-0.32832235 -0.09469009 -0.15546885]
546, [ 0.15504082 -0.32171986  0.1694993 ], [-0.33287016 -0.09182091 -0.16804059]
547, [ 0.16037568 -0.3335489   0.18223414], [ 1.69152871  0.52375284 -0.15970626]
549, [ 0.16863076 -0.34621854  0.19862299], [-0.3824956  -0.10361073 -0.17146852]
550, [ 0.16276083 -0.32017397  0.16914744], [-0.3798623  -0.08720088 -0.18712772]
551, [ 0.15988423 -0.30549846  0.15497286], [-0.37724818 -0.07771176 -0.19567106]
552, [ 0.1567481  -0.29250526  0.14585512], [-0.34212088 -0.12810858 -0.23207027]
554, [ 0.14616431 -0.2401397   0.10607261], [-0.35186791 -0.11146039 -0.25547649]
555, [ 0.14059459 -0.21708124  0.08857151], [ 1.73404885  0.55800699 -0.24516672]
557, [ 0.14780863 -0.23649941  0.12650088], [-0.42643276 -0.06463815 -0.25440811]
561, [ 0.12698606 -0.12540109  0.01727366], [-0.37312701 -0.08242188 -0.29983022]
562, [ 0.12824469 -0.11746293  0.00775523], [-0.37926779 -0.10833144 -0.32256468]
565, [ 0.13085453 -0.06624025 -0.05553402], [-0.40324131 -0.07443392 -0.33744743]
566, [ 0.12867863 -0.05394371 -0.07476546], [-0.39980823 -0.07138274 -0.33426335]
567, [ 0.13341317 -0.06800604 -0.06055966], [-0.42981412 -0.07239713 -0.33871482]
580, [ 0.14232817 -0.02431942 -0.31771774], [ 1.66616109  0.60855437 -0.33047618]
588, [ 0.20125911 -0.13832526 -0.31129565], [-0.51064372 -0.10820918 -0.41289541]
589, [ 0.20231286 -0.14939316 -0.3083835 ], [-0.51813769 -0.10658934 -0.41119147]
599, [ 0.18905688 -0.25174867 -0.30888825], [ 1.6133704   0.5391814  -0.41316298]
