frame index, translation vector, rotation vector
1, [ 0.24127809 -0.47212063  0.58757609], [-0.00223444  0.02179108 -0.011645  ]
2, [ 0.2385066  -0.45667045  0.57469006], [ 0.0355885   0.06591542 -0.0172331 ]
3, [ 0.23848327 -0.45675204  0.57444139], [ 0.03512656  0.06585452 -0.01694755]
4, [ 0.23816243 -0.45651957  0.57377597], [ 0.0435955   0.06673494 -0.00655821]
5, [ 0.23867721 -0.46079581  0.57609507], [ 0.03742696  0.07767292 -0.01080588]
6, [ 0.23739809 -0.4557463   0.57074567], [ 0.05378401  0.05739117 -0.0247528 ]
7, [ 0.23779011 -0.46070661  0.57348594], [ 0.0373625   0.03824475 -0.01679392]
8, [ 0.23733587 -0.46169147  0.57273569], [ 0.03557643  0.03761702 -0.01589071]
9, [ 0.23543926 -0.45463548  0.56549628], [ 0.04581534  0.04572048 -0.00625553]
10, [ 0.23519422 -0.45947049  0.56848246], [ 0.0309741   0.04999963 -0.00884585]
11, [ 0.20228433 -0.28501294  0.41881585], [ 0.78945782  0.1454643  -0.04437707]
12, [ 0.23544057 -0.46380966  0.57026189], [ 0.04136427  0.05971439 -0.01443292]
13, [ 0.23587497 -0.46345626  0.57043146], [ 0.01687923  0.05322379 -0.01251382]
14, [ 0.23550431 -0.45945844  0.56734988], [ 0.03859726  0.05676338 -0.00970408]
15, [ 0.23557351 -0.45892686  0.5664162 ], [ 0.03140916  0.06475742 -0.00947857]
16, [ 0.23675286 -0.46251646  0.56914474], [ 0.02535556  0.05320568 -0.00339741]
17, [ 0.2048551  -0.28647819  0.4176339 ], [0.64253585 0.22454526 0.01884584]
18, [ 0.23773778 -0.46732589  0.56943142], [ 0.03380006  0.06108303 -0.00949695]
19, [ 0.23732558 -0.46987862  0.5679648 ], [ 0.03778661  0.05009738 -0.00949919]
20, [ 0.23630842 -0.46887379  0.56293527], [ 0.05528645  0.05780141 -0.01606683]
21, [ 0.23594475 -0.47145664  0.55955906], [ 1.63946742  0.29507106 -0.04335314]
22, [ 0.23603965 -0.47411602  0.55705998], [ 0.06990578  0.0511722  -0.00580399]
23, [ 0.23641561 -0.47653692  0.55290246], [ 0.07402849  0.05399952 -0.0068675 ]
24, [ 0.23678038 -0.47725613  0.54703286], [ 0.12515985  0.03855842 -0.01862236]
25, [ 0.23785785 -0.47901041  0.54160051], [ 0.09139851  0.03888677 -0.00429474]
26, [ 0.23999932 -0.48552498  0.53911248], [ 0.0959129   0.04347866 -0.01054445]
27, [ 0.24281994 -0.4946169   0.53999371], [ 0.05082075  0.04867641 -0.00670919]
28, [ 0.24612605 -0.50295542  0.54018198], [0.04917421 0.05356177 0.00402463]
29, [ 0.24949262 -0.5091112   0.53777084], [0.05135303 0.0517516  0.00759731]
30, [ 0.25123205 -0.50706866  0.52651656], [ 0.11685884  0.05570438 -0.01054825]
31, [ 0.25479862 -0.51254649  0.52188103], [0.09880336 0.10065839 0.01983226]
32, [ 0.26096958 -0.53138492  0.5308833 ], [0.03074452 0.08769472 0.02729129]
33, [ 0.26783765 -0.55103171  0.54201739], [ 1.55972958  0.22430096 -0.03149479]
34, [ 0.26851309 -0.535039    0.51679516], [0.03493321 0.03158791 0.01111118]
35, [ 0.27081494 -0.53968713  0.51092167], [ 0.07793145  0.00497461 -0.00870748]
36, [ 0.27334489 -0.5539677   0.51505062], [ 0.03754146 -0.03422462 -0.01448906]
37, [ 0.27569167 -0.56364985  0.51481448], [ 0.02391301  0.00090953 -0.00083174]
38, [ 0.27771081 -0.55939946  0.49989343], [0.02890264 0.03820938 0.04636515]
39, [ 0.28110562 -0.55553918  0.48467868], [0.10141097 0.08455682 0.05624683]
40, [ 0.28676693 -0.57203001  0.49411957], [0.06856033 0.07259847 0.04191781]
41, [ 0.29145411 -0.58578593  0.50036373], [0.00951844 0.06837451 0.03403603]
42, [ 0.30042261 -0.62111965  0.53562759], [-0.10868504  0.06407585  0.04274044]
43, [ 0.30561129 -0.62033573  0.52815544], [-0.08522192  0.12426917  0.0363953 ]
44, [ 0.30859466 -0.61290207  0.50947163], [0.00631322 0.07148034 0.03664236]
45, [ 0.31089894 -0.62710644  0.51752234], [-0.07749111  0.05762101  0.01954738]
46, [ 0.31155198 -0.63292842  0.51743697], [-0.08215614  0.09432318  0.02840963]
47, [ 0.31215405 -0.63930456  0.5189712 ], [-0.09438597  0.09956535  0.03167572]
48, [ 0.31285073 -0.64172297  0.51609059], [-0.08333745  0.12112916  0.04483193]
49, [ 0.31423532 -0.64907491  0.51972834], [-0.09710358  0.12983125  0.04868117]
50, [ 0.31576507 -0.65644687  0.52266292], [-0.10379882  0.14371891  0.03533856]
51, [ 0.31942223 -0.66648372  0.52728832], [-0.04167829  0.22970987  0.09926335]
52, [ 0.32394675 -0.68346255  0.54184135], [-0.09535879  0.21847109  0.05663225]
53, [ 0.32799302 -0.70425932  0.56339757], [-0.18007569  0.23326797  0.0632669 ]
54, [ 0.33030159 -0.71842191  0.57868319], [-0.23251824  0.24339238  0.0681012 ]
55, [ 0.32951079 -0.71496441  0.57400926], [-0.19479313  0.24336201  0.03477456]
56, [ 0.33114771 -0.7148917   0.57525089], [-0.16179711  0.24493764  0.01939416]
57, [ 0.3329812  -0.72243557  0.58810921], [-0.18937515  0.26567058  0.0454133 ]
58, [ 0.3333211  -0.71451828  0.58029216], [-0.17344432  0.24459011  0.02915837]
59, [ 0.33410251 -0.7182754   0.5864316 ], [-0.19693533  0.23380197  0.02306035]
60, [ 0.33414275 -0.72002314  0.58977203], [-0.26006018  0.24824252  0.00919285]
61, [ 0.33201846 -0.71115444  0.5753788 ], [-0.21600676  0.23613098  0.00741421]
62, [ 0.3289864  -0.70461148  0.56004309], [-0.12406184  0.25253942 -0.00752732]
66, [ 0.30737529 -0.68927873  0.4966487 ], [-0.10202407  0.17020539 -0.04023133]
67, [ 0.30194092 -0.68584983  0.48093252], [-0.06675331  0.2032005  -0.02880227]
68, [ 0.29825406 -0.6889364   0.47580424], [-0.12254695  0.21474834 -0.010893  ]
69, [ 0.29471872 -0.68842314  0.46543068], [-0.09883512  0.20775546 -0.02522642]
70, [ 0.2924797  -0.69713428  0.46948763], [-0.14223652  0.24933102  0.01252641]
71, [ 0.2925498  -0.70761017  0.47464814], [-0.13297767  0.31871095  0.03805096]
72, [ 0.29267656 -0.71680226  0.4764587 ], [-0.15506551  0.3891293   0.05528466]
73, [ 0.30018587 -0.75563129  0.52693412], [-0.2768095   0.44273661  0.07520282]
74, [ 0.29739859 -0.75119349  0.50951781], [-0.2753194   0.36429062  0.02431755]
75, [ 0.29789389 -0.76520934  0.52415635], [-0.31688221  0.33499928 -0.00468452]
76, [ 0.29600026 -0.76787272  0.52160158], [-0.32032804  0.34699538  0.00284502]
77, [ 0.29386264 -0.77342769  0.52550047], [-0.34283428  0.35298357  0.00479772]
78, [ 0.28609603 -0.75929625  0.49386698], [-0.30529081  0.3272944  -0.01151855]
79, [ 0.28069509 -0.75788509  0.48277183], [-0.29261935  0.30986635 -0.00587158]
80, [ 0.27410705 -0.75845987  0.47421325], [-0.32171057  0.26202329 -0.00597674]
81, [ 0.2630055  -0.74015455  0.42854008], [-0.19244884  0.25384655 -0.00971281]
82, [ 0.25812161 -0.74548358  0.42821857], [-0.21666777  0.30486453 -0.01046799]
83, [ 0.25131688 -0.74062899  0.40847967], [-0.203183    0.27517781 -0.01718571]
84, [ 0.24647449 -0.74281368  0.4031283 ], [-0.2115856   0.27610993 -0.01605161]
85, [ 0.23965421 -0.74020267  0.38932589], [-0.19654039  0.23710786 -0.04176426]
86, [ 0.23720686 -0.75357867  0.40914318], [-0.2919387   0.16446043  0.00827121]
87, [ 0.22321582 -0.73373694  0.36165966], [-0.17368863  0.15453132 -0.03255664]
88, [ 0.21280196 -0.72553652  0.33658001], [-0.13148542  0.12248648 -0.04742719]
89, [ 0.2038475  -0.72275303  0.321748  ], [-0.10387572  0.08019719 -0.06230691]
92, [ 0.17934371 -0.71573065  0.27687954], [-0.03653555  0.17602122 -0.07261714]
93, [ 0.1775709  -0.72671841  0.29328571], [-0.16336143  0.07060611 -0.06956494]
94, [ 0.1663093  -0.72108691  0.27292569], [-0.16723233  0.07704444 -0.06863601]
95, [ 0.15595424 -0.71792987  0.26012823], [-0.16942495  0.10142111 -0.0533788 ]
96, [ 0.15302494 -0.72966577  0.28176622], [-0.26914263  0.13240371 -0.00658205]
97, [ 0.13798098 -0.72012009  0.25556541], [-0.21402991  0.08897559 -0.04935988]
98, [ 0.13315384 -0.72760217  0.26938284], [-0.24545032  0.06950604 -0.05107886]
99, [ 0.11812319 -0.71883164  0.24440398], [-0.21165062  0.07804914 -0.04659952]
100, [ 0.10631941 -0.71419703  0.23012173], [-0.20582024  0.07781834 -0.03598228]
101, [ 0.0966218  -0.71270458  0.22218022], [-0.18421951  0.03946016 -0.05599578]
102, [ 0.09072548 -0.71666144  0.22605948], [-0.19410201  0.01692076 -0.07033214]
103, [ 0.08182482 -0.71620256  0.21794091], [-0.15768345  0.00838888 -0.07325837]
104, [ 0.07244034 -0.71657391  0.20831424], [-0.12882684  0.01156821 -0.07767417]
105, [ 0.06498604 -0.71980575  0.20451409], [ 0.88422557  0.64629866 -0.11850836]
106, [ 0.05865766 -0.72523015  0.20794562], [-0.1509619  -0.04308691 -0.08457047]
107, [ 0.05097047 -0.72855843  0.20581861], [-0.20582369  0.00578919 -0.06747902]
108, [ 0.04935429 -0.73941889  0.22326898], [ 0.97696045  0.63529174 -0.15308053]
109, [ 0.03462436 -0.73565755  0.20667688], [ 0.93498585  0.63909721 -0.14988443]
110, [ 0.02470653 -0.7362618   0.20221431], [ 0.94011133  0.65061946 -0.14456277]
111, [ 0.01919421 -0.74267433  0.21310069], [-0.25906889  0.02819292 -0.04894883]
112, [ 0.01718852 -0.75169622  0.22943814], [ 0.96707229  0.70827026 -0.13586893]
113, [ 0.00674546 -0.75212186  0.2228917 ], [ 0.96196529  0.73068299 -0.13271183]
114, [-0.00236111 -0.75333289  0.21956118], [-0.28100305 -0.00970923 -0.04614577]
115, [-0.01250887 -0.75385692  0.21171973], [-0.26951262 -0.01083344 -0.04744381]
116, [-0.01703894 -0.7595787   0.21615386], [ 0.92891357  0.80650744 -0.13302297]
117, [-0.02950188 -0.7582595   0.20180367], [ 0.88545685  0.79953744 -0.15075079]
118, [-0.03395908 -0.76323822  0.20687405], [ 0.89232745  0.82317984 -0.14105103]
119, [-0.04139583 -0.76510061  0.20317996], [ 0.92544732  0.80545231 -0.13300806]
120, [-0.05182994 -0.76473352  0.19273594], [ 0.88391287  0.82492459 -0.13379949]
121, [-0.05366011 -0.77071019  0.20082826], [ 0.90256353  0.8463099  -0.1454371 ]
122, [-0.06745583 -0.76816041  0.18333601], [ 0.90925795  0.81887027 -0.14517899]
123, [-0.06404666 -0.77814765  0.20198316], [ 0.90426259  0.8443836  -0.15238328]
124, [-0.08048094 -0.77389611  0.1778358 ], [ 0.8512336   0.86455847 -0.12787538]
125, [-0.08649935 -0.77609821  0.17567532], [-0.2523518   0.01024953 -0.02716247]
126, [-0.08980846 -0.78037758  0.17684713], [ 0.88256327  0.83885265 -0.14180444]
127, [-0.09616134 -0.78321653  0.17219475], [ 0.85470067  0.85103384 -0.15391468]
128, [-0.10414559 -0.78445684  0.16425746], [-0.30262942  0.05094714  0.00204603]
129, [-0.11742586 -0.78240497  0.14382295], [-0.25395058  0.05174026 -0.00537746]
130, [-0.11636521 -0.78879161  0.15178366], [-0.27910611  0.06135073 -0.00226795]
131, [-0.12170288 -0.79169094  0.14577549], [ 0.83797896  0.83917649 -0.16430523]
132, [-0.11701427 -0.80053266  0.16192044], [ 0.86786213  0.87236839 -0.14681295]
133, [-0.11913753 -0.80564338  0.16613251], [ 0.87044853  0.88625676 -0.17127785]
134, [-0.12590233 -0.80835073  0.16224069], [ 0.92091013  0.84369591 -0.16980863]
135, [-0.11591045 -0.82111591  0.19421549], [ 0.98276865  0.83818708 -0.19971616]
136, [-0.12465753 -0.82398829  0.19023744], [ 0.98628566  0.8408656  -0.18532895]
137, [-0.15156347 -0.8174514   0.15238556], [ 0.9236522   0.85517523 -0.15041476]
138, [-0.14926061 -0.82796686  0.17121453], [ 0.94162266  0.86820452 -0.17584168]
139, [-0.15522305 -0.83358787  0.17592562], [ 0.93254397  0.8359696  -0.18201036]
140, [-0.16259743 -0.83954064  0.17986553], [ 0.95224113  0.85921916 -0.18098498]
141, [-0.18029882 -0.83945978  0.16444941], [ 0.91812797  0.8489382  -0.16669612]
142, [-0.20065089 -0.83756126  0.14486354], [ 0.88164999  0.860554   -0.15301793]
143, [-0.2097189  -0.84138587  0.14424436], [ 0.84882581  0.92293154 -0.18479401]
144, [-0.2133351  -0.84796682  0.15342402], [-0.43765876  0.1102551   0.09737981]
145, [-0.2288834  -0.84919236  0.1399753 ], [-0.41681593  0.10081689  0.0841903 ]
146, [-0.23578492 -0.85433024  0.13884119], [ 0.82405588  0.96008203 -0.17269464]
147, [-0.24077391 -0.8585474   0.14007684], [-0.40528841  0.1101105   0.0825659 ]
148, [-0.25404409 -0.85923335  0.12654212], [ 0.80334163  0.96113772 -0.17889077]
149, [-0.24953093 -0.86546256  0.14449318], [-0.43934671  0.15389218  0.09929565]
150, [-0.27178989 -0.86261444  0.12257681], [-0.43689518  0.16723907  0.09733864]
151, [-0.26194681 -0.87154598  0.15241132], [ 0.86939128  0.93080172 -0.20706225]
152, [-0.2832115  -0.86922632  0.13587057], [ 0.8658186   0.92799611 -0.20136202]
153, [-0.2867172  -0.87250672  0.14686211], [-0.47727086  0.17797828  0.10696163]
154, [-0.29713039 -0.87288821  0.14359175], [ 0.84707518  0.96385951 -0.19444303]
155, [-0.31755314 -0.87010595  0.12426397], [-0.42786914  0.19951987  0.13220252]
156, [-0.32534775 -0.87348107  0.12335219], [ 0.80169798  0.95567598 -0.18729712]
157, [-0.32415091 -0.87909412  0.13644168], [ 0.80227269  1.00509208 -0.1842394 ]
158, [-0.29568079 -0.89254852  0.19047819], [-0.46408895  0.11980475  0.09948618]
159, [-0.2600347  -0.9090185   0.25523809], [ 0.97031536  1.0733555  -0.23550273]
160, [-0.29768945 -0.90264202  0.21983723], [-0.54887921  0.14479154  0.1674714 ]
161, [-0.30402194 -0.9077348   0.22618214], [ 0.83932528  1.14811201 -0.22506939]
162, [-0.29951382 -0.91274846  0.2459974 ], [ 0.95996319  1.06169669 -0.22552203]
163, [-0.32832008 -0.90842558  0.22213032], [ 0.87224328  1.05773996 -0.23459084]
164, [-0.38768441 -0.89312704  0.15685033], [ 0.7823377   0.91763449 -0.22459953]
169, [-0.32013472 -0.88054828  0.27808556], [-0.44937241  0.18230436  0.0655469 ]
170, [-0.31691534 -0.87559285  0.28372873], [ 0.8698563   1.16203912 -0.29047233]
171, [-0.30408559 -0.87503666  0.30251885], [ 0.93613192  1.1207268  -0.29576838]
172, [-0.31676474 -0.86690413  0.29090537], [ 0.93818387  1.09593816 -0.28878425]
173, [-0.30542168 -0.86571645  0.30950425], [-0.53437812  0.23108615  0.15287972]
174, [-0.32251661 -0.85342993  0.29390512], [-0.48548913  0.25278806  0.12394888]
175, [-0.32415908 -0.84706943  0.29969912], [-0.48123959  0.36644425  0.11477669]
180, [-0.33642509 -0.79340905  0.32029219], [ 0.91038578  1.08657534 -0.25367219]
181, [-0.29785287 -0.80005922  0.36926015], [ 0.96902754  1.21046051 -0.2719604 ]
182, [-0.26406487 -0.80533076  0.40957247], [ 1.07251127  1.1779989  -0.32109577]
183, [-0.26876138 -0.7948529   0.40582652], [ 1.06491596  1.1834495  -0.32138076]
184, [-0.26581852 -0.78917541  0.41049452], [ 1.07577138  1.1994193  -0.31322479]
185, [-0.24325548 -0.79246661  0.43619485], [ 1.11370327  1.19141141 -0.3504642 ]
186, [-0.25240324 -0.77978917  0.42651934], [ 1.09399989  1.20519314 -0.31690818]
187, [-0.24760708 -0.7726883   0.43046123], [ 1.11155728  1.21093899 -0.31831168]
188, [-0.23893235 -0.76633183  0.43855128], [ 1.09169882  1.26219367 -0.32866376]
189, [-0.22449301 -0.76149943  0.45295329], [-0.42852011  0.15572008  0.0437313 ]
190, [-0.20032695 -0.76317548  0.47733741], [ 1.17434673  1.26009559 -0.32548044]
191, [-0.19418357 -0.75401628  0.48059414], [ 1.20744215  1.26170993 -0.33622612]
192, [-0.18851395 -0.74315777  0.48215933], [-0.43630924  0.10811956 -0.00179275]
193, [-0.18923009 -0.72966362  0.47644659], [-0.42251735  0.12138074  0.03113251]
194, [-0.17905245 -0.72549826  0.48386405], [ 1.26185979  1.22083395 -0.34040282]
195, [-0.16341802 -0.72449496  0.49662921], [ 1.27568375  1.2288912  -0.35567795]
196, [-0.1555583  -0.71771502  0.50058103], [ 1.17540436  1.34392151 -0.31045612]
203, [-0.06988624 -0.67747792  0.56292884], [ 1.37100124  1.33551148 -0.33585422]
204, [-0.06123509 -0.67352437  0.56644698], [ 1.42826517  1.27131818 -0.3462927 ]
205, [-0.05998544 -0.66508856  0.56193531], [ 1.44456312  1.24035897 -0.34104417]
206, [-0.04976421 -0.6639849   0.56632806], [ 1.47216526  1.20542965 -0.33615851]
207, [-0.04502293 -0.65654521  0.56185078], [ 1.469461    1.2108848  -0.34790338]
208, [-0.03477076 -0.65557495  0.56517582], [ 1.46837452  1.22573551 -0.33126348]
209, [-0.04068787 -0.63613229  0.54688912], [ 1.43333919  1.26281629 -0.33434459]
210, [-0.02677584 -0.63832104  0.55591189], [ 1.44542456  1.26557976 -0.32663556]
211, [-0.02613204 -0.62787594  0.54802209], [ 1.43890876  1.27062148 -0.33744529]
212, [-0.0235977  -0.61878716  0.54175501], [ 1.42659097  1.26459699 -0.32554828]
213, [-0.02055024 -0.61041019  0.53753881], [ 1.42205319  1.26939682 -0.3034638 ]
214, [-0.0205287  -0.59902873  0.52917141], [ 1.4362182   1.23308525 -0.30779982]
215, [-0.01301356 -0.59843566  0.53333657], [ 1.46240018  1.22154274 -0.30689067]
216, [-0.00972114 -0.59307607  0.53049639], [ 1.44155787  1.23936051 -0.32146897]
217, [-0.00323616 -0.59266645  0.53213971], [ 1.48604301  1.18773757 -0.32549901]
218, [ 0.00128578 -0.58998157  0.5311105 ], [ 1.44670138  1.24102653 -0.32310268]
219, [ 0.00103563 -0.5814803   0.52354146], [ 1.47301208  1.20329295 -0.31604673]
220, [-0.00194613 -0.56955054  0.512844  ], [ 1.45691005  1.21418449 -0.3038669 ]
221, [ 0.00072417 -0.56833704  0.51450706], [ 1.45094955  1.23028889 -0.29507441]
222, [ 0.00222115 -0.56614299  0.51538308], [ 1.43729007  1.23710597 -0.29722271]
223, [ 0.00150528 -0.56288882  0.5150854 ], [ 1.45902134  1.22200299 -0.30569719]
224, [ 0.00070163 -0.56002127  0.5149935 ], [ 1.42869166  1.25359331 -0.28728275]
225, [ 0.00634119 -0.56710522  0.52588724], [ 1.44462171  1.2494232  -0.30156991]
226, [ 0.0073096  -0.56735544  0.52877861], [ 1.44391479  1.25619603 -0.29170646]
227, [ 0.00578617 -0.56141766  0.52527189], [ 1.45434363  1.25234517 -0.27762894]
228, [ 0.01830692 -0.57416062  0.54327864], [ 1.46565936  1.27066741 -0.27483297]
229, [ 0.01474854 -0.56109495  0.53426828], [ 1.45502563  1.27702852 -0.27229581]
230, [ 0.02460299 -0.56609824  0.54602311], [ 1.48443255  1.27234728 -0.26404187]
231, [ 0.02551002 -0.55686451  0.54276625], [ 1.46563462  1.28619202 -0.26552007]
232, [ 0.03504004 -0.56076002  0.55387034], [ 1.50063122  1.26933247 -0.25605536]
233, [ 0.02826176 -0.53678362  0.53734466], [ 1.47362228  1.26611097 -0.23812644]
238, [ 0.04384588 -0.50379611  0.55182107], [ 1.57124461  1.215714   -0.2467193 ]
239, [ 0.05086893 -0.51344957  0.5664772 ], [ 1.56843057  1.23145507 -0.24370138]
240, [ 0.04802834 -0.50538673  0.5636482 ], [ 1.58739402  1.21073473 -0.23897087]
241, [ 0.04540455 -0.4969209   0.56148495], [ 1.59199305  1.19818553 -0.2365944 ]
242, [ 0.04719137 -0.49487042  0.56544552], [ 1.598493    1.1920995  -0.22581403]
243, [ 0.04636552 -0.48664096  0.56585488], [-0.18162311 -0.0810364  -0.32001342]
244, [ 0.04596495 -0.48102788  0.56859301], [ 1.64283715  1.17870317 -0.25739004]
245, [ 0.05239648 -0.48554714  0.58280547], [ 1.65117909  1.15935902 -0.22818284]
246, [ 0.05747196 -0.48653794  0.59300997], [ 1.67167356  1.16798548 -0.21964146]
247, [ 0.0608123  -0.48471752  0.60016295], [ 1.69257247  1.15038218 -0.23316109]
248, [ 0.05651339 -0.46583922  0.59366234], [ 1.70110105  1.13397376 -0.20374165]
249, [ 0.05947749 -0.45743396  0.59715628], [ 1.71068395  1.1299355  -0.20548064]
250, [ 0.05638938 -0.43702747  0.59277776], [ 1.74136348  1.08333743 -0.21096504]
251, [ 0.06530075 -0.44213915  0.60814638], [ 1.75899882  1.08863021 -0.20714088]
252, [ 0.06881604 -0.43737782  0.61453761], [ 1.78439256  1.07082038 -0.1952916 ]
253, [ 0.06842206 -0.42157203  0.61327433], [ 1.77081309  1.08483689 -0.19844953]
254, [ 0.07252038 -0.4134854   0.61951468], [ 1.82915465  0.99884308 -0.22051879]
259, [ 0.08136663 -0.33518644  0.65502184], [ 1.96491923  0.89698234 -0.28858283]
260, [ 0.0912872  -0.33338493  0.66855544], [ 1.96090165  0.89762932 -0.25338264]
261, [ 0.10155827 -0.33557836  0.68139613], [ 1.99177033  0.87878401 -0.27381088]
262, [ 0.10469911 -0.31956665  0.68264314], [ 1.99921478  0.84379848 -0.29410069]
277, [ 0.24820205 -0.36517912  0.79033607], [ 2.18390352  0.37879156 -0.59677533]
278, [ 0.25561923 -0.34860706  0.7778831 ], [ 0.04071227  0.43335599 -0.2486806 ]
317, [ 0.16976226 -0.07048689 -1.27547082], [ 1.70807368  1.84707026 -1.44787706]
318, [ 0.15155101 -0.02193267 -1.42119402], [ 1.04784631  1.73178831 -1.16255125]
320, [ 0.30762113 -0.87992519  0.59911936], [ 0.0502991   1.93740822 -0.72326001]
321, [ 0.29135242 -0.81112391  0.42836562], [ 0.08064411  1.93658727 -0.65630623]
322, [ 0.05143266  0.21567722 -2.10656668], [-1.72412144 -2.02224041  0.29336679]
323, [ 0.31357419 -0.92525639  0.6984304 ], [ 0.13092654  1.9371519  -0.66748293]
324, [-0.26730466  1.52810256 -5.38692972], [-0.26463358  3.03724831  0.47369003]
331, [ 0.29042064 -0.8279102   0.45567224], [ 0.23917959  1.89728739 -0.66757998]
340, [ 0.28960216 -0.76749662  0.34335448], [-1.35116735 -0.27873895  1.30367608]
341, [ 0.28433864 -0.69495123  0.19938573], [-1.26327416 -0.39737141  1.10664389]
342, [ 0.2845121  -0.68996687  0.18896265], [-1.27013476 -0.45456542  1.14945412]
343, [ 0.28637325 -0.69371913  0.19964224], [-1.25018316 -0.29203545  1.17920513]
344, [ 0.28386517 -0.75873448  0.31080929], [-0.17196675  1.99717528 -0.89496821]
345, [-0.22796099  2.25683343 -6.58623176], [-2.49867374 -1.52898368 -0.52993836]
362, [ 0.31805172 -0.56629759  0.07235659], [ 0.10300745  1.87099575 -0.660532  ]
363, [ -0.03466927   8.07486116 -16.26832387], [-0.91274    -0.53849     0.86749822]
364, [ -0.07196142   7.05801614 -14.61778259], [ 1.27746639 -0.09432523 -2.45474396]
365, [ -0.09288734  11.48699113 -22.43984341], [-2.55832646 -0.02022588  0.67287931]
366, [ -0.3322741   18.16856363 -34.96344638], [-1.99328707 -0.77071699 -0.10374722]
367, [ 0.33751286 -0.62600098  0.24249069], [ 0.02854961  1.89273162 -0.53213198]
368, [ 0.33916167 -0.62490832  0.24593438], [ 0.04082421  1.88253081 -0.54787715]
369, [ -0.06344235  14.72908042 -28.0124852 ], [-1.06104579 -2.79279172 -0.96759078]
370, [ 0.33326422 -0.53086122  0.05982046], [ 0.08289788  1.81745776 -0.60775944]
371, [ 0.34066327 -0.6230733   0.24862414], [ 0.0810108   1.8970012  -0.54766514]
372, [  0.04711213  13.05925886 -24.70647909], [-0.74332803 -1.57006152 -1.98016999]
373, [  0.19759827   8.48650803 -16.1850439 ], [1.5306712  2.38580809 1.19398123]
374, [ 0.34698072 -0.61856833  0.26025385], [ 0.00590917  1.88986097 -0.49810548]
375, [ 0.294952    4.22769296 -8.39330965], [-1.85478084  0.69232166  0.95138981]
376, [ 0.32488608  4.21257163 -8.26074546], [-1.68855363  0.05216406  0.55122668]
377, [  0.30017993   7.98275916 -14.94493278], [-2.12722258  0.03236651  0.95824894]
378, [ 0.35142769 -0.65018033  0.33406805], [ 0.05237276  1.86298422 -0.53061199]
379, [  0.38229263  19.87044017 -35.41621286], [ 0.92741484 -1.81727996 -2.23591872]
380, [ 0.36494463  4.34019602 -8.32094616], [-1.99199967  0.57269005  1.55203686]
381, [  0.40542086  20.47187473 -36.37891598], [-2.12489662  0.10397079  1.06360746]
382, [ 0.35525715 -0.68999402  0.41787493], [ 0.04498109  1.85542115 -0.50668415]
383, [  0.42863168   6.10358305 -11.18145153], [-1.82450043  0.93575331  1.27482526]
384, [ 0.35505312 -0.71865751  0.46951993], [ 0.07499255  1.85989567 -0.46559698]
385, [ 0.35570209 -0.75232613  0.52833008], [ 0.24907214  1.81424151 -0.39959496]
386, [ 0.35722664 -0.67549174  0.40190241], [-0.01084365  1.87217387 -0.52413914]
387, [  0.45721364   8.21049148 -14.75371237], [-0.88815986 -2.18193486 -0.66857534]
388, [ 0.35722548 -0.68260476  0.4121642 ], [ 0.03560945  1.89195626 -0.49871812]
389, [ 0.35514429 -0.61638165  0.28863235], [ 0.01865134  1.90655612 -0.57268204]
390, [ 0.35798472 -0.73420254  0.50358614], [ 0.18533112  1.81186682 -0.35409562]
391, [ 0.35878374 -0.69509266  0.43892719], [-1.34040937e-03  1.86684625e+00 -5.28620910e-01]
392, [ 0.35796797 -0.73630093  0.50961242], [ 0.17882158  1.8112459  -0.35409131]
393, [ 0.35794404 -0.67725301  0.40614059], [-0.02710685  1.87879244 -0.59530523]
394, [ 0.35863351 -0.7422835   0.52123172], [ 0.17903999  1.81124914 -0.3583109 ]
395, [ 0.35785403 -0.69504125  0.43519032], [ 0.01460498  1.84566421 -0.49304006]
396, [ 0.35747226 -0.67972861  0.40845331], [-0.03248358  1.8821668  -0.62617196]
397, [ 0.35676246 -0.69002613  0.42367845], [ 0.05353774  1.8613239  -0.5498505 ]
404, [ 0.35361344 -0.73299242  0.48607458], [ 0.04848703  1.82579561 -0.57167712]
405, [ 0.3540312  -0.776976    0.56448163], [ 0.17225822  1.84673736 -0.5307657 ]
406, [ 0.3530341  -0.77714764  0.56178672], [ 0.14688827  1.85039026 -0.56575638]
407, [ 0.35266801 -0.78719718  0.57786857], [ 0.17491807  1.85283076 -0.51932616]
408, [ 0.35194982 -0.78782501  0.57662309], [ 0.14823575  1.86103644 -0.57065834]
409, [ 0.35279133 -0.81808295  0.63260614], [ 0.12154084  1.83691178 -0.54958913]
410, [ 0.35240739 -0.82736563  0.64772743], [ 0.10682286  1.83553519 -0.49268384]
411, [ 1.27216561e-02  2.31418911e+01 -4.24855683e+01], [ 0.82857352 -2.75788894 -1.13900577]
412, [ 0.35081282 -0.79128799  0.57794056], [ 0.18711757  1.86119898 -0.51886418]
413, [ 0.35054494 -0.79370177  0.58375939], [ 0.18479657  1.85563321 -0.47591731]
414, [ 0.35160857 -0.86563607  0.71052515], [ 0.13880255  1.83936698 -0.4486878 ]
415, [ -0.29070116  49.35339082 -89.37383127], [-0.89717544  1.29817784 -0.86392838]
416, [  -0.61638378   83.76336584 -150.69034656], [-2.18143147  0.30720544  0.02559341]
417, [ 0.3463038  -0.57949092  0.19005281], [-0.09153803  1.8517816  -0.77426194]
418, [ 0.35158756 -0.76669907  0.53822607], [ 0.09728009  1.84727481 -0.47972154]
419, [ 0.35930412  2.59722081 -5.31078678], [-0.51902515  1.49177107  1.88192953]
420, [ 0.35331273 -0.75327294  0.5213577 ], [ 0.12669316  1.83402751 -0.46846967]
421, [ 0.35520587 -0.78964763  0.59239317], [ 0.30639288  1.7960754  -0.3273056 ]
422, [ 0.35529308 -0.73285979  0.49362609], [ 0.13401941  1.83053319 -0.40986663]
423, [ 0.35698287 -0.76920894  0.56307247], [ 0.3382444   1.80869763 -0.35445749]
424, [ 0.35849142 -0.79572718  0.61679433], [ 0.45352376  1.73629843 -0.11156538]
425, [  0.49023092   7.62784166 -13.61538084], [-1.10666296 -1.93381558 -1.73119218]
426, [ 0.45114848  2.91205201 -5.5152863 ], [-0.02802989  1.11817881  1.79816997]
427, [  0.66121148  12.0806245  -20.75696564], [1.73051013 1.22461059 1.89822919]
428, [  0.52584904   6.58840854 -11.6614357 ], [-2.08852566 -0.76044473  0.32496116]
429, [  0.54564287   7.19013967 -12.64832273], [-0.41286411  1.83178899  2.28603893]
430, [ 0.36221692 -0.65765649  0.38438838], [ 0.17510108  1.83234343 -0.32021207]
431, [  0.7747008   18.09133797 -30.85227746], [-0.64658234 -2.50614001 -1.71454387]
432, [  0.93000714  13.58076508 -22.31019993], [-0.16356855  0.83089301  2.26325531]
433, [ 0.46626947  2.37505482 -4.52076605], [-1.03419007  1.45849825  2.32687852]
434, [ 0.56265089  4.33230752 -7.56926782], [-0.05181462 -1.55261869 -0.20838692]
438, [  0.92691916   7.62627323 -11.85106005], [-1.77520132 -0.59747459  0.3496757 ]
439, [  1.20388245  13.40707816 -20.86738176], [-1.40443934  0.61128984  1.26627564]
452, [ 0.37693863 -0.85365778  0.80153516], [1.06275379 1.38619454 0.50055022]
464, [ 0.42516652 -0.38518392  0.19500593], [ 0.23890545 -1.92642756  0.0713218 ]
465, [ 0.53103179  0.60897775 -1.09743146], [1.00357592 2.33169652 0.97918979]
466, [ 0.40160869 -0.60027678  0.46428261], [1.04339993 1.5263366  0.22199878]
467, [ 0.35451707 -1.08086868  1.09098143], [-0.09495996  1.13098248  1.82268979]
468, [ 0.37785881 -0.67037221  0.55656303], [-0.44419938 -0.08422257 -0.24749032]
469, [ 0.37550261 -0.65298254  0.53100635], [-0.41279947  0.00512648 -0.19449846]
470, [ 0.36620031 -0.72956619  0.62859436], [-0.5096184   0.07613065 -0.16487686]
471, [ 0.36154766 -0.76976247  0.67967468], [-0.53463666  0.17385062 -0.13500052]
472, [ 0.35865355 -0.78634841  0.70137216], [-0.53658392  0.2135494  -0.10961998]
473, [ 0.3549805  -0.77140809  0.68351019], [-0.52548569  0.20832993 -0.08367955]
474, [ 0.35112014 -0.74026954  0.64474736], [-0.49244016  0.18619683 -0.08978542]
475, [ 0.34826221 -0.7191657   0.61877655], [-0.45786663  0.17194583 -0.09157783]
476, [ 0.34753365 -0.7163233   0.61574567], [-0.46606699  0.17508388 -0.08214064]
477, [ 0.34639707 -0.70165113  0.59812219], [-0.45142149  0.15637511 -0.09530873]
478, [ 0.34438876 -0.68869013  0.58272331], [-0.43674194  0.15235753 -0.09191517]
479, [ 0.34159552 -0.67609549  0.56867021], [-0.43744422  0.13104746 -0.09721056]
480, [ 0.34207295 -0.69563055  0.5954845 ], [-0.45678961  0.14299396 -0.09282082]
481, [ 0.34164614 -0.68402305  0.58164687], [-0.45669859  0.10716699 -0.10281981]
482, [ 0.33737864 -0.67224245  0.56878269], [-0.44577039  0.07264859 -0.14862059]
483, [ 0.33252536 -0.64433409  0.53273551], [-0.41102199  0.08238932 -0.10779183]
484, [ 0.33156045 -0.63789408  0.52633107], [-0.41086269  0.10596036 -0.08620443]
485, [ 0.3317679  -0.63597211  0.52471176], [-0.40126646  0.0998183  -0.10243489]
486, [ 0.33014432 -0.62493415  0.51118481], [-0.37006398  0.11039972 -0.09853883]
487, [ 0.3296657  -0.62448711  0.51044664], [-0.37525135  0.11528963 -0.09958901]
488, [ 0.32895371 -0.62376097  0.50884629], [-0.3751719   0.11346264 -0.09998087]
489, [ 0.32896926 -0.61911964  0.50206491], [-0.36370905  0.12048028 -0.0878558 ]
490, [ 0.3293933  -0.62636743  0.51045902], [-0.38990513  0.11475527 -0.10005683]
491, [ 0.3304437  -0.62850871  0.51301714], [-0.38657532  0.11160342 -0.0983284 ]
492, [ 0.33020566 -0.62343155  0.50566567], [-0.38607483  0.10734016 -0.09836624]
493, [ 0.33008027 -0.62943313  0.51301313], [-0.39369707  0.11654864 -0.09988514]
494, [ 0.33049059 -0.63329412  0.51779067], [-0.41710877  0.076163   -0.10594955]
495, [ 0.33058597 -0.62532744  0.50688651], [-0.39529852  0.10133583 -0.09841375]
496, [ 0.32975248 -0.62297083  0.50353367], [-0.39237328  0.07915631 -0.10593019]
497, [ 0.3298048  -0.63005134  0.51210497], [-0.42033598  0.083992   -0.08883421]
498, [ 0.32784205 -0.61619898  0.49203929], [-0.3864013   0.0964581  -0.08513159]
499, [ 0.32663244 -0.62206901  0.49647416], [-0.40460823  0.07562345 -0.10368199]
500, [ 0.32969113 -0.66662542  0.55199696], [-0.46872217  0.03084005 -0.10030399]
501, [ 0.32661542 -0.61046483  0.47672703], [-0.39244812  0.08880108 -0.08270478]
502, [ 0.3244276  -0.64345916  0.51695302], [-0.4491812   0.03839024 -0.09277851]
507, [ 0.28090602 -0.53732805  0.36672956], [-0.28731659 -0.00346496 -0.07269051]
512, [ 0.26708012 -0.51706765  0.32058983], [-0.3186434  -0.06633765 -0.11132193]
513, [ 0.26337418 -0.50685291  0.31044951], [-0.34885561 -0.00934686 -0.03195289]
514, [ 0.26232359 -0.51714217  0.33189434], [-0.38257331 -0.02978977 -0.03763814]
515, [ 0.25501368 -0.50724489  0.32676423], [ 1.67279774  0.26538871 -0.04475221]
516, [ 0.24346377 -0.46224419  0.27958538], [-0.32880203 -0.0296872  -0.02514384]
517, [ 0.2321301  -0.42086951  0.23992563], [ 1.59723964  0.23589082 -0.0329802 ]
518, [ 0.23251482 -0.45669625  0.30029752], [-0.38949592  0.00992329 -0.03134795]
527, [ 0.13011336 -0.31311644  0.27102261], [ 1.77299899  0.50801522 -0.04271726]
528, [ 0.11838426 -0.2900482   0.25123359], [-0.27468495 -0.05006765 -0.07506478]
529, [ 0.11731803 -0.3035954   0.26547406], [ 1.7603594   0.57971281 -0.06450155]
530, [ 0.11001834 -0.29158956  0.24927629], [ 1.77063604  0.53990842 -0.0806718 ]
531, [ 0.10780647 -0.28837758  0.24112597], [ 1.76854092  0.54676213 -0.06008497]
532, [ 0.10714265 -0.29481809  0.2443569 ], [-0.31922996 -0.05956535 -0.05275437]
533, [ 0.10723533 -0.29461378  0.23840441], [ 1.77773081  0.55293064 -0.0842314 ]
534, [ 0.10844451 -0.28917449  0.22715398], [ 1.77298513  0.51603058 -0.09665649]
535, [ 0.10953026 -0.28317813  0.21284524], [ 1.74994885  0.54661116 -0.08691642]
536, [ 0.11423431 -0.28291291  0.20487241], [-0.36507928 -0.03195395 -0.11165209]
537, [ 0.12055674 -0.28806829  0.20283708], [-0.3526104  -0.03281201 -0.10661904]
538, [ 0.1254712  -0.28784919  0.19439766], [ 1.74584782  0.54363777 -0.09668805]
539, [ 0.12591716 -0.2728218   0.16921803], [-0.33037089 -0.03559036 -0.10486654]
541, [ 0.1541019  -0.31386904  0.20838481], [-0.35419077 -0.09653467 -0.13168548]
542, [ 0.14698611 -0.26761039  0.15115242], [ 1.7130359   0.52676249 -0.13499386]
543, [ 0.15239253 -0.2749997   0.15801583], [ 1.69585997  0.56090085 -0.11557194]
544, [ 0.15904681 -0.28081685  0.16466204], [ 1.70973178  0.55321933 -0.12887511]
545, [ 0.16068434 -0.2664036   0.14753264], [ 1.72852445  0.49039774 -0.14459264]
546, [ 0.16212835 -0.26242388  0.1410305 ], [ 1.72241298  0.50068743 -0.14685268]
547, [ 0.17217812 -0.29356216  0.17630753], [ 1.76121881  0.5031675  -0.18540716]
548, [ 0.17970969 -0.31380225  0.19870492], [ 1.75539777  0.50360942 -0.17968711]
549, [ 0.17370592 -0.27379999  0.1524637 ], [ 1.7461581   0.54102217 -0.17540974]
550, [ 0.17818542 -0.29027696  0.17363402], [ 1.77075523  0.48818139 -0.19716284]
551, [ 0.17333696 -0.26371784  0.1453361 ], [ 1.7652019   0.5036598  -0.19553537]
552, [ 0.16405186 -0.21705511  0.09765293], [ 1.73671167  0.5492325  -0.18653606]
554, [ 0.16614556 -0.22094217  0.12268454], [-0.40521319 -0.07095297 -0.24128516]
559, [ 0.15210403 -0.11717981  0.03880359], [ 1.79000262  0.62099171 -0.25623862]
560, [ 0.13725494 -0.04438161 -0.03921254], [ 1.74507925  0.59405021 -0.26322184]
561, [ 0.1457247  -0.08399812  0.00505677], [ 1.79242079  0.60324904 -0.28734345]
562, [ 0.14370288 -0.06193623 -0.02037853], [ 1.78913756  0.6321731  -0.28721694]
565, [ 0.14924838 -0.01439246 -0.08055666], [ 1.80098943  0.568508   -0.33193564]
566, [ 0.14735405  0.00228612 -0.1039225 ], [ 1.78577924  0.60299626 -0.29734536]
567, [ 0.15052274 -0.00316606 -0.10040438], [ 1.79232975  0.62235197 -0.33651537]
583, [ 0.20065905 -0.06784277 -0.26943074], [ 1.73492463  0.55955123 -0.32442225]
584, [ 0.20813581 -0.07959538 -0.27137605], [ 1.71170068  0.55863737 -0.3394735 ]
599, [ 0.22179037 -0.26621592 -0.24671847], [ 1.66499446  0.47722794 -0.43406936]
