frame index, translation vector, rotation vector
1, [0 0 0], [0 0 0]
2, [0.00000000e+00 5.55111512e-17 0.00000000e+00], [0. 0. 0.]
3, [0.0052642  0.0027094  0.00656354], [-0.01572798 -0.00911547  0.01419758]
4, [0.0052642  0.0027094  0.00656354], [-0.01572798 -0.00911547  0.01419758]
5, [0.0052642  0.0027094  0.00656354], [-0.01572798 -0.00911547  0.01419758]
6, [0.0052642  0.0027094  0.00656354], [-0.01572798 -0.00911547  0.01419758]
7, [0.0052642  0.0027094  0.00656354], [-0.01572798 -0.00911547  0.01419758]
8, [0.0052642  0.0027094  0.00656354], [-0.01572798 -0.00911547  0.01419758]
9, [0.0052642  0.0027094  0.00656354], [-0.01572798 -0.00911547  0.01419758]
12, [0.0052642  0.0027094  0.00656354], [-0.01572798 -0.00911547  0.01419758]
13, [0.0052642  0.0027094  0.00656354], [-0.01572798 -0.00911547  0.01419758]
14, [0.0052642  0.0027094  0.00656354], [-0.01572798 -0.00911547  0.01419758]
15, [0.0052642  0.0027094  0.00656354], [-0.01572798 -0.00911547  0.01419758]
16, [0.0052642  0.0027094  0.00656354], [-0.01572798 -0.00911547  0.01419758]
17, [0.00699497 0.003629   0.00909602], [-0.0084118  -0.02652318  0.0204312 ]
18, [0.00699497 0.003629   0.00909602], [-0.0084118  -0.02652318  0.0204312 ]
21, [0.01246513 0.00598736 0.01548955], [ 0.00837705 -0.01876892  0.01841248]
22, [0.01246513 0.00598736 0.01548955], [ 0.00837705 -0.01876892  0.01841248]
23, [0.01246513 0.00598736 0.01548955], [ 0.00837705 -0.01876892  0.01841248]
24, [0.01246513 0.00598736 0.01548955], [ 0.00837705 -0.01876892  0.01841248]
25, [0.01246513 0.00598736 0.01548955], [ 0.00837705 -0.01876892  0.01841248]
26, [0.00699497 0.003629   0.00909602], [-0.0084118  -0.02652318  0.0204312 ]
27, [0.00699497 0.003629   0.00909602], [-0.0084118  -0.02652318  0.0204312 ]
29, [0.00699497 0.003629   0.00909602], [-0.0084118  -0.02652318  0.0204312 ]
31, [0.0052642  0.0027094  0.00656354], [-0.01572798 -0.00911547  0.01419758]
32, [0.00699497 0.003629   0.00909602], [-0.0084118  -0.02652318  0.0204312 ]
43, [0.00699497 0.003629   0.00909602], [-0.0084118  -0.02652318  0.0204312 ]
44, [0.00699497 0.003629   0.00909602], [-0.0084118  -0.02652318  0.0204312 ]
45, [0.00699497 0.003629   0.00909602], [-0.0084118  -0.02652318  0.0204312 ]
47, [0.00699497 0.003629   0.00909602], [-0.0084118  -0.02652318  0.0204312 ]
48, [0.00699497 0.003629   0.00909602], [-0.0084118  -0.02652318  0.0204312 ]
54, [0.00699497 0.003629   0.00909602], [-0.0084118  -0.02652318  0.0204312 ]
55, [0.00699497 0.003629   0.00909602], [-0.0084118  -0.02652318  0.0204312 ]
56, [0.00699497 0.003629   0.00909602], [-0.0084118  -0.02652318  0.0204312 ]
57, [0.00699497 0.003629   0.00909602], [-0.0084118  -0.02652318  0.0204312 ]
61, [0.00000000e+00 5.55111512e-17 0.00000000e+00], [0. 0. 0.]
62, [0.00000000e+00 5.55111512e-17 0.00000000e+00], [0. 0. 0.]
63, [0.00000000e+00 5.55111512e-17 0.00000000e+00], [0. 0. 0.]
65, [0.00699497 0.003629   0.00909602], [-0.0084118  -0.02652318  0.0204312 ]
66, [0.00559704 0.00267489 0.00730728], [ 0.01873963  0.00725634 -0.00257223]
67, [0.00699497 0.003629   0.00909602], [-0.0084118  -0.02652318  0.0204312 ]
74, [0.00699497 0.003629   0.00909602], [-0.0084118  -0.02652318  0.0204312 ]
75, [0.00699497 0.003629   0.00909602], [-0.0084118  -0.02652318  0.0204312 ]
76, [0.00699497 0.003629   0.00909602], [-0.0084118  -0.02652318  0.0204312 ]
77, [0.00699497 0.003629   0.00909602], [-0.0084118  -0.02652318  0.0204312 ]
78, [0.00699497 0.003629   0.00909602], [-0.0084118  -0.02652318  0.0204312 ]
84, [0.00699497 0.003629   0.00909602], [-0.0084118  -0.02652318  0.0204312 ]
85, [0.00699497 0.003629   0.00909602], [-0.0084118  -0.02652318  0.0204312 ]
89, [0.00699497 0.003629   0.00909602], [-0.0084118  -0.02652318  0.0204312 ]
90, [0.00166847 0.00089299 0.00245786], [ 0.00682635 -0.01774392  0.00647933]
91, [0.0052642  0.0027094  0.00656354], [-0.01572798 -0.00911547  0.01419758]
92, [0.00000000e+00 5.55111512e-17 0.00000000e+00], [0. 0. 0.]
93, [0.00699497 0.003629   0.00909602], [-0.0084118  -0.02652318  0.0204312 ]
94, [0.00890248 0.00378888 0.01101496], [-0.00030332 -0.04214521  0.02602822]
95, [0.00166847 0.00089299 0.00245786], [ 0.00682635 -0.01774392  0.00647933]
96, [0.00166847 0.00089299 0.00245786], [ 0.00682635 -0.01774392  0.00647933]
97, [0.00166847 0.00089299 0.00245786], [ 0.00682635 -0.01774392  0.00647933]
98, [0.00699497 0.003629   0.00909602], [-0.0084118  -0.02652318  0.0204312 ]
99, [0.00166847 0.00089299 0.00245786], [ 0.00682635 -0.01774392  0.00647933]
100, [0.00166847 0.00089299 0.00245786], [ 0.00682635 -0.01774392  0.00647933]
101, [0.00166847 0.00089299 0.00245786], [ 0.00682635 -0.01774392  0.00647933]
102, [0.00166847 0.00089299 0.00245786], [ 0.00682635 -0.01774392  0.00647933]
104, [0.00699497 0.003629   0.00909602], [-0.0084118  -0.02652318  0.0204312 ]
105, [0.00166847 0.00089299 0.00245786], [ 0.00682635 -0.01774392  0.00647933]
106, [0.00166847 0.00089299 0.00245786], [ 0.00682635 -0.01774392  0.00647933]
107, [0.00699497 0.003629   0.00909602], [-0.0084118  -0.02652318  0.0204312 ]
108, [0.00699497 0.003629   0.00909602], [-0.0084118  -0.02652318  0.0204312 ]
109, [0.00699497 0.003629   0.00909602], [-0.0084118  -0.02652318  0.0204312 ]
110, [0.00166847 0.00089299 0.00245786], [ 0.00682635 -0.01774392  0.00647933]
111, [0.00166847 0.00089299 0.00245786], [ 0.00682635 -0.01774392  0.00647933]
112, [0.00699497 0.003629   0.00909602], [-0.0084118  -0.02652318  0.0204312 ]
113, [0.00699497 0.003629   0.00909602], [-0.0084118  -0.02652318  0.0204312 ]
114, [0.00699497 0.003629   0.00909602], [-0.0084118  -0.02652318  0.0204312 ]
115, [0.00699497 0.003629   0.00909602], [-0.0084118  -0.02652318  0.0204312 ]
116, [0.00699497 0.003629   0.00909602], [-0.0084118  -0.02652318  0.0204312 ]
117, [0.00699497 0.003629   0.00909602], [-0.0084118  -0.02652318  0.0204312 ]
118, [0.00699497 0.003629   0.00909602], [-0.0084118  -0.02652318  0.0204312 ]
119, [0.00699497 0.003629   0.00909602], [-0.0084118  -0.02652318  0.0204312 ]
121, [0.00166847 0.00089299 0.00245786], [ 0.00682635 -0.01774392  0.00647933]
122, [0.00166847 0.00089299 0.00245786], [ 0.00682635 -0.01774392  0.00647933]
123, [0.00166847 0.00089299 0.00245786], [ 0.00682635 -0.01774392  0.00647933]
126, [0.00699497 0.003629   0.00909602], [-0.0084118  -0.02652318  0.0204312 ]
127, [0.00699497 0.003629   0.00909602], [-0.0084118  -0.02652318  0.0204312 ]
128, [0.0052642  0.0027094  0.00656354], [-0.01572798 -0.00911547  0.01419758]
129, [0.00000000e+00 5.55111512e-17 0.00000000e+00], [0. 0. 0.]
130, [0.00699497 0.003629   0.00909602], [-0.0084118  -0.02652318  0.0204312 ]
131, [0.00699497 0.003629   0.00909602], [-0.0084118  -0.02652318  0.0204312 ]
132, [0.00699497 0.003629   0.00909602], [-0.0084118  -0.02652318  0.0204312 ]
133, [0.00699497 0.003629   0.00909602], [-0.0084118  -0.02652318  0.0204312 ]
134, [0.00699497 0.003629   0.00909602], [-0.0084118  -0.02652318  0.0204312 ]
135, [0.00166847 0.00089299 0.00245786], [ 0.00682635 -0.01774392  0.00647933]
136, [0.00699497 0.003629   0.00909602], [-0.0084118  -0.02652318  0.0204312 ]
137, [0.00699497 0.003629   0.00909602], [-0.0084118  -0.02652318  0.0204312 ]
138, [0.00699497 0.003629   0.00909602], [-0.0084118  -0.02652318  0.0204312 ]
139, [0.00699497 0.003629   0.00909602], [-0.0084118  -0.02652318  0.0204312 ]
140, [0.00000000e+00 5.55111512e-17 0.00000000e+00], [0. 0. 0.]
143, [0.00166847 0.00089299 0.00245786], [ 0.00682635 -0.01774392  0.00647933]
144, [0.00166847 0.00089299 0.00245786], [ 0.00682635 -0.01774392  0.00647933]
145, [0.00166847 0.00089299 0.00245786], [ 0.00682635 -0.01774392  0.00647933]
146, [0.00166847 0.00089299 0.00245786], [ 0.00682635 -0.01774392  0.00647933]
147, [0.00166847 0.00089299 0.00245786], [ 0.00682635 -0.01774392  0.00647933]
148, [0.00699497 0.003629   0.00909602], [-0.0084118  -0.02652318  0.0204312 ]
149, [0.00166847 0.00089299 0.00245786], [ 0.00682635 -0.01774392  0.00647933]
150, [0.00166847 0.00089299 0.00245786], [ 0.00682635 -0.01774392  0.00647933]
151, [0.00166847 0.00089299 0.00245786], [ 0.00682635 -0.01774392  0.00647933]
152, [0.00699497 0.003629   0.00909602], [-0.0084118  -0.02652318  0.0204312 ]
157, [0.00699497 0.003629   0.00909602], [-0.0084118  -0.02652318  0.0204312 ]
162, [0.00699497 0.003629   0.00909602], [-0.0084118  -0.02652318  0.0204312 ]
164, [0.00699497 0.003629   0.00909602], [-0.0084118  -0.02652318  0.0204312 ]
166, [0.00166847 0.00089299 0.00245786], [ 0.00682635 -0.01774392  0.00647933]
167, [0.00699497 0.003629   0.00909602], [-0.0084118  -0.02652318  0.0204312 ]
168, [0.00699497 0.003629   0.00909602], [-0.0084118  -0.02652318  0.0204312 ]
169, [0.00699497 0.003629   0.00909602], [-0.0084118  -0.02652318  0.0204312 ]
170, [0.00699497 0.003629   0.00909602], [-0.0084118  -0.02652318  0.0204312 ]
171, [0.00699497 0.003629   0.00909602], [-0.0084118  -0.02652318  0.0204312 ]
172, [0.00699497 0.003629   0.00909602], [-0.0084118  -0.02652318  0.0204312 ]
173, [0.00699497 0.003629   0.00909602], [-0.0084118  -0.02652318  0.0204312 ]
175, [0.00699497 0.003629   0.00909602], [-0.0084118  -0.02652318  0.0204312 ]
184, [0.01246513 0.00598736 0.01548955], [ 0.00837705 -0.01876892  0.01841248]
185, [0.01246513 0.00598736 0.01548955], [ 0.00837705 -0.01876892  0.01841248]
186, [0.00000000e+00 5.55111512e-17 0.00000000e+00], [0. 0. 0.]
191, [0.00166847 0.00089299 0.00245786], [ 0.00682635 -0.01774392  0.00647933]
192, [0.00166847 0.00089299 0.00245786], [ 0.00682635 -0.01774392  0.00647933]
193, [0.00166847 0.00089299 0.00245786], [ 0.00682635 -0.01774392  0.00647933]
195, [0.00166847 0.00089299 0.00245786], [ 0.00682635 -0.01774392  0.00647933]
196, [0.00166847 0.00089299 0.00245786], [ 0.00682635 -0.01774392  0.00647933]
203, [0.00699497 0.003629   0.00909602], [-0.0084118  -0.02652318  0.0204312 ]
204, [0.00699497 0.003629   0.00909602], [-0.0084118  -0.02652318  0.0204312 ]
206, [0.01246513 0.00598736 0.01548955], [ 0.00837705 -0.01876892  0.01841248]
207, [0.01246513 0.00598736 0.01548955], [ 0.00837705 -0.01876892  0.01841248]
208, [0.01246513 0.00598736 0.01548955], [ 0.00837705 -0.01876892  0.01841248]
209, [0.01246513 0.00598736 0.01548955], [ 0.00837705 -0.01876892  0.01841248]
210, [0.01246513 0.00598736 0.01548955], [ 0.00837705 -0.01876892  0.01841248]
211, [0.00000000e+00 5.55111512e-17 0.00000000e+00], [0. 0. 0.]
215, [0.00000000e+00 5.55111512e-17 0.00000000e+00], [0. 0. 0.]
216, [0.00699497 0.003629   0.00909602], [-0.0084118  -0.02652318  0.0204312 ]
217, [0.00000000e+00 5.55111512e-17 0.00000000e+00], [0. 0. 0.]
218, [0.00699497 0.003629   0.00909602], [-0.0084118  -0.02652318  0.0204312 ]
219, [0.00699497 0.003629   0.00909602], [-0.0084118  -0.02652318  0.0204312 ]
225, [0.00699497 0.003629   0.00909602], [-0.0084118  -0.02652318  0.0204312 ]
230, [0.00699497 0.003629   0.00909602], [-0.0084118  -0.02652318  0.0204312 ]
231, [0.00699497 0.003629   0.00909602], [-0.0084118  -0.02652318  0.0204312 ]
232, [0.00699497 0.003629   0.00909602], [-0.0084118  -0.02652318  0.0204312 ]
235, [0.00699497 0.003629   0.00909602], [-0.0084118  -0.02652318  0.0204312 ]
236, [0.00699497 0.003629   0.00909602], [-0.0084118  -0.02652318  0.0204312 ]
238, [0.0120774  0.00566999 0.01535534], [-0.02332442 -0.03418868  0.03401177]
240, [0.00699497 0.003629   0.00909602], [-0.0084118  -0.02652318  0.0204312 ]
241, [0.00166847 0.00089299 0.00245786], [ 0.00682635 -0.01774392  0.00647933]
242, [0.00699497 0.003629   0.00909602], [-0.0084118  -0.02652318  0.0204312 ]
243, [0.00166847 0.00089299 0.00245786], [ 0.00682635 -0.01774392  0.00647933]
244, [0.00166847 0.00089299 0.00245786], [ 0.00682635 -0.01774392  0.00647933]
245, [0.00638421 0.00276634 0.00826302], [-0.00855593 -0.02504291  0.0202454 ]
246, [0.00699497 0.003629   0.00909602], [-0.0084118  -0.02652318  0.0204312 ]
248, [0.00699497 0.003629   0.00909602], [-0.0084118  -0.02652318  0.0204312 ]
249, [0.00699497 0.003629   0.00909602], [-0.0084118  -0.02652318  0.0204312 ]
250, [0.00699497 0.003629   0.00909602], [-0.0084118  -0.02652318  0.0204312 ]
251, [0.0120774  0.00566999 0.01535534], [-0.02332442 -0.03418868  0.03401177]
252, [0.00699497 0.003629   0.00909602], [-0.0084118  -0.02652318  0.0204312 ]
253, [0.00699497 0.003629   0.00909602], [-0.0084118  -0.02652318  0.0204312 ]
254, [0.00699497 0.003629   0.00909602], [-0.0084118  -0.02652318  0.0204312 ]
260, [0.00699497 0.003629   0.00909602], [-0.0084118  -0.02652318  0.0204312 ]
268, [0.00699497 0.003629   0.00909602], [-0.0084118  -0.02652318  0.0204312 ]
271, [0.0052642  0.0027094  0.00656354], [-0.01572798 -0.00911547  0.01419758]
272, [0.0052642  0.0027094  0.00656354], [-0.01572798 -0.00911547  0.01419758]
273, [0.0052642  0.0027094  0.00656354], [-0.01572798 -0.00911547  0.01419758]
274, [0.0052642  0.0027094  0.00656354], [-0.01572798 -0.00911547  0.01419758]
275, [0.0052642  0.0027094  0.00656354], [-0.01572798 -0.00911547  0.01419758]
276, [0.0052642  0.0027094  0.00656354], [-0.01572798 -0.00911547  0.01419758]
278, [0.0052642  0.0027094  0.00656354], [-0.01572798 -0.00911547  0.01419758]
279, [0.0052642  0.0027094  0.00656354], [-0.01572798 -0.00911547  0.01419758]
280, [0.00000000e+00 5.55111512e-17 0.00000000e+00], [0. 0. 0.]
281, [0.0052642  0.0027094  0.00656354], [-0.01572798 -0.00911547  0.01419758]
282, [0.0052642  0.0027094  0.00656354], [-0.01572798 -0.00911547  0.01419758]
283, [0.00000000e+00 5.55111512e-17 0.00000000e+00], [0. 0. 0.]
284, [0.0052642  0.0027094  0.00656354], [-0.01572798 -0.00911547  0.01419758]
285, [0.00000000e+00 5.55111512e-17 0.00000000e+00], [0. 0. 0.]
286, [0.0052642  0.0027094  0.00656354], [-0.01572798 -0.00911547  0.01419758]
287, [0.0052642  0.0027094  0.00656354], [-0.01572798 -0.00911547  0.01419758]
288, [0.01076473 0.00508181 0.01299593], [ 0.00153664 -0.00129269  0.01202987]
291, [0.01246513 0.00598736 0.01548955], [ 0.00837705 -0.01876892  0.01841248]
293, [0.01246513 0.00598736 0.01548955], [ 0.00837705 -0.01876892  0.01841248]
297, [0.00699497 0.003629   0.00909602], [-0.0084118  -0.02652318  0.0204312 ]
298, [0.00699497 0.003629   0.00909602], [-0.0084118  -0.02652318  0.0204312 ]
301, [0.00000000e+00 5.55111512e-17 0.00000000e+00], [0. 0. 0.]
304, [0.00166847 0.00089299 0.00245786], [ 0.00682635 -0.01774392  0.00647933]
305, [0.00166847 0.00089299 0.00245786], [ 0.00682635 -0.01774392  0.00647933]
306, [0.00166847 0.00089299 0.00245786], [ 0.00682635 -0.01774392  0.00647933]
307, [0.00166847 0.00089299 0.00245786], [ 0.00682635 -0.01774392  0.00647933]
308, [0.00166847 0.00089299 0.00245786], [ 0.00682635 -0.01774392  0.00647933]
309, [0.00166847 0.00089299 0.00245786], [ 0.00682635 -0.01774392  0.00647933]
310, [0.00166847 0.00089299 0.00245786], [ 0.00682635 -0.01774392  0.00647933]
311, [0.00166847 0.00089299 0.00245786], [ 0.00682635 -0.01774392  0.00647933]
312, [0.00166847 0.00089299 0.00245786], [ 0.00682635 -0.01774392  0.00647933]
313, [0.00166847 0.00089299 0.00245786], [ 0.00682635 -0.01774392  0.00647933]
314, [0.00166847 0.00089299 0.00245786], [ 0.00682635 -0.01774392  0.00647933]
315, [0.00166847 0.00089299 0.00245786], [ 0.00682635 -0.01774392  0.00647933]
316, [0.00166847 0.00089299 0.00245786], [ 0.00682635 -0.01774392  0.00647933]
317, [0.00166847 0.00089299 0.00245786], [ 0.00682635 -0.01774392  0.00647933]
318, [0.00166847 0.00089299 0.00245786], [ 0.00682635 -0.01774392  0.00647933]
319, [0.00166847 0.00089299 0.00245786], [ 0.00682635 -0.01774392  0.00647933]
320, [0.00166847 0.00089299 0.00245786], [ 0.00682635 -0.01774392  0.00647933]
321, [0.00166847 0.00089299 0.00245786], [ 0.00682635 -0.01774392  0.00647933]
322, [0.00166847 0.00089299 0.00245786], [ 0.00682635 -0.01774392  0.00647933]
323, [0.00166847 0.00089299 0.00245786], [ 0.00682635 -0.01774392  0.00647933]
324, [0.00166847 0.00089299 0.00245786], [ 0.00682635 -0.01774392  0.00647933]
325, [0.00166847 0.00089299 0.00245786], [ 0.00682635 -0.01774392  0.00647933]
326, [0.00699497 0.003629   0.00909602], [-0.0084118  -0.02652318  0.0204312 ]
327, [0.00699497 0.003629   0.00909602], [-0.0084118  -0.02652318  0.0204312 ]
328, [0.00699497 0.003629   0.00909602], [-0.0084118  -0.02652318  0.0204312 ]
329, [0.00699497 0.003629   0.00909602], [-0.0084118  -0.02652318  0.0204312 ]
330, [0.00699497 0.003629   0.00909602], [-0.0084118  -0.02652318  0.0204312 ]
331, [0.00000000e+00 5.55111512e-17 0.00000000e+00], [0. 0. 0.]
332, [0.00000000e+00 5.55111512e-17 0.00000000e+00], [0. 0. 0.]
333, [0.00000000e+00 5.55111512e-17 0.00000000e+00], [0. 0. 0.]
334, [0.0052642  0.0027094  0.00656354], [-0.01572798 -0.00911547  0.01419758]
335, [0.00000000e+00 5.55111512e-17 0.00000000e+00], [0. 0. 0.]
336, [0.00000000e+00 5.55111512e-17 0.00000000e+00], [0. 0. 0.]
337, [0.00000000e+00 5.55111512e-17 0.00000000e+00], [0. 0. 0.]
338, [0.00000000e+00 5.55111512e-17 0.00000000e+00], [0. 0. 0.]
339, [0.00000000e+00 5.55111512e-17 0.00000000e+00], [0. 0. 0.]
340, [0.00000000e+00 5.55111512e-17 0.00000000e+00], [0. 0. 0.]
341, [0.00699497 0.003629   0.00909602], [-0.0084118  -0.02652318  0.0204312 ]
343, [0.00699497 0.003629   0.00909602], [-0.0084118  -0.02652318  0.0204312 ]
344, [0.00699497 0.003629   0.00909602], [-0.0084118  -0.02652318  0.0204312 ]
345, [0.00699497 0.003629   0.00909602], [-0.0084118  -0.02652318  0.0204312 ]
346, [0.00699497 0.003629   0.00909602], [-0.0084118  -0.02652318  0.0204312 ]
347, [0.00699497 0.003629   0.00909602], [-0.0084118  -0.02652318  0.0204312 ]
348, [0.00699497 0.003629   0.00909602], [-0.0084118  -0.02652318  0.0204312 ]
349, [0.00699497 0.003629   0.00909602], [-0.0084118  -0.02652318  0.0204312 ]
353, [0.00699497 0.003629   0.00909602], [-0.0084118  -0.02652318  0.0204312 ]
355, [0.00699497 0.003629   0.00909602], [-0.0084118  -0.02652318  0.0204312 ]
360, [0.00699497 0.003629   0.00909602], [-0.0084118  -0.02652318  0.0204312 ]
361, [0.00166847 0.00089299 0.00245786], [ 0.00682635 -0.01774392  0.00647933]
362, [0.0052642  0.0027094  0.00656354], [-0.01572798 -0.00911547  0.01419758]
363, [0.00699497 0.003629   0.00909602], [-0.0084118  -0.02652318  0.0204312 ]
364, [0.00699497 0.003629   0.00909602], [-0.0084118  -0.02652318  0.0204312 ]
365, [0.0052642  0.0027094  0.00656354], [-0.01572798 -0.00911547  0.01419758]
366, [0.01076473 0.00508181 0.01299593], [ 0.00153664 -0.00129269  0.01202987]
368, [0.01246513 0.00598736 0.01548955], [ 0.00837705 -0.01876892  0.01841248]
369, [0.00699497 0.003629   0.00909602], [-0.0084118  -0.02652318  0.0204312 ]
370, [0.00699497 0.003629   0.00909602], [-0.0084118  -0.02652318  0.0204312 ]
371, [0.00699497 0.003629   0.00909602], [-0.0084118  -0.02652318  0.0204312 ]
372, [0.00166847 0.00089299 0.00245786], [ 0.00682635 -0.01774392  0.00647933]
373, [0.00752138 0.00342715 0.00932344], [ 0.02383707 -0.01045814  0.00452722]
374, [0.00752138 0.00342715 0.00932344], [ 0.02383707 -0.01045814  0.00452722]
375, [0.00752138 0.00342715 0.00932344], [ 0.02383707 -0.01045814  0.00452722]
376, [0.01246513 0.00598736 0.01548955], [ 0.00837705 -0.01876892  0.01841248]
379, [0.0120774  0.00566999 0.01535534], [-0.02332442 -0.03418868  0.03401177]
380, [0.0120774  0.00566999 0.01535534], [-0.02332442 -0.03418868  0.03401177]
381, [0.01460618 0.00669705 0.01812243], [-0.01468036 -0.05093675  0.03957437]
384, [0.00699497 0.003629   0.00909602], [-0.0084118  -0.02652318  0.0204312 ]
385, [0.00699497 0.003629   0.00909602], [-0.0084118  -0.02652318  0.0204312 ]
388, [0.00752138 0.00342715 0.00932344], [ 0.02383707 -0.01045814  0.00452722]
389, [0.01246513 0.00598736 0.01548955], [ 0.00837705 -0.01876892  0.01841248]
390, [0.01246513 0.00598736 0.01548955], [ 0.00837705 -0.01876892  0.01841248]
391, [0.00000000e+00 5.55111512e-17 0.00000000e+00], [0. 0. 0.]
392, [0.00000000e+00 5.55111512e-17 0.00000000e+00], [0. 0. 0.]
393, [0.00000000e+00 5.55111512e-17 0.00000000e+00], [0. 0. 0.]
394, [0.00166847 0.00089299 0.00245786], [ 0.00682635 -0.01774392  0.00647933]
395, [0.00166847 0.00089299 0.00245786], [ 0.00682635 -0.01774392  0.00647933]
396, [0.00166847 0.00089299 0.00245786], [ 0.00682635 -0.01774392  0.00647933]
397, [0.00166847 0.00089299 0.00245786], [ 0.00682635 -0.01774392  0.00647933]
398, [0.00699497 0.003629   0.00909602], [-0.0084118  -0.02652318  0.0204312 ]
399, [0.00699497 0.003629   0.00909602], [-0.0084118  -0.02652318  0.0204312 ]
400, [0.00699497 0.003629   0.00909602], [-0.0084118  -0.02652318  0.0204312 ]
401, [0.00699497 0.003629   0.00909602], [-0.0084118  -0.02652318  0.0204312 ]
402, [0.00699497 0.003629   0.00909602], [-0.0084118  -0.02652318  0.0204312 ]
403, [0.00699497 0.003629   0.00909602], [-0.0084118  -0.02652318  0.0204312 ]
404, [0.00699497 0.003629   0.00909602], [-0.0084118  -0.02652318  0.0204312 ]
405, [0.00699497 0.003629   0.00909602], [-0.0084118  -0.02652318  0.0204312 ]
411, [0.00699497 0.003629   0.00909602], [-0.0084118  -0.02652318  0.0204312 ]
415, [0.00699497 0.003629   0.00909602], [-0.0084118  -0.02652318  0.0204312 ]
416, [0.00699497 0.003629   0.00909602], [-0.0084118  -0.02652318  0.0204312 ]
417, [0.00699497 0.003629   0.00909602], [-0.0084118  -0.02652318  0.0204312 ]
420, [0.00699497 0.003629   0.00909602], [-0.0084118  -0.02652318  0.0204312 ]
421, [0.00000000e+00 5.55111512e-17 0.00000000e+00], [0. 0. 0.]
422, [0.0052642  0.0027094  0.00656354], [-0.01572798 -0.00911547  0.01419758]
423, [0.00699497 0.003629   0.00909602], [-0.0084118  -0.02652318  0.0204312 ]
424, [0.00166847 0.00089299 0.00245786], [ 0.00682635 -0.01774392  0.00647933]
425, [0.00166847 0.00089299 0.00245786], [ 0.00682635 -0.01774392  0.00647933]
426, [0.00166847 0.00089299 0.00245786], [ 0.00682635 -0.01774392  0.00647933]
427, [0.00166847 0.00089299 0.00245786], [ 0.00682635 -0.01774392  0.00647933]
428, [0.00166847 0.00089299 0.00245786], [ 0.00682635 -0.01774392  0.00647933]
429, [0.0052642  0.0027094  0.00656354], [-0.01572798 -0.00911547  0.01419758]
430, [0.0052642  0.0027094  0.00656354], [-0.01572798 -0.00911547  0.01419758]
431, [0.0052642  0.0027094  0.00656354], [-0.01572798 -0.00911547  0.01419758]
432, [0.0052642  0.0027094  0.00656354], [-0.01572798 -0.00911547  0.01419758]
433, [0.0052642  0.0027094  0.00656354], [-0.01572798 -0.00911547  0.01419758]
434, [0.0052642  0.0027094  0.00656354], [-0.01572798 -0.00911547  0.01419758]
435, [0.0052642  0.0027094  0.00656354], [-0.01572798 -0.00911547  0.01419758]
436, [0.0052642  0.0027094  0.00656354], [-0.01572798 -0.00911547  0.01419758]
437, [0.0052642  0.0027094  0.00656354], [-0.01572798 -0.00911547  0.01419758]
438, [0.00699497 0.003629   0.00909602], [-0.0084118  -0.02652318  0.0204312 ]
439, [0.00166847 0.00089299 0.00245786], [ 0.00682635 -0.01774392  0.00647933]
440, [0.0052642  0.0027094  0.00656354], [-0.01572798 -0.00911547  0.01419758]
441, [0.0052642  0.0027094  0.00656354], [-0.01572798 -0.00911547  0.01419758]
442, [0.00166847 0.00089299 0.00245786], [ 0.00682635 -0.01774392  0.00647933]
443, [0.00166847 0.00089299 0.00245786], [ 0.00682635 -0.01774392  0.00647933]
444, [0.00166847 0.00089299 0.00245786], [ 0.00682635 -0.01774392  0.00647933]
445, [0.00166847 0.00089299 0.00245786], [ 0.00682635 -0.01774392  0.00647933]
446, [0.00166847 0.00089299 0.00245786], [ 0.00682635 -0.01774392  0.00647933]
447, [0.00166847 0.00089299 0.00245786], [ 0.00682635 -0.01774392  0.00647933]
448, [0.00166847 0.00089299 0.00245786], [ 0.00682635 -0.01774392  0.00647933]
449, [0.00166847 0.00089299 0.00245786], [ 0.00682635 -0.01774392  0.00647933]
450, [0.00166847 0.00089299 0.00245786], [ 0.00682635 -0.01774392  0.00647933]
451, [0.0052642  0.0027094  0.00656354], [-0.01572798 -0.00911547  0.01419758]
452, [0.00590238 0.00255702 0.00692832], [ 0.01749655  0.00730879 -0.00209649]
453, [0.01076473 0.00508181 0.01299593], [ 0.00153664 -0.00129269  0.01202987]
454, [0.01076473 0.00508181 0.01299593], [ 0.00153664 -0.00129269  0.01202987]
455, [0.00000000e+00 5.55111512e-17 0.00000000e+00], [0. 0. 0.]
456, [0.0052642  0.0027094  0.00656354], [-0.01572798 -0.00911547  0.01419758]
457, [0.00000000e+00 5.55111512e-17 0.00000000e+00], [0. 0. 0.]
458, [0.00000000e+00 5.55111512e-17 0.00000000e+00], [0. 0. 0.]
460, [0.00699497 0.003629   0.00909602], [-0.0084118  -0.02652318  0.0204312 ]
461, [0.0052642  0.0027094  0.00656354], [-0.01572798 -0.00911547  0.01419758]
462, [0.00699497 0.003629   0.00909602], [-0.0084118  -0.02652318  0.0204312 ]
463, [0.00000000e+00 5.55111512e-17 0.00000000e+00], [0. 0. 0.]
464, [0.00699497 0.003629   0.00909602], [-0.0084118  -0.02652318  0.0204312 ]
466, [0.01246513 0.00598736 0.01548955], [ 0.00837705 -0.01876892  0.01841248]
467, [0.00752138 0.00342715 0.00932344], [ 0.02383707 -0.01045814  0.00452722]
470, [0.00166847 0.00089299 0.00245786], [ 0.00682635 -0.01774392  0.00647933]
471, [0.00166847 0.00089299 0.00245786], [ 0.00682635 -0.01774392  0.00647933]
472, [0.00166847 0.00089299 0.00245786], [ 0.00682635 -0.01774392  0.00647933]
476, [0.00699497 0.003629   0.00909602], [-0.0084118  -0.02652318  0.0204312 ]
477, [0.00699497 0.003629   0.00909602], [-0.0084118  -0.02652318  0.0204312 ]
481, [0.00000000e+00 5.55111512e-17 0.00000000e+00], [0. 0. 0.]
482, [0.0052642  0.0027094  0.00656354], [-0.01572798 -0.00911547  0.01419758]
483, [0.00719665 0.00353561 0.00967662], [ 0.02499871 -0.01046976  0.00406682]
486, [0.00166847 0.00089299 0.00245786], [ 0.00682635 -0.01774392  0.00647933]
487, [0.00719665 0.00353561 0.00967662], [ 0.02499871 -0.01046976  0.00406682]
492, [0.00166847 0.00089299 0.00245786], [ 0.00682635 -0.01774392  0.00647933]
493, [0.00166847 0.00089299 0.00245786], [ 0.00682635 -0.01774392  0.00647933]
494, [0.00719665 0.00353561 0.00967662], [ 0.02499871 -0.01046976  0.00406682]
496, [0.00166847 0.00089299 0.00245786], [ 0.00682635 -0.01774392  0.00647933]
497, [0.00166847 0.00089299 0.00245786], [ 0.00682635 -0.01774392  0.00647933]
498, [0.00166847 0.00089299 0.00245786], [ 0.00682635 -0.01774392  0.00647933]
499, [0.00166847 0.00089299 0.00245786], [ 0.00682635 -0.01774392  0.00647933]
500, [0.00166847 0.00089299 0.00245786], [ 0.00682635 -0.01774392  0.00647933]
501, [0.00166847 0.00089299 0.00245786], [ 0.00682635 -0.01774392  0.00647933]
502, [0.00166847 0.00089299 0.00245786], [ 0.00682635 -0.01774392  0.00647933]
503, [0.00166847 0.00089299 0.00245786], [ 0.00682635 -0.01774392  0.00647933]
504, [0.00166847 0.00089299 0.00245786], [ 0.00682635 -0.01774392  0.00647933]
505, [0.00166847 0.00089299 0.00245786], [ 0.00682635 -0.01774392  0.00647933]
506, [0.00166847 0.00089299 0.00245786], [ 0.00682635 -0.01774392  0.00647933]
507, [0.00166847 0.00089299 0.00245786], [ 0.00682635 -0.01774392  0.00647933]
508, [0.00166847 0.00089299 0.00245786], [ 0.00682635 -0.01774392  0.00647933]
509, [0.00166847 0.00089299 0.00245786], [ 0.00682635 -0.01774392  0.00647933]
510, [0.00166847 0.00089299 0.00245786], [ 0.00682635 -0.01774392  0.00647933]
511, [0.00166847 0.00089299 0.00245786], [ 0.00682635 -0.01774392  0.00647933]
512, [0.00166847 0.00089299 0.00245786], [ 0.00682635 -0.01774392  0.00647933]
513, [0.00166847 0.00089299 0.00245786], [ 0.00682635 -0.01774392  0.00647933]
514, [0.00166847 0.00089299 0.00245786], [ 0.00682635 -0.01774392  0.00647933]
515, [0.00166847 0.00089299 0.00245786], [ 0.00682635 -0.01774392  0.00647933]
516, [0.00166847 0.00089299 0.00245786], [ 0.00682635 -0.01774392  0.00647933]
517, [0.00166847 0.00089299 0.00245786], [ 0.00682635 -0.01774392  0.00647933]
518, [0.00166847 0.00089299 0.00245786], [ 0.00682635 -0.01774392  0.00647933]
519, [0.00699497 0.003629   0.00909602], [-0.0084118  -0.02652318  0.0204312 ]
522, [0.00699497 0.003629   0.00909602], [-0.0084118  -0.02652318  0.0204312 ]
523, [0.01246513 0.00598736 0.01548955], [ 0.00837705 -0.01876892  0.01841248]
528, [0.00166847 0.00089299 0.00245786], [ 0.00682635 -0.01774392  0.00647933]
529, [0.00166847 0.00089299 0.00245786], [ 0.00682635 -0.01774392  0.00647933]
530, [0.00166847 0.00089299 0.00245786], [ 0.00682635 -0.01774392  0.00647933]
532, [0.00699497 0.003629   0.00909602], [-0.0084118  -0.02652318  0.0204312 ]
533, [0.00000000e+00 5.55111512e-17 0.00000000e+00], [0. 0. 0.]
535, [0.00699497 0.003629   0.00909602], [-0.0084118  -0.02652318  0.0204312 ]
536, [0.00699497 0.003629   0.00909602], [-0.0084118  -0.02652318  0.0204312 ]
537, [0.00699497 0.003629   0.00909602], [-0.0084118  -0.02652318  0.0204312 ]
539, [0.00699497 0.003629   0.00909602], [-0.0084118  -0.02652318  0.0204312 ]
541, [0.00166847 0.00089299 0.00245786], [ 0.00682635 -0.01774392  0.00647933]
542, [0.00166847 0.00089299 0.00245786], [ 0.00682635 -0.01774392  0.00647933]
543, [0.00166847 0.00089299 0.00245786], [ 0.00682635 -0.01774392  0.00647933]
544, [0.00166847 0.00089299 0.00245786], [ 0.00682635 -0.01774392  0.00647933]
545, [0.00166847 0.00089299 0.00245786], [ 0.00682635 -0.01774392  0.00647933]
546, [0.00166847 0.00089299 0.00245786], [ 0.00682635 -0.01774392  0.00647933]
547, [0.00166847 0.00089299 0.00245786], [ 0.00682635 -0.01774392  0.00647933]
548, [0.00166847 0.00089299 0.00245786], [ 0.00682635 -0.01774392  0.00647933]
549, [-0.00518804 -0.00241662 -0.00570133], [0.01771209 0.0047531  0.00938081]
550, [0.00166847 0.00089299 0.00245786], [ 0.00682635 -0.01774392  0.00647933]
551, [0.00166847 0.00089299 0.00245786], [ 0.00682635 -0.01774392  0.00647933]
553, [0.00166847 0.00089299 0.00245786], [ 0.00682635 -0.01774392  0.00647933]
554, [0.00699497 0.003629   0.00909602], [-0.0084118  -0.02652318  0.0204312 ]
555, [0.00166847 0.00089299 0.00245786], [ 0.00682635 -0.01774392  0.00647933]
556, [0.00166847 0.00089299 0.00245786], [ 0.00682635 -0.01774392  0.00647933]
560, [0.00166847 0.00089299 0.00245786], [ 0.00682635 -0.01774392  0.00647933]
561, [0.00166847 0.00089299 0.00245786], [ 0.00682635 -0.01774392  0.00647933]
562, [0.00166847 0.00089299 0.00245786], [ 0.00682635 -0.01774392  0.00647933]
563, [0.00166847 0.00089299 0.00245786], [ 0.00682635 -0.01774392  0.00647933]
564, [0.00166847 0.00089299 0.00245786], [ 0.00682635 -0.01774392  0.00647933]
565, [0.00166847 0.00089299 0.00245786], [ 0.00682635 -0.01774392  0.00647933]
566, [0.00166847 0.00089299 0.00245786], [ 0.00682635 -0.01774392  0.00647933]
567, [0.00166847 0.00089299 0.00245786], [ 0.00682635 -0.01774392  0.00647933]
568, [0.00166847 0.00089299 0.00245786], [ 0.00682635 -0.01774392  0.00647933]
569, [0.00166847 0.00089299 0.00245786], [ 0.00682635 -0.01774392  0.00647933]
571, [0.0052642  0.0027094  0.00656354], [-0.01572798 -0.00911547  0.01419758]
572, [0.0052642  0.0027094  0.00656354], [-0.01572798 -0.00911547  0.01419758]
573, [0.00000000e+00 5.55111512e-17 0.00000000e+00], [0. 0. 0.]
574, [0.00000000e+00 5.55111512e-17 0.00000000e+00], [0. 0. 0.]
575, [0.00000000e+00 5.55111512e-17 0.00000000e+00], [0. 0. 0.]
576, [0.00464825 0.00184292 0.00572359], [-0.01586722 -0.00756382  0.0139919 ]
577, [0.00638421 0.00276634 0.00826302], [-0.00855593 -0.02504291  0.0202454 ]
578, [0.0052642  0.0027094  0.00656354], [-0.01572798 -0.00911547  0.01419758]
579, [0.0052642  0.0027094  0.00656354], [-0.01572798 -0.00911547  0.01419758]
580, [0.00000000e+00 5.55111512e-17 0.00000000e+00], [0. 0. 0.]
581, [0.00000000e+00 5.55111512e-17 0.00000000e+00], [0. 0. 0.]
583, [0.00699497 0.003629   0.00909602], [-0.0084118  -0.02652318  0.0204312 ]
584, [0.00699497 0.003629   0.00909602], [-0.0084118  -0.02652318  0.0204312 ]
585, [0.00699497 0.003629   0.00909602], [-0.0084118  -0.02652318  0.0204312 ]
586, [0.00699497 0.003629   0.00909602], [-0.0084118  -0.02652318  0.0204312 ]
587, [0.00699497 0.003629   0.00909602], [-0.0084118  -0.02652318  0.0204312 ]
588, [0.00699497 0.003629   0.00909602], [-0.0084118  -0.02652318  0.0204312 ]
589, [0.00699497 0.003629   0.00909602], [-0.0084118  -0.02652318  0.0204312 ]
590, [0.00166847 0.00089299 0.00245786], [ 0.00682635 -0.01774392  0.00647933]
591, [0.00699497 0.003629   0.00909602], [-0.0084118  -0.02652318  0.0204312 ]
592, [0.00699497 0.003629   0.00909602], [-0.0084118  -0.02652318  0.0204312 ]
593, [0.00699497 0.003629   0.00909602], [-0.0084118  -0.02652318  0.0204312 ]
594, [0.00699497 0.003629   0.00909602], [-0.0084118  -0.02652318  0.0204312 ]
597, [0.00699497 0.003629   0.00909602], [-0.0084118  -0.02652318  0.0204312 ]
598, [0.00699497 0.003629   0.00909602], [-0.0084118  -0.02652318  0.0204312 ]
599, [0.00699497 0.003629   0.00909602], [-0.0084118  -0.02652318  0.0204312 ]
600, [0.00699497 0.003629   0.00909602], [-0.0084118  -0.02652318  0.0204312 ]
601, [-0.00482581 -0.00251242 -0.00602082], [ 0.01623357  0.00864552 -0.01438191]
602, [0.00000000e+00 5.55111512e-17 0.00000000e+00], [0. 0. 0.]
603, [0.00000000e+00 5.55111512e-17 0.00000000e+00], [0. 0. 0.]
604, [0.00000000e+00 5.55111512e-17 0.00000000e+00], [0. 0. 0.]
605, [0.00000000e+00 5.55111512e-17 0.00000000e+00], [0. 0. 0.]
606, [0.00699497 0.003629   0.00909602], [-0.0084118  -0.02652318  0.0204312 ]
607, [0.00699497 0.003629   0.00909602], [-0.0084118  -0.02652318  0.0204312 ]
608, [0.00000000e+00 5.55111512e-17 0.00000000e+00], [0. 0. 0.]
609, [0.00000000e+00 5.55111512e-17 0.00000000e+00], [0. 0. 0.]
610, [0.00000000e+00 5.55111512e-17 0.00000000e+00], [0. 0. 0.]
612, [0.00699497 0.003629   0.00909602], [-0.0084118  -0.02652318  0.0204312 ]
616, [0.00699497 0.003629   0.00909602], [-0.0084118  -0.02652318  0.0204312 ]
626, [0.00000000e+00 5.55111512e-17 0.00000000e+00], [0. 0. 0.]
627, [0.00000000e+00 5.55111512e-17 0.00000000e+00], [0. 0. 0.]
628, [0.00000000e+00 5.55111512e-17 0.00000000e+00], [0. 0. 0.]
631, [0.00107316 0.00030403 0.00166462], [0.03522765 0.0117166  0.00725968]
632, [0.00107316 0.00030403 0.00166462], [0.03522765 0.0117166  0.00725968]
633, [0.00752138 0.00342715 0.00932344], [ 0.02383707 -0.01045814  0.00452722]
634, [0.00166847 0.00089299 0.00245786], [ 0.00682635 -0.01774392  0.00647933]
635, [0.00166847 0.00089299 0.00245786], [ 0.00682635 -0.01774392  0.00647933]
636, [0.00699497 0.003629   0.00909602], [-0.0084118  -0.02652318  0.0204312 ]
637, [0.00699497 0.003629   0.00909602], [-0.0084118  -0.02652318  0.0204312 ]
638, [0.00699497 0.003629   0.00909602], [-0.0084118  -0.02652318  0.0204312 ]
639, [0.01246513 0.00598736 0.01548955], [ 0.00837705 -0.01876892  0.01841248]
640, [0.01246513 0.00598736 0.01548955], [ 0.00837705 -0.01876892  0.01841248]
641, [0.00699497 0.003629   0.00909602], [-0.0084118  -0.02652318  0.0204312 ]
642, [0.00699497 0.003629   0.00909602], [-0.0084118  -0.02652318  0.0204312 ]
643, [0.00699497 0.003629   0.00909602], [-0.0084118  -0.02652318  0.0204312 ]
644, [-0.00518804 -0.00241662 -0.00570133], [0.01771209 0.0047531  0.00938081]
645, [-0.00518804 -0.00241662 -0.00570133], [0.01771209 0.0047531  0.00938081]
646, [0.00166847 0.00089299 0.00245786], [ 0.00682635 -0.01774392  0.00647933]
647, [0.00166847 0.00089299 0.00245786], [ 0.00682635 -0.01774392  0.00647933]
648, [0.00166847 0.00089299 0.00245786], [ 0.00682635 -0.01774392  0.00647933]
649, [0.00752138 0.00342715 0.00932344], [ 0.02383707 -0.01045814  0.00452722]
650, [0.00752138 0.00342715 0.00932344], [ 0.02383707 -0.01045814  0.00452722]
651, [0.0148194  0.0066114  0.01871681], [ 0.01810294 -0.03799251  0.04732198]
652, [0.00166847 0.00089299 0.00245786], [ 0.00682635 -0.01774392  0.00647933]
653, [0.00166847 0.00089299 0.00245786], [ 0.00682635 -0.01774392  0.00647933]
654, [0.00166847 0.00089299 0.00245786], [ 0.00682635 -0.01774392  0.00647933]
655, [0.00166847 0.00089299 0.00245786], [ 0.00682635 -0.01774392  0.00647933]
656, [0.00166847 0.00089299 0.00245786], [ 0.00682635 -0.01774392  0.00647933]
657, [0.00166847 0.00089299 0.00245786], [ 0.00682635 -0.01774392  0.00647933]
658, [0.00166847 0.00089299 0.00245786], [ 0.00682635 -0.01774392  0.00647933]
659, [0.00166847 0.00089299 0.00245786], [ 0.00682635 -0.01774392  0.00647933]
660, [0.00166847 0.00089299 0.00245786], [ 0.00682635 -0.01774392  0.00647933]
661, [0.00166847 0.00089299 0.00245786], [ 0.00682635 -0.01774392  0.00647933]
663, [0.00699497 0.003629   0.00909602], [-0.0084118  -0.02652318  0.0204312 ]
665, [0.00699497 0.003629   0.00909602], [-0.0084118  -0.02652318  0.0204312 ]
666, [0.00699497 0.003629   0.00909602], [-0.0084118  -0.02652318  0.0204312 ]
667, [0.00699497 0.003629   0.00909602], [-0.0084118  -0.02652318  0.0204312 ]
668, [0.00699497 0.003629   0.00909602], [-0.0084118  -0.02652318  0.0204312 ]
670, [0.0052642  0.0027094  0.00656354], [-0.01572798 -0.00911547  0.01419758]
681, [0.00699497 0.003629   0.00909602], [-0.0084118  -0.02652318  0.0204312 ]
682, [0.00000000e+00 5.55111512e-17 0.00000000e+00], [0. 0. 0.]
683, [0.00000000e+00 5.55111512e-17 0.00000000e+00], [0. 0. 0.]
684, [0.00000000e+00 5.55111512e-17 0.00000000e+00], [0. 0. 0.]
691, [0.00000000e+00 5.55111512e-17 0.00000000e+00], [0. 0. 0.]
692, [0.00042013 0.00019154 0.00052373], [ 0.00313874 -0.00521052  0.0467298 ]
694, [0.00752138 0.00342715 0.00932344], [ 0.02383707 -0.01045814  0.00452722]
695, [0.00752138 0.00342715 0.00932344], [ 0.02383707 -0.01045814  0.00452722]
696, [0.01246513 0.00598736 0.01548955], [ 0.00837705 -0.01876892  0.01841248]
697, [0.00699497 0.003629   0.00909602], [-0.0084118  -0.02652318  0.0204312 ]
698, [0.00166847 0.00089299 0.00245786], [ 0.00682635 -0.01774392  0.00647933]
700, [0.00699497 0.003629   0.00909602], [-0.0084118  -0.02652318  0.0204312 ]
701, [0.00166847 0.00089299 0.00245786], [ 0.00682635 -0.01774392  0.00647933]
702, [0.00166847 0.00089299 0.00245786], [ 0.00682635 -0.01774392  0.00647933]
703, [0.00166847 0.00089299 0.00245786], [ 0.00682635 -0.01774392  0.00647933]
706, [0.01460618 0.00669705 0.01812243], [-0.01468036 -0.05093675  0.03957437]
707, [0.00890248 0.00378888 0.01101496], [-0.00030332 -0.04214521  0.02602822]
708, [0.00699497 0.003629   0.00909602], [-0.0084118  -0.02652318  0.0204312 ]
709, [0.00166847 0.00089299 0.00245786], [ 0.00682635 -0.01774392  0.00647933]
710, [0.00166847 0.00089299 0.00245786], [ 0.00682635 -0.01774392  0.00647933]
714, [0.00699497 0.003629   0.00909602], [-0.0084118  -0.02652318  0.0204312 ]
718, [0.00699497 0.003629   0.00909602], [-0.0084118  -0.02652318  0.0204312 ]
721, [0.0052642  0.0027094  0.00656354], [-0.01572798 -0.00911547  0.01419758]
722, [0.0052642  0.0027094  0.00656354], [-0.01572798 -0.00911547  0.01419758]
723, [0.0052642  0.0027094  0.00656354], [-0.01572798 -0.00911547  0.01419758]
724, [0.0052642  0.0027094  0.00656354], [-0.01572798 -0.00911547  0.01419758]
725, [0.0052642  0.0027094  0.00656354], [-0.01572798 -0.00911547  0.01419758]
728, [0.00699497 0.003629   0.00909602], [-0.0084118  -0.02652318  0.0204312 ]
729, [0.00699497 0.003629   0.00909602], [-0.0084118  -0.02652318  0.0204312 ]
730, [0.00699497 0.003629   0.00909602], [-0.0084118  -0.02652318  0.0204312 ]
731, [0.00699497 0.003629   0.00909602], [-0.0084118  -0.02652318  0.0204312 ]
736, [0.00699497 0.003629   0.00909602], [-0.0084118  -0.02652318  0.0204312 ]
737, [0.00699497 0.003629   0.00909602], [-0.0084118  -0.02652318  0.0204312 ]
738, [0.00699497 0.003629   0.00909602], [-0.0084118  -0.02652318  0.0204312 ]
739, [0.00699497 0.003629   0.00909602], [-0.0084118  -0.02652318  0.0204312 ]
740, [0.00699497 0.003629   0.00909602], [-0.0084118  -0.02652318  0.0204312 ]
741, [0.00699497 0.003629   0.00909602], [-0.0084118  -0.02652318  0.0204312 ]
742, [0.00699497 0.003629   0.00909602], [-0.0084118  -0.02652318  0.0204312 ]
743, [0.00699497 0.003629   0.00909602], [-0.0084118  -0.02652318  0.0204312 ]
746, [0.00699497 0.003629   0.00909602], [-0.0084118  -0.02652318  0.0204312 ]
747, [0.00699497 0.003629   0.00909602], [-0.0084118  -0.02652318  0.0204312 ]
751, [-0.00052795 -0.00055952 -0.00071084], [0.02930481 0.03005633 0.00036298]
752, [0.00590238 0.00255702 0.00692832], [ 0.01749655  0.00730879 -0.00209649]
753, [0.00590238 0.00255702 0.00692832], [ 0.01749655  0.00730879 -0.00209649]
754, [0.00699497 0.003629   0.00909602], [-0.0084118  -0.02652318  0.0204312 ]
755, [0.00699497 0.003629   0.00909602], [-0.0084118  -0.02652318  0.0204312 ]
756, [0.00699497 0.003629   0.00909602], [-0.0084118  -0.02652318  0.0204312 ]
757, [0.01246513 0.00598736 0.01548955], [ 0.00837705 -0.01876892  0.01841248]
758, [0.01246513 0.00598736 0.01548955], [ 0.00837705 -0.01876892  0.01841248]
760, [0.00699497 0.003629   0.00909602], [-0.0084118  -0.02652318  0.0204312 ]
761, [0.01246513 0.00598736 0.01548955], [ 0.00837705 -0.01876892  0.01841248]
762, [0.01246513 0.00598736 0.01548955], [ 0.00837705 -0.01876892  0.01841248]
763, [0.01246513 0.00598736 0.01548955], [ 0.00837705 -0.01876892  0.01841248]
764, [0.00699497 0.003629   0.00909602], [-0.0084118  -0.02652318  0.0204312 ]
765, [0.00809066 0.00427023 0.01010523], [ 0.02391075 -0.01190728  0.00474257]
766, [0.00699497 0.003629   0.00909602], [-0.0084118  -0.02652318  0.0204312 ]
767, [0.0022612  0.00175032 0.00326891], [ 0.00692258 -0.01921283  0.00668765]
769, [0.01246513 0.00598736 0.01548955], [ 0.00837705 -0.01876892  0.01841248]
770, [0.01246513 0.00598736 0.01548955], [ 0.00837705 -0.01876892  0.01841248]
771, [0.01246513 0.00598736 0.01548955], [ 0.00837705 -0.01876892  0.01841248]
777, [0.01246513 0.00598736 0.01548955], [ 0.00837705 -0.01876892  0.01841248]
778, [0.01246513 0.00598736 0.01548955], [ 0.00837705 -0.01876892  0.01841248]
781, [-0.00179843 -0.00069252 -0.00185501], [-0.00528757  0.01400791  0.0170971 ]
788, [0.0052642  0.0027094  0.00656354], [-0.01572798 -0.00911547  0.01419758]
790, [0.00699497 0.003629   0.00909602], [-0.0084118  -0.02652318  0.0204312 ]
791, [0.00699497 0.003629   0.00909602], [-0.0084118  -0.02652318  0.0204312 ]
792, [0.0052642  0.0027094  0.00656354], [-0.01572798 -0.00911547  0.01419758]
793, [0.0052642  0.0027094  0.00656354], [-0.01572798 -0.00911547  0.01419758]
795, [0.0052642  0.0027094  0.00656354], [-0.01572798 -0.00911547  0.01419758]
797, [0.00699497 0.003629   0.00909602], [-0.0084118  -0.02652318  0.0204312 ]
798, [0.00699497 0.003629   0.00909602], [-0.0084118  -0.02652318  0.0204312 ]
800, [0.00699497 0.003629   0.00909602], [-0.0084118  -0.02652318  0.0204312 ]
805, [0.00166847 0.00089299 0.00245786], [ 0.00682635 -0.01774392  0.00647933]
807, [0.00699497 0.003629   0.00909602], [-0.0084118  -0.02652318  0.0204312 ]
808, [0.00699497 0.003629   0.00909602], [-0.0084118  -0.02652318  0.0204312 ]
810, [0.00699497 0.003629   0.00909602], [-0.0084118  -0.02652318  0.0204312 ]
811, [0.0052642  0.0027094  0.00656354], [-0.01572798 -0.00911547  0.01419758]
812, [0.0052642  0.0027094  0.00656354], [-0.01572798 -0.00911547  0.01419758]
813, [0.0052642  0.0027094  0.00656354], [-0.01572798 -0.00911547  0.01419758]
814, [0.0052642  0.0027094  0.00656354], [-0.01572798 -0.00911547  0.01419758]
815, [0.0052642  0.0027094  0.00656354], [-0.01572798 -0.00911547  0.01419758]
816, [0.0052642  0.0027094  0.00656354], [-0.01572798 -0.00911547  0.01419758]
818, [0.01780097 0.00814695 0.02206465], [-0.00740025 -0.02486911  0.00880695]
819, [0.0052642  0.0027094  0.00656354], [-0.01572798 -0.00911547  0.01419758]
820, [0.0052642  0.0027094  0.00656354], [-0.01572798 -0.00911547  0.01419758]
821, [0.0052642  0.0027094  0.00656354], [-0.01572798 -0.00911547  0.01419758]
822, [0.0052642  0.0027094  0.00656354], [-0.01572798 -0.00911547  0.01419758]
823, [0.0052642  0.0027094  0.00656354], [-0.01572798 -0.00911547  0.01419758]
833, [0.01212647 0.00608795 0.0158213 ], [ 0.00953341 -0.0187738   0.01795623]
834, [0.00699497 0.003629   0.00909602], [-0.0084118  -0.02652318  0.0204312 ]
835, [0.00042013 0.00019154 0.00052373], [ 0.00313874 -0.00521052  0.0467298 ]
836, [0.00042013 0.00019154 0.00052373], [ 0.00313874 -0.00521052  0.0467298 ]
838, [0.00699497 0.003629   0.00909602], [-0.0084118  -0.02652318  0.0204312 ]
840, [0.00699497 0.003629   0.00909602], [-0.0084118  -0.02652318  0.0204312 ]
842, [0.00000000e+00 5.55111512e-17 0.00000000e+00], [0. 0. 0.]
843, [0.00000000e+00 5.55111512e-17 0.00000000e+00], [0. 0. 0.]
844, [0.00000000e+00 5.55111512e-17 0.00000000e+00], [0. 0. 0.]
845, [0.00000000e+00 5.55111512e-17 0.00000000e+00], [0. 0. 0.]
846, [0.00000000e+00 5.55111512e-17 0.00000000e+00], [0. 0. 0.]
847, [0.00000000e+00 5.55111512e-17 0.00000000e+00], [0. 0. 0.]
848, [0.00166847 0.00089299 0.00245786], [ 0.00682635 -0.01774392  0.00647933]
849, [0.00752138 0.00342715 0.00932344], [ 0.02383707 -0.01045814  0.00452722]
850, [0.00166847 0.00089299 0.00245786], [ 0.00682635 -0.01774392  0.00647933]
851, [-0.00518804 -0.00241662 -0.00570133], [0.01771209 0.0047531  0.00938081]
852, [-0.00518804 -0.00241662 -0.00570133], [0.01771209 0.0047531  0.00938081]
853, [-0.00518804 -0.00241662 -0.00570133], [0.01771209 0.0047531  0.00938081]
854, [0.00166847 0.00089299 0.00245786], [ 0.00682635 -0.01774392  0.00647933]
855, [0.00166847 0.00089299 0.00245786], [ 0.00682635 -0.01774392  0.00647933]
856, [0.00166847 0.00089299 0.00245786], [ 0.00682635 -0.01774392  0.00647933]
862, [0.00166847 0.00089299 0.00245786], [ 0.00682635 -0.01774392  0.00647933]
863, [0.00166847 0.00089299 0.00245786], [ 0.00682635 -0.01774392  0.00647933]
864, [0.00166847 0.00089299 0.00245786], [ 0.00682635 -0.01774392  0.00647933]
865, [0.00166847 0.00089299 0.00245786], [ 0.00682635 -0.01774392  0.00647933]
866, [0.00166847 0.00089299 0.00245786], [ 0.00682635 -0.01774392  0.00647933]
868, [0.00166847 0.00089299 0.00245786], [ 0.00682635 -0.01774392  0.00647933]
871, [0.01246513 0.00598736 0.01548955], [ 0.00837705 -0.01876892  0.01841248]
872, [0.00166847 0.00089299 0.00245786], [ 0.00682635 -0.01774392  0.00647933]
873, [0.01246513 0.00598736 0.01548955], [ 0.00837705 -0.01876892  0.01841248]
874, [0.0120774  0.00566999 0.01535534], [-0.02332442 -0.03418868  0.03401177]
875, [0.00166847 0.00089299 0.00245786], [ 0.00682635 -0.01774392  0.00647933]
876, [0.0120774  0.00566999 0.01535534], [-0.02332442 -0.03418868  0.03401177]
877, [0.00166847 0.00089299 0.00245786], [ 0.00682635 -0.01774392  0.00647933]
878, [0.00166847 0.00089299 0.00245786], [ 0.00682635 -0.01774392  0.00647933]
882, [0.0120774  0.00566999 0.01535534], [-0.02332442 -0.03418868  0.03401177]
883, [0.00166847 0.00089299 0.00245786], [ 0.00682635 -0.01774392  0.00647933]
888, [0.00166847 0.00089299 0.00245786], [ 0.00682635 -0.01774392  0.00647933]
889, [0.00166847 0.00089299 0.00245786], [ 0.00682635 -0.01774392  0.00647933]
890, [0.00166847 0.00089299 0.00245786], [ 0.00682635 -0.01774392  0.00647933]
891, [0.00638421 0.00276634 0.00826302], [-0.00855593 -0.02504291  0.0202454 ]
892, [0.00638421 0.00276634 0.00826302], [-0.00855593 -0.02504291  0.0202454 ]
893, [0.00638421 0.00276634 0.00826302], [-0.00855593 -0.02504291  0.0202454 ]
894, [0.00638421 0.00276634 0.00826302], [-0.00855593 -0.02504291  0.0202454 ]
895, [0.00638421 0.00276634 0.00826302], [-0.00855593 -0.02504291  0.0202454 ]
896, [0.00638421 0.00276634 0.00826302], [-0.00855593 -0.02504291  0.0202454 ]
897, [0.0120774  0.00566999 0.01535534], [-0.02332442 -0.03418868  0.03401177]
898, [0.00638421 0.00276634 0.00826302], [-0.00855593 -0.02504291  0.0202454 ]
899, [0.00638421 0.00276634 0.00826302], [-0.00855593 -0.02504291  0.0202454 ]
900, [0.00638421 0.00276634 0.00826302], [-0.00855593 -0.02504291  0.0202454 ]
901, [0.00000000e+00 5.55111512e-17 0.00000000e+00], [0. 0. 0.]
902, [0.00166847 0.00089299 0.00245786], [ 0.00682635 -0.01774392  0.00647933]
903, [0.00166847 0.00089299 0.00245786], [ 0.00682635 -0.01774392  0.00647933]
904, [0.00166847 0.00089299 0.00245786], [ 0.00682635 -0.01774392  0.00647933]
906, [0.00166847 0.00089299 0.00245786], [ 0.00682635 -0.01774392  0.00647933]
907, [0.00166847 0.00089299 0.00245786], [ 0.00682635 -0.01774392  0.00647933]
908, [0.00166847 0.00089299 0.00245786], [ 0.00682635 -0.01774392  0.00647933]
917, [0.00699497 0.003629   0.00909602], [-0.0084118  -0.02652318  0.0204312 ]
919, [0.00699497 0.003629   0.00909602], [-0.0084118  -0.02652318  0.0204312 ]
920, [0.00699497 0.003629   0.00909602], [-0.0084118  -0.02652318  0.0204312 ]
921, [0.00699497 0.003629   0.00909602], [-0.0084118  -0.02652318  0.0204312 ]
922, [0.00888086 0.00403721 0.01174124], [-0.00213521 -0.04093545  0.00311181]
923, [0.00166847 0.00089299 0.00245786], [ 0.00682635 -0.01774392  0.00647933]
924, [0.00699497 0.003629   0.00909602], [-0.0084118  -0.02652318  0.0204312 ]
931, [-0.00482581 -0.00251242 -0.00602082], [ 0.01623357  0.00864552 -0.01438191]
932, [0.00166847 0.00089299 0.00245786], [ 0.00682635 -0.01774392  0.00647933]
933, [0.00166847 0.00089299 0.00245786], [ 0.00682635 -0.01774392  0.00647933]
934, [0.00166847 0.00089299 0.00245786], [ 0.00682635 -0.01774392  0.00647933]
935, [0.00166847 0.00089299 0.00245786], [ 0.00682635 -0.01774392  0.00647933]
936, [0.00166847 0.00089299 0.00245786], [ 0.00682635 -0.01774392  0.00647933]
937, [0.00166847 0.00089299 0.00245786], [ 0.00682635 -0.01774392  0.00647933]
938, [0.00166847 0.00089299 0.00245786], [ 0.00682635 -0.01774392  0.00647933]
939, [0.00166847 0.00089299 0.00245786], [ 0.00682635 -0.01774392  0.00647933]
940, [0.00638421 0.00276634 0.00826302], [-0.00855593 -0.02504291  0.0202454 ]
941, [0.00638421 0.00276634 0.00826302], [-0.00855593 -0.02504291  0.0202454 ]
942, [0.00638421 0.00276634 0.00826302], [-0.00855593 -0.02504291  0.0202454 ]
943, [0.00166847 0.00089299 0.00245786], [ 0.00682635 -0.01774392  0.00647933]
944, [0.00166847 0.00089299 0.00245786], [ 0.00682635 -0.01774392  0.00647933]
945, [0.00166847 0.00089299 0.00245786], [ 0.00682635 -0.01774392  0.00647933]
946, [0.00166847 0.00089299 0.00245786], [ 0.00682635 -0.01774392  0.00647933]
947, [0.00638421 0.00276634 0.00826302], [-0.00855593 -0.02504291  0.0202454 ]
948, [0.00166847 0.00089299 0.00245786], [ 0.00682635 -0.01774392  0.00647933]
949, [0.00166847 0.00089299 0.00245786], [ 0.00682635 -0.01774392  0.00647933]
950, [0.00166847 0.00089299 0.00245786], [ 0.00682635 -0.01774392  0.00647933]
951, [0.00166847 0.00089299 0.00245786], [ 0.00682635 -0.01774392  0.00647933]
952, [0.00699497 0.003629   0.00909602], [-0.0084118  -0.02652318  0.0204312 ]
953, [0.00699497 0.003629   0.00909602], [-0.0084118  -0.02652318  0.0204312 ]
955, [0.00166847 0.00089299 0.00245786], [ 0.00682635 -0.01774392  0.00647933]
956, [0.00166847 0.00089299 0.00245786], [ 0.00682635 -0.01774392  0.00647933]
957, [0.00166847 0.00089299 0.00245786], [ 0.00682635 -0.01774392  0.00647933]
959, [0.00166847 0.00089299 0.00245786], [ 0.00682635 -0.01774392  0.00647933]
960, [0.00166847 0.00089299 0.00245786], [ 0.00682635 -0.01774392  0.00647933]
962, [0.01433544 0.00682983 0.01853531], [-0.01662488 -0.04964979  0.01681137]
966, [0.01433544 0.00682983 0.01853531], [-0.01662488 -0.04964979  0.01681137]
967, [0.01433544 0.00682983 0.01853531], [-0.01662488 -0.04964979  0.01681137]
968, [-0.00518804 -0.00241662 -0.00570133], [0.01771209 0.0047531  0.00938081]
969, [-0.00518804 -0.00241662 -0.00570133], [0.01771209 0.0047531  0.00938081]
970, [0.00166847 0.00089299 0.00245786], [ 0.00682635 -0.01774392  0.00647933]
971, [0.00166847 0.00089299 0.00245786], [ 0.00682635 -0.01774392  0.00647933]
972, [0.00166847 0.00089299 0.00245786], [ 0.00682635 -0.01774392  0.00647933]
973, [0.00699497 0.003629   0.00909602], [-0.0084118  -0.02652318  0.0204312 ]
975, [0.00166847 0.00089299 0.00245786], [ 0.00682635 -0.01774392  0.00647933]
976, [0.00166847 0.00089299 0.00245786], [ 0.00682635 -0.01774392  0.00647933]
977, [0.00166847 0.00089299 0.00245786], [ 0.00682635 -0.01774392  0.00647933]
978, [0.00166847 0.00089299 0.00245786], [ 0.00682635 -0.01774392  0.00647933]
979, [0.00166847 0.00089299 0.00245786], [ 0.00682635 -0.01774392  0.00647933]
980, [0.00166847 0.00089299 0.00245786], [ 0.00682635 -0.01774392  0.00647933]
981, [0.00166847 0.00089299 0.00245786], [ 0.00682635 -0.01774392  0.00647933]
982, [0.00166847 0.00089299 0.00245786], [ 0.00682635 -0.01774392  0.00647933]
983, [0.00166847 0.00089299 0.00245786], [ 0.00682635 -0.01774392  0.00647933]
984, [0.00166847 0.00089299 0.00245786], [ 0.00682635 -0.01774392  0.00647933]
985, [0.00166847 0.00089299 0.00245786], [ 0.00682635 -0.01774392  0.00647933]
986, [0.00166847 0.00089299 0.00245786], [ 0.00682635 -0.01774392  0.00647933]
987, [0.00166847 0.00089299 0.00245786], [ 0.00682635 -0.01774392  0.00647933]
988, [0.00166847 0.00089299 0.00245786], [ 0.00682635 -0.01774392  0.00647933]
989, [0.00166847 0.00089299 0.00245786], [ 0.00682635 -0.01774392  0.00647933]
990, [0.00166847 0.00089299 0.00245786], [ 0.00682635 -0.01774392  0.00647933]
991, [0.0052642  0.0027094  0.00656354], [-0.01572798 -0.00911547  0.01419758]
992, [0.0052642  0.0027094  0.00656354], [-0.01572798 -0.00911547  0.01419758]
993, [0.0052642  0.0027094  0.00656354], [-0.01572798 -0.00911547  0.01419758]
994, [0.00000000e+00 5.55111512e-17 0.00000000e+00], [0. 0. 0.]
995, [0.00000000e+00 5.55111512e-17 0.00000000e+00], [0. 0. 0.]
996, [0.00000000e+00 5.55111512e-17 0.00000000e+00], [0. 0. 0.]
997, [0.00000000e+00 5.55111512e-17 0.00000000e+00], [0. 0. 0.]
998, [0.00000000e+00 5.55111512e-17 0.00000000e+00], [0. 0. 0.]
999, [0.00000000e+00 5.55111512e-17 0.00000000e+00], [0. 0. 0.]
1000, [0.00166847 0.00089299 0.00245786], [ 0.00682635 -0.01774392  0.00647933]
1001, [0.00166847 0.00089299 0.00245786], [ 0.00682635 -0.01774392  0.00647933]
1002, [0.00166847 0.00089299 0.00245786], [ 0.00682635 -0.01774392  0.00647933]
1003, [0.00000000e+00 5.55111512e-17 0.00000000e+00], [0. 0. 0.]
1004, [0.00166847 0.00089299 0.00245786], [ 0.00682635 -0.01774392  0.00647933]
1005, [0.00166847 0.00089299 0.00245786], [ 0.00682635 -0.01774392  0.00647933]
1006, [0.00166847 0.00089299 0.00245786], [ 0.00682635 -0.01774392  0.00647933]
1007, [0.00638421 0.00276634 0.00826302], [-0.00855593 -0.02504291  0.0202454 ]
1008, [0.01950745 0.00891478 0.02490366], [-0.03080267 -0.05723779  0.03014693]
1009, [0.01950745 0.00891478 0.02490366], [-0.03080267 -0.05723779  0.03014693]
1010, [0.01950745 0.00891478 0.02490366], [-0.03080267 -0.05723779  0.03014693]
1012, [0.00699497 0.003629   0.00909602], [-0.0084118  -0.02652318  0.0204312 ]
1013, [0.0120774  0.00566999 0.01535534], [-0.02332442 -0.03418868  0.03401177]
1014, [0.00638421 0.00276634 0.00826302], [-0.00855593 -0.02504291  0.0202454 ]
1015, [0.00638421 0.00276634 0.00826302], [-0.00855593 -0.02504291  0.0202454 ]
1016, [0.00638421 0.00276634 0.00826302], [-0.00855593 -0.02504291  0.0202454 ]
1017, [0.0120774  0.00566999 0.01535534], [-0.02332442 -0.03418868  0.03401177]
1018, [0.0120774  0.00566999 0.01535534], [-0.02332442 -0.03418868  0.03401177]
1019, [0.00699497 0.003629   0.00909602], [-0.0084118  -0.02652318  0.0204312 ]
1022, [0.00000000e+00 5.55111512e-17 0.00000000e+00], [0. 0. 0.]
1023, [0.00000000e+00 5.55111512e-17 0.00000000e+00], [0. 0. 0.]
1024, [0.00000000e+00 5.55111512e-17 0.00000000e+00], [0. 0. 0.]
1028, [0.00699497 0.003629   0.00909602], [-0.0084118  -0.02652318  0.0204312 ]
1029, [0.00699497 0.003629   0.00909602], [-0.0084118  -0.02652318  0.0204312 ]
1030, [0.01460618 0.00669705 0.01812243], [-0.01468036 -0.05093675  0.03957437]
1031, [0.00166847 0.00089299 0.00245786], [ 0.00682635 -0.01774392  0.00647933]
1032, [0.00699497 0.003629   0.00909602], [-0.0084118  -0.02652318  0.0204312 ]
1033, [0.00699497 0.003629   0.00909602], [-0.0084118  -0.02652318  0.0204312 ]
1034, [0.00699497 0.003629   0.00909602], [-0.0084118  -0.02652318  0.0204312 ]
1035, [0.00166847 0.00089299 0.00245786], [ 0.00682635 -0.01774392  0.00647933]
1036, [0.00699497 0.003629   0.00909602], [-0.0084118  -0.02652318  0.0204312 ]
1037, [0.00699497 0.003629   0.00909602], [-0.0084118  -0.02652318  0.0204312 ]
1038, [0.00699497 0.003629   0.00909602], [-0.0084118  -0.02652318  0.0204312 ]
1039, [0.00699497 0.003629   0.00909602], [-0.0084118  -0.02652318  0.0204312 ]
1040, [0.00166847 0.00089299 0.00245786], [ 0.00682635 -0.01774392  0.00647933]
1041, [0.00699497 0.003629   0.00909602], [-0.0084118  -0.02652318  0.0204312 ]
1042, [0.00166847 0.00089299 0.00245786], [ 0.00682635 -0.01774392  0.00647933]
1043, [0.00699497 0.003629   0.00909602], [-0.0084118  -0.02652318  0.0204312 ]
1044, [0.00166847 0.00089299 0.00245786], [ 0.00682635 -0.01774392  0.00647933]
1045, [0.00699497 0.003629   0.00909602], [-0.0084118  -0.02652318  0.0204312 ]
1046, [0.00699497 0.003629   0.00909602], [-0.0084118  -0.02652318  0.0204312 ]
1047, [0.00699497 0.003629   0.00909602], [-0.0084118  -0.02652318  0.0204312 ]
1048, [0.00166847 0.00089299 0.00245786], [ 0.00682635 -0.01774392  0.00647933]
1049, [0.00166847 0.00089299 0.00245786], [ 0.00682635 -0.01774392  0.00647933]
1050, [0.00699497 0.003629   0.00909602], [-0.0084118  -0.02652318  0.0204312 ]
1051, [-4.15982192e-05  2.40677403e-04  7.12471676e-04], [ 0.00170526 -0.00402566  0.02357978]
1052, [0.00699497 0.003629   0.00909602], [-0.0084118  -0.02652318  0.0204312 ]
