frame index, translation vector, rotation vector
1, [-0.03941705  1.10035961  0.04411996], [ 0.087418   -0.0162889   0.01473436]
2, [-0.02831995  1.09243415  0.05639176], [ 0.06563894 -0.01094875  0.01694458]
3, [-0.02208921  1.08837354  0.06316594], [ 0.08075931 -0.03511081 -0.01299551]
4, [-0.03103298  1.09412923  0.05326529], [ 0.0440189  -0.00887965  0.03476596]
5, [-0.03103298  1.09412923  0.05326529], [ 0.0440189  -0.00887965  0.03476596]
6, [-0.02831995  1.09243415  0.05639176], [ 0.06563894 -0.01094875  0.01694458]
7, [-0.03941705  1.10035961  0.04411996], [ 0.087418   -0.0162889   0.01473436]
8, [-0.03941705  1.10035961  0.04411996], [ 0.087418   -0.0162889   0.01473436]
9, [-0.04261504  1.10240731  0.04044158], [ 0.06557041 -0.01353288  0.03296569]
10, [-0.04261504  1.10240731  0.04044158], [ 0.06557041 -0.01353288  0.03296569]
11, [-0.03137496  1.09391685  0.05362079], [ 0.04303286 -0.00877345  0.03524748]
12, [-0.02884589  1.0917412   0.05646931], [ 0.06377162 -0.00881135 -0.01409053]
13, [-0.02884589  1.0917412   0.05646931], [ 0.06377162 -0.00881135 -0.01409053]
14, [-0.04261504  1.10240731  0.04044158], [ 0.06557041 -0.01353288  0.03296569]
16, [-0.04261504  1.10240731  0.04044158], [ 0.06557041 -0.01353288  0.03296569]
17, [-0.04261504  1.10240731  0.04044158], [ 0.06557041 -0.01353288  0.03296569]
18, [-0.04548875  1.10429069  0.03753659], [ 0.06775282  0.01286975 -0.0175537 ]
19, [-0.02590583  1.08980793  0.05945538], [ 0.05775949 -0.02997173 -0.02629629]
20, [-0.04261504  1.10240731  0.04044158], [ 0.06557041 -0.01353288  0.03296569]
21, [-0.04261504  1.10240731  0.04044158], [ 0.06557041 -0.01353288  0.03296569]
22, [-0.02884589  1.0917412   0.05646931], [ 0.06377162 -0.00881135 -0.01409053]
23, [-0.03103298  1.09412923  0.05326529], [ 0.0440189  -0.00887965  0.03476596]
24, [-0.02867372  1.0922317   0.05673168], [ 0.06463058 -0.01084292  0.0174301 ]
25, [-0.02867372  1.0922317   0.05673168], [ 0.06463058 -0.01084292  0.0174301 ]
26, [-0.03941705  1.10035961  0.04411996], [ 0.087418   -0.0162889   0.01473436]
27, [-0.03941705  1.10035961  0.04411996], [ 0.087418   -0.0162889   0.01473436]
28, [-0.04548875  1.10429069  0.03753659], [ 0.06775282  0.01286975 -0.0175537 ]
29, [-0.03694882  1.09768277  0.04724853], [ 0.08204607 -0.03906736  0.00174588]
30, [-0.04261504  1.10240731  0.04044158], [ 0.06557041 -0.01353288  0.03296569]
31, [-0.03941705  1.10035961  0.04411996], [ 0.087418   -0.0162889   0.01473436]
32, [-0.03246626  1.09577651  0.05170863], [ 0.10201382 -0.04149166 -0.01551239]
33, [-0.03246626  1.09577651  0.05170863], [ 0.10201382 -0.04149166 -0.01551239]
34, [-0.04261504  1.10240731  0.04044158], [ 0.06557041 -0.01353288  0.03296569]
35, [-0.03658411  1.09850537  0.04698059], [ 0.08105654 -0.03795224  0.00249775]
36, [-0.03658411  1.09850537  0.04698059], [ 0.08105654 -0.03795224  0.00249775]
39, [-0.01741877  1.08418988  0.06918332], [ 0.04342644 -0.00616     0.01939786]
40, [-0.03137496  1.09391685  0.05362079], [ 0.04303286 -0.00877345  0.03524748]
41, [-0.02867372  1.0922317   0.05673168], [ 0.06463058 -0.01084292  0.0174301 ]
42, [-0.02884589  1.0917412   0.05646931], [ 0.06377162 -0.00881135 -0.01409053]
43, [-0.0348424   1.09722557  0.04896547], [ 0.07661106 -0.03387474 -0.06019544]
47, [-0.03137496  1.09391685  0.05362079], [ 0.04303286 -0.00877345  0.03524748]
48, [-0.02867372  1.0922317   0.05673168], [ 0.06463058 -0.01084292  0.0174301 ]
49, [-0.03941705  1.10035961  0.04411996], [ 0.087418   -0.0162889   0.01473436]
50, [-0.02867372  1.0922317   0.05673168], [ 0.06463058 -0.01084292  0.0174301 ]
51, [-0.02867372  1.0922317   0.05673168], [ 0.06463058 -0.01084292  0.0174301 ]
52, [-0.02867372  1.0922317   0.05673168], [ 0.06463058 -0.01084292  0.0174301 ]
53, [-0.02867372  1.0922317   0.05673168], [ 0.06463058 -0.01084292  0.0174301 ]
54, [-0.03137496  1.09391685  0.05362079], [ 0.04303286 -0.00877345  0.03524748]
55, [-0.02607282  1.09054592  0.0593312 ], [ 0.05897365 -0.03208208  0.00513839]
56, [-0.02867372  1.0922317   0.05673168], [ 0.06463058 -0.01084292  0.0174301 ]
59, [-0.04261504  1.10240731  0.04044158], [ 0.06557041 -0.01353288  0.03296569]
61, [-0.03505765  1.09683211  0.04905573], [ 0.10912066 -0.02105237 -0.00391202]
62, [-0.03505765  1.09683211  0.04905573], [ 0.10912066 -0.02105237 -0.00391202]
63, [-0.03894451  1.09938689  0.04459228], [ 0.08746499 -0.01746136  0.01437606]
64, [-0.04460333  1.10411101  0.03778931], [ 0.06662712  0.01290669 -0.01706332]
65, [-0.0474473   1.10597102  0.03491826], [ 0.07228855  0.03569815 -0.00420133]
66, [-0.03076566  1.09338783  0.05390231], [ 0.06845627  0.01304622 -0.00118402]
67, [-0.03076566  1.09338783  0.05390231], [ 0.06845627  0.01304622 -0.00118402]
68, [-0.03941705  1.10035961  0.04411996], [ 0.087418   -0.0162889   0.01473436]
69, [-0.03505765  1.09683211  0.04905573], [ 0.10912066 -0.02105237 -0.00391202]
70, [-0.03941705  1.10035961  0.04411996], [ 0.087418   -0.0162889   0.01473436]
71, [-0.03941705  1.10035961  0.04411996], [ 0.087418   -0.0162889   0.01473436]
72, [-0.03941705  1.10035961  0.04411996], [ 0.087418   -0.0162889   0.01473436]
73, [-0.03658411  1.09850537  0.04698059], [ 0.08105654 -0.03795224  0.00249775]
74, [-0.04261504  1.10240731  0.04044158], [ 0.06557041 -0.01353288  0.03296569]
75, [-0.03941705  1.10035961  0.04411996], [ 0.087418   -0.0162889   0.01473436]
76, [-0.03941705  1.10035961  0.04411996], [ 0.087418   -0.0162889   0.01473436]
77, [-0.02867372  1.0922317   0.05673168], [ 0.06463058 -0.01084292  0.0174301 ]
78, [-0.03941705  1.10035961  0.04411996], [ 0.087418   -0.0162889   0.01473436]
79, [-0.03941705  1.10035961  0.04411996], [ 0.087418   -0.0162889   0.01473436]
80, [-0.02867372  1.0922317   0.05673168], [ 0.06463058 -0.01084292  0.0174301 ]
81, [-0.03941705  1.10035961  0.04411996], [ 0.087418   -0.0162889   0.01473436]
82, [-0.02867372  1.0922317   0.05673168], [ 0.06463058 -0.01084292  0.0174301 ]
83, [-0.0248934   1.08913495  0.06100646], [ 0.08619068 -0.01483846 -0.00082443]
84, [-0.03941705  1.10035961  0.04411996], [ 0.087418   -0.0162889   0.01473436]
85, [-0.03941705  1.10035961  0.04411996], [ 0.087418   -0.0162889   0.01473436]
86, [-0.02867372  1.0922317   0.05673168], [ 0.06463058 -0.01084292  0.0174301 ]
87, [-0.03137496  1.09391685  0.05362079], [ 0.04303286 -0.00877345  0.03524748]
88, [-0.02607282  1.09054592  0.0593312 ], [ 0.05897365 -0.03208208  0.00513839]
89, [-0.02569276  1.09072793  0.05902304], [ 0.05990925 -0.03223095  0.00465849]
90, [-0.02867372  1.0922317   0.05673168], [ 0.06463058 -0.01084292  0.0174301 ]
91, [-0.02884589  1.0917412   0.05646931], [ 0.06377162 -0.00881135 -0.01409053]
92, [-0.02590583  1.08980793  0.05945538], [ 0.05775949 -0.02997173 -0.02629629]
93, [-0.02590583  1.08980793  0.05945538], [ 0.05775949 -0.02997173 -0.02629629]
94, [-0.02590583  1.08980793  0.05945538], [ 0.05775949 -0.02997173 -0.02629629]
95, [-0.02884589  1.0917412   0.05646931], [ 0.06377162 -0.00881135 -0.01409053]
96, [-0.02590583  1.08980793  0.05945538], [ 0.05775949 -0.02997173 -0.02629629]
97, [-0.02590583  1.08980793  0.05945538], [ 0.05775949 -0.02997173 -0.02629629]
98, [-0.02590583  1.08980793  0.05945538], [ 0.05775949 -0.02997173 -0.02629629]
99, [-0.02590583  1.08980793  0.05945538], [ 0.05775949 -0.02997173 -0.02629629]
100, [-0.02590583  1.08980793  0.05945538], [ 0.05775949 -0.02997173 -0.02629629]
101, [-0.02590583  1.08980793  0.05945538], [ 0.05775949 -0.02997173 -0.02629629]
102, [-0.02884589  1.0917412   0.05646931], [ 0.06377162 -0.00881135 -0.01409053]
103, [-0.02884589  1.0917412   0.05646931], [ 0.06377162 -0.00881135 -0.01409053]
104, [-0.02884589  1.0917412   0.05646931], [ 0.06377162 -0.00881135 -0.01409053]
105, [-0.02590583  1.08980793  0.05945538], [ 0.05775949 -0.02997173 -0.02629629]
106, [-0.02884589  1.0917412   0.05646931], [ 0.06377162 -0.00881135 -0.01409053]
107, [-0.02590583  1.08980793  0.05945538], [ 0.05775949 -0.02997173 -0.02629629]
108, [-0.03952944  1.09981773  0.04392511], [ 0.08645586 -0.01454367 -0.01716233]
109, [-0.03952944  1.09981773  0.04392511], [ 0.08645586 -0.01454367 -0.01716233]
110, [-0.02884589  1.0917412   0.05646931], [ 0.06377162 -0.00881135 -0.01409053]
111, [-0.01854108  1.08491757  0.06752094], [ 0.07173891 -0.05360938 -0.05555769]
112, [-0.02590583  1.08980793  0.05945538], [ 0.05775949 -0.02997173 -0.02629629]
113, [-0.02590583  1.08980793  0.05945538], [ 0.05775949 -0.02997173 -0.02629629]
114, [-0.02590583  1.08980793  0.05945538], [ 0.05775949 -0.02997173 -0.02629629]
115, [-0.02590583  1.08980793  0.05945538], [ 0.05775949 -0.02997173 -0.02629629]
116, [-0.02590583  1.08980793  0.05945538], [ 0.05775949 -0.02997173 -0.02629629]
117, [-0.02590583  1.08980793  0.05945538], [ 0.05775949 -0.02997173 -0.02629629]
118, [-0.04261504  1.10240731  0.04044158], [ 0.06557041 -0.01353288  0.03296569]
119, [-0.02884589  1.0917412   0.05646931], [ 0.06377162 -0.00881135 -0.01409053]
120, [-0.02884589  1.0917412   0.05646931], [ 0.06377162 -0.00881135 -0.01409053]
121, [-0.04261504  1.10240731  0.04044158], [ 0.06557041 -0.01353288  0.03296569]
122, [-0.04261504  1.10240731  0.04044158], [ 0.06557041 -0.01353288  0.03296569]
123, [-0.04261504  1.10240731  0.04044158], [ 0.06557041 -0.01353288  0.03296569]
124, [-0.02867372  1.0922317   0.05673168], [ 0.06463058 -0.01084292  0.0174301 ]
125, [-0.04261504  1.10240731  0.04044158], [ 0.06557041 -0.01353288  0.03296569]
126, [-0.04261504  1.10240731  0.04044158], [ 0.06557041 -0.01353288  0.03296569]
128, [-0.04206657  1.10310367  0.04037784], [ 0.06073119 -0.00801521 -0.02936368]
129, [-0.042452    1.10228936  0.04062659], [ 0.06175645 -0.00919602 -0.03014059]
130, [-0.04261504  1.10240731  0.04044158], [ 0.06557041 -0.01353288  0.03296569]
131, [-0.03103298  1.09412923  0.05326529], [ 0.0440189  -0.00887965  0.03476596]
132, [-0.03103298  1.09412923  0.05326529], [ 0.0440189  -0.00887965  0.03476596]
133, [-0.03103298  1.09412923  0.05326529], [ 0.0440189  -0.00887965  0.03476596]
134, [-0.03103298  1.09412923  0.05326529], [ 0.0440189  -0.00887965  0.03476596]
135, [-0.03103298  1.09412923  0.05326529], [ 0.0440189  -0.00887965  0.03476596]
136, [-0.02590583  1.08980793  0.05945538], [ 0.05775949 -0.02997173 -0.02629629]
137, [-0.02590583  1.08980793  0.05945538], [ 0.05775949 -0.02997173 -0.02629629]
138, [-0.04261504  1.10240731  0.04044158], [ 0.06557041 -0.01353288  0.03296569]
139, [-0.02884589  1.0917412   0.05646931], [ 0.06377162 -0.00881135 -0.01409053]
140, [-0.02884589  1.0917412   0.05646931], [ 0.06377162 -0.00881135 -0.01409053]
141, [-0.02884589  1.0917412   0.05646931], [ 0.06377162 -0.00881135 -0.01409053]
142, [-0.03103298  1.09412923  0.05326529], [ 0.0440189  -0.00887965  0.03476596]
143, [-0.01854108  1.08491757  0.06752094], [ 0.07173891 -0.05360938 -0.05555769]
144, [-0.02183822  1.08711618  0.06412467], [ 0.07856294 -0.033107   -0.0438205 ]
145, [-0.02884589  1.0917412   0.05646931], [ 0.06377162 -0.00881135 -0.01409053]
146, [-0.02590583  1.08980793  0.05945538], [ 0.05775949 -0.02997173 -0.02629629]
147, [-0.04261504  1.10240731  0.04044158], [ 0.06557041 -0.01353288  0.03296569]
148, [-0.02590583  1.08980793  0.05945538], [ 0.05775949 -0.02997173 -0.02629629]
149, [-0.02884589  1.0917412   0.05646931], [ 0.06377162 -0.00881135 -0.01409053]
150, [-0.02884589  1.0917412   0.05646931], [ 0.06377162 -0.00881135 -0.01409053]
151, [-0.03658411  1.09850537  0.04698059], [ 0.08105654 -0.03795224  0.00249775]
152, [-0.03103298  1.09412923  0.05326529], [ 0.0440189  -0.00887965  0.03476596]
153, [-0.03941705  1.10035961  0.04411996], [ 0.087418   -0.0162889   0.01473436]
154, [-0.03941705  1.10035961  0.04411996], [ 0.087418   -0.0162889   0.01473436]
155, [-0.02831995  1.09243415  0.05639176], [ 0.06563894 -0.01094875  0.01694458]
156, [-0.03941705  1.10035961  0.04411996], [ 0.087418   -0.0162889   0.01473436]
157, [-0.03941705  1.10035961  0.04411996], [ 0.087418   -0.0162889   0.01473436]
158, [-0.03941705  1.10035961  0.04411996], [ 0.087418   -0.0162889   0.01473436]
160, [-0.02831995  1.09243415  0.05639176], [ 0.06563894 -0.01094875  0.01694458]
161, [-0.02831995  1.09243415  0.05639176], [ 0.06563894 -0.01094875  0.01694458]
162, [-0.01741877  1.08418988  0.06918332], [ 0.04342644 -0.00616     0.01939786]
163, [-0.01741877  1.08418988  0.06918332], [ 0.04342644 -0.00616     0.01939786]
165, [-0.02831995  1.09243415  0.05639176], [ 0.06563894 -0.01094875  0.01694458]
166, [-0.02831995  1.09243415  0.05639176], [ 0.06563894 -0.01094875  0.01694458]
167, [-0.02831995  1.09243415  0.05639176], [ 0.06563894 -0.01094875  0.01694458]
168, [-0.02831995  1.09243415  0.05639176], [ 0.06563894 -0.01094875  0.01694458]
169, [-0.02831995  1.09243415  0.05639176], [ 0.06563894 -0.01094875  0.01694458]
170, [-0.02884589  1.0917412   0.05646931], [ 0.06377162 -0.00881135 -0.01409053]
171, [-0.02884589  1.0917412   0.05646931], [ 0.06377162 -0.00881135 -0.01409053]
174, [-0.03941705  1.10035961  0.04411996], [ 0.087418   -0.0162889   0.01473436]
176, [-0.03941705  1.10035961  0.04411996], [ 0.087418   -0.0162889   0.01473436]
177, [-0.03941705  1.10035961  0.04411996], [ 0.087418   -0.0162889   0.01473436]
178, [-0.03941705  1.10035961  0.04411996], [ 0.087418   -0.0162889   0.01473436]
179, [-0.03941705  1.10035961  0.04411996], [ 0.087418   -0.0162889   0.01473436]
180, [-0.02884589  1.0917412   0.05646931], [ 0.06377162 -0.00881135 -0.01409053]
181, [-0.03828144  1.09952571  0.04541365], [ 0.08352494 -0.01251048 -0.04812978]
182, [-0.03828144  1.09952571  0.04541365], [ 0.08352494 -0.01251048 -0.04812978]
183, [-0.04548875  1.10429069  0.03753659], [ 0.06775282  0.01286975 -0.0175537 ]
184, [-0.05274669  1.11036211  0.02811296], [0.02400701 0.04412208 0.00141256]
185, [-0.04756363  1.10646639  0.03327367], [0.9432051  1.3119163  0.02221706]
187, [-0.04548875  1.10429069  0.03753659], [ 0.06775282  0.01286975 -0.0175537 ]
189, [-0.0348424   1.09722557  0.04896547], [ 0.07661106 -0.03387474 -0.06019544]
191, [-0.0506706   1.10866686  0.03127751], [0.0487743  0.03906815 0.01462166]
192, [-0.03941705  1.10035961  0.04411996], [ 0.087418   -0.0162889   0.01473436]
194, [-0.0348424   1.09722557  0.04896547], [ 0.07661106 -0.03387474 -0.06019544]
195, [-0.02824957  1.09228341  0.05608423], [ 0.09308168 -0.06068657 -0.05880526]
196, [-0.02824957  1.09228341  0.05608423], [ 0.09308168 -0.06068657 -0.05880526]
197, [-0.02183822  1.08711618  0.06412467], [ 0.07856294 -0.033107   -0.0438205 ]
198, [-0.02183822  1.08711618  0.06412467], [ 0.07856294 -0.033107   -0.0438205 ]
199, [-0.02183822  1.08711618  0.06412467], [ 0.07856294 -0.033107   -0.0438205 ]
200, [-0.02183822  1.08711618  0.06412467], [ 0.07856294 -0.033107   -0.0438205 ]
201, [-0.02183822  1.08711618  0.06412467], [ 0.07856294 -0.033107   -0.0438205 ]
202, [-0.02183822  1.08711618  0.06412467], [ 0.07856294 -0.033107   -0.0438205 ]
203, [-0.02884589  1.0917412   0.05646931], [ 0.06377162 -0.00881135 -0.01409053]
204, [-0.03828144  1.09952571  0.04541365], [ 0.08352494 -0.01251048 -0.04812978]
205, [-0.04818985  1.10644161  0.03366636], [0.04653356 0.01392413 0.03274369]
207, [-0.04261504  1.10240731  0.04044158], [ 0.06557041 -0.01353288  0.03296569]
208, [-0.04548875  1.10429069  0.03753659], [ 0.06775282  0.01286975 -0.0175537 ]
209, [-0.04261504  1.10240731  0.04044158], [ 0.06557041 -0.01353288  0.03296569]
210, [-0.04261504  1.10240731  0.04044158], [ 0.06557041 -0.01353288  0.03296569]
211, [-0.042452    1.10228936  0.04062659], [ 0.06175645 -0.00919602 -0.03014059]
212, [-0.042452    1.10228936  0.04062659], [ 0.06175645 -0.00919602 -0.03014059]
213, [-0.02590583  1.08980793  0.05945538], [ 0.05775949 -0.02997173 -0.02629629]
214, [-0.02590583  1.08980793  0.05945538], [ 0.05775949 -0.02997173 -0.02629629]
215, [-0.042452    1.10228936  0.04062659], [ 0.06175645 -0.00919602 -0.03014059]
216, [-0.042452    1.10228936  0.04062659], [ 0.06175645 -0.00919602 -0.03014059]
217, [-0.04261504  1.10240731  0.04044158], [ 0.06557041 -0.01353288  0.03296569]
218, [-0.04261504  1.10240731  0.04044158], [ 0.06557041 -0.01353288  0.03296569]
219, [-0.04261504  1.10240731  0.04044158], [ 0.06557041 -0.01353288  0.03296569]
220, [-0.04548875  1.10429069  0.03753659], [ 0.06775282  0.01286975 -0.0175537 ]
221, [-0.04261504  1.10240731  0.04044158], [ 0.06557041 -0.01353288  0.03296569]
222, [-0.042452    1.10228936  0.04062659], [ 0.06175645 -0.00919602 -0.03014059]
224, [-0.03941705  1.10035961  0.04411996], [ 0.087418   -0.0162889   0.01473436]
225, [-0.02884589  1.0917412   0.05646931], [ 0.06377162 -0.00881135 -0.01409053]
226, [-0.04548875  1.10429069  0.03753659], [ 0.06775282  0.01286975 -0.0175537 ]
227, [-0.05068311  1.10804371  0.03119523], [ 0.04874237  0.04138231 -0.01767636]
228, [-0.05068311  1.10804371  0.03119523], [ 0.04874237  0.04138231 -0.01767636]
229, [-0.02844926  1.09193783  0.05581769], [0.9213568  1.33874239 0.03558462]
230, [-0.02884589  1.0917412   0.05646931], [ 0.06377162 -0.00881135 -0.01409053]
231, [-0.02884589  1.0917412   0.05646931], [ 0.06377162 -0.00881135 -0.01409053]
234, [-0.02867372  1.0922317   0.05673168], [ 0.06463058 -0.01084292  0.0174301 ]
237, [-0.02590583  1.08980793  0.05945538], [ 0.05775949 -0.02997173 -0.02629629]
238, [-0.04261504  1.10240731  0.04044158], [ 0.06557041 -0.01353288  0.03296569]
239, [-0.03137496  1.09391685  0.05362079], [ 0.04303286 -0.00877345  0.03524748]
241, [-0.03894451  1.09938689  0.04459228], [ 0.08746499 -0.01746136  0.01437606]
242, [-0.03894451  1.09938689  0.04459228], [ 0.08746499 -0.01746136  0.01437606]
243, [-0.03103298  1.09412923  0.05326529], [ 0.0440189  -0.00887965  0.03476596]
244, [-0.03894451  1.09938689  0.04459228], [ 0.08746499 -0.01746136  0.01437606]
245, [-0.03894451  1.09938689  0.04459228], [ 0.08746499 -0.01746136  0.01437606]
246, [-0.03894451  1.09938689  0.04459228], [ 0.08746499 -0.01746136  0.01437606]
247, [-0.04460333  1.10411101  0.03778931], [ 0.06662712  0.01290669 -0.01706332]
248, [-0.04460333  1.10411101  0.03778931], [ 0.06662712  0.01290669 -0.01706332]
249, [-0.04261504  1.10240731  0.04044158], [ 0.06557041 -0.01353288  0.03296569]
250, [-0.04261504  1.10240731  0.04044158], [ 0.06557041 -0.01353288  0.03296569]
251, [-0.04261504  1.10240731  0.04044158], [ 0.06557041 -0.01353288  0.03296569]
252, [-0.03658411  1.09850537  0.04698059], [ 0.08105654 -0.03795224  0.00249775]
253, [-0.04261504  1.10240731  0.04044158], [ 0.06557041 -0.01353288  0.03296569]
254, [-0.02590583  1.08980793  0.05945538], [ 0.05775949 -0.02997173 -0.02629629]
255, [-0.04261504  1.10240731  0.04044158], [ 0.06557041 -0.01353288  0.03296569]
256, [-0.02823907  1.09129434  0.05716141], [ 0.06469491 -0.01196354  0.01707684]
258, [-0.03157486  1.09452963  0.05264661], [ 0.04106175 -0.00536096  0.00443165]
259, [-0.03157486  1.09452963  0.05264661], [ 0.04106175 -0.00536096  0.00443165]
260, [-0.03137496  1.09391685  0.05362079], [ 0.04303286 -0.00877345  0.03524748]
261, [-0.04261504  1.10240731  0.04044158], [ 0.06557041 -0.01353288  0.03296569]
262, [-0.04261504  1.10240731  0.04044158], [ 0.06557041 -0.01353288  0.03296569]
263, [-0.04261504  1.10240731  0.04044158], [ 0.06557041 -0.01353288  0.03296569]
264, [-0.03166471  1.09461293  0.05218884], [0.87018192 1.37953685 0.05036984]
265, [-0.03246626  1.09577651  0.05170863], [ 0.10201382 -0.04149166 -0.01551239]
266, [-0.03246626  1.09577651  0.05170863], [ 0.10201382 -0.04149166 -0.01551239]
267, [-0.04261504  1.10240731  0.04044158], [ 0.06557041 -0.01353288  0.03296569]
268, [-0.03103298  1.09412923  0.05326529], [ 0.0440189  -0.00887965  0.03476596]
269, [-0.03103298  1.09412923  0.05326529], [ 0.0440189  -0.00887965  0.03476596]
270, [-0.03137496  1.09391685  0.05362079], [ 0.04303286 -0.00877345  0.03524748]
273, [-0.03658411  1.09850537  0.04698059], [ 0.08105654 -0.03795224  0.00249775]
274, [-0.03973791  1.09992617  0.04292711], [0.9095796  1.37347128 0.01965547]
275, [-0.03973791  1.09992617  0.04292711], [0.9095796  1.37347128 0.01965547]
276, [-0.04506447  1.10507956  0.03733021], [ 0.06662956  0.01407794 -0.01673063]
277, [-0.03941705  1.10035961  0.04411996], [ 0.087418   -0.0162889   0.01473436]
278, [-0.04304721  1.1033529   0.04001557], [ 0.06548169 -0.01241535  0.03333268]
279, [-0.0506706   1.10866686  0.03127751], [0.0487743  0.03906815 0.01462166]
280, [-0.0506706   1.10866686  0.03127751], [0.0487743  0.03906815 0.01462166]
281, [-0.0253858   1.08999142  0.05935854], [0.87001878 1.42999659 0.04340904]
282, [-0.03828144  1.09952571  0.04541365], [ 0.08352494 -0.01251048 -0.04812978]
283, [-0.03828144  1.09952571  0.04541365], [ 0.08352494 -0.01251048 -0.04812978]
284, [-0.04261504  1.10240731  0.04044158], [ 0.06557041 -0.01353288  0.03296569]
285, [-0.0348424   1.09722557  0.04896547], [ 0.07661106 -0.03387474 -0.06019544]
286, [-0.04261504  1.10240731  0.04044158], [ 0.06557041 -0.01353288  0.03296569]
287, [-0.042452    1.10228936  0.04062659], [ 0.06175645 -0.00919602 -0.03014059]
288, [-0.02590583  1.08980793  0.05945538], [ 0.05775949 -0.02997173 -0.02629629]
289, [-0.02590583  1.08980793  0.05945538], [ 0.05775949 -0.02997173 -0.02629629]
290, [-0.02590583  1.08980793  0.05945538], [ 0.05775949 -0.02997173 -0.02629629]
291, [-0.04818985  1.10644161  0.03366636], [0.04653356 0.01392413 0.03274369]
293, [-0.03941705  1.10035961  0.04411996], [ 0.087418   -0.0162889   0.01473436]
295, [-0.02590583  1.08980793  0.05945538], [ 0.05775949 -0.02997173 -0.02629629]
297, [-0.0317697   1.09482707  0.05323679], [ 0.04293113 -0.00770985  0.03560714]
298, [-0.04304721  1.1033529   0.04001557], [ 0.06548169 -0.01241535  0.03333268]
299, [-0.02867372  1.0922317   0.05673168], [ 0.06463058 -0.01084292  0.0174301 ]
300, [-0.02867372  1.0922317   0.05673168], [ 0.06463058 -0.01084292  0.0174301 ]
301, [-0.03941705  1.10035961  0.04411996], [ 0.087418   -0.0162889   0.01473436]
302, [-0.04261504  1.10240731  0.04044158], [ 0.06557041 -0.01353288  0.03296569]
307, [-0.042452    1.10228936  0.04062659], [ 0.06175645 -0.00919602 -0.03014059]
308, [-0.04548875  1.10429069  0.03753659], [ 0.06775282  0.01286975 -0.0175537 ]
309, [-0.04548875  1.10429069  0.03753659], [ 0.06775282  0.01286975 -0.0175537 ]
310, [-0.04261504  1.10240731  0.04044158], [ 0.06557041 -0.01353288  0.03296569]
311, [-0.04261504  1.10240731  0.04044158], [ 0.06557041 -0.01353288  0.03296569]
312, [-0.02884589  1.0917412   0.05646931], [ 0.06377162 -0.00881135 -0.01409053]
313, [-0.02884589  1.0917412   0.05646931], [ 0.06377162 -0.00881135 -0.01409053]
314, [-0.02183822  1.08711618  0.06412467], [ 0.07856294 -0.033107   -0.0438205 ]
315, [-0.02183822  1.08711618  0.06412467], [ 0.07856294 -0.033107   -0.0438205 ]
316, [-0.02590583  1.08980793  0.05945538], [ 0.05775949 -0.02997173 -0.02629629]
317, [-0.02183822  1.08711618  0.06412467], [ 0.07856294 -0.033107   -0.0438205 ]
318, [-0.02183822  1.08711618  0.06412467], [ 0.07856294 -0.033107   -0.0438205 ]
319, [-0.02590583  1.08980793  0.05945538], [ 0.05775949 -0.02997173 -0.02629629]
320, [-0.02590583  1.08980793  0.05945538], [ 0.05775949 -0.02997173 -0.02629629]
321, [-0.02590583  1.08980793  0.05945538], [ 0.05775949 -0.02997173 -0.02629629]
322, [-0.02590583  1.08980793  0.05945538], [ 0.05775949 -0.02997173 -0.02629629]
323, [-0.03868091  1.09966235  0.04414044], [ 0.08541865 -0.01452607 -0.01670495]
324, [-0.03868091  1.09966235  0.04414044], [ 0.08541865 -0.01452607 -0.01670495]
325, [-0.02590583  1.08980793  0.05945538], [ 0.05775949 -0.02997173 -0.02629629]
326, [-0.02590583  1.08980793  0.05945538], [ 0.05775949 -0.02997173 -0.02629629]
327, [-0.03103298  1.09412923  0.05326529], [ 0.0440189  -0.00887965  0.03476596]
329, [-0.01741877  1.08418988  0.06918332], [ 0.04342644 -0.00616     0.01939786]
330, [-0.01741877  1.08418988  0.06918332], [ 0.04342644 -0.00616     0.01939786]
331, [-0.02884589  1.0917412   0.05646931], [ 0.06377162 -0.00881135 -0.01409053]
332, [-0.042452    1.10228936  0.04062659], [ 0.06175645 -0.00919602 -0.03014059]
333, [-0.03941705  1.10035961  0.04411996], [ 0.087418   -0.0162889   0.01473436]
334, [-0.03941705  1.10035961  0.04411996], [ 0.087418   -0.0162889   0.01473436]
335, [-0.04261504  1.10240731  0.04044158], [ 0.06557041 -0.01353288  0.03296569]
336, [-0.03137496  1.09391685  0.05362079], [ 0.04303286 -0.00877345  0.03524748]
337, [-0.03941705  1.10035961  0.04411996], [ 0.087418   -0.0162889   0.01473436]
338, [-0.03941705  1.10035961  0.04411996], [ 0.087418   -0.0162889   0.01473436]
339, [-0.04548875  1.10429069  0.03753659], [ 0.06775282  0.01286975 -0.0175537 ]
340, [-0.03941705  1.10035961  0.04411996], [ 0.087418   -0.0162889   0.01473436]
341, [-0.04548875  1.10429069  0.03753659], [ 0.06775282  0.01286975 -0.0175537 ]
342, [-0.04548875  1.10429069  0.03753659], [ 0.06775282  0.01286975 -0.0175537 ]
343, [-0.03941705  1.10035961  0.04411996], [ 0.087418   -0.0162889   0.01473436]
344, [-0.03941705  1.10035961  0.04411996], [ 0.087418   -0.0162889   0.01473436]
345, [-0.04261504  1.10240731  0.04044158], [ 0.06557041 -0.01353288  0.03296569]
346, [-0.04261504  1.10240731  0.04044158], [ 0.06557041 -0.01353288  0.03296569]
347, [-0.04170411  1.10165494  0.04106213], [ 0.09191289  0.0077543  -0.00432647]
348, [-0.03952944  1.09981773  0.04392511], [ 0.08645586 -0.01454367 -0.01716233]
350, [-0.04529804  1.10464285  0.03664515], [0.93263932 1.30706648 0.05066258]
351, [-0.04818985  1.10644161  0.03366636], [0.04653356 0.01392413 0.03274369]
353, [-0.042452    1.10228936  0.04062659], [ 0.06175645 -0.00919602 -0.03014059]
354, [-0.042452    1.10228936  0.04062659], [ 0.06175645 -0.00919602 -0.03014059]
355, [-0.04548875  1.10429069  0.03753659], [ 0.06775282  0.01286975 -0.0175537 ]
357, [-0.04548875  1.10429069  0.03753659], [ 0.06775282  0.01286975 -0.0175537 ]
358, [-0.04548875  1.10429069  0.03753659], [ 0.06775282  0.01286975 -0.0175537 ]
359, [-0.04548875  1.10429069  0.03753659], [ 0.06775282  0.01286975 -0.0175537 ]
360, [-0.04548875  1.10429069  0.03753659], [ 0.06775282  0.01286975 -0.0175537 ]
361, [-0.03941705  1.10035961  0.04411996], [ 0.087418   -0.0162889   0.01473436]
362, [-0.03941705  1.10035961  0.04411996], [ 0.087418   -0.0162889   0.01473436]
363, [-0.04993702  1.1083285   0.03175384], [ 0.11075868 -0.02242759  0.01180211]
364, [-0.04261504  1.10240731  0.04044158], [ 0.06557041 -0.01353288  0.03296569]
365, [-0.02884589  1.0917412   0.05646931], [ 0.06377162 -0.00881135 -0.01409053]
366, [-0.02884589  1.0917412   0.05646931], [ 0.06377162 -0.00881135 -0.01409053]
367, [-0.02884589  1.0917412   0.05646931], [ 0.06377162 -0.00881135 -0.01409053]
368, [-0.02884589  1.0917412   0.05646931], [ 0.06377162 -0.00881135 -0.01409053]
369, [-0.02867372  1.0922317   0.05673168], [ 0.06463058 -0.01084292  0.0174301 ]
370, [-0.02884589  1.0917412   0.05646931], [ 0.06377162 -0.00881135 -0.01409053]
371, [-0.02884589  1.0917412   0.05646931], [ 0.06377162 -0.00881135 -0.01409053]
372, [-0.02590583  1.08980793  0.05945538], [ 0.05775949 -0.02997173 -0.02629629]
373, [-0.02590583  1.08980793  0.05945538], [ 0.05775949 -0.02997173 -0.02629629]
375, [-0.04261504  1.10240731  0.04044158], [ 0.06557041 -0.01353288  0.03296569]
376, [-0.04261504  1.10240731  0.04044158], [ 0.06557041 -0.01353288  0.03296569]
377, [-0.03941705  1.10035961  0.04411996], [ 0.087418   -0.0162889   0.01473436]
378, [-0.02867372  1.0922317   0.05673168], [ 0.06463058 -0.01084292  0.0174301 ]
379, [-0.02867372  1.0922317   0.05673168], [ 0.06463058 -0.01084292  0.0174301 ]
380, [-0.02867372  1.0922317   0.05673168], [ 0.06463058 -0.01084292  0.0174301 ]
381, [-0.02884589  1.0917412   0.05646931], [ 0.06377162 -0.00881135 -0.01409053]
382, [-0.02884589  1.0917412   0.05646931], [ 0.06377162 -0.00881135 -0.01409053]
383, [-0.02884589  1.0917412   0.05646931], [ 0.06377162 -0.00881135 -0.01409053]
384, [-0.02884589  1.0917412   0.05646931], [ 0.06377162 -0.00881135 -0.01409053]
385, [-0.02884589  1.0917412   0.05646931], [ 0.06377162 -0.00881135 -0.01409053]
386, [-0.02884589  1.0917412   0.05646931], [ 0.06377162 -0.00881135 -0.01409053]
387, [-0.02884589  1.0917412   0.05646931], [ 0.06377162 -0.00881135 -0.01409053]
388, [-0.02590583  1.08980793  0.05945538], [ 0.05775949 -0.02997173 -0.02629629]
389, [-0.02590583  1.08980793  0.05945538], [ 0.05775949 -0.02997173 -0.02629629]
390, [-0.02884589  1.0917412   0.05646931], [ 0.06377162 -0.00881135 -0.01409053]
391, [-0.04406497  1.10373556  0.03805019], [ 8.92733338e-01  1.33396808e+00 -1.19980060e-03]
392, [-0.03828144  1.09952571  0.04541365], [ 0.08352494 -0.01251048 -0.04812978]
393, [-0.04261504  1.10240731  0.04044158], [ 0.06557041 -0.01353288  0.03296569]
394, [-0.04548875  1.10429069  0.03753659], [ 0.06775282  0.01286975 -0.0175537 ]
395, [-0.05068311  1.10804371  0.03119523], [ 0.04874237  0.04138231 -0.01767636]
396, [-0.03941705  1.10035961  0.04411996], [ 0.087418   -0.0162889   0.01473436]
397, [-0.03941705  1.10035961  0.04411996], [ 0.087418   -0.0162889   0.01473436]
398, [-0.03941705  1.10035961  0.04411996], [ 0.087418   -0.0162889   0.01473436]
399, [-0.03941705  1.10035961  0.04411996], [ 0.087418   -0.0162889   0.01473436]
400, [-0.03941705  1.10035961  0.04411996], [ 0.087418   -0.0162889   0.01473436]
402, [-0.02884589  1.0917412   0.05646931], [ 0.06377162 -0.00881135 -0.01409053]
403, [-0.02884589  1.0917412   0.05646931], [ 0.06377162 -0.00881135 -0.01409053]
404, [-0.04548875  1.10429069  0.03753659], [ 0.06775282  0.01286975 -0.0175537 ]
405, [-0.04548875  1.10429069  0.03753659], [ 0.06775282  0.01286975 -0.0175537 ]
407, [-0.04548875  1.10429069  0.03753659], [ 0.06775282  0.01286975 -0.0175537 ]
408, [-0.02884589  1.0917412   0.05646931], [ 0.06377162 -0.00881135 -0.01409053]
411, [-0.03941705  1.10035961  0.04411996], [ 0.087418   -0.0162889   0.01473436]
412, [-0.03941705  1.10035961  0.04411996], [ 0.087418   -0.0162889   0.01473436]
413, [-0.03941705  1.10035961  0.04411996], [ 0.087418   -0.0162889   0.01473436]
414, [-0.02884589  1.0917412   0.05646931], [ 0.06377162 -0.00881135 -0.01409053]
415, [-0.03941705  1.10035961  0.04411996], [ 0.087418   -0.0162889   0.01473436]
417, [-0.02884589  1.0917412   0.05646931], [ 0.06377162 -0.00881135 -0.01409053]
419, [-0.02590583  1.08980793  0.05945538], [ 0.05775949 -0.02997173 -0.02629629]
420, [-0.042452    1.10228936  0.04062659], [ 0.06175645 -0.00919602 -0.03014059]
421, [-0.03952944  1.09981773  0.04392511], [ 0.08645586 -0.01454367 -0.01716233]
422, [-0.04261504  1.10240731  0.04044158], [ 0.06557041 -0.01353288  0.03296569]
423, [-0.04261504  1.10240731  0.04044158], [ 0.06557041 -0.01353288  0.03296569]
424, [-0.04261504  1.10240731  0.04044158], [ 0.06557041 -0.01353288  0.03296569]
425, [-0.04548875  1.10429069  0.03753659], [ 0.06775282  0.01286975 -0.0175537 ]
426, [-0.04261504  1.10240731  0.04044158], [ 0.06557041 -0.01353288  0.03296569]
427, [-0.02607282  1.09054592  0.0593312 ], [ 0.05897365 -0.03208208  0.00513839]
428, [-0.02799362  1.09157764  0.05669761], [ 0.0627282  -0.0087779  -0.01363011]
429, [-0.04261504  1.10240731  0.04044158], [ 0.06557041 -0.01353288  0.03296569]
430, [-0.04261504  1.10240731  0.04044158], [ 0.06557041 -0.01353288  0.03296569]
433, [-0.02590583  1.08980793  0.05945538], [ 0.05775949 -0.02997173 -0.02629629]
434, [-0.04261504  1.10240731  0.04044158], [ 0.06557041 -0.01353288  0.03296569]
435, [-0.04261504  1.10240731  0.04044158], [ 0.06557041 -0.01353288  0.03296569]
436, [-0.04261504  1.10240731  0.04044158], [ 0.06557041 -0.01353288  0.03296569]
437, [-0.04261504  1.10240731  0.04044158], [ 0.06557041 -0.01353288  0.03296569]
438, [-0.04261504  1.10240731  0.04044158], [ 0.06557041 -0.01353288  0.03296569]
439, [-0.02590583  1.08980793  0.05945538], [ 0.05775949 -0.02997173 -0.02629629]
440, [-0.02590583  1.08980793  0.05945538], [ 0.05775949 -0.02997173 -0.02629629]
441, [-0.03137496  1.09391685  0.05362079], [ 0.04303286 -0.00877345  0.03524748]
442, [-0.03137496  1.09391685  0.05362079], [ 0.04303286 -0.00877345  0.03524748]
443, [-0.03137496  1.09391685  0.05362079], [ 0.04303286 -0.00877345  0.03524748]
444, [-0.02590583  1.08980793  0.05945538], [ 0.05775949 -0.02997173 -0.02629629]
445, [-0.03137496  1.09391685  0.05362079], [ 0.04303286 -0.00877345  0.03524748]
446, [-0.02884589  1.0917412   0.05646931], [ 0.06377162 -0.00881135 -0.01409053]
447, [-0.02590583  1.08980793  0.05945538], [ 0.05775949 -0.02997173 -0.02629629]
448, [-0.02590583  1.08980793  0.05945538], [ 0.05775949 -0.02997173 -0.02629629]
449, [-0.03658411  1.09850537  0.04698059], [ 0.08105654 -0.03795224  0.00249775]
450, [-0.02884589  1.0917412   0.05646931], [ 0.06377162 -0.00881135 -0.01409053]
451, [-0.042452    1.10228936  0.04062659], [ 0.06175645 -0.00919602 -0.03014059]
452, [-0.04460333  1.10411101  0.03778931], [ 0.06662712  0.01290669 -0.01706332]
453, [-0.042452    1.10228936  0.04062659], [ 0.06175645 -0.00919602 -0.03014059]
454, [-0.042452    1.10228936  0.04062659], [ 0.06175645 -0.00919602 -0.03014059]
455, [-0.04460333  1.10411101  0.03778931], [ 0.06662712  0.01290669 -0.01706332]
456, [-0.02569276  1.09072793  0.05902304], [ 0.05990925 -0.03223095  0.00465849]
457, [-0.04460333  1.10411101  0.03778931], [ 0.06662712  0.01290669 -0.01706332]
458, [-0.04460333  1.10411101  0.03778931], [ 0.06662712  0.01290669 -0.01706332]
459, [-0.04460333  1.10411101  0.03778931], [ 0.06662712  0.01290669 -0.01706332]
460, [-0.03103298  1.09412923  0.05326529], [ 0.0440189  -0.00887965  0.03476596]
461, [-0.03103298  1.09412923  0.05326529], [ 0.0440189  -0.00887965  0.03476596]
462, [-0.04460333  1.10411101  0.03778931], [ 0.06662712  0.01290669 -0.01706332]
463, [-0.04460333  1.10411101  0.03778931], [ 0.06662712  0.01290669 -0.01706332]
464, [-0.04460333  1.10411101  0.03778931], [ 0.06662712  0.01290669 -0.01706332]
465, [-0.04460333  1.10411101  0.03778931], [ 0.06662712  0.01290669 -0.01706332]
466, [-0.04261504  1.10240731  0.04044158], [ 0.06557041 -0.01353288  0.03296569]
467, [-0.04261504  1.10240731  0.04044158], [ 0.06557041 -0.01353288  0.03296569]
468, [-0.02590583  1.08980793  0.05945538], [ 0.05775949 -0.02997173 -0.02629629]
469, [-0.04261504  1.10240731  0.04044158], [ 0.06557041 -0.01353288  0.03296569]
470, [-0.04261504  1.10240731  0.04044158], [ 0.06557041 -0.01353288  0.03296569]
471, [-0.03941705  1.10035961  0.04411996], [ 0.087418   -0.0162889   0.01473436]
472, [-0.03941705  1.10035961  0.04411996], [ 0.087418   -0.0162889   0.01473436]
473, [-0.02831995  1.09243415  0.05639176], [ 0.06563894 -0.01094875  0.01694458]
474, [-0.02884589  1.0917412   0.05646931], [ 0.06377162 -0.00881135 -0.01409053]
475, [-0.03941705  1.10035961  0.04411996], [ 0.087418   -0.0162889   0.01473436]
476, [-0.04548875  1.10429069  0.03753659], [ 0.06775282  0.01286975 -0.0175537 ]
477, [-0.03941705  1.10035961  0.04411996], [ 0.087418   -0.0162889   0.01473436]
478, [-0.03941705  1.10035961  0.04411996], [ 0.087418   -0.0162889   0.01473436]
479, [-0.03941705  1.10035961  0.04411996], [ 0.087418   -0.0162889   0.01473436]
480, [-0.0474473   1.10597102  0.03491826], [ 0.07228855  0.03569815 -0.00420133]
483, [-0.04261504  1.10240731  0.04044158], [ 0.06557041 -0.01353288  0.03296569]
484, [-0.04548875  1.10429069  0.03753659], [ 0.06775282  0.01286975 -0.0175537 ]
485, [-0.04548875  1.10429069  0.03753659], [ 0.06775282  0.01286975 -0.0175537 ]
486, [-0.03941705  1.10035961  0.04411996], [ 0.087418   -0.0162889   0.01473436]
487, [-0.03941705  1.10035961  0.04411996], [ 0.087418   -0.0162889   0.01473436]
488, [-0.03941705  1.10035961  0.04411996], [ 0.087418   -0.0162889   0.01473436]
489, [-0.04548875  1.10429069  0.03753659], [ 0.06775282  0.01286975 -0.0175537 ]
490, [-0.04548875  1.10429069  0.03753659], [ 0.06775282  0.01286975 -0.0175537 ]
491, [-0.02884589  1.0917412   0.05646931], [ 0.06377162 -0.00881135 -0.01409053]
492, [-0.02884589  1.0917412   0.05646931], [ 0.06377162 -0.00881135 -0.01409053]
493, [-0.04548875  1.10429069  0.03753659], [ 0.06775282  0.01286975 -0.0175537 ]
496, [-0.04548875  1.10429069  0.03753659], [ 0.06775282  0.01286975 -0.0175537 ]
499, [-0.02884589  1.0917412   0.05646931], [ 0.06377162 -0.00881135 -0.01409053]
500, [-0.02884589  1.0917412   0.05646931], [ 0.06377162 -0.00881135 -0.01409053]
501, [-0.02884589  1.0917412   0.05646931], [ 0.06377162 -0.00881135 -0.01409053]
502, [-0.04501351  1.1038047   0.03690203], [0.91279259 1.32002098 0.02480907]
503, [-0.02884589  1.0917412   0.05646931], [ 0.06377162 -0.00881135 -0.01409053]
504, [-0.02884589  1.0917412   0.05646931], [ 0.06377162 -0.00881135 -0.01409053]
505, [-0.02884589  1.0917412   0.05646931], [ 0.06377162 -0.00881135 -0.01409053]
506, [-0.02884589  1.0917412   0.05646931], [ 0.06377162 -0.00881135 -0.01409053]
507, [-0.02884589  1.0917412   0.05646931], [ 0.06377162 -0.00881135 -0.01409053]
508, [-0.02884589  1.0917412   0.05646931], [ 0.06377162 -0.00881135 -0.01409053]
509, [-0.02884589  1.0917412   0.05646931], [ 0.06377162 -0.00881135 -0.01409053]
510, [-0.02884589  1.0917412   0.05646931], [ 0.06377162 -0.00881135 -0.01409053]
511, [-0.02884589  1.0917412   0.05646931], [ 0.06377162 -0.00881135 -0.01409053]
512, [-0.03941705  1.10035961  0.04411996], [ 0.087418   -0.0162889   0.01473436]
513, [-0.03941705  1.10035961  0.04411996], [ 0.087418   -0.0162889   0.01473436]
514, [-0.03941705  1.10035961  0.04411996], [ 0.087418   -0.0162889   0.01473436]
515, [-0.04501351  1.1038047   0.03690203], [0.91279259 1.32002098 0.02480907]
517, [-0.02884589  1.0917412   0.05646931], [ 0.06377162 -0.00881135 -0.01409053]
518, [-0.03941705  1.10035961  0.04411996], [ 0.087418   -0.0162889   0.01473436]
519, [-0.02884589  1.0917412   0.05646931], [ 0.06377162 -0.00881135 -0.01409053]
520, [-0.02884589  1.0917412   0.05646931], [ 0.06377162 -0.00881135 -0.01409053]
521, [-0.02884589  1.0917412   0.05646931], [ 0.06377162 -0.00881135 -0.01409053]
522, [-0.02884589  1.0917412   0.05646931], [ 0.06377162 -0.00881135 -0.01409053]
523, [-0.03941705  1.10035961  0.04411996], [ 0.087418   -0.0162889   0.01473436]
524, [-0.02884589  1.0917412   0.05646931], [ 0.06377162 -0.00881135 -0.01409053]
525, [-0.04261504  1.10240731  0.04044158], [ 0.06557041 -0.01353288  0.03296569]
526, [-0.04261504  1.10240731  0.04044158], [ 0.06557041 -0.01353288  0.03296569]
527, [-0.03941705  1.10035961  0.04411996], [ 0.087418   -0.0162889   0.01473436]
528, [-0.02884589  1.0917412   0.05646931], [ 0.06377162 -0.00881135 -0.01409053]
529, [-0.02590583  1.08980793  0.05945538], [ 0.05775949 -0.02997173 -0.02629629]
530, [-0.02590583  1.08980793  0.05945538], [ 0.05775949 -0.02997173 -0.02629629]
531, [-0.04261504  1.10240731  0.04044158], [ 0.06557041 -0.01353288  0.03296569]
532, [-0.02884589  1.0917412   0.05646931], [ 0.06377162 -0.00881135 -0.01409053]
536, [-0.04818985  1.10644161  0.03366636], [0.04653356 0.01392413 0.03274369]
537, [-0.04529804  1.10464285  0.03664515], [0.93263932 1.30706648 0.05066258]
538, [-0.04261504  1.10240731  0.04044158], [ 0.06557041 -0.01353288  0.03296569]
539, [-0.03941705  1.10035961  0.04411996], [ 0.087418   -0.0162889   0.01473436]
541, [-0.02590583  1.08980793  0.05945538], [ 0.05775949 -0.02997173 -0.02629629]
542, [-0.02884589  1.0917412   0.05646931], [ 0.06377162 -0.00881135 -0.01409053]
543, [-0.02884589  1.0917412   0.05646931], [ 0.06377162 -0.00881135 -0.01409053]
544, [-0.04261504  1.10240731  0.04044158], [ 0.06557041 -0.01353288  0.03296569]
545, [-0.03952944  1.09981773  0.04392511], [ 0.08645586 -0.01454367 -0.01716233]
546, [-0.04818985  1.10644161  0.03366636], [0.04653356 0.01392413 0.03274369]
547, [-0.04818985  1.10644161  0.03366636], [0.04653356 0.01392413 0.03274369]
549, [-0.02590583  1.08980793  0.05945538], [ 0.05775949 -0.02997173 -0.02629629]
550, [-0.02590583  1.08980793  0.05945538], [ 0.05775949 -0.02997173 -0.02629629]
551, [-0.02590583  1.08980793  0.05945538], [ 0.05775949 -0.02997173 -0.02629629]
552, [-0.02590583  1.08980793  0.05945538], [ 0.05775949 -0.02997173 -0.02629629]
553, [-0.02590583  1.08980793  0.05945538], [ 0.05775949 -0.02997173 -0.02629629]
554, [-0.02590583  1.08980793  0.05945538], [ 0.05775949 -0.02997173 -0.02629629]
555, [-0.02590583  1.08980793  0.05945538], [ 0.05775949 -0.02997173 -0.02629629]
556, [-0.042452    1.10228936  0.04062659], [ 0.06175645 -0.00919602 -0.03014059]
557, [-0.04261504  1.10240731  0.04044158], [ 0.06557041 -0.01353288  0.03296569]
558, [-0.02884589  1.0917412   0.05646931], [ 0.06377162 -0.00881135 -0.01409053]
559, [-0.02884589  1.0917412   0.05646931], [ 0.06377162 -0.00881135 -0.01409053]
560, [-0.04261504  1.10240731  0.04044158], [ 0.06557041 -0.01353288  0.03296569]
561, [-0.02590583  1.08980793  0.05945538], [ 0.05775949 -0.02997173 -0.02629629]
562, [-0.02590583  1.08980793  0.05945538], [ 0.05775949 -0.02997173 -0.02629629]
563, [-0.02590583  1.08980793  0.05945538], [ 0.05775949 -0.02997173 -0.02629629]
564, [-0.042452    1.10228936  0.04062659], [ 0.06175645 -0.00919602 -0.03014059]
565, [-0.04261504  1.10240731  0.04044158], [ 0.06557041 -0.01353288  0.03296569]
566, [-0.02590583  1.08980793  0.05945538], [ 0.05775949 -0.02997173 -0.02629629]
567, [-0.042452    1.10228936  0.04062659], [ 0.06175645 -0.00919602 -0.03014059]
568, [-0.02590583  1.08980793  0.05945538], [ 0.05775949 -0.02997173 -0.02629629]
569, [-0.02590583  1.08980793  0.05945538], [ 0.05775949 -0.02997173 -0.02629629]
570, [-0.02590583  1.08980793  0.05945538], [ 0.05775949 -0.02997173 -0.02629629]
571, [-0.0348424   1.09722557  0.04896547], [ 0.07661106 -0.03387474 -0.06019544]
572, [-0.0348424   1.09722557  0.04896547], [ 0.07661106 -0.03387474 -0.06019544]
573, [-0.04261504  1.10240731  0.04044158], [ 0.06557041 -0.01353288  0.03296569]
574, [-0.04818985  1.10644161  0.03366636], [0.04653356 0.01392413 0.03274369]
575, [-0.04818985  1.10644161  0.03366636], [0.04653356 0.01392413 0.03274369]
576, [-0.04261504  1.10240731  0.04044158], [ 0.06557041 -0.01353288  0.03296569]
577, [-0.04261504  1.10240731  0.04044158], [ 0.06557041 -0.01353288  0.03296569]
578, [-0.04261504  1.10240731  0.04044158], [ 0.06557041 -0.01353288  0.03296569]
579, [-0.04261504  1.10240731  0.04044158], [ 0.06557041 -0.01353288  0.03296569]
580, [-0.04261504  1.10240731  0.04044158], [ 0.06557041 -0.01353288  0.03296569]
581, [-0.04261504  1.10240731  0.04044158], [ 0.06557041 -0.01353288  0.03296569]
582, [-0.04548875  1.10429069  0.03753659], [ 0.06775282  0.01286975 -0.0175537 ]
583, [-0.02884589  1.0917412   0.05646931], [ 0.06377162 -0.00881135 -0.01409053]
584, [-0.03941705  1.10035961  0.04411996], [ 0.087418   -0.0162889   0.01473436]
585, [-0.04261504  1.10240731  0.04044158], [ 0.06557041 -0.01353288  0.03296569]
586, [-0.04261504  1.10240731  0.04044158], [ 0.06557041 -0.01353288  0.03296569]
587, [-0.04261504  1.10240731  0.04044158], [ 0.06557041 -0.01353288  0.03296569]
588, [-0.04261504  1.10240731  0.04044158], [ 0.06557041 -0.01353288  0.03296569]
589, [-0.04261504  1.10240731  0.04044158], [ 0.06557041 -0.01353288  0.03296569]
590, [-0.03941705  1.10035961  0.04411996], [ 0.087418   -0.0162889   0.01473436]
591, [-0.03941705  1.10035961  0.04411996], [ 0.087418   -0.0162889   0.01473436]
592, [-0.03941705  1.10035961  0.04411996], [ 0.087418   -0.0162889   0.01473436]
593, [-0.03941705  1.10035961  0.04411996], [ 0.087418   -0.0162889   0.01473436]
595, [-0.042452    1.10228936  0.04062659], [ 0.06175645 -0.00919602 -0.03014059]
596, [-0.042452    1.10228936  0.04062659], [ 0.06175645 -0.00919602 -0.03014059]
597, [-0.042452    1.10228936  0.04062659], [ 0.06175645 -0.00919602 -0.03014059]
598, [-0.02590583  1.08980793  0.05945538], [ 0.05775949 -0.02997173 -0.02629629]
599, [-0.03658411  1.09850537  0.04698059], [ 0.08105654 -0.03795224  0.00249775]
601, [-0.01968951  1.08556249  0.06656231], [ 0.0221089  -0.00472485  0.03680528]
602, [-0.03103298  1.09412923  0.05326529], [ 0.0440189  -0.00887965  0.03476596]
603, [-0.03103298  1.09412923  0.05326529], [ 0.0440189  -0.00887965  0.03476596]
604, [-0.03103298  1.09412923  0.05326529], [ 0.0440189  -0.00887965  0.03476596]
605, [-0.03103298  1.09412923  0.05326529], [ 0.0440189  -0.00887965  0.03476596]
606, [-0.03103298  1.09412923  0.05326529], [ 0.0440189  -0.00887965  0.03476596]
607, [-0.03103298  1.09412923  0.05326529], [ 0.0440189  -0.00887965  0.03476596]
608, [-0.03103298  1.09412923  0.05326529], [ 0.0440189  -0.00887965  0.03476596]
609, [-0.03103298  1.09412923  0.05326529], [ 0.0440189  -0.00887965  0.03476596]
610, [-0.03103298  1.09412923  0.05326529], [ 0.0440189  -0.00887965  0.03476596]
611, [-0.03103298  1.09412923  0.05326529], [ 0.0440189  -0.00887965  0.03476596]
612, [-0.0474473   1.10597102  0.03491826], [ 0.07228855  0.03569815 -0.00420133]
614, [-0.02884589  1.0917412   0.05646931], [ 0.06377162 -0.00881135 -0.01409053]
615, [-0.02884589  1.0917412   0.05646931], [ 0.06377162 -0.00881135 -0.01409053]
616, [-0.02590583  1.08980793  0.05945538], [ 0.05775949 -0.02997173 -0.02629629]
617, [-0.02884589  1.0917412   0.05646931], [ 0.06377162 -0.00881135 -0.01409053]
618, [-0.03103298  1.09412923  0.05326529], [ 0.0440189  -0.00887965  0.03476596]
619, [-0.03103298  1.09412923  0.05326529], [ 0.0440189  -0.00887965  0.03476596]
620, [-0.04261504  1.10240731  0.04044158], [ 0.06557041 -0.01353288  0.03296569]
621, [-0.04460333  1.10411101  0.03778931], [ 0.06662712  0.01290669 -0.01706332]
622, [-0.0474473   1.10597102  0.03491826], [ 0.07228855  0.03569815 -0.00420133]
623, [-0.04548875  1.10429069  0.03753659], [ 0.06775282  0.01286975 -0.0175537 ]
624, [-0.04548875  1.10429069  0.03753659], [ 0.06775282  0.01286975 -0.0175537 ]
625, [-0.04261504  1.10240731  0.04044158], [ 0.06557041 -0.01353288  0.03296569]
626, [-0.0474473   1.10597102  0.03491826], [ 0.07228855  0.03569815 -0.00420133]
627, [-0.0474473   1.10597102  0.03491826], [ 0.07228855  0.03569815 -0.00420133]
628, [-0.04261504  1.10240731  0.04044158], [ 0.06557041 -0.01353288  0.03296569]
629, [-0.02884589  1.0917412   0.05646931], [ 0.06377162 -0.00881135 -0.01409053]
630, [-0.02867372  1.0922317   0.05673168], [ 0.06463058 -0.01084292  0.0174301 ]
632, [-0.02831995  1.09243415  0.05639176], [ 0.06563894 -0.01094875  0.01694458]
634, [-0.04261504  1.10240731  0.04044158], [ 0.06557041 -0.01353288  0.03296569]
635, [-0.042452    1.10228936  0.04062659], [ 0.06175645 -0.00919602 -0.03014059]
636, [-0.03952944  1.09981773  0.04392511], [ 0.08645586 -0.01454367 -0.01716233]
637, [-0.04261504  1.10240731  0.04044158], [ 0.06557041 -0.01353288  0.03296569]
638, [-0.04261504  1.10240731  0.04044158], [ 0.06557041 -0.01353288  0.03296569]
639, [-0.04261504  1.10240731  0.04044158], [ 0.06557041 -0.01353288  0.03296569]
640, [-0.04261504  1.10240731  0.04044158], [ 0.06557041 -0.01353288  0.03296569]
641, [-0.04261504  1.10240731  0.04044158], [ 0.06557041 -0.01353288  0.03296569]
642, [-0.04261504  1.10240731  0.04044158], [ 0.06557041 -0.01353288  0.03296569]
643, [-0.04261504  1.10240731  0.04044158], [ 0.06557041 -0.01353288  0.03296569]
644, [-0.04261504  1.10240731  0.04044158], [ 0.06557041 -0.01353288  0.03296569]
645, [-0.042452    1.10228936  0.04062659], [ 0.06175645 -0.00919602 -0.03014059]
646, [-0.04261504  1.10240731  0.04044158], [ 0.06557041 -0.01353288  0.03296569]
647, [-0.04261504  1.10240731  0.04044158], [ 0.06557041 -0.01353288  0.03296569]
648, [-0.04261504  1.10240731  0.04044158], [ 0.06557041 -0.01353288  0.03296569]
651, [-0.02590583  1.08980793  0.05945538], [ 0.05775949 -0.02997173 -0.02629629]
653, [-0.03828144  1.09952571  0.04541365], [ 0.08352494 -0.01251048 -0.04812978]
654, [-0.03941705  1.10035961  0.04411996], [ 0.087418   -0.0162889   0.01473436]
655, [-0.03941705  1.10035961  0.04411996], [ 0.087418   -0.0162889   0.01473436]
656, [-0.03941705  1.10035961  0.04411996], [ 0.087418   -0.0162889   0.01473436]
659, [-0.02884589  1.0917412   0.05646931], [ 0.06377162 -0.00881135 -0.01409053]
660, [-0.03694882  1.09768277  0.04724853], [ 0.08204607 -0.03906736  0.00174588]
661, [-0.04261504  1.10240731  0.04044158], [ 0.06557041 -0.01353288  0.03296569]
663, [-0.042452    1.10228936  0.04062659], [ 0.06175645 -0.00919602 -0.03014059]
664, [-0.02590583  1.08980793  0.05945538], [ 0.05775949 -0.02997173 -0.02629629]
665, [-0.02590583  1.08980793  0.05945538], [ 0.05775949 -0.02997173 -0.02629629]
666, [-0.02590583  1.08980793  0.05945538], [ 0.05775949 -0.02997173 -0.02629629]
667, [-0.042452    1.10228936  0.04062659], [ 0.06175645 -0.00919602 -0.03014059]
668, [-0.04261504  1.10240731  0.04044158], [ 0.06557041 -0.01353288  0.03296569]
669, [-0.04548875  1.10429069  0.03753659], [ 0.06775282  0.01286975 -0.0175537 ]
670, [-0.04548875  1.10429069  0.03753659], [ 0.06775282  0.01286975 -0.0175537 ]
672, [-0.042452    1.10228936  0.04062659], [ 0.06175645 -0.00919602 -0.03014059]
673, [-0.042452    1.10228936  0.04062659], [ 0.06175645 -0.00919602 -0.03014059]
674, [-0.042452    1.10228936  0.04062659], [ 0.06175645 -0.00919602 -0.03014059]
675, [-0.042452    1.10228936  0.04062659], [ 0.06175645 -0.00919602 -0.03014059]
676, [-0.04261504  1.10240731  0.04044158], [ 0.06557041 -0.01353288  0.03296569]
677, [-0.042452    1.10228936  0.04062659], [ 0.06175645 -0.00919602 -0.03014059]
678, [-0.042452    1.10228936  0.04062659], [ 0.06175645 -0.00919602 -0.03014059]
679, [-0.042452    1.10228936  0.04062659], [ 0.06175645 -0.00919602 -0.03014059]
680, [-0.02590583  1.08980793  0.05945538], [ 0.05775949 -0.02997173 -0.02629629]
681, [-0.02590583  1.08980793  0.05945538], [ 0.05775949 -0.02997173 -0.02629629]
682, [-0.02590583  1.08980793  0.05945538], [ 0.05775949 -0.02997173 -0.02629629]
683, [-0.02884589  1.0917412   0.05646931], [ 0.06377162 -0.00881135 -0.01409053]
684, [-0.02884589  1.0917412   0.05646931], [ 0.06377162 -0.00881135 -0.01409053]
685, [-0.02884589  1.0917412   0.05646931], [ 0.06377162 -0.00881135 -0.01409053]
686, [-0.02884589  1.0917412   0.05646931], [ 0.06377162 -0.00881135 -0.01409053]
687, [-0.02590583  1.08980793  0.05945538], [ 0.05775949 -0.02997173 -0.02629629]
688, [-0.02590583  1.08980793  0.05945538], [ 0.05775949 -0.02997173 -0.02629629]
689, [-0.042452    1.10228936  0.04062659], [ 0.06175645 -0.00919602 -0.03014059]
690, [-0.02590583  1.08980793  0.05945538], [ 0.05775949 -0.02997173 -0.02629629]
691, [-0.03828144  1.09952571  0.04541365], [ 0.08352494 -0.01251048 -0.04812978]
692, [-0.02824957  1.09228341  0.05608423], [ 0.09308168 -0.06068657 -0.05880526]
693, [-0.01854108  1.08491757  0.06752094], [ 0.07173891 -0.05360938 -0.05555769]
694, [-0.0348424   1.09722557  0.04896547], [ 0.07661106 -0.03387474 -0.06019544]
695, [-0.02590583  1.08980793  0.05945538], [ 0.05775949 -0.02997173 -0.02629629]
696, [-0.0348424   1.09722557  0.04896547], [ 0.07661106 -0.03387474 -0.06019544]
697, [-0.04261504  1.10240731  0.04044158], [ 0.06557041 -0.01353288  0.03296569]
698, [-0.04261504  1.10240731  0.04044158], [ 0.06557041 -0.01353288  0.03296569]
699, [-0.042452    1.10228936  0.04062659], [ 0.06175645 -0.00919602 -0.03014059]
700, [-0.03658411  1.09850537  0.04698059], [ 0.08105654 -0.03795224  0.00249775]
701, [-0.042452    1.10228936  0.04062659], [ 0.06175645 -0.00919602 -0.03014059]
702, [-0.042452    1.10228936  0.04062659], [ 0.06175645 -0.00919602 -0.03014059]
703, [-0.04261504  1.10240731  0.04044158], [ 0.06557041 -0.01353288  0.03296569]
704, [-0.02590583  1.08980793  0.05945538], [ 0.05775949 -0.02997173 -0.02629629]
705, [-0.02590583  1.08980793  0.05945538], [ 0.05775949 -0.02997173 -0.02629629]
706, [-0.02590583  1.08980793  0.05945538], [ 0.05775949 -0.02997173 -0.02629629]
707, [-0.04261504  1.10240731  0.04044158], [ 0.06557041 -0.01353288  0.03296569]
708, [-0.03694882  1.09768277  0.04724853], [ 0.08204607 -0.03906736  0.00174588]
709, [-0.03941705  1.10035961  0.04411996], [ 0.087418   -0.0162889   0.01473436]
710, [-0.02647665  1.08976474  0.05954659], [ 0.05998894 -0.03316802  0.00438564]
711, [-0.02647665  1.08976474  0.05954659], [ 0.05998894 -0.03316802  0.00438564]
712, [-0.03941705  1.10035961  0.04411996], [ 0.087418   -0.0162889   0.01473436]
713, [-0.04261504  1.10240731  0.04044158], [ 0.06557041 -0.01353288  0.03296569]
714, [-0.04261504  1.10240731  0.04044158], [ 0.06557041 -0.01353288  0.03296569]
715, [-0.04170411  1.10165494  0.04106213], [ 0.09191289  0.0077543  -0.00432647]
716, [-0.03505765  1.09683211  0.04905573], [ 0.10912066 -0.02105237 -0.00391202]
717, [-0.03952944  1.09981773  0.04392511], [ 0.08645586 -0.01454367 -0.01716233]
718, [-0.04529804  1.10464285  0.03664515], [0.93263932 1.30706648 0.05066258]
719, [-0.04529804  1.10464285  0.03664515], [0.93263932 1.30706648 0.05066258]
720, [-0.03952944  1.09981773  0.04392511], [ 0.08645586 -0.01454367 -0.01716233]
721, [-0.0474473   1.10597102  0.03491826], [ 0.07228855  0.03569815 -0.00420133]
722, [-0.04460333  1.10411101  0.03778931], [ 0.06662712  0.01290669 -0.01706332]
723, [-0.04548875  1.10429069  0.03753659], [ 0.06775282  0.01286975 -0.0175537 ]
724, [-0.04548875  1.10429069  0.03753659], [ 0.06775282  0.01286975 -0.0175537 ]
725, [-0.04548875  1.10429069  0.03753659], [ 0.06775282  0.01286975 -0.0175537 ]
726, [-0.04548875  1.10429069  0.03753659], [ 0.06775282  0.01286975 -0.0175537 ]
727, [-0.04548875  1.10429069  0.03753659], [ 0.06775282  0.01286975 -0.0175537 ]
728, [-0.03941705  1.10035961  0.04411996], [ 0.087418   -0.0162889   0.01473436]
729, [-0.04261504  1.10240731  0.04044158], [ 0.06557041 -0.01353288  0.03296569]
730, [-0.04261504  1.10240731  0.04044158], [ 0.06557041 -0.01353288  0.03296569]
731, [-0.02884589  1.0917412   0.05646931], [ 0.06377162 -0.00881135 -0.01409053]
732, [-0.02884589  1.0917412   0.05646931], [ 0.06377162 -0.00881135 -0.01409053]
733, [-0.03157486  1.09452963  0.05264661], [ 0.04106175 -0.00536096  0.00443165]
734, [-0.03401393  1.0960951   0.05023239], [0.0460457  0.01636202 0.01714689]
735, [-0.02884589  1.0917412   0.05646931], [ 0.06377162 -0.00881135 -0.01409053]
736, [-0.02884589  1.0917412   0.05646931], [ 0.06377162 -0.00881135 -0.01409053]
738, [-0.03941705  1.10035961  0.04411996], [ 0.087418   -0.0162889   0.01473436]
739, [-0.02884589  1.0917412   0.05646931], [ 0.06377162 -0.00881135 -0.01409053]
740, [-0.02884589  1.0917412   0.05646931], [ 0.06377162 -0.00881135 -0.01409053]
741, [-0.02884589  1.0917412   0.05646931], [ 0.06377162 -0.00881135 -0.01409053]
742, [-0.02590583  1.08980793  0.05945538], [ 0.05775949 -0.02997173 -0.02629629]
743, [-0.02590583  1.08980793  0.05945538], [ 0.05775949 -0.02997173 -0.02629629]
744, [-0.042452    1.10228936  0.04062659], [ 0.06175645 -0.00919602 -0.03014059]
745, [-0.02884589  1.0917412   0.05646931], [ 0.06377162 -0.00881135 -0.01409053]
746, [-0.02884589  1.0917412   0.05646931], [ 0.06377162 -0.00881135 -0.01409053]
747, [-0.02884589  1.0917412   0.05646931], [ 0.06377162 -0.00881135 -0.01409053]
748, [-0.02884589  1.0917412   0.05646931], [ 0.06377162 -0.00881135 -0.01409053]
749, [-0.02884589  1.0917412   0.05646931], [ 0.06377162 -0.00881135 -0.01409053]
750, [-0.02884589  1.0917412   0.05646931], [ 0.06377162 -0.00881135 -0.01409053]
751, [-0.04529804  1.10464285  0.03664515], [0.93263932 1.30706648 0.05066258]
752, [-0.04261504  1.10240731  0.04044158], [ 0.06557041 -0.01353288  0.03296569]
753, [-0.04261504  1.10240731  0.04044158], [ 0.06557041 -0.01353288  0.03296569]
754, [-0.02824957  1.09228341  0.05608423], [ 0.09308168 -0.06068657 -0.05880526]
755, [-0.0506706   1.10866686  0.03127751], [0.0487743  0.03906815 0.01462166]
756, [-0.03635786  1.09771645  0.04717187], [ 0.07972164 -0.0361006  -0.02929972]
757, [-0.04818985  1.10644161  0.03366636], [0.04653356 0.01392413 0.03274369]
758, [-0.042452    1.10228936  0.04062659], [ 0.06175645 -0.00919602 -0.03014059]
759, [-0.042452    1.10228936  0.04062659], [ 0.06175645 -0.00919602 -0.03014059]
760, [-0.04548875  1.10429069  0.03753659], [ 0.06775282  0.01286975 -0.0175537 ]
761, [-0.04548875  1.10429069  0.03753659], [ 0.06775282  0.01286975 -0.0175537 ]
763, [-0.04548875  1.10429069  0.03753659], [ 0.06775282  0.01286975 -0.0175537 ]
764, [-0.02884589  1.0917412   0.05646931], [ 0.06377162 -0.00881135 -0.01409053]
765, [-0.02884589  1.0917412   0.05646931], [ 0.06377162 -0.00881135 -0.01409053]
766, [-0.02884589  1.0917412   0.05646931], [ 0.06377162 -0.00881135 -0.01409053]
767, [-0.02884589  1.0917412   0.05646931], [ 0.06377162 -0.00881135 -0.01409053]
768, [-0.02590583  1.08980793  0.05945538], [ 0.05775949 -0.02997173 -0.02629629]
769, [-0.02884589  1.0917412   0.05646931], [ 0.06377162 -0.00881135 -0.01409053]
770, [-0.02884589  1.0917412   0.05646931], [ 0.06377162 -0.00881135 -0.01409053]
771, [-0.02590583  1.08980793  0.05945538], [ 0.05775949 -0.02997173 -0.02629629]
773, [-0.03952944  1.09981773  0.04392511], [ 0.08645586 -0.01454367 -0.01716233]
774, [-0.03952944  1.09981773  0.04392511], [ 0.08645586 -0.01454367 -0.01716233]
775, [-0.04548875  1.10429069  0.03753659], [ 0.06775282  0.01286975 -0.0175537 ]
776, [-0.03952944  1.09981773  0.04392511], [ 0.08645586 -0.01454367 -0.01716233]
777, [-0.03952944  1.09981773  0.04392511], [ 0.08645586 -0.01454367 -0.01716233]
778, [-0.04529804  1.10464285  0.03664515], [0.93263932 1.30706648 0.05066258]
779, [-0.04818985  1.10644161  0.03366636], [0.04653356 0.01392413 0.03274369]
780, [-0.03103298  1.09412923  0.05326529], [ 0.0440189  -0.00887965  0.03476596]
781, [-0.02831995  1.09243415  0.05639176], [ 0.06563894 -0.01094875  0.01694458]
782, [-0.02831995  1.09243415  0.05639176], [ 0.06563894 -0.01094875  0.01694458]
783, [-0.04261504  1.10240731  0.04044158], [ 0.06557041 -0.01353288  0.03296569]
784, [-0.04261504  1.10240731  0.04044158], [ 0.06557041 -0.01353288  0.03296569]
785, [-0.04261504  1.10240731  0.04044158], [ 0.06557041 -0.01353288  0.03296569]
786, [-0.04261504  1.10240731  0.04044158], [ 0.06557041 -0.01353288  0.03296569]
787, [-0.04261504  1.10240731  0.04044158], [ 0.06557041 -0.01353288  0.03296569]
788, [-0.04261504  1.10240731  0.04044158], [ 0.06557041 -0.01353288  0.03296569]
789, [-0.04261504  1.10240731  0.04044158], [ 0.06557041 -0.01353288  0.03296569]
790, [-0.04261504  1.10240731  0.04044158], [ 0.06557041 -0.01353288  0.03296569]
791, [-0.04261504  1.10240731  0.04044158], [ 0.06557041 -0.01353288  0.03296569]
792, [-0.02590583  1.08980793  0.05945538], [ 0.05775949 -0.02997173 -0.02629629]
793, [-0.02590583  1.08980793  0.05945538], [ 0.05775949 -0.02997173 -0.02629629]
794, [-0.02590583  1.08980793  0.05945538], [ 0.05775949 -0.02997173 -0.02629629]
795, [-0.04261504  1.10240731  0.04044158], [ 0.06557041 -0.01353288  0.03296569]
796, [-0.04261504  1.10240731  0.04044158], [ 0.06557041 -0.01353288  0.03296569]
797, [-0.04261504  1.10240731  0.04044158], [ 0.06557041 -0.01353288  0.03296569]
798, [-0.04261504  1.10240731  0.04044158], [ 0.06557041 -0.01353288  0.03296569]
799, [-0.02590583  1.08980793  0.05945538], [ 0.05775949 -0.02997173 -0.02629629]
800, [-0.04818985  1.10644161  0.03366636], [0.04653356 0.01392413 0.03274369]
801, [-0.03868091  1.09966235  0.04414044], [ 0.08541865 -0.01452607 -0.01670495]
802, [-0.04261504  1.10240731  0.04044158], [ 0.06557041 -0.01353288  0.03296569]
803, [-0.04261504  1.10240731  0.04044158], [ 0.06557041 -0.01353288  0.03296569]
804, [-0.04261504  1.10240731  0.04044158], [ 0.06557041 -0.01353288  0.03296569]
805, [-0.02590583  1.08980793  0.05945538], [ 0.05775949 -0.02997173 -0.02629629]
806, [-0.02590583  1.08980793  0.05945538], [ 0.05775949 -0.02997173 -0.02629629]
807, [-0.04261504  1.10240731  0.04044158], [ 0.06557041 -0.01353288  0.03296569]
808, [-0.04261504  1.10240731  0.04044158], [ 0.06557041 -0.01353288  0.03296569]
809, [-0.042452    1.10228936  0.04062659], [ 0.06175645 -0.00919602 -0.03014059]
810, [-0.04261504  1.10240731  0.04044158], [ 0.06557041 -0.01353288  0.03296569]
811, [-0.04818985  1.10644161  0.03366636], [0.04653356 0.01392413 0.03274369]
812, [-0.02590583  1.08980793  0.05945538], [ 0.05775949 -0.02997173 -0.02629629]
813, [-0.04818985  1.10644161  0.03366636], [0.04653356 0.01392413 0.03274369]
814, [-0.04818985  1.10644161  0.03366636], [0.04653356 0.01392413 0.03274369]
815, [-0.0474473   1.10597102  0.03491826], [ 0.07228855  0.03569815 -0.00420133]
816, [-0.0474473   1.10597102  0.03491826], [ 0.07228855  0.03569815 -0.00420133]
817, [-0.042452    1.10228936  0.04062659], [ 0.06175645 -0.00919602 -0.03014059]
818, [-0.04460333  1.10411101  0.03778931], [ 0.06662712  0.01290669 -0.01706332]
819, [-0.04460333  1.10411101  0.03778931], [ 0.06662712  0.01290669 -0.01706332]
820, [-0.03635786  1.09771645  0.04717187], [ 0.07972164 -0.0361006  -0.02929972]
821, [-0.03952944  1.09981773  0.04392511], [ 0.08645586 -0.01454367 -0.01716233]
822, [-0.03635786  1.09771645  0.04717187], [ 0.07972164 -0.0361006  -0.02929972]
823, [-0.03117168  1.09362915  0.05268539], [0.93022895 1.34456073 0.00735251]
824, [-0.02590583  1.08980793  0.05945538], [ 0.05775949 -0.02997173 -0.02629629]
825, [-0.0474473   1.10597102  0.03491826], [ 0.07228855  0.03569815 -0.00420133]
826, [-0.04548875  1.10429069  0.03753659], [ 0.06775282  0.01286975 -0.0175537 ]
827, [-0.04548875  1.10429069  0.03753659], [ 0.06775282  0.01286975 -0.0175537 ]
828, [-0.04501351  1.1038047   0.03690203], [0.91279259 1.32002098 0.02480907]
829, [-0.04220153  1.10197229  0.03973567], [0.91081067 1.34717544 0.02234218]
830, [-0.04818985  1.10644161  0.03366636], [0.04653356 0.01392413 0.03274369]
831, [-0.042452    1.10228936  0.04062659], [ 0.06175645 -0.00919602 -0.03014059]
832, [-0.04818985  1.10644161  0.03366636], [0.04653356 0.01392413 0.03274369]
833, [-0.04818985  1.10644161  0.03366636], [0.04653356 0.01392413 0.03274369]
834, [-0.042452    1.10228936  0.04062659], [ 0.06175645 -0.00919602 -0.03014059]
835, [-0.042452    1.10228936  0.04062659], [ 0.06175645 -0.00919602 -0.03014059]
836, [-0.03952944  1.09981773  0.04392511], [ 0.08645586 -0.01454367 -0.01716233]
837, [-0.03952944  1.09981773  0.04392511], [ 0.08645586 -0.01454367 -0.01716233]
838, [-0.04818985  1.10644161  0.03366636], [0.04653356 0.01392413 0.03274369]
839, [-0.03941705  1.10035961  0.04411996], [ 0.087418   -0.0162889   0.01473436]
840, [-0.0506706   1.10866686  0.03127751], [0.0487743  0.03906815 0.01462166]
841, [-0.03658411  1.09850537  0.04698059], [ 0.08105654 -0.03795224  0.00249775]
843, [-0.0254991   1.08997007  0.05917778], [ 0.05869312 -0.03016456 -0.02679384]
844, [-0.034343    1.09677365  0.04912159], [ 0.10706334 -0.01834771 -0.03487064]
845, [-0.03095527  1.09450997  0.05261901], [ 0.09966932 -0.03984918 -0.04672003]
846, [-0.03868091  1.09966235  0.04414044], [ 0.08541865 -0.01452607 -0.01670495]
848, [-0.03635786  1.09771645  0.04717187], [ 0.07972164 -0.0361006  -0.02929972]
849, [-0.04261504  1.10240731  0.04044158], [ 0.06557041 -0.01353288  0.03296569]
850, [-0.03635786  1.09771645  0.04717187], [ 0.07972164 -0.0361006  -0.02929972]
851, [-0.03635786  1.09771645  0.04717187], [ 0.07972164 -0.0361006  -0.02929972]
852, [-0.03635786  1.09771645  0.04717187], [ 0.07972164 -0.0361006  -0.02929972]
854, [-0.04818985  1.10644161  0.03366636], [0.04653356 0.01392413 0.03274369]
855, [-0.03635786  1.09771645  0.04717187], [ 0.07972164 -0.0361006  -0.02929972]
856, [-0.042452    1.10228936  0.04062659], [ 0.06175645 -0.00919602 -0.03014059]
857, [-0.04261504  1.10240731  0.04044158], [ 0.06557041 -0.01353288  0.03296569]
858, [-0.02590583  1.08980793  0.05945538], [ 0.05775949 -0.02997173 -0.02629629]
859, [-0.02590583  1.08980793  0.05945538], [ 0.05775949 -0.02997173 -0.02629629]
860, [-0.04818985  1.10644161  0.03366636], [0.04653356 0.01392413 0.03274369]
861, [-0.04818985  1.10644161  0.03366636], [0.04653356 0.01392413 0.03274369]
862, [-0.03952944  1.09981773  0.04392511], [ 0.08645586 -0.01454367 -0.01716233]
863, [-0.03952944  1.09981773  0.04392511], [ 0.08645586 -0.01454367 -0.01716233]
864, [-0.03952944  1.09981773  0.04392511], [ 0.08645586 -0.01454367 -0.01716233]
865, [-0.03952944  1.09981773  0.04392511], [ 0.08645586 -0.01454367 -0.01716233]
868, [-0.04529804  1.10464285  0.03664515], [0.93263932 1.30706648 0.05066258]
869, [-0.03952944  1.09981773  0.04392511], [ 0.08645586 -0.01454367 -0.01716233]
870, [-0.03952944  1.09981773  0.04392511], [ 0.08645586 -0.01454367 -0.01716233]
871, [-0.042452    1.10228936  0.04062659], [ 0.06175645 -0.00919602 -0.03014059]
872, [-0.042452    1.10228936  0.04062659], [ 0.06175645 -0.00919602 -0.03014059]
873, [-0.03658411  1.09850537  0.04698059], [ 0.08105654 -0.03795224  0.00249775]
874, [-0.042452    1.10228936  0.04062659], [ 0.06175645 -0.00919602 -0.03014059]
875, [-0.03658411  1.09850537  0.04698059], [ 0.08105654 -0.03795224  0.00249775]
876, [-0.03952944  1.09981773  0.04392511], [ 0.08645586 -0.01454367 -0.01716233]
877, [-0.03952944  1.09981773  0.04392511], [ 0.08645586 -0.01454367 -0.01716233]
878, [-0.04261504  1.10240731  0.04044158], [ 0.06557041 -0.01353288  0.03296569]
879, [-0.04548875  1.10429069  0.03753659], [ 0.06775282  0.01286975 -0.0175537 ]
880, [-0.04261504  1.10240731  0.04044158], [ 0.06557041 -0.01353288  0.03296569]
881, [-0.042452    1.10228936  0.04062659], [ 0.06175645 -0.00919602 -0.03014059]
882, [-0.02590583  1.08980793  0.05945538], [ 0.05775949 -0.02997173 -0.02629629]
883, [-0.02590583  1.08980793  0.05945538], [ 0.05775949 -0.02997173 -0.02629629]
885, [-0.042452    1.10228936  0.04062659], [ 0.06175645 -0.00919602 -0.03014059]
886, [-0.042452    1.10228936  0.04062659], [ 0.06175645 -0.00919602 -0.03014059]
889, [-0.03635786  1.09771645  0.04717187], [ 0.07972164 -0.0361006  -0.02929972]
890, [-0.04818985  1.10644161  0.03366636], [0.04653356 0.01392413 0.03274369]
892, [-0.04529804  1.10464285  0.03664515], [0.93263932 1.30706648 0.05066258]
893, [-0.03952944  1.09981773  0.04392511], [ 0.08645586 -0.01454367 -0.01716233]
894, [-0.04261504  1.10240731  0.04044158], [ 0.06557041 -0.01353288  0.03296569]
895, [-0.042452    1.10228936  0.04062659], [ 0.06175645 -0.00919602 -0.03014059]
896, [-0.042452    1.10228936  0.04062659], [ 0.06175645 -0.00919602 -0.03014059]
897, [-0.042452    1.10228936  0.04062659], [ 0.06175645 -0.00919602 -0.03014059]
898, [-0.042452    1.10228936  0.04062659], [ 0.06175645 -0.00919602 -0.03014059]
899, [-0.042452    1.10228936  0.04062659], [ 0.06175645 -0.00919602 -0.03014059]
900, [-0.04261504  1.10240731  0.04044158], [ 0.06557041 -0.01353288  0.03296569]
902, [-0.01938583  1.08553719  0.06655861], [ 0.07507376 -0.05688715 -0.02553572]
904, [-0.02183822  1.08711618  0.06412467], [ 0.07856294 -0.033107   -0.0438205 ]
905, [-0.03103298  1.09412923  0.05326529], [ 0.0440189  -0.00887965  0.03476596]
906, [-0.03103298  1.09412923  0.05326529], [ 0.0440189  -0.00887965  0.03476596]
907, [-0.02884589  1.0917412   0.05646931], [ 0.06377162 -0.00881135 -0.01409053]
908, [-0.02884589  1.0917412   0.05646931], [ 0.06377162 -0.00881135 -0.01409053]
909, [-0.02884589  1.0917412   0.05646931], [ 0.06377162 -0.00881135 -0.01409053]
910, [-0.02590583  1.08980793  0.05945538], [ 0.05775949 -0.02997173 -0.02629629]
911, [-0.02590583  1.08980793  0.05945538], [ 0.05775949 -0.02997173 -0.02629629]
912, [-0.02590583  1.08980793  0.05945538], [ 0.05775949 -0.02997173 -0.02629629]
913, [-0.02590583  1.08980793  0.05945538], [ 0.05775949 -0.02997173 -0.02629629]
914, [-0.02590583  1.08980793  0.05945538], [ 0.05775949 -0.02997173 -0.02629629]
915, [-0.02590583  1.08980793  0.05945538], [ 0.05775949 -0.02997173 -0.02629629]
916, [-0.02590583  1.08980793  0.05945538], [ 0.05775949 -0.02997173 -0.02629629]
917, [-0.02590583  1.08980793  0.05945538], [ 0.05775949 -0.02997173 -0.02629629]
918, [-0.02590583  1.08980793  0.05945538], [ 0.05775949 -0.02997173 -0.02629629]
919, [-0.02590583  1.08980793  0.05945538], [ 0.05775949 -0.02997173 -0.02629629]
921, [-0.02590583  1.08980793  0.05945538], [ 0.05775949 -0.02997173 -0.02629629]
922, [-0.042452    1.10228936  0.04062659], [ 0.06175645 -0.00919602 -0.03014059]
923, [-0.02884589  1.0917412   0.05646931], [ 0.06377162 -0.00881135 -0.01409053]
924, [-0.02884589  1.0917412   0.05646931], [ 0.06377162 -0.00881135 -0.01409053]
925, [-0.02884589  1.0917412   0.05646931], [ 0.06377162 -0.00881135 -0.01409053]
926, [-0.02831995  1.09243415  0.05639176], [ 0.06563894 -0.01094875  0.01694458]
927, [-0.03103298  1.09412923  0.05326529], [ 0.0440189  -0.00887965  0.03476596]
928, [-0.02884589  1.0917412   0.05646931], [ 0.06377162 -0.00881135 -0.01409053]
929, [-0.02884589  1.0917412   0.05646931], [ 0.06377162 -0.00881135 -0.01409053]
930, [-0.04261504  1.10240731  0.04044158], [ 0.06557041 -0.01353288  0.03296569]
934, [-0.042452    1.10228936  0.04062659], [ 0.06175645 -0.00919602 -0.03014059]
935, [-0.04261504  1.10240731  0.04044158], [ 0.06557041 -0.01353288  0.03296569]
936, [-0.04261504  1.10240731  0.04044158], [ 0.06557041 -0.01353288  0.03296569]
937, [-0.03658411  1.09850537  0.04698059], [ 0.08105654 -0.03795224  0.00249775]
938, [-0.04261504  1.10240731  0.04044158], [ 0.06557041 -0.01353288  0.03296569]
939, [-0.04261504  1.10240731  0.04044158], [ 0.06557041 -0.01353288  0.03296569]
940, [-0.0254991   1.08997007  0.05917778], [ 0.05869312 -0.03016456 -0.02679384]
942, [-0.03658411  1.09850537  0.04698059], [ 0.08105654 -0.03795224  0.00249775]
943, [-0.04261504  1.10240731  0.04044158], [ 0.06557041 -0.01353288  0.03296569]
944, [-0.042452    1.10228936  0.04062659], [ 0.06175645 -0.00919602 -0.03014059]
945, [-0.03941705  1.10035961  0.04411996], [ 0.087418   -0.0162889   0.01473436]
946, [-0.04261504  1.10240731  0.04044158], [ 0.06557041 -0.01353288  0.03296569]
950, [-0.03941705  1.10035961  0.04411996], [ 0.087418   -0.0162889   0.01473436]
953, [-0.03941705  1.10035961  0.04411996], [ 0.087418   -0.0162889   0.01473436]
954, [-0.03941705  1.10035961  0.04411996], [ 0.087418   -0.0162889   0.01473436]
955, [-0.02867372  1.0922317   0.05673168], [ 0.06463058 -0.01084292  0.0174301 ]
956, [-0.03103298  1.09412923  0.05326529], [ 0.0440189  -0.00887965  0.03476596]
957, [-0.04529804  1.10464285  0.03664515], [0.93263932 1.30706648 0.05066258]
958, [-0.03658411  1.09850537  0.04698059], [ 0.08105654 -0.03795224  0.00249775]
959, [-0.03658411  1.09850537  0.04698059], [ 0.08105654 -0.03795224  0.00249775]
960, [-0.02590583  1.08980793  0.05945538], [ 0.05775949 -0.02997173 -0.02629629]
961, [-0.02884589  1.0917412   0.05646931], [ 0.06377162 -0.00881135 -0.01409053]
962, [-0.02884589  1.0917412   0.05646931], [ 0.06377162 -0.00881135 -0.01409053]
963, [-0.02590583  1.08980793  0.05945538], [ 0.05775949 -0.02997173 -0.02629629]
964, [-0.02590583  1.08980793  0.05945538], [ 0.05775949 -0.02997173 -0.02629629]
965, [-0.02590583  1.08980793  0.05945538], [ 0.05775949 -0.02997173 -0.02629629]
966, [-0.02590583  1.08980793  0.05945538], [ 0.05775949 -0.02997173 -0.02629629]
967, [-0.01854108  1.08491757  0.06752094], [ 0.07173891 -0.05360938 -0.05555769]
968, [-0.042452    1.10228936  0.04062659], [ 0.06175645 -0.00919602 -0.03014059]
969, [-0.02590583  1.08980793  0.05945538], [ 0.05775949 -0.02997173 -0.02629629]
970, [-0.02884589  1.0917412   0.05646931], [ 0.06377162 -0.00881135 -0.01409053]
971, [-0.02884589  1.0917412   0.05646931], [ 0.06377162 -0.00881135 -0.01409053]
972, [-0.02884589  1.0917412   0.05646931], [ 0.06377162 -0.00881135 -0.01409053]
973, [-0.01741877  1.08418988  0.06918332], [ 0.04342644 -0.00616     0.01939786]
974, [-0.01741877  1.08418988  0.06918332], [ 0.04342644 -0.00616     0.01939786]
975, [-0.02831995  1.09243415  0.05639176], [ 0.06563894 -0.01094875  0.01694458]
976, [-0.02884589  1.0917412   0.05646931], [ 0.06377162 -0.00881135 -0.01409053]
977, [-0.02884589  1.0917412   0.05646931], [ 0.06377162 -0.00881135 -0.01409053]
978, [-0.02884589  1.0917412   0.05646931], [ 0.06377162 -0.00881135 -0.01409053]
979, [-0.02569276  1.09072793  0.05902304], [ 0.05990925 -0.03223095  0.00465849]
980, [-0.02569276  1.09072793  0.05902304], [ 0.05990925 -0.03223095  0.00465849]
981, [-0.02569276  1.09072793  0.05902304], [ 0.05990925 -0.03223095  0.00465849]
982, [-0.042452    1.10228936  0.04062659], [ 0.06175645 -0.00919602 -0.03014059]
983, [-0.02590583  1.08980793  0.05945538], [ 0.05775949 -0.02997173 -0.02629629]
984, [-0.02884589  1.0917412   0.05646931], [ 0.06377162 -0.00881135 -0.01409053]
985, [-0.02884589  1.0917412   0.05646931], [ 0.06377162 -0.00881135 -0.01409053]
986, [-0.02884589  1.0917412   0.05646931], [ 0.06377162 -0.00881135 -0.01409053]
987, [-0.02884589  1.0917412   0.05646931], [ 0.06377162 -0.00881135 -0.01409053]
988, [-0.02884589  1.0917412   0.05646931], [ 0.06377162 -0.00881135 -0.01409053]
989, [-0.042452    1.10228936  0.04062659], [ 0.06175645 -0.00919602 -0.03014059]
990, [-0.04529804  1.10464285  0.03664515], [0.93263932 1.30706648 0.05066258]
991, [-0.04261504  1.10240731  0.04044158], [ 0.06557041 -0.01353288  0.03296569]
992, [-0.03658411  1.09850537  0.04698059], [ 0.08105654 -0.03795224  0.00249775]
993, [-0.03658411  1.09850537  0.04698059], [ 0.08105654 -0.03795224  0.00249775]
994, [-0.04818985  1.10644161  0.03366636], [0.04653356 0.01392413 0.03274369]
995, [-0.0348424   1.09722557  0.04896547], [ 0.07661106 -0.03387474 -0.06019544]
996, [-0.0348424   1.09722557  0.04896547], [ 0.07661106 -0.03387474 -0.06019544]
997, [-0.04261504  1.10240731  0.04044158], [ 0.06557041 -0.01353288  0.03296569]
998, [-0.03941705  1.10035961  0.04411996], [ 0.087418   -0.0162889   0.01473436]
999, [-0.03658411  1.09850537  0.04698059], [ 0.08105654 -0.03795224  0.00249775]
1000, [-0.04261504  1.10240731  0.04044158], [ 0.06557041 -0.01353288  0.03296569]
1001, [-0.04261504  1.10240731  0.04044158], [ 0.06557041 -0.01353288  0.03296569]
1002, [-0.03103298  1.09412923  0.05326529], [ 0.0440189  -0.00887965  0.03476596]
1003, [-0.042452    1.10228936  0.04062659], [ 0.06175645 -0.00919602 -0.03014059]
1004, [-0.04261504  1.10240731  0.04044158], [ 0.06557041 -0.01353288  0.03296569]
1005, [-0.02884589  1.0917412   0.05646931], [ 0.06377162 -0.00881135 -0.01409053]
1007, [-0.042452    1.10228936  0.04062659], [ 0.06175645 -0.00919602 -0.03014059]
1008, [-0.042452    1.10228936  0.04062659], [ 0.06175645 -0.00919602 -0.03014059]
1009, [-0.042452    1.10228936  0.04062659], [ 0.06175645 -0.00919602 -0.03014059]
1010, [-0.042452    1.10228936  0.04062659], [ 0.06175645 -0.00919602 -0.03014059]
1011, [-0.02569276  1.09072793  0.05902304], [ 0.05990925 -0.03223095  0.00465849]
1012, [-0.03103298  1.09412923  0.05326529], [ 0.0440189  -0.00887965  0.03476596]
1013, [-0.04261504  1.10240731  0.04044158], [ 0.06557041 -0.01353288  0.03296569]
1014, [-0.04261504  1.10240731  0.04044158], [ 0.06557041 -0.01353288  0.03296569]
1015, [-0.03103298  1.09412923  0.05326529], [ 0.0440189  -0.00887965  0.03476596]
1016, [-0.03103298  1.09412923  0.05326529], [ 0.0440189  -0.00887965  0.03476596]
1017, [-0.03103298  1.09412923  0.05326529], [ 0.0440189  -0.00887965  0.03476596]
1018, [-0.03103298  1.09412923  0.05326529], [ 0.0440189  -0.00887965  0.03476596]
1019, [-0.03103298  1.09412923  0.05326529], [ 0.0440189  -0.00887965  0.03476596]
1020, [-0.03103298  1.09412923  0.05326529], [ 0.0440189  -0.00887965  0.03476596]
1022, [-0.0348424   1.09722557  0.04896547], [ 0.07661106 -0.03387474 -0.06019544]
1023, [-0.0348424   1.09722557  0.04896547], [ 0.07661106 -0.03387474 -0.06019544]
1024, [-0.0348424   1.09722557  0.04896547], [ 0.07661106 -0.03387474 -0.06019544]
1025, [-0.0348424   1.09722557  0.04896547], [ 0.07661106 -0.03387474 -0.06019544]
1026, [-0.0348424   1.09722557  0.04896547], [ 0.07661106 -0.03387474 -0.06019544]
1029, [-0.02824957  1.09228341  0.05608423], [ 0.09308168 -0.06068657 -0.05880526]
1030, [-0.02824957  1.09228341  0.05608423], [ 0.09308168 -0.06068657 -0.05880526]
1031, [-0.03635786  1.09771645  0.04717187], [ 0.07972164 -0.0361006  -0.02929972]
1032, [-0.04261504  1.10240731  0.04044158], [ 0.06557041 -0.01353288  0.03296569]
1033, [-0.04261504  1.10240731  0.04044158], [ 0.06557041 -0.01353288  0.03296569]
1034, [-0.03828144  1.09952571  0.04541365], [ 0.08352494 -0.01251048 -0.04812978]
1035, [-0.04261504  1.10240731  0.04044158], [ 0.06557041 -0.01353288  0.03296569]
1036, [-0.04261504  1.10240731  0.04044158], [ 0.06557041 -0.01353288  0.03296569]
1037, [-0.03658411  1.09850537  0.04698059], [ 0.08105654 -0.03795224  0.00249775]
1038, [-0.03658411  1.09850537  0.04698059], [ 0.08105654 -0.03795224  0.00249775]
1039, [-0.04261504  1.10240731  0.04044158], [ 0.06557041 -0.01353288  0.03296569]
1040, [-0.04261504  1.10240731  0.04044158], [ 0.06557041 -0.01353288  0.03296569]
1041, [-0.04261504  1.10240731  0.04044158], [ 0.06557041 -0.01353288  0.03296569]
1042, [-0.02607282  1.09054592  0.0593312 ], [ 0.05897365 -0.03208208  0.00513839]
1043, [-0.02590583  1.08980793  0.05945538], [ 0.05775949 -0.02997173 -0.02629629]
1044, [-0.02590583  1.08980793  0.05945538], [ 0.05775949 -0.02997173 -0.02629629]
1045, [-0.02590583  1.08980793  0.05945538], [ 0.05775949 -0.02997173 -0.02629629]
1046, [-0.02590583  1.08980793  0.05945538], [ 0.05775949 -0.02997173 -0.02629629]
1047, [-0.02590583  1.08980793  0.05945538], [ 0.05775949 -0.02997173 -0.02629629]
1048, [-0.02590583  1.08980793  0.05945538], [ 0.05775949 -0.02997173 -0.02629629]
1049, [-0.02590583  1.08980793  0.05945538], [ 0.05775949 -0.02997173 -0.02629629]
1050, [-0.02590583  1.08980793  0.05945538], [ 0.05775949 -0.02997173 -0.02629629]
1053, [-0.04460333  1.10411101  0.03778931], [ 0.06662712  0.01290669 -0.01706332]
