frame index, translation vector, rotation vector
1, [ 1.73741426  0.02394378 -0.08266126], [-0.57089997 -1.16329528  0.00759671]
2, [ 1.72316252  0.03078116 -0.0623485 ], [-0.58274785 -1.18582371  0.01332433]
3, [ 1.73067353  0.02745578 -0.07266208], [-0.54455075 -1.20129559  0.00493398]
4, [ 1.73067353  0.02745578 -0.07266208], [-0.54455075 -1.20129559  0.00493398]
5, [ 1.73067353  0.02745578 -0.07266208], [-0.54455075 -1.20129559  0.00493398]
6, [ 1.73840719  0.02431188 -0.08326231], [-0.57183703 -1.16196182  0.00753945]
7, [ 1.73067353  0.02745578 -0.07266208], [-0.54455075 -1.20129559  0.00493398]
8, [ 1.73067353  0.02745578 -0.07266208], [-0.54455075 -1.20129559  0.00493398]
9, [ 1.73067353  0.02745578 -0.07266208], [-0.54455075 -1.20129559  0.00493398]
10, [ 1.73067353  0.02745578 -0.07266208], [-0.54455075 -1.20129559  0.00493398]
11, [ 1.73067353  0.02745578 -0.07266208], [-0.54455075 -1.20129559  0.00493398]
12, [ 1.73067353  0.02745578 -0.07266208], [-0.54455075 -1.20129559  0.00493398]
13, [ 1.73067353  0.02745578 -0.07266208], [-0.54455075 -1.20129559  0.00493398]
14, [ 1.73067353  0.02745578 -0.07266208], [-0.54455075 -1.20129559  0.00493398]
15, [ 1.73067353  0.02745578 -0.07266208], [-0.54455075 -1.20129559  0.00493398]
16, [ 1.73067353  0.02745578 -0.07266208], [-0.54455075 -1.20129559  0.00493398]
17, [ 1.73067353  0.02745578 -0.07266208], [-0.54455075 -1.20129559  0.00493398]
18, [ 1.73067353  0.02745578 -0.07266208], [-0.54455075 -1.20129559  0.00493398]
19, [ 1.73067353  0.02745578 -0.07266208], [-0.54455075 -1.20129559  0.00493398]
20, [ 1.73840719  0.02431188 -0.08326231], [-0.57183703 -1.16196182  0.00753945]
21, [ 1.73067353  0.02745578 -0.07266208], [-0.54455075 -1.20129559  0.00493398]
22, [ 1.73067353  0.02745578 -0.07266208], [-0.54455075 -1.20129559  0.00493398]
23, [ 1.73067353  0.02745578 -0.07266208], [-0.54455075 -1.20129559  0.00493398]
24, [ 1.73067353  0.02745578 -0.07266208], [-0.54455075 -1.20129559  0.00493398]
25, [ 1.73067353  0.02745578 -0.07266208], [-0.54455075 -1.20129559  0.00493398]
26, [ 1.73067353  0.02745578 -0.07266208], [-0.54455075 -1.20129559  0.00493398]
27, [ 1.73067353  0.02745578 -0.07266208], [-0.54455075 -1.20129559  0.00493398]
28, [ 1.73067353  0.02745578 -0.07266208], [-0.54455075 -1.20129559  0.00493398]
29, [ 1.73067353  0.02745578 -0.07266208], [-0.54455075 -1.20129559  0.00493398]
30, [ 1.73067353  0.02745578 -0.07266208], [-0.54455075 -1.20129559  0.00493398]
31, [ 1.72959979  0.02768343 -0.07189181], [-0.5619026  -1.19161294  0.02678719]
32, [ 1.72250753  0.03135276 -0.06139197], [-0.5374754  -1.22862713  0.02340404]
33, [ 1.72250753  0.03135276 -0.06139197], [-0.5374754  -1.22862713  0.02340404]
34, [ 1.72250753  0.03135276 -0.06139197], [-0.5374754  -1.22862713  0.02340404]
35, [ 1.72250753  0.03135276 -0.06139197], [-0.5374754  -1.22862713  0.02340404]
36, [ 1.72250753  0.03135276 -0.06139197], [-0.5374754  -1.22862713  0.02340404]
37, [ 1.71671757  0.03414821 -0.05277674], [-0.55741886 -1.22192605  0.01022358]
38, [ 1.71671757  0.03414821 -0.05277674], [-0.55741886 -1.22192605  0.01022358]
39, [ 1.71671757  0.03414821 -0.05277674], [-0.55741886 -1.22192605  0.01022358]
40, [ 1.71671757  0.03414821 -0.05277674], [-0.55741886 -1.22192605  0.01022358]
41, [ 1.71671757  0.03414821 -0.05277674], [-0.55741886 -1.22192605  0.01022358]
42, [ 1.71671757  0.03414821 -0.05277674], [-0.55741886 -1.22192605  0.01022358]
43, [ 1.71671757  0.03414821 -0.05277674], [-0.55741886 -1.22192605  0.01022358]
44, [ 1.72250753  0.03135276 -0.06139197], [-0.5374754  -1.22862713  0.02340404]
45, [ 1.72250753  0.03135276 -0.06139197], [-0.5374754  -1.22862713  0.02340404]
46, [ 1.72250753  0.03135276 -0.06139197], [-0.5374754  -1.22862713  0.02340404]
47, [ 1.72250753  0.03135276 -0.06139197], [-0.5374754  -1.22862713  0.02340404]
48, [ 1.72376589  0.0305068  -0.06204006], [-0.01927463  0.03504615  0.00256567]
49, [ 1.72376589  0.0305068  -0.06204006], [-0.01927463  0.03504615  0.00256567]
50, [ 1.72376589  0.0305068  -0.06204006], [-0.01927463  0.03504615  0.00256567]
51, [ 1.72376589  0.0305068  -0.06204006], [-0.01927463  0.03504615  0.00256567]
52, [ 1.72376589  0.0305068  -0.06204006], [-0.01927463  0.03504615  0.00256567]
53, [ 1.72376589  0.0305068  -0.06204006], [-0.01927463  0.03504615  0.00256567]
54, [ 1.72376589  0.0305068  -0.06204006], [-0.01927463  0.03504615  0.00256567]
55, [ 1.72376589  0.0305068  -0.06204006], [-0.01927463  0.03504615  0.00256567]
56, [ 1.72376589  0.0305068  -0.06204006], [-0.01927463  0.03504615  0.00256567]
57, [ 1.72376589  0.0305068  -0.06204006], [-0.01927463  0.03504615  0.00256567]
58, [ 1.72376589  0.0305068  -0.06204006], [-0.01927463  0.03504615  0.00256567]
59, [ 1.72376589  0.0305068  -0.06204006], [-0.01927463  0.03504615  0.00256567]
60, [ 1.72376589  0.0305068  -0.06204006], [-0.01927463  0.03504615  0.00256567]
61, [ 1.73602371  0.02526612 -0.07983411], [ 0.01476901 -0.00383746  0.01542414]
62, [ 1.73602371  0.02526612 -0.07983411], [ 0.01476901 -0.00383746  0.01542414]
63, [ 1.73602371  0.02526612 -0.07983411], [ 0.01476901 -0.00383746  0.01542414]
64, [ 1.73602371  0.02526612 -0.07983411], [ 0.01476901 -0.00383746  0.01542414]
65, [ 1.73602371  0.02526612 -0.07983411], [ 0.01476901 -0.00383746  0.01542414]
66, [ 1.73602371  0.02526612 -0.07983411], [ 0.01476901 -0.00383746  0.01542414]
67, [ 1.73602371  0.02526612 -0.07983411], [ 0.01476901 -0.00383746  0.01542414]
68, [ 1.73602371  0.02526612 -0.07983411], [ 0.01476901 -0.00383746  0.01542414]
69, [ 1.73602371  0.02526612 -0.07983411], [ 0.01476901 -0.00383746  0.01542414]
70, [ 1.73602371  0.02526612 -0.07983411], [ 0.01476901 -0.00383746  0.01542414]
71, [ 1.73602371  0.02526612 -0.07983411], [ 0.01476901 -0.00383746  0.01542414]
72, [ 1.73602371  0.02526612 -0.07983411], [ 0.01476901 -0.00383746  0.01542414]
73, [ 1.73602371  0.02526612 -0.07983411], [ 0.01476901 -0.00383746  0.01542414]
74, [ 1.73602371  0.02526612 -0.07983411], [ 0.01476901 -0.00383746  0.01542414]
75, [ 1.73602371  0.02526612 -0.07983411], [ 0.01476901 -0.00383746  0.01542414]
76, [ 1.73602371  0.02526612 -0.07983411], [ 0.01476901 -0.00383746  0.01542414]
77, [ 1.73602371  0.02526612 -0.07983411], [ 0.01476901 -0.00383746  0.01542414]
78, [ 1.73602371  0.02526612 -0.07983411], [ 0.01476901 -0.00383746  0.01542414]
79, [ 1.73602371  0.02526612 -0.07983411], [ 0.01476901 -0.00383746  0.01542414]
80, [ 1.73602371  0.02526612 -0.07983411], [ 0.01476901 -0.00383746  0.01542414]
81, [ 1.73602371  0.02526612 -0.07983411], [ 0.01476901 -0.00383746  0.01542414]
82, [ 1.73602371  0.02526612 -0.07983411], [ 0.01476901 -0.00383746  0.01542414]
83, [ 1.72176168  0.03210286 -0.05992967], [-0.58534359 -1.20929332  0.0086663 ]
84, [ 1.72176168  0.03210286 -0.05992967], [-0.58534359 -1.20929332  0.0086663 ]
85, [ 1.72176168  0.03210286 -0.05992967], [-0.58534359 -1.20929332  0.0086663 ]
86, [ 1.72176168  0.03210286 -0.05992967], [-0.58534359 -1.20929332  0.0086663 ]
87, [ 1.72176168  0.03210286 -0.05992967], [-0.58534359 -1.20929332  0.0086663 ]
88, [ 1.71671757  0.03414821 -0.05277674], [-0.55741886 -1.22192605  0.01022358]
89, [ 1.71671757  0.03414821 -0.05277674], [-0.55741886 -1.22192605  0.01022358]
90, [ 1.71671757  0.03414821 -0.05277674], [-0.55741886 -1.22192605  0.01022358]
91, [ 1.73067353  0.02745578 -0.07266208], [-0.54455075 -1.20129559  0.00493398]
92, [ 1.73067353  0.02745578 -0.07266208], [-0.54455075 -1.20129559  0.00493398]
93, [ 1.73067353  0.02745578 -0.07266208], [-0.54455075 -1.20129559  0.00493398]
94, [ 1.73067353  0.02745578 -0.07266208], [-0.54455075 -1.20129559  0.00493398]
95, [ 1.7352893   0.0250565  -0.07925283], [-0.57377628 -1.18916742  0.00299625]
96, [ 1.7352893   0.0250565  -0.07925283], [-0.57377628 -1.18916742  0.00299625]
97, [ 1.73067353  0.02745578 -0.07266208], [-0.54455075 -1.20129559  0.00493398]
98, [ 1.73067353  0.02745578 -0.07266208], [-0.54455075 -1.20129559  0.00493398]
99, [ 1.7352893   0.0250565  -0.07925283], [-0.57377628 -1.18916742  0.00299625]
100, [ 1.7352893   0.0250565  -0.07925283], [-0.57377628 -1.18916742  0.00299625]
101, [ 1.7352893   0.0250565  -0.07925283], [-0.57377628 -1.18916742  0.00299625]
102, [ 1.7352893   0.0250565  -0.07925283], [-0.57377628 -1.18916742  0.00299625]
103, [ 1.7352893   0.0250565  -0.07925283], [-0.57377628 -1.18916742  0.00299625]
104, [ 1.7352893   0.0250565  -0.07925283], [-0.57377628 -1.18916742  0.00299625]
105, [ 1.73067353  0.02745578 -0.07266208], [-0.54455075 -1.20129559  0.00493398]
106, [ 1.73067353  0.02745578 -0.07266208], [-0.54455075 -1.20129559  0.00493398]
107, [ 1.73067353  0.02745578 -0.07266208], [-0.54455075 -1.20129559  0.00493398]
108, [ 1.7352893   0.0250565  -0.07925283], [-0.57377628 -1.18916742  0.00299625]
109, [ 1.7352893   0.0250565  -0.07925283], [-0.57377628 -1.18916742  0.00299625]
110, [ 1.7352893   0.0250565  -0.07925283], [-0.57377628 -1.18916742  0.00299625]
111, [ 1.7352893   0.0250565  -0.07925283], [-0.57377628 -1.18916742  0.00299625]
112, [ 1.7352893   0.0250565  -0.07925283], [-0.57377628 -1.18916742  0.00299625]
113, [ 1.7352893   0.0250565  -0.07925283], [-0.57377628 -1.18916742  0.00299625]
114, [ 1.7352893   0.0250565  -0.07925283], [-0.57377628 -1.18916742  0.00299625]
115, [ 1.7352893   0.0250565  -0.07925283], [-0.57377628 -1.18916742  0.00299625]
116, [ 1.73067353  0.02745578 -0.07266208], [-0.54455075 -1.20129559  0.00493398]
117, [ 1.73067353  0.02745578 -0.07266208], [-0.54455075 -1.20129559  0.00493398]
118, [ 1.73067353  0.02745578 -0.07266208], [-0.54455075 -1.20129559  0.00493398]
119, [ 1.73067353  0.02745578 -0.07266208], [-0.54455075 -1.20129559  0.00493398]
120, [ 1.73067353  0.02745578 -0.07266208], [-0.54455075 -1.20129559  0.00493398]
121, [ 1.73067353  0.02745578 -0.07266208], [-0.54455075 -1.20129559  0.00493398]
122, [ 1.72376589  0.0305068  -0.06204006], [-0.01927463  0.03504615  0.00256567]
123, [ 1.73155172  0.02732204 -0.07273007], [-0.00623369  0.00310329  0.02646111]
124, [ 1.72376589  0.0305068  -0.06204006], [-0.01927463  0.03504615  0.00256567]
125, [ 1.72141333  0.03200311 -0.05901349], [-0.01077647  0.05366929  0.02222156]
126, [ 1.72376589  0.0305068  -0.06204006], [-0.01927463  0.03504615  0.00256567]
127, [ 1.72376589  0.0305068  -0.06204006], [-0.01927463  0.03504615  0.00256567]
128, [ 1.72376589  0.0305068  -0.06204006], [-0.01927463  0.03504615  0.00256567]
129, [ 1.72376589  0.0305068  -0.06204006], [-0.01927463  0.03504615  0.00256567]
130, [ 1.72376589  0.0305068  -0.06204006], [-0.01927463  0.03504615  0.00256567]
131, [ 1.72376589  0.0305068  -0.06204006], [-0.01927463  0.03504615  0.00256567]
132, [ 1.73155172  0.02732204 -0.07273007], [-0.00623369  0.00310329  0.02646111]
133, [ 1.72376589  0.0305068  -0.06204006], [-0.01927463  0.03504615  0.00256567]
134, [ 1.72376589  0.0305068  -0.06204006], [-0.01927463  0.03504615  0.00256567]
135, [ 1.72376589  0.0305068  -0.06204006], [-0.01927463  0.03504615  0.00256567]
136, [ 1.72376589  0.0305068  -0.06204006], [-0.01927463  0.03504615  0.00256567]
137, [ 1.72376589  0.0305068  -0.06204006], [-0.01927463  0.03504615  0.00256567]
138, [ 1.72376589  0.0305068  -0.06204006], [-0.01927463  0.03504615  0.00256567]
139, [ 1.72376589  0.0305068  -0.06204006], [-0.01927463  0.03504615  0.00256567]
140, [ 1.72376589  0.0305068  -0.06204006], [-0.01927463  0.03504615  0.00256567]
141, [ 1.72376589  0.0305068  -0.06204006], [-0.01927463  0.03504615  0.00256567]
142, [ 1.72380807  0.03101898 -0.06249188], [-0.5551284  -1.21690165  0.04527233]
143, [ 1.73155172  0.02732204 -0.07273007], [-0.00623369  0.00310329  0.02646111]
144, [ 1.73155172  0.02732204 -0.07273007], [-0.00623369  0.00310329  0.02646111]
145, [ 1.73155172  0.02732204 -0.07273007], [-0.00623369  0.00310329  0.02646111]
146, [ 1.73155172  0.02732204 -0.07273007], [-0.00623369  0.00310329  0.02646111]
147, [ 1.73155172  0.02732204 -0.07273007], [-0.00623369  0.00310329  0.02646111]
148, [ 1.73155172  0.02732204 -0.07273007], [-0.00623369  0.00310329  0.02646111]
149, [ 1.73155172  0.02732204 -0.07273007], [-0.00623369  0.00310329  0.02646111]
150, [ 1.73155172  0.02732204 -0.07273007], [-0.00623369  0.00310329  0.02646111]
151, [ 1.73067353  0.02745578 -0.07266208], [-0.54455075 -1.20129559  0.00493398]
152, [ 1.73067353  0.02745578 -0.07266208], [-0.54455075 -1.20129559  0.00493398]
153, [ 1.73067353  0.02745578 -0.07266208], [-0.54455075 -1.20129559  0.00493398]
154, [ 1.73067353  0.02745578 -0.07266208], [-0.54455075 -1.20129559  0.00493398]
155, [ 1.73067353  0.02745578 -0.07266208], [-0.54455075 -1.20129559  0.00493398]
156, [ 1.73067353  0.02745578 -0.07266208], [-0.54455075 -1.20129559  0.00493398]
157, [ 1.73067353  0.02745578 -0.07266208], [-0.54455075 -1.20129559  0.00493398]
158, [ 1.72376589  0.0305068  -0.06204006], [-0.01927463  0.03504615  0.00256567]
159, [ 1.72376589  0.0305068  -0.06204006], [-0.01927463  0.03504615  0.00256567]
160, [ 1.72376589  0.0305068  -0.06204006], [-0.01927463  0.03504615  0.00256567]
161, [ 1.72376589  0.0305068  -0.06204006], [-0.01927463  0.03504615  0.00256567]
162, [ 1.72376589  0.0305068  -0.06204006], [-0.01927463  0.03504615  0.00256567]
163, [ 1.72376589  0.0305068  -0.06204006], [-0.01927463  0.03504615  0.00256567]
164, [ 1.72376589  0.0305068  -0.06204006], [-0.01927463  0.03504615  0.00256567]
165, [ 1.72376589  0.0305068  -0.06204006], [-0.01927463  0.03504615  0.00256567]
166, [ 1.73067353  0.02745578 -0.07266208], [-0.54455075 -1.20129559  0.00493398]
167, [ 1.73067353  0.02745578 -0.07266208], [-0.54455075 -1.20129559  0.00493398]
168, [ 1.73067353  0.02745578 -0.07266208], [-0.54455075 -1.20129559  0.00493398]
169, [ 1.73067353  0.02745578 -0.07266208], [-0.54455075 -1.20129559  0.00493398]
170, [ 1.73067353  0.02745578 -0.07266208], [-0.54455075 -1.20129559  0.00493398]
171, [ 1.73067353  0.02745578 -0.07266208], [-0.54455075 -1.20129559  0.00493398]
172, [ 1.73067353  0.02745578 -0.07266208], [-0.54455075 -1.20129559  0.00493398]
173, [ 1.73067353  0.02745578 -0.07266208], [-0.54455075 -1.20129559  0.00493398]
174, [ 1.72376589  0.0305068  -0.06204006], [-0.01927463  0.03504615  0.00256567]
175, [ 1.72376589  0.0305068  -0.06204006], [-0.01927463  0.03504615  0.00256567]
176, [ 1.72376589  0.0305068  -0.06204006], [-0.01927463  0.03504615  0.00256567]
177, [ 1.73067353  0.02745578 -0.07266208], [-0.54455075 -1.20129559  0.00493398]
178, [ 1.73067353  0.02745578 -0.07266208], [-0.54455075 -1.20129559  0.00493398]
179, [ 1.73067353  0.02745578 -0.07266208], [-0.54455075 -1.20129559  0.00493398]
180, [ 1.73067353  0.02745578 -0.07266208], [-0.54455075 -1.20129559  0.00493398]
181, [ 1.73840719  0.02431188 -0.08326231], [-0.57183703 -1.16196182  0.00753945]
182, [ 1.72810284  0.02905534 -0.06933184], [-0.56528172 -1.21521074  0.02187747]
183, [ 1.72810284  0.02905534 -0.06933184], [-0.56528172 -1.21521074  0.02187747]
184, [ 1.72810284  0.02905534 -0.06933184], [-0.56528172 -1.21521074  0.02187747]
185, [ 1.72810284  0.02905534 -0.06933184], [-0.56528172 -1.21521074  0.02187747]
186, [ 1.72810284  0.02905534 -0.06933184], [-0.56528172 -1.21521074  0.02187747]
187, [ 1.72810284  0.02905534 -0.06933184], [-0.56528172 -1.21521074  0.02187747]
188, [ 1.72810284  0.02905534 -0.06933184], [-0.56528172 -1.21521074  0.02187747]
189, [ 1.72810284  0.02905534 -0.06933184], [-0.56528172 -1.21521074  0.02187747]
190, [ 1.73057685  0.02805147 -0.07247783], [-0.56275502 -1.19041212  0.02677493]
191, [ 1.73057685  0.02805147 -0.07247783], [-0.56275502 -1.19041212  0.02677493]
192, [ 1.73057685  0.02805147 -0.07247783], [-0.56275502 -1.19041212  0.02677493]
193, [ 1.73057685  0.02805147 -0.07247783], [-0.56275502 -1.19041212  0.02677493]
194, [ 1.72250753  0.03135276 -0.06139197], [-0.5374754  -1.22862713  0.02340404]
195, [ 1.72250753  0.03135276 -0.06139197], [-0.5374754  -1.22862713  0.02340404]
196, [ 1.72250753  0.03135276 -0.06139197], [-0.5374754  -1.22862713  0.02340404]
197, [ 1.72250753  0.03135276 -0.06139197], [-0.5374754  -1.22862713  0.02340404]
198, [ 1.72250753  0.03135276 -0.06139197], [-0.5374754  -1.22862713  0.02340404]
199, [ 1.72250753  0.03135276 -0.06139197], [-0.5374754  -1.22862713  0.02340404]
200, [ 1.72250753  0.03135276 -0.06139197], [-0.5374754  -1.22862713  0.02340404]
201, [ 1.72250753  0.03135276 -0.06139197], [-0.5374754  -1.22862713  0.02340404]
202, [ 1.72250753  0.03135276 -0.06139197], [-0.5374754  -1.22862713  0.02340404]
203, [ 1.72250753  0.03135276 -0.06139197], [-0.5374754  -1.22862713  0.02340404]
204, [ 1.72250753  0.03135276 -0.06139197], [-0.5374754  -1.22862713  0.02340404]
205, [ 1.72250753  0.03135276 -0.06139197], [-0.5374754  -1.22862713  0.02340404]
206, [ 1.72250753  0.03135276 -0.06139197], [-0.5374754  -1.22862713  0.02340404]
207, [ 1.73067353  0.02745578 -0.07266208], [-0.54455075 -1.20129559  0.00493398]
208, [ 1.73067353  0.02745578 -0.07266208], [-0.54455075 -1.20129559  0.00493398]
209, [ 1.73067353  0.02745578 -0.07266208], [-0.54455075 -1.20129559  0.00493398]
210, [ 1.73067353  0.02745578 -0.07266208], [-0.54455075 -1.20129559  0.00493398]
211, [ 1.71671757  0.03414821 -0.05277674], [-0.55741886 -1.22192605  0.01022358]
212, [ 1.71671757  0.03414821 -0.05277674], [-0.55741886 -1.22192605  0.01022358]
213, [ 1.73067353  0.02745578 -0.07266208], [-0.54455075 -1.20129559  0.00493398]
214, [ 1.72250753  0.03135276 -0.06139197], [-0.5374754  -1.22862713  0.02340404]
215, [ 1.72250753  0.03135276 -0.06139197], [-0.5374754  -1.22862713  0.02340404]
216, [ 1.72250753  0.03135276 -0.06139197], [-0.5374754  -1.22862713  0.02340404]
217, [ 1.72250753  0.03135276 -0.06139197], [-0.5374754  -1.22862713  0.02340404]
218, [ 1.72250753  0.03135276 -0.06139197], [-0.5374754  -1.22862713  0.02340404]
219, [ 1.72250753  0.03135276 -0.06139197], [-0.5374754  -1.22862713  0.02340404]
220, [ 1.72250753  0.03135276 -0.06139197], [-0.5374754  -1.22862713  0.02340404]
221, [ 1.72250753  0.03135276 -0.06139197], [-0.5374754  -1.22862713  0.02340404]
222, [ 1.72250753  0.03135276 -0.06139197], [-0.5374754  -1.22862713  0.02340404]
223, [ 1.72250753  0.03135276 -0.06139197], [-0.5374754  -1.22862713  0.02340404]
224, [ 1.72250753  0.03135276 -0.06139197], [-0.5374754  -1.22862713  0.02340404]
225, [ 1.72250753  0.03135276 -0.06139197], [-0.5374754  -1.22862713  0.02340404]
226, [ 1.72250753  0.03135276 -0.06139197], [-0.5374754  -1.22862713  0.02340404]
227, [ 1.72250753  0.03135276 -0.06139197], [-0.5374754  -1.22862713  0.02340404]
228, [ 1.72250753  0.03135276 -0.06139197], [-0.5374754  -1.22862713  0.02340404]
229, [ 1.72250753  0.03135276 -0.06139197], [-0.5374754  -1.22862713  0.02340404]
230, [ 1.72250753  0.03135276 -0.06139197], [-0.5374754  -1.22862713  0.02340404]
231, [ 1.72250753  0.03135276 -0.06139197], [-0.5374754  -1.22862713  0.02340404]
232, [ 1.72250753  0.03135276 -0.06139197], [-0.5374754  -1.22862713  0.02340404]
233, [ 1.73067353  0.02745578 -0.07266208], [-0.54455075 -1.20129559  0.00493398]
234, [ 1.72250753  0.03135276 -0.06139197], [-0.5374754  -1.22862713  0.02340404]
235, [ 1.72250753  0.03135276 -0.06139197], [-0.5374754  -1.22862713  0.02340404]
236, [ 1.72250753  0.03135276 -0.06139197], [-0.5374754  -1.22862713  0.02340404]
237, [ 1.72250753  0.03135276 -0.06139197], [-0.5374754  -1.22862713  0.02340404]
238, [ 1.72250753  0.03135276 -0.06139197], [-0.5374754  -1.22862713  0.02340404]
239, [ 1.72250753  0.03135276 -0.06139197], [-0.5374754  -1.22862713  0.02340404]
240, [ 1.72250753  0.03135276 -0.06139197], [-0.5374754  -1.22862713  0.02340404]
241, [ 1.7352893   0.0250565  -0.07925283], [-0.57377628 -1.18916742  0.00299625]
242, [ 1.7352893   0.0250565  -0.07925283], [-0.57377628 -1.18916742  0.00299625]
243, [ 1.7352893   0.0250565  -0.07925283], [-0.57377628 -1.18916742  0.00299625]
244, [ 1.7352893   0.0250565  -0.07925283], [-0.57377628 -1.18916742  0.00299625]
245, [ 1.73067353  0.02745578 -0.07266208], [-0.54455075 -1.20129559  0.00493398]
246, [ 1.73067353  0.02745578 -0.07266208], [-0.54455075 -1.20129559  0.00493398]
247, [ 1.73067353  0.02745578 -0.07266208], [-0.54455075 -1.20129559  0.00493398]
248, [ 1.73067353  0.02745578 -0.07266208], [-0.54455075 -1.20129559  0.00493398]
249, [ 1.73067353  0.02745578 -0.07266208], [-0.54455075 -1.20129559  0.00493398]
250, [ 1.73067353  0.02745578 -0.07266208], [-0.54455075 -1.20129559  0.00493398]
251, [ 1.73067353  0.02745578 -0.07266208], [-0.54455075 -1.20129559  0.00493398]
252, [ 1.73067353  0.02745578 -0.07266208], [-0.54455075 -1.20129559  0.00493398]
253, [ 1.73067353  0.02745578 -0.07266208], [-0.54455075 -1.20129559  0.00493398]
254, [ 1.73067353  0.02745578 -0.07266208], [-0.54455075 -1.20129559  0.00493398]
255, [ 1.73067353  0.02745578 -0.07266208], [-0.54455075 -1.20129559  0.00493398]
256, [ 1.73067353  0.02745578 -0.07266208], [-0.54455075 -1.20129559  0.00493398]
257, [ 1.73067353  0.02745578 -0.07266208], [-0.54455075 -1.20129559  0.00493398]
258, [ 1.73067353  0.02745578 -0.07266208], [-0.54455075 -1.20129559  0.00493398]
259, [ 1.73067353  0.02745578 -0.07266208], [-0.54455075 -1.20129559  0.00493398]
260, [ 1.73067353  0.02745578 -0.07266208], [-0.54455075 -1.20129559  0.00493398]
261, [ 1.73067353  0.02745578 -0.07266208], [-0.54455075 -1.20129559  0.00493398]
262, [ 1.73067353  0.02745578 -0.07266208], [-0.54455075 -1.20129559  0.00493398]
263, [ 1.73067353  0.02745578 -0.07266208], [-0.54455075 -1.20129559  0.00493398]
264, [ 1.73067353  0.02745578 -0.07266208], [-0.54455075 -1.20129559  0.00493398]
265, [ 1.73067353  0.02745578 -0.07266208], [-0.54455075 -1.20129559  0.00493398]
266, [ 1.73067353  0.02745578 -0.07266208], [-0.54455075 -1.20129559  0.00493398]
267, [ 1.73067353  0.02745578 -0.07266208], [-0.54455075 -1.20129559  0.00493398]
268, [ 1.73067353  0.02745578 -0.07266208], [-0.54455075 -1.20129559  0.00493398]
269, [ 1.73067353  0.02745578 -0.07266208], [-0.54455075 -1.20129559  0.00493398]
270, [ 1.73067353  0.02745578 -0.07266208], [-0.54455075 -1.20129559  0.00493398]
271, [ 1.72376589  0.0305068  -0.06204006], [-0.01927463  0.03504615  0.00256567]
272, [ 1.72376589  0.0305068  -0.06204006], [-0.01927463  0.03504615  0.00256567]
273, [ 1.72376589  0.0305068  -0.06204006], [-0.01927463  0.03504615  0.00256567]
274, [ 1.72376589  0.0305068  -0.06204006], [-0.01927463  0.03504615  0.00256567]
275, [ 1.72376589  0.0305068  -0.06204006], [-0.01927463  0.03504615  0.00256567]
276, [ 1.72376589  0.0305068  -0.06204006], [-0.01927463  0.03504615  0.00256567]
277, [ 1.72376589  0.0305068  -0.06204006], [-0.01927463  0.03504615  0.00256567]
278, [ 1.72376589  0.0305068  -0.06204006], [-0.01927463  0.03504615  0.00256567]
279, [ 1.72376589  0.0305068  -0.06204006], [-0.01927463  0.03504615  0.00256567]
280, [ 1.72376589  0.0305068  -0.06204006], [-0.01927463  0.03504615  0.00256567]
281, [ 1.73067353  0.02745578 -0.07266208], [-0.54455075 -1.20129559  0.00493398]
282, [ 1.73067353  0.02745578 -0.07266208], [-0.54455075 -1.20129559  0.00493398]
283, [ 1.73067353  0.02745578 -0.07266208], [-0.54455075 -1.20129559  0.00493398]
284, [ 1.73067353  0.02745578 -0.07266208], [-0.54455075 -1.20129559  0.00493398]
285, [ 1.73067353  0.02745578 -0.07266208], [-0.54455075 -1.20129559  0.00493398]
286, [ 1.73067353  0.02745578 -0.07266208], [-0.54455075 -1.20129559  0.00493398]
287, [ 1.73067353  0.02745578 -0.07266208], [-0.54455075 -1.20129559  0.00493398]
288, [ 1.73067353  0.02745578 -0.07266208], [-0.54455075 -1.20129559  0.00493398]
289, [ 1.73067353  0.02745578 -0.07266208], [-0.54455075 -1.20129559  0.00493398]
290, [ 1.73067353  0.02745578 -0.07266208], [-0.54455075 -1.20129559  0.00493398]
291, [ 1.73067353  0.02745578 -0.07266208], [-0.54455075 -1.20129559  0.00493398]
292, [ 1.73067353  0.02745578 -0.07266208], [-0.54455075 -1.20129559  0.00493398]
293, [ 1.73067353  0.02745578 -0.07266208], [-0.54455075 -1.20129559  0.00493398]
294, [ 1.73067353  0.02745578 -0.07266208], [-0.54455075 -1.20129559  0.00493398]
295, [ 1.73067353  0.02745578 -0.07266208], [-0.54455075 -1.20129559  0.00493398]
296, [ 1.73067353  0.02745578 -0.07266208], [-0.54455075 -1.20129559  0.00493398]
297, [ 1.73067353  0.02745578 -0.07266208], [-0.54455075 -1.20129559  0.00493398]
298, [ 1.73067353  0.02745578 -0.07266208], [-0.54455075 -1.20129559  0.00493398]
299, [ 1.73067353  0.02745578 -0.07266208], [-0.54455075 -1.20129559  0.00493398]
300, [ 1.73067353  0.02745578 -0.07266208], [-0.54455075 -1.20129559  0.00493398]
301, [ 1.72250753  0.03135276 -0.06139197], [-0.5374754  -1.22862713  0.02340404]
302, [ 1.73067353  0.02745578 -0.07266208], [-0.54455075 -1.20129559  0.00493398]
303, [ 1.73067353  0.02745578 -0.07266208], [-0.54455075 -1.20129559  0.00493398]
304, [ 1.73067353  0.02745578 -0.07266208], [-0.54455075 -1.20129559  0.00493398]
305, [ 1.73067353  0.02745578 -0.07266208], [-0.54455075 -1.20129559  0.00493398]
306, [ 1.73067353  0.02745578 -0.07266208], [-0.54455075 -1.20129559  0.00493398]
307, [ 1.73067353  0.02745578 -0.07266208], [-0.54455075 -1.20129559  0.00493398]
308, [ 1.73067353  0.02745578 -0.07266208], [-0.54455075 -1.20129559  0.00493398]
309, [ 1.73067353  0.02745578 -0.07266208], [-0.54455075 -1.20129559  0.00493398]
310, [ 1.73067353  0.02745578 -0.07266208], [-0.54455075 -1.20129559  0.00493398]
311, [ 1.73067353  0.02745578 -0.07266208], [-0.54455075 -1.20129559  0.00493398]
312, [ 1.73067353  0.02745578 -0.07266208], [-0.54455075 -1.20129559  0.00493398]
313, [ 1.73067353  0.02745578 -0.07266208], [-0.54455075 -1.20129559  0.00493398]
314, [ 1.73067353  0.02745578 -0.07266208], [-0.54455075 -1.20129559  0.00493398]
315, [ 1.73067353  0.02745578 -0.07266208], [-0.54455075 -1.20129559  0.00493398]
316, [ 1.73067353  0.02745578 -0.07266208], [-0.54455075 -1.20129559  0.00493398]
317, [ 1.73067353  0.02745578 -0.07266208], [-0.54455075 -1.20129559  0.00493398]
318, [ 1.73067353  0.02745578 -0.07266208], [-0.54455075 -1.20129559  0.00493398]
319, [ 1.73067353  0.02745578 -0.07266208], [-0.54455075 -1.20129559  0.00493398]
320, [ 1.73067353  0.02745578 -0.07266208], [-0.54455075 -1.20129559  0.00493398]
321, [ 1.73067353  0.02745578 -0.07266208], [-0.54455075 -1.20129559  0.00493398]
322, [ 1.73067353  0.02745578 -0.07266208], [-0.54455075 -1.20129559  0.00493398]
323, [ 1.73067353  0.02745578 -0.07266208], [-0.54455075 -1.20129559  0.00493398]
324, [ 1.73067353  0.02745578 -0.07266208], [-0.54455075 -1.20129559  0.00493398]
325, [ 1.73067353  0.02745578 -0.07266208], [-0.54455075 -1.20129559  0.00493398]
326, [ 1.73067353  0.02745578 -0.07266208], [-0.54455075 -1.20129559  0.00493398]
327, [ 1.73067353  0.02745578 -0.07266208], [-0.54455075 -1.20129559  0.00493398]
328, [ 1.73067353  0.02745578 -0.07266208], [-0.54455075 -1.20129559  0.00493398]
329, [ 1.73067353  0.02745578 -0.07266208], [-0.54455075 -1.20129559  0.00493398]
330, [ 1.73067353  0.02745578 -0.07266208], [-0.54455075 -1.20129559  0.00493398]
331, [ 1.71671757  0.03414821 -0.05277674], [-0.55741886 -1.22192605  0.01022358]
332, [ 1.71671757  0.03414821 -0.05277674], [-0.55741886 -1.22192605  0.01022358]
333, [ 1.71671757  0.03414821 -0.05277674], [-0.55741886 -1.22192605  0.01022358]
334, [ 1.71671757  0.03414821 -0.05277674], [-0.55741886 -1.22192605  0.01022358]
335, [ 1.73840719  0.02431188 -0.08326231], [-0.57183703 -1.16196182  0.00753945]
336, [ 1.73840719  0.02431188 -0.08326231], [-0.57183703 -1.16196182  0.00753945]
337, [ 1.73840719  0.02431188 -0.08326231], [-0.57183703 -1.16196182  0.00753945]
338, [ 1.73840719  0.02431188 -0.08326231], [-0.57183703 -1.16196182  0.00753945]
339, [ 1.73840719  0.02431188 -0.08326231], [-0.57183703 -1.16196182  0.00753945]
340, [ 1.73840719  0.02431188 -0.08326231], [-0.57183703 -1.16196182  0.00753945]
341, [ 1.73840719  0.02431188 -0.08326231], [-0.57183703 -1.16196182  0.00753945]
342, [ 1.73840719  0.02431188 -0.08326231], [-0.57183703 -1.16196182  0.00753945]
343, [ 1.73840719  0.02431188 -0.08326231], [-0.57183703 -1.16196182  0.00753945]
344, [ 1.73840719  0.02431188 -0.08326231], [-0.57183703 -1.16196182  0.00753945]
345, [ 1.73840719  0.02431188 -0.08326231], [-0.57183703 -1.16196182  0.00753945]
346, [ 1.73840719  0.02431188 -0.08326231], [-0.57183703 -1.16196182  0.00753945]
347, [ 1.73840719  0.02431188 -0.08326231], [-0.57183703 -1.16196182  0.00753945]
348, [ 1.73840719  0.02431188 -0.08326231], [-0.57183703 -1.16196182  0.00753945]
349, [ 1.73840719  0.02431188 -0.08326231], [-0.57183703 -1.16196182  0.00753945]
350, [ 1.73840719  0.02431188 -0.08326231], [-0.57183703 -1.16196182  0.00753945]
351, [ 1.73840719  0.02431188 -0.08326231], [-0.57183703 -1.16196182  0.00753945]
352, [ 1.73840719  0.02431188 -0.08326231], [-0.57183703 -1.16196182  0.00753945]
353, [ 1.73840719  0.02431188 -0.08326231], [-0.57183703 -1.16196182  0.00753945]
354, [ 1.73840719  0.02431188 -0.08326231], [-0.57183703 -1.16196182  0.00753945]
355, [ 1.73840719  0.02431188 -0.08326231], [-0.57183703 -1.16196182  0.00753945]
356, [ 1.73840719  0.02431188 -0.08326231], [-0.57183703 -1.16196182  0.00753945]
357, [ 1.73840719  0.02431188 -0.08326231], [-0.57183703 -1.16196182  0.00753945]
358, [ 1.73840719  0.02431188 -0.08326231], [-0.57183703 -1.16196182  0.00753945]
359, [ 1.73840719  0.02431188 -0.08326231], [-0.57183703 -1.16196182  0.00753945]
360, [ 1.73840719  0.02431188 -0.08326231], [-0.57183703 -1.16196182  0.00753945]
361, [ 1.73067353  0.02745578 -0.07266208], [-0.54455075 -1.20129559  0.00493398]
362, [ 1.73067353  0.02745578 -0.07266208], [-0.54455075 -1.20129559  0.00493398]
363, [ 1.73067353  0.02745578 -0.07266208], [-0.54455075 -1.20129559  0.00493398]
364, [ 1.73067353  0.02745578 -0.07266208], [-0.54455075 -1.20129559  0.00493398]
365, [ 1.73067353  0.02745578 -0.07266208], [-0.54455075 -1.20129559  0.00493398]
366, [ 1.73067353  0.02745578 -0.07266208], [-0.54455075 -1.20129559  0.00493398]
367, [ 1.72376589  0.0305068  -0.06204006], [-0.01927463  0.03504615  0.00256567]
368, [ 1.73067353  0.02745578 -0.07266208], [-0.54455075 -1.20129559  0.00493398]
369, [ 1.73067353  0.02745578 -0.07266208], [-0.54455075 -1.20129559  0.00493398]
370, [ 1.73067353  0.02745578 -0.07266208], [-0.54455075 -1.20129559  0.00493398]
371, [ 1.73067353  0.02745578 -0.07266208], [-0.54455075 -1.20129559  0.00493398]
372, [ 1.73067353  0.02745578 -0.07266208], [-0.54455075 -1.20129559  0.00493398]
373, [ 1.72380807  0.03101898 -0.06249188], [-0.5551284  -1.21690165  0.04527233]
374, [ 1.73057685  0.02805147 -0.07247783], [-0.56275502 -1.19041212  0.02677493]
375, [ 1.73057685  0.02805147 -0.07247783], [-0.56275502 -1.19041212  0.02677493]
376, [ 1.73840719  0.02431188 -0.08326231], [-0.57183703 -1.16196182  0.00753945]
377, [ 1.72412754  0.0311482  -0.06292365], [-0.58360695 -1.18460455  0.01330636]
378, [ 1.73840719  0.02431188 -0.08326231], [-0.57183703 -1.16196182  0.00753945]
379, [ 1.73840719  0.02431188 -0.08326231], [-0.57183703 -1.16196182  0.00753945]
380, [ 1.73057685  0.02805147 -0.07247783], [-0.56275502 -1.19041212  0.02677493]
381, [ 1.73057685  0.02805147 -0.07247783], [-0.56275502 -1.19041212  0.02677493]
382, [ 1.73840719  0.02431188 -0.08326231], [-0.57183703 -1.16196182  0.00753945]
383, [ 1.73840719  0.02431188 -0.08326231], [-0.57183703 -1.16196182  0.00753945]
384, [ 1.72412754  0.0311482  -0.06292365], [-0.58360695 -1.18460455  0.01330636]
385, [ 1.72412754  0.0311482  -0.06292365], [-0.58360695 -1.18460455  0.01330636]
386, [ 1.72412754  0.0311482  -0.06292365], [-0.58360695 -1.18460455  0.01330636]
387, [ 1.72412754  0.0311482  -0.06292365], [-0.58360695 -1.18460455  0.01330636]
388, [ 1.72412754  0.0311482  -0.06292365], [-0.58360695 -1.18460455  0.01330636]
389, [ 1.72412754  0.0311482  -0.06292365], [-0.58360695 -1.18460455  0.01330636]
390, [ 1.72412754  0.0311482  -0.06292365], [-0.58360695 -1.18460455  0.01330636]
391, [ 1.72412754  0.0311482  -0.06292365], [-0.58360695 -1.18460455  0.01330636]
392, [ 1.72412754  0.0311482  -0.06292365], [-0.58360695 -1.18460455  0.01330636]
393, [ 1.72412754  0.0311482  -0.06292365], [-0.58360695 -1.18460455  0.01330636]
394, [ 1.72412754  0.0311482  -0.06292365], [-0.58360695 -1.18460455  0.01330636]
395, [ 1.71671757  0.03414821 -0.05277674], [-0.55741886 -1.22192605  0.01022358]
396, [ 1.71019381  0.03700806 -0.04314444], [-0.55075266 -1.24699796  0.02816224]
397, [ 1.71801472  0.03381771 -0.05344166], [0.00337072 0.02418555 0.03226271]
398, [ 1.71801472  0.03381771 -0.05344166], [0.00337072 0.02418555 0.03226271]
399, [ 1.71801472  0.03381771 -0.05344166], [0.00337072 0.02418555 0.03226271]
400, [ 1.71801472  0.03381771 -0.05344166], [0.00337072 0.02418555 0.03226271]
401, [ 1.71804568  0.03339488 -0.05431893], [-0.52772204 -1.23075674  0.04666547]
402, [ 1.71019381  0.03700806 -0.04314444], [-0.55075266 -1.24699796  0.02816224]
403, [ 1.71019381  0.03700806 -0.04314444], [-0.55075266 -1.24699796  0.02816224]
404, [ 1.71019381  0.03700806 -0.04314444], [-0.55075266 -1.24699796  0.02816224]
405, [ 1.71019381  0.03700806 -0.04314444], [-0.55075266 -1.24699796  0.02816224]
406, [ 1.71804568  0.03339488 -0.05431893], [-0.52772204 -1.23075674  0.04666547]
407, [ 1.71804568  0.03339488 -0.05431893], [-0.52772204 -1.23075674  0.04666547]
408, [ 1.71804568  0.03339488 -0.05431893], [-0.52772204 -1.23075674  0.04666547]
409, [ 1.71804568  0.03339488 -0.05431893], [-0.52772204 -1.23075674  0.04666547]
410, [ 1.71804568  0.03339488 -0.05431893], [-0.52772204 -1.23075674  0.04666547]
411, [ 1.71804568  0.03339488 -0.05431893], [-0.52772204 -1.23075674  0.04666547]
412, [ 1.71804568  0.03339488 -0.05431893], [-0.52772204 -1.23075674  0.04666547]
413, [ 1.71019381  0.03700806 -0.04314444], [-0.55075266 -1.24699796  0.02816224]
414, [ 1.71019381  0.03700806 -0.04314444], [-0.55075266 -1.24699796  0.02816224]
415, [ 1.71019381  0.03700806 -0.04314444], [-0.55075266 -1.24699796  0.02816224]
416, [ 1.71019381  0.03700806 -0.04314444], [-0.55075266 -1.24699796  0.02816224]
417, [ 1.71804568  0.03339488 -0.05431893], [-0.52772204 -1.23075674  0.04666547]
418, [ 1.71804568  0.03339488 -0.05431893], [-0.52772204 -1.23075674  0.04666547]
419, [ 1.71804568  0.03339488 -0.05431893], [-0.52772204 -1.23075674  0.04666547]
420, [ 1.71804568  0.03339488 -0.05431893], [-0.52772204 -1.23075674  0.04666547]
421, [ 1.71019381  0.03700806 -0.04314444], [-0.55075266 -1.24699796  0.02816224]
422, [ 1.71801472  0.03381771 -0.05344166], [0.00337072 0.02418555 0.03226271]
423, [ 1.71801472  0.03381771 -0.05344166], [0.00337072 0.02418555 0.03226271]
424, [ 1.71801472  0.03381771 -0.05344166], [0.00337072 0.02418555 0.03226271]
425, [ 1.71801472  0.03381771 -0.05344166], [0.00337072 0.02418555 0.03226271]
426, [ 1.71801472  0.03381771 -0.05344166], [0.00337072 0.02418555 0.03226271]
427, [ 1.71801472  0.03381771 -0.05344166], [0.00337072 0.02418555 0.03226271]
428, [ 1.71801472  0.03381771 -0.05344166], [0.00337072 0.02418555 0.03226271]
429, [ 1.71801472  0.03381771 -0.05344166], [0.00337072 0.02418555 0.03226271]
430, [ 1.71801472  0.03381771 -0.05344166], [0.00337072 0.02418555 0.03226271]
431, [ 1.71801472  0.03381771 -0.05344166], [0.00337072 0.02418555 0.03226271]
432, [ 1.71801472  0.03381771 -0.05344166], [0.00337072 0.02418555 0.03226271]
433, [ 1.71801472  0.03381771 -0.05344166], [0.00337072 0.02418555 0.03226271]
434, [ 1.71801472  0.03381771 -0.05344166], [0.00337072 0.02418555 0.03226271]
435, [ 1.71801472  0.03381771 -0.05344166], [0.00337072 0.02418555 0.03226271]
436, [ 1.71801472  0.03381771 -0.05344166], [0.00337072 0.02418555 0.03226271]
437, [ 1.73634142  0.02483257 -0.07957261], [ 0.01653469 -0.00703756  0.04344496]
438, [ 1.73634142  0.02483257 -0.07957261], [ 0.01653469 -0.00703756  0.04344496]
439, [ 1.73634142  0.02483257 -0.07957261], [ 0.01653469 -0.00703756  0.04344496]
440, [ 1.73634142  0.02483257 -0.07957261], [ 0.01653469 -0.00703756  0.04344496]
441, [ 1.73634142  0.02483257 -0.07957261], [ 0.01653469 -0.00703756  0.04344496]
442, [ 1.73634142  0.02483257 -0.07957261], [ 0.01653469 -0.00703756  0.04344496]
443, [ 1.73634142  0.02483257 -0.07957261], [ 0.01653469 -0.00703756  0.04344496]
444, [ 1.73634142  0.02483257 -0.07957261], [ 0.01653469 -0.00703756  0.04344496]
445, [ 1.73634142  0.02483257 -0.07957261], [ 0.01653469 -0.00703756  0.04344496]
446, [ 1.73634142  0.02483257 -0.07957261], [ 0.01653469 -0.00703756  0.04344496]
447, [ 1.73634142  0.02483257 -0.07957261], [ 0.01653469 -0.00703756  0.04344496]
448, [ 1.73634142  0.02483257 -0.07957261], [ 0.01653469 -0.00703756  0.04344496]
449, [ 1.73634142  0.02483257 -0.07957261], [ 0.01653469 -0.00703756  0.04344496]
450, [ 1.73634142  0.02483257 -0.07957261], [ 0.01653469 -0.00703756  0.04344496]
451, [ 1.73155172  0.02732204 -0.07273007], [-0.00623369  0.00310329  0.02646111]
452, [ 1.73155172  0.02732204 -0.07273007], [-0.00623369  0.00310329  0.02646111]
453, [ 1.73155172  0.02732204 -0.07273007], [-0.00623369  0.00310329  0.02646111]
454, [ 1.73155172  0.02732204 -0.07273007], [-0.00623369  0.00310329  0.02646111]
455, [ 1.73155172  0.02732204 -0.07273007], [-0.00623369  0.00310329  0.02646111]
456, [ 1.73155172  0.02732204 -0.07273007], [-0.00623369  0.00310329  0.02646111]
457, [ 1.73155172  0.02732204 -0.07273007], [-0.00623369  0.00310329  0.02646111]
458, [ 1.73155172  0.02732204 -0.07273007], [-0.00623369  0.00310329  0.02646111]
459, [ 1.73155172  0.02732204 -0.07273007], [-0.00623369  0.00310329  0.02646111]
460, [ 1.73155172  0.02732204 -0.07273007], [-0.00623369  0.00310329  0.02646111]
461, [ 1.73155172  0.02732204 -0.07273007], [-0.00623369  0.00310329  0.02646111]
462, [ 1.73155172  0.02732204 -0.07273007], [-0.00623369  0.00310329  0.02646111]
463, [ 1.73155172  0.02732204 -0.07273007], [-0.00623369  0.00310329  0.02646111]
464, [ 1.73155172  0.02732204 -0.07273007], [-0.00623369  0.00310329  0.02646111]
465, [ 1.73155172  0.02732204 -0.07273007], [-0.00623369  0.00310329  0.02646111]
466, [ 1.73155172  0.02732204 -0.07273007], [-0.00623369  0.00310329  0.02646111]
467, [ 1.73155172  0.02732204 -0.07273007], [-0.00623369  0.00310329  0.02646111]
468, [ 1.73155172  0.02732204 -0.07273007], [-0.00623369  0.00310329  0.02646111]
469, [ 1.73155172  0.02732204 -0.07273007], [-0.00623369  0.00310329  0.02646111]
470, [ 1.73155172  0.02732204 -0.07273007], [-0.00623369  0.00310329  0.02646111]
471, [ 1.73155172  0.02732204 -0.07273007], [-0.00623369  0.00310329  0.02646111]
472, [ 1.73155172  0.02732204 -0.07273007], [-0.00623369  0.00310329  0.02646111]
473, [ 1.73155172  0.02732204 -0.07273007], [-0.00623369  0.00310329  0.02646111]
474, [ 1.73155172  0.02732204 -0.07273007], [-0.00623369  0.00310329  0.02646111]
475, [ 1.73155172  0.02732204 -0.07273007], [-0.00623369  0.00310329  0.02646111]
476, [ 1.73155172  0.02732204 -0.07273007], [-0.00623369  0.00310329  0.02646111]
477, [ 1.73155172  0.02732204 -0.07273007], [-0.00623369  0.00310329  0.02646111]
478, [ 1.73155172  0.02732204 -0.07273007], [-0.00623369  0.00310329  0.02646111]
479, [ 1.73155172  0.02732204 -0.07273007], [-0.00623369  0.00310329  0.02646111]
480, [ 1.73155172  0.02732204 -0.07273007], [-0.00623369  0.00310329  0.02646111]
481, [ 1.72747328  0.02879557 -0.06848299], [-0.56535479 -1.21635139  0.02191244]
482, [ 1.72747328  0.02879557 -0.06848299], [-0.56535479 -1.21635139  0.02191244]
483, [ 1.72747328  0.02879557 -0.06848299], [-0.56535479 -1.21635139  0.02191244]
484, [ 1.72747328  0.02879557 -0.06848299], [-0.56535479 -1.21635139  0.02191244]
485, [ 1.72747328  0.02879557 -0.06848299], [-0.56535479 -1.21635139  0.02191244]
486, [ 1.72747328  0.02879557 -0.06848299], [-0.56535479 -1.21635139  0.02191244]
487, [ 1.72747328  0.02879557 -0.06848299], [-0.56535479 -1.21635139  0.02191244]
488, [ 1.72747328  0.02879557 -0.06848299], [-0.56535479 -1.21635139  0.02191244]
489, [ 1.72747328  0.02879557 -0.06848299], [-0.56535479 -1.21635139  0.02191244]
490, [ 1.72747328  0.02879557 -0.06848299], [-0.56535479 -1.21635139  0.02191244]
491, [ 1.72747328  0.02879557 -0.06848299], [-0.56535479 -1.21635139  0.02191244]
492, [ 1.72747328  0.02879557 -0.06848299], [-0.56535479 -1.21635139  0.02191244]
493, [ 1.72747328  0.02879557 -0.06848299], [-0.56535479 -1.21635139  0.02191244]
494, [ 1.72747328  0.02879557 -0.06848299], [-0.56535479 -1.21635139  0.02191244]
495, [ 1.72747328  0.02879557 -0.06848299], [-0.56535479 -1.21635139  0.02191244]
496, [ 1.72747328  0.02879557 -0.06848299], [-0.56535479 -1.21635139  0.02191244]
497, [ 1.72747328  0.02879557 -0.06848299], [-0.56535479 -1.21635139  0.02191244]
498, [ 1.72747328  0.02879557 -0.06848299], [-0.56535479 -1.21635139  0.02191244]
499, [ 1.72747328  0.02879557 -0.06848299], [-0.56535479 -1.21635139  0.02191244]
500, [ 1.72747328  0.02879557 -0.06848299], [-0.56535479 -1.21635139  0.02191244]
501, [ 1.72747328  0.02879557 -0.06848299], [-0.56535479 -1.21635139  0.02191244]
502, [ 1.73475102  0.02585833 -0.07843984], [-0.59224974 -1.17846906  0.02493397]
503, [ 1.73475102  0.02585833 -0.07843984], [-0.59224974 -1.17846906  0.02493397]
504, [ 1.73475102  0.02585833 -0.07843984], [-0.59224974 -1.17846906  0.02493397]
505, [ 1.73475102  0.02585833 -0.07843984], [-0.59224974 -1.17846906  0.02493397]
506, [ 1.73475102  0.02585833 -0.07843984], [-0.59224974 -1.17846906  0.02493397]
507, [ 1.72747328  0.02879557 -0.06848299], [-0.56535479 -1.21635139  0.02191244]
508, [ 1.7211454   0.03184125 -0.05909961], [-0.58541313 -1.21041588  0.00870388]
509, [ 1.72747328  0.02879557 -0.06848299], [-0.56535479 -1.21635139  0.02191244]
510, [ 1.72747328  0.02879557 -0.06848299], [-0.56535479 -1.21635139  0.02191244]
511, [ 1.73139335  0.02684034 -0.0729757 ], [-0.56289385 -1.19075922  0.02673384]
512, [ 1.73139335  0.02684034 -0.0729757 ], [-0.56289385 -1.19075922  0.02673384]
513, [ 1.73139335  0.02684034 -0.0729757 ], [-0.56289385 -1.19075922  0.02673384]
514, [ 1.73139335  0.02684034 -0.0729757 ], [-0.56289385 -1.19075922  0.02673384]
515, [ 1.73139335  0.02684034 -0.0729757 ], [-0.56289385 -1.19075922  0.02673384]
516, [ 1.73139335  0.02684034 -0.0729757 ], [-0.56289385 -1.19075922  0.02673384]
517, [ 1.73139335  0.02684034 -0.0729757 ], [-0.56289385 -1.19075922  0.02673384]
518, [ 1.73139335  0.02684034 -0.0729757 ], [-0.56289385 -1.19075922  0.02673384]
519, [ 1.73139335  0.02684034 -0.0729757 ], [-0.56289385 -1.19075922  0.02673384]
520, [ 1.73139335  0.02684034 -0.0729757 ], [-0.56289385 -1.19075922  0.02673384]
521, [ 1.73139335  0.02684034 -0.0729757 ], [-0.56289385 -1.19075922  0.02673384]
522, [ 1.73139335  0.02684034 -0.0729757 ], [-0.56289385 -1.19075922  0.02673384]
523, [ 1.73139335  0.02684034 -0.0729757 ], [-0.56289385 -1.19075922  0.02673384]
524, [ 1.73139335  0.02684034 -0.0729757 ], [-0.56289385 -1.19075922  0.02673384]
525, [ 1.73139335  0.02684034 -0.0729757 ], [-0.56289385 -1.19075922  0.02673384]
526, [ 1.73139335  0.02684034 -0.0729757 ], [-0.56289385 -1.19075922  0.02673384]
527, [ 1.73139335  0.02684034 -0.0729757 ], [-0.56289385 -1.19075922  0.02673384]
528, [ 1.73139335  0.02684034 -0.0729757 ], [-0.56289385 -1.19075922  0.02673384]
529, [ 1.73139335  0.02684034 -0.0729757 ], [-0.56289385 -1.19075922  0.02673384]
530, [ 1.73139335  0.02684034 -0.0729757 ], [-0.56289385 -1.19075922  0.02673384]
531, [ 1.73139335  0.02684034 -0.0729757 ], [-0.56289385 -1.19075922  0.02673384]
532, [ 1.73139335  0.02684034 -0.0729757 ], [-0.56289385 -1.19075922  0.02673384]
533, [ 1.73139335  0.02684034 -0.0729757 ], [-0.56289385 -1.19075922  0.02673384]
534, [ 1.73139335  0.02684034 -0.0729757 ], [-0.56289385 -1.19075922  0.02673384]
535, [ 1.73139335  0.02684034 -0.0729757 ], [-0.56289385 -1.19075922  0.02673384]
536, [ 1.73139335  0.02684034 -0.0729757 ], [-0.56289385 -1.19075922  0.02673384]
537, [ 1.73139335  0.02684034 -0.0729757 ], [-0.56289385 -1.19075922  0.02673384]
538, [ 1.73139335  0.02684034 -0.0729757 ], [-0.56289385 -1.19075922  0.02673384]
539, [ 1.73139335  0.02684034 -0.0729757 ], [-0.56289385 -1.19075922  0.02673384]
540, [ 1.73139335  0.02684034 -0.0729757 ], [-0.56289385 -1.19075922  0.02673384]
541, [ 1.71671757  0.03414821 -0.05277674], [-0.55741886 -1.22192605  0.01022358]
542, [ 1.71019381  0.03700806 -0.04314444], [-0.55075266 -1.24699796  0.02816224]
543, [ 1.71019381  0.03700806 -0.04314444], [-0.55075266 -1.24699796  0.02816224]
544, [ 1.7211454   0.03184125 -0.05909961], [-0.58541313 -1.21041588  0.00870388]
545, [ 1.7211454   0.03184125 -0.05909961], [-0.58541313 -1.21041588  0.00870388]
546, [ 1.7211454   0.03184125 -0.05909961], [-0.58541313 -1.21041588  0.00870388]
547, [ 1.7211454   0.03184125 -0.05909961], [-0.58541313 -1.21041588  0.00870388]
548, [ 1.7211454   0.03184125 -0.05909961], [-0.58541313 -1.21041588  0.00870388]
549, [ 1.7211454   0.03184125 -0.05909961], [-0.58541313 -1.21041588  0.00870388]
550, [ 1.7211454   0.03184125 -0.05909961], [-0.58541313 -1.21041588  0.00870388]
551, [ 1.71491637  0.03456676 -0.04988479], [-0.57758273 -1.23540261  0.02704293]
552, [ 1.72072883  0.03175846 -0.0585287 ], [-0.55830505 -1.24175797  0.04013936]
553, [ 1.72072883  0.03175846 -0.0585287 ], [-0.55830505 -1.24175797  0.04013936]
554, [ 1.72072883  0.03175846 -0.0585287 ], [-0.55830505 -1.24175797  0.04013936]
555, [ 1.72072883  0.03175846 -0.0585287 ], [-0.55830505 -1.24175797  0.04013936]
556, [ 1.72072883  0.03175846 -0.0585287 ], [-0.55830505 -1.24175797  0.04013936]
557, [ 1.72072883  0.03175846 -0.0585287 ], [-0.55830505 -1.24175797  0.04013936]
558, [ 1.72072883  0.03175846 -0.0585287 ], [-0.55830505 -1.24175797  0.04013936]
559, [ 1.72072883  0.03175846 -0.0585287 ], [-0.55830505 -1.24175797  0.04013936]
560, [ 1.72072883  0.03175846 -0.0585287 ], [-0.55830505 -1.24175797  0.04013936]
561, [ 1.72072883  0.03175846 -0.0585287 ], [-0.55830505 -1.24175797  0.04013936]
562, [ 1.72072883  0.03175846 -0.0585287 ], [-0.55830505 -1.24175797  0.04013936]
563, [ 1.72072883  0.03175846 -0.0585287 ], [-0.55830505 -1.24175797  0.04013936]
564, [ 1.72072883  0.03175846 -0.0585287 ], [-0.55830505 -1.24175797  0.04013936]
565, [ 1.72072883  0.03175846 -0.0585287 ], [-0.55830505 -1.24175797  0.04013936]
566, [ 1.72072883  0.03175846 -0.0585287 ], [-0.55830505 -1.24175797  0.04013936]
567, [ 1.72072883  0.03175846 -0.0585287 ], [-0.55830505 -1.24175797  0.04013936]
568, [ 1.72072883  0.03175846 -0.0585287 ], [-0.55830505 -1.24175797  0.04013936]
569, [ 1.72072883  0.03175846 -0.0585287 ], [-0.55830505 -1.24175797  0.04013936]
570, [ 1.72072883  0.03175846 -0.0585287 ], [-0.55830505 -1.24175797  0.04013936]
571, [ 1.71269314  0.03598853 -0.04633345], [-0.54754074 -1.22368918  0.03337777]
572, [ 1.71269314  0.03598853 -0.04633345], [-0.54754074 -1.22368918  0.03337777]
573, [ 1.71269314  0.03598853 -0.04633345], [-0.54754074 -1.22368918  0.03337777]
574, [ 1.71269314  0.03598853 -0.04633345], [-0.54754074 -1.22368918  0.03337777]
575, [ 1.71269314  0.03598853 -0.04633345], [-0.54754074 -1.22368918  0.03337777]
576, [ 1.71269314  0.03598853 -0.04633345], [-0.54754074 -1.22368918  0.03337777]
577, [ 1.71269314  0.03598853 -0.04633345], [-0.54754074 -1.22368918  0.03337777]
578, [ 1.71269314  0.03598853 -0.04633345], [-0.54754074 -1.22368918  0.03337777]
579, [ 1.71269314  0.03598853 -0.04633345], [-0.54754074 -1.22368918  0.03337777]
580, [ 1.71269314  0.03598853 -0.04633345], [-0.54754074 -1.22368918  0.03337777]
581, [ 1.71269314  0.03598853 -0.04633345], [-0.54754074 -1.22368918  0.03337777]
582, [ 1.71269314  0.03598853 -0.04633345], [-0.54754074 -1.22368918  0.03337777]
583, [ 1.71269314  0.03598853 -0.04633345], [-0.54754074 -1.22368918  0.03337777]
584, [ 1.71269314  0.03598853 -0.04633345], [-0.54754074 -1.22368918  0.03337777]
585, [ 1.71269314  0.03598853 -0.04633345], [-0.54754074 -1.22368918  0.03337777]
586, [ 1.71269314  0.03598853 -0.04633345], [-0.54754074 -1.22368918  0.03337777]
587, [ 1.71269314  0.03598853 -0.04633345], [-0.54754074 -1.22368918  0.03337777]
588, [ 1.71269314  0.03598853 -0.04633345], [-0.54754074 -1.22368918  0.03337777]
589, [ 1.71269314  0.03598853 -0.04633345], [-0.54754074 -1.22368918  0.03337777]
590, [ 1.71269314  0.03598853 -0.04633345], [-0.54754074 -1.22368918  0.03337777]
591, [ 1.71269314  0.03598853 -0.04633345], [-0.54754074 -1.22368918  0.03337777]
592, [ 1.71269314  0.03598853 -0.04633345], [-0.54754074 -1.22368918  0.03337777]
593, [ 1.71269314  0.03598853 -0.04633345], [-0.54754074 -1.22368918  0.03337777]
594, [ 1.71269314  0.03598853 -0.04633345], [-0.54754074 -1.22368918  0.03337777]
595, [ 1.71269314  0.03598853 -0.04633345], [-0.54754074 -1.22368918  0.03337777]
596, [ 1.71269314  0.03598853 -0.04633345], [-0.54754074 -1.22368918  0.03337777]
597, [ 1.71269314  0.03598853 -0.04633345], [-0.54754074 -1.22368918  0.03337777]
598, [ 1.71269314  0.03598853 -0.04633345], [-0.54754074 -1.22368918  0.03337777]
599, [ 1.71269314  0.03598853 -0.04633345], [-0.54754074 -1.22368918  0.03337777]
600, [ 1.71269314  0.03598853 -0.04633345], [-0.54754074 -1.22368918  0.03337777]
601, [ 1.71804568  0.03339488 -0.05431893], [-0.52772204 -1.23075674  0.04666547]
602, [ 1.71804568  0.03339488 -0.05431893], [-0.52772204 -1.23075674  0.04666547]
603, [ 1.71804568  0.03339488 -0.05431893], [-0.52772204 -1.23075674  0.04666547]
604, [ 1.71804568  0.03339488 -0.05431893], [-0.52772204 -1.23075674  0.04666547]
605, [ 1.71804568  0.03339488 -0.05431893], [-0.52772204 -1.23075674  0.04666547]
606, [ 1.71804568  0.03339488 -0.05431893], [-0.52772204 -1.23075674  0.04666547]
607, [ 1.71804568  0.03339488 -0.05431893], [-0.52772204 -1.23075674  0.04666547]
608, [ 1.71804568  0.03339488 -0.05431893], [-0.52772204 -1.23075674  0.04666547]
609, [ 1.71804568  0.03339488 -0.05431893], [-0.52772204 -1.23075674  0.04666547]
610, [ 1.71804568  0.03339488 -0.05431893], [-0.52772204 -1.23075674  0.04666547]
611, [ 1.71804568  0.03339488 -0.05431893], [-0.52772204 -1.23075674  0.04666547]
612, [ 1.71804568  0.03339488 -0.05431893], [-0.52772204 -1.23075674  0.04666547]
613, [ 1.71804568  0.03339488 -0.05431893], [-0.52772204 -1.23075674  0.04666547]
614, [ 1.71804568  0.03339488 -0.05431893], [-0.52772204 -1.23075674  0.04666547]
615, [ 1.71804568  0.03339488 -0.05431893], [-0.52772204 -1.23075674  0.04666547]
616, [ 1.71804568  0.03339488 -0.05431893], [-0.52772204 -1.23075674  0.04666547]
617, [ 1.71804568  0.03339488 -0.05431893], [-0.52772204 -1.23075674  0.04666547]
618, [ 1.71804568  0.03339488 -0.05431893], [-0.52772204 -1.23075674  0.04666547]
619, [ 1.71804568  0.03339488 -0.05431893], [-0.52772204 -1.23075674  0.04666547]
620, [ 1.71804568  0.03339488 -0.05431893], [-0.52772204 -1.23075674  0.04666547]
621, [ 1.71804568  0.03339488 -0.05431893], [-0.52772204 -1.23075674  0.04666547]
622, [ 1.71804568  0.03339488 -0.05431893], [-0.52772204 -1.23075674  0.04666547]
623, [ 1.71804568  0.03339488 -0.05431893], [-0.52772204 -1.23075674  0.04666547]
624, [ 1.71804568  0.03339488 -0.05431893], [-0.52772204 -1.23075674  0.04666547]
625, [ 1.71804568  0.03339488 -0.05431893], [-0.52772204 -1.23075674  0.04666547]
626, [ 1.71804568  0.03339488 -0.05431893], [-0.52772204 -1.23075674  0.04666547]
627, [ 1.71804568  0.03339488 -0.05431893], [-0.52772204 -1.23075674  0.04666547]
628, [ 1.71804568  0.03339488 -0.05431893], [-0.52772204 -1.23075674  0.04666547]
629, [ 1.71804568  0.03339488 -0.05431893], [-0.52772204 -1.23075674  0.04666547]
630, [ 1.71804568  0.03339488 -0.05431893], [-0.52772204 -1.23075674  0.04666547]
631, [ 1.73634142  0.02483257 -0.07957261], [ 0.01653469 -0.00703756  0.04344496]
632, [ 1.73634142  0.02483257 -0.07957261], [ 0.01653469 -0.00703756  0.04344496]
633, [ 1.73634142  0.02483257 -0.07957261], [ 0.01653469 -0.00703756  0.04344496]
634, [ 1.73634142  0.02483257 -0.07957261], [ 0.01653469 -0.00703756  0.04344496]
635, [ 1.73634142  0.02483257 -0.07957261], [ 0.01653469 -0.00703756  0.04344496]
636, [ 1.73634142  0.02483257 -0.07957261], [ 0.01653469 -0.00703756  0.04344496]
637, [ 1.73840719  0.02431188 -0.08326231], [-0.57183703 -1.16196182  0.00753945]
638, [ 1.73840719  0.02431188 -0.08326231], [-0.57183703 -1.16196182  0.00753945]
639, [ 1.73840719  0.02431188 -0.08326231], [-0.57183703 -1.16196182  0.00753945]
640, [ 1.73840719  0.02431188 -0.08326231], [-0.57183703 -1.16196182  0.00753945]
641, [ 1.73840719  0.02431188 -0.08326231], [-0.57183703 -1.16196182  0.00753945]
642, [ 1.73840719  0.02431188 -0.08326231], [-0.57183703 -1.16196182  0.00753945]
643, [ 1.73634142  0.02483257 -0.07957261], [ 0.01653469 -0.00703756  0.04344496]
644, [ 1.73634142  0.02483257 -0.07957261], [ 0.01653469 -0.00703756  0.04344496]
645, [ 1.73634142  0.02483257 -0.07957261], [ 0.01653469 -0.00703756  0.04344496]
646, [ 1.73634142  0.02483257 -0.07957261], [ 0.01653469 -0.00703756  0.04344496]
647, [ 1.73634142  0.02483257 -0.07957261], [ 0.01653469 -0.00703756  0.04344496]
648, [ 1.73634142  0.02483257 -0.07957261], [ 0.01653469 -0.00703756  0.04344496]
649, [ 1.73634142  0.02483257 -0.07957261], [ 0.01653469 -0.00703756  0.04344496]
650, [ 1.73634142  0.02483257 -0.07957261], [ 0.01653469 -0.00703756  0.04344496]
651, [ 1.73634142  0.02483257 -0.07957261], [ 0.01653469 -0.00703756  0.04344496]
652, [ 1.73634142  0.02483257 -0.07957261], [ 0.01653469 -0.00703756  0.04344496]
653, [ 1.73634142  0.02483257 -0.07957261], [ 0.01653469 -0.00703756  0.04344496]
654, [ 1.73634142  0.02483257 -0.07957261], [ 0.01653469 -0.00703756  0.04344496]
655, [ 1.73634142  0.02483257 -0.07957261], [ 0.01653469 -0.00703756  0.04344496]
656, [ 1.73634142  0.02483257 -0.07957261], [ 0.01653469 -0.00703756  0.04344496]
657, [ 1.73634142  0.02483257 -0.07957261], [ 0.01653469 -0.00703756  0.04344496]
658, [ 1.73634142  0.02483257 -0.07957261], [ 0.01653469 -0.00703756  0.04344496]
659, [ 1.73634142  0.02483257 -0.07957261], [ 0.01653469 -0.00703756  0.04344496]
660, [ 1.73634142  0.02483257 -0.07957261], [ 0.01653469 -0.00703756  0.04344496]
661, [ 1.73155172  0.02732204 -0.07273007], [-0.00623369  0.00310329  0.02646111]
662, [ 1.73155172  0.02732204 -0.07273007], [-0.00623369  0.00310329  0.02646111]
663, [ 1.73155172  0.02732204 -0.07273007], [-0.00623369  0.00310329  0.02646111]
664, [ 1.73155172  0.02732204 -0.07273007], [-0.00623369  0.00310329  0.02646111]
665, [ 1.73155172  0.02732204 -0.07273007], [-0.00623369  0.00310329  0.02646111]
666, [ 1.73155172  0.02732204 -0.07273007], [-0.00623369  0.00310329  0.02646111]
667, [ 1.73155172  0.02732204 -0.07273007], [-0.00623369  0.00310329  0.02646111]
668, [ 1.73155172  0.02732204 -0.07273007], [-0.00623369  0.00310329  0.02646111]
669, [ 1.73155172  0.02732204 -0.07273007], [-0.00623369  0.00310329  0.02646111]
670, [ 1.73155172  0.02732204 -0.07273007], [-0.00623369  0.00310329  0.02646111]
671, [ 1.72659454  0.02933689 -0.06569732], [-0.02830883  0.01257152  0.00992194]
672, [ 1.72659454  0.02933689 -0.06569732], [-0.02830883  0.01257152  0.00992194]
673, [ 1.72659454  0.02933689 -0.06569732], [-0.02830883  0.01257152  0.00992194]
674, [ 1.72659454  0.02933689 -0.06569732], [-0.02830883  0.01257152  0.00992194]
675, [ 1.72659454  0.02933689 -0.06569732], [-0.02830883  0.01257152  0.00992194]
676, [ 1.72659454  0.02933689 -0.06569732], [-0.02830883  0.01257152  0.00992194]
677, [ 1.73155172  0.02732204 -0.07273007], [-0.00623369  0.00310329  0.02646111]
678, [ 1.73155172  0.02732204 -0.07273007], [-0.00623369  0.00310329  0.02646111]
679, [ 1.73155172  0.02732204 -0.07273007], [-0.00623369  0.00310329  0.02646111]
680, [ 1.73155172  0.02732204 -0.07273007], [-0.00623369  0.00310329  0.02646111]
681, [ 1.73155172  0.02732204 -0.07273007], [-0.00623369  0.00310329  0.02646111]
682, [ 1.73155172  0.02732204 -0.07273007], [-0.00623369  0.00310329  0.02646111]
683, [ 1.73155172  0.02732204 -0.07273007], [-0.00623369  0.00310329  0.02646111]
684, [ 1.73155172  0.02732204 -0.07273007], [-0.00623369  0.00310329  0.02646111]
685, [ 1.73155172  0.02732204 -0.07273007], [-0.00623369  0.00310329  0.02646111]
686, [ 1.73155172  0.02732204 -0.07273007], [-0.00623369  0.00310329  0.02646111]
687, [ 1.73155172  0.02732204 -0.07273007], [-0.00623369  0.00310329  0.02646111]
688, [ 1.73155172  0.02732204 -0.07273007], [-0.00623369  0.00310329  0.02646111]
689, [ 1.73155172  0.02732204 -0.07273007], [-0.00623369  0.00310329  0.02646111]
690, [ 1.73155172  0.02732204 -0.07273007], [-0.00623369  0.00310329  0.02646111]
691, [ 1.73840719  0.02431188 -0.08326231], [-0.57183703 -1.16196182  0.00753945]
692, [ 1.73840719  0.02431188 -0.08326231], [-0.57183703 -1.16196182  0.00753945]
693, [ 1.73840719  0.02431188 -0.08326231], [-0.57183703 -1.16196182  0.00753945]
694, [ 1.73840719  0.02431188 -0.08326231], [-0.57183703 -1.16196182  0.00753945]
695, [ 1.71671757  0.03414821 -0.05277674], [-0.55741886 -1.22192605  0.01022358]
696, [ 1.71671757  0.03414821 -0.05277674], [-0.55741886 -1.22192605  0.01022358]
697, [ 1.71671757  0.03414821 -0.05277674], [-0.55741886 -1.22192605  0.01022358]
698, [ 1.71671757  0.03414821 -0.05277674], [-0.55741886 -1.22192605  0.01022358]
699, [ 1.71671757  0.03414821 -0.05277674], [-0.55741886 -1.22192605  0.01022358]
700, [ 1.71671757  0.03414821 -0.05277674], [-0.55741886 -1.22192605  0.01022358]
701, [ 1.71671757  0.03414821 -0.05277674], [-0.55741886 -1.22192605  0.01022358]
702, [ 1.71671757  0.03414821 -0.05277674], [-0.55741886 -1.22192605  0.01022358]
703, [ 1.71671757  0.03414821 -0.05277674], [-0.55741886 -1.22192605  0.01022358]
704, [ 1.71671757  0.03414821 -0.05277674], [-0.55741886 -1.22192605  0.01022358]
705, [ 1.71671757  0.03414821 -0.05277674], [-0.55741886 -1.22192605  0.01022358]
706, [ 1.71671757  0.03414821 -0.05277674], [-0.55741886 -1.22192605  0.01022358]
707, [ 1.71671757  0.03414821 -0.05277674], [-0.55741886 -1.22192605  0.01022358]
708, [ 1.71671757  0.03414821 -0.05277674], [-0.55741886 -1.22192605  0.01022358]
709, [ 1.71671757  0.03414821 -0.05277674], [-0.55741886 -1.22192605  0.01022358]
710, [ 1.71671757  0.03414821 -0.05277674], [-0.55741886 -1.22192605  0.01022358]
711, [ 1.71671757  0.03414821 -0.05277674], [-0.55741886 -1.22192605  0.01022358]
712, [ 1.71671757  0.03414821 -0.05277674], [-0.55741886 -1.22192605  0.01022358]
713, [ 1.71671757  0.03414821 -0.05277674], [-0.55741886 -1.22192605  0.01022358]
714, [ 1.71671757  0.03414821 -0.05277674], [-0.55741886 -1.22192605  0.01022358]
715, [ 1.71671757  0.03414821 -0.05277674], [-0.55741886 -1.22192605  0.01022358]
716, [ 1.71671757  0.03414821 -0.05277674], [-0.55741886 -1.22192605  0.01022358]
717, [ 1.71671757  0.03414821 -0.05277674], [-0.55741886 -1.22192605  0.01022358]
718, [ 1.71671757  0.03414821 -0.05277674], [-0.55741886 -1.22192605  0.01022358]
719, [ 1.71671757  0.03414821 -0.05277674], [-0.55741886 -1.22192605  0.01022358]
720, [ 1.71671757  0.03414821 -0.05277674], [-0.55741886 -1.22192605  0.01022358]
721, [ 1.7219198   0.03174878 -0.05945216], [-0.6033853  -1.19927639  0.03050678]
722, [ 1.7219198   0.03174878 -0.05945216], [-0.6033853  -1.19927639  0.03050678]
723, [ 1.71491637  0.03456676 -0.04988479], [-0.57758273 -1.23540261  0.02704293]
724, [ 1.71019381  0.03700806 -0.04314444], [-0.55075266 -1.24699796  0.02816224]
725, [ 1.71019381  0.03700806 -0.04314444], [-0.55075266 -1.24699796  0.02816224]
726, [ 1.71019381  0.03700806 -0.04314444], [-0.55075266 -1.24699796  0.02816224]
727, [ 1.71019381  0.03700806 -0.04314444], [-0.55075266 -1.24699796  0.02816224]
728, [ 1.71019381  0.03700806 -0.04314444], [-0.55075266 -1.24699796  0.02816224]
729, [ 1.71019381  0.03700806 -0.04314444], [-0.55075266 -1.24699796  0.02816224]
730, [ 1.71019381  0.03700806 -0.04314444], [-0.55075266 -1.24699796  0.02816224]
731, [ 1.71019381  0.03700806 -0.04314444], [-0.55075266 -1.24699796  0.02816224]
732, [ 1.71019381  0.03700806 -0.04314444], [-0.55075266 -1.24699796  0.02816224]
733, [ 1.71019381  0.03700806 -0.04314444], [-0.55075266 -1.24699796  0.02816224]
734, [ 1.71019381  0.03700806 -0.04314444], [-0.55075266 -1.24699796  0.02816224]
735, [ 1.71019381  0.03700806 -0.04314444], [-0.55075266 -1.24699796  0.02816224]
736, [ 1.71019381  0.03700806 -0.04314444], [-0.55075266 -1.24699796  0.02816224]
737, [ 1.71019381  0.03700806 -0.04314444], [-0.55075266 -1.24699796  0.02816224]
738, [ 1.71019381  0.03700806 -0.04314444], [-0.55075266 -1.24699796  0.02816224]
739, [ 1.71019381  0.03700806 -0.04314444], [-0.55075266 -1.24699796  0.02816224]
740, [ 1.71019381  0.03700806 -0.04314444], [-0.55075266 -1.24699796  0.02816224]
741, [ 1.71019381  0.03700806 -0.04314444], [-0.55075266 -1.24699796  0.02816224]
742, [ 1.71019381  0.03700806 -0.04314444], [-0.55075266 -1.24699796  0.02816224]
743, [ 1.71019381  0.03700806 -0.04314444], [-0.55075266 -1.24699796  0.02816224]
744, [ 1.71019381  0.03700806 -0.04314444], [-0.55075266 -1.24699796  0.02816224]
745, [ 1.71019381  0.03700806 -0.04314444], [-0.55075266 -1.24699796  0.02816224]
746, [ 1.71019381  0.03700806 -0.04314444], [-0.55075266 -1.24699796  0.02816224]
747, [ 1.71019381  0.03700806 -0.04314444], [-0.55075266 -1.24699796  0.02816224]
748, [ 1.71019381  0.03700806 -0.04314444], [-0.55075266 -1.24699796  0.02816224]
749, [ 1.71019381  0.03700806 -0.04314444], [-0.55075266 -1.24699796  0.02816224]
750, [ 1.71019381  0.03700806 -0.04314444], [-0.55075266 -1.24699796  0.02816224]
751, [ 1.72993917  0.02779388 -0.07161783], [-0.56281976 -1.19164554  0.02681685]
752, [ 1.72993917  0.02779388 -0.07161783], [-0.56281976 -1.19164554  0.02681685]
753, [ 1.73774973  0.02405848 -0.08237487], [-0.571932   -1.16328759  0.00759422]
754, [ 1.73774973  0.02405848 -0.08237487], [-0.571932   -1.16328759  0.00759422]
755, [ 1.73774973  0.02405848 -0.08237487], [-0.571932   -1.16328759  0.00759422]
756, [ 1.73774973  0.02405848 -0.08237487], [-0.571932   -1.16328759  0.00759422]
757, [ 1.73774973  0.02405848 -0.08237487], [-0.571932   -1.16328759  0.00759422]
758, [ 1.73774973  0.02405848 -0.08237487], [-0.571932   -1.16328759  0.00759422]
759, [ 1.73774973  0.02405848 -0.08237487], [-0.571932   -1.16328759  0.00759422]
760, [ 1.73774973  0.02405848 -0.08237487], [-0.571932   -1.16328759  0.00759422]
761, [ 1.73774973  0.02405848 -0.08237487], [-0.571932   -1.16328759  0.00759422]
762, [ 1.73774973  0.02405848 -0.08237487], [-0.571932   -1.16328759  0.00759422]
763, [ 1.73774973  0.02405848 -0.08237487], [-0.571932   -1.16328759  0.00759422]
764, [ 1.73774973  0.02405848 -0.08237487], [-0.571932   -1.16328759  0.00759422]
765, [ 1.73774973  0.02405848 -0.08237487], [-0.571932   -1.16328759  0.00759422]
766, [ 1.73774973  0.02405848 -0.08237487], [-0.571932   -1.16328759  0.00759422]
767, [ 1.73774973  0.02405848 -0.08237487], [-0.571932   -1.16328759  0.00759422]
768, [ 1.73774973  0.02405848 -0.08237487], [-0.571932   -1.16328759  0.00759422]
769, [ 1.73774973  0.02405848 -0.08237487], [-0.571932   -1.16328759  0.00759422]
770, [ 1.73774973  0.02405848 -0.08237487], [-0.571932   -1.16328759  0.00759422]
771, [ 1.73774973  0.02405848 -0.08237487], [-0.571932   -1.16328759  0.00759422]
772, [ 1.73774973  0.02405848 -0.08237487], [-0.571932   -1.16328759  0.00759422]
773, [ 1.73139335  0.02684034 -0.0729757 ], [-0.56289385 -1.19075922  0.02673384]
774, [ 1.73139335  0.02684034 -0.0729757 ], [-0.56289385 -1.19075922  0.02673384]
775, [ 1.73139335  0.02684034 -0.0729757 ], [-0.56289385 -1.19075922  0.02673384]
776, [ 1.73139335  0.02684034 -0.0729757 ], [-0.56289385 -1.19075922  0.02673384]
777, [ 1.73774973  0.02405848 -0.08237487], [-0.571932   -1.16328759  0.00759422]
778, [ 1.73774973  0.02405848 -0.08237487], [-0.571932   -1.16328759  0.00759422]
779, [ 1.73774973  0.02405848 -0.08237487], [-0.571932   -1.16328759  0.00759422]
780, [ 1.73774973  0.02405848 -0.08237487], [-0.571932   -1.16328759  0.00759422]
781, [ 1.74210174  0.02233632 -0.08854014], [-0.60273553 -1.15043169  0.00527272]
782, [ 1.74210174  0.02233632 -0.08854014], [-0.60273553 -1.15043169  0.00527272]
783, [ 1.74210174  0.02233632 -0.08854014], [-0.60273553 -1.15043169  0.00527272]
784, [ 1.74210174  0.02233632 -0.08854014], [-0.60273553 -1.15043169  0.00527272]
785, [ 1.74210174  0.02233632 -0.08854014], [-0.60273553 -1.15043169  0.00527272]
786, [ 1.74210174  0.02233632 -0.08854014], [-0.60273553 -1.15043169  0.00527272]
787, [ 1.74210174  0.02233632 -0.08854014], [-0.60273553 -1.15043169  0.00527272]
788, [ 1.74210174  0.02233632 -0.08854014], [-0.60273553 -1.15043169  0.00527272]
789, [ 1.73634142  0.02483257 -0.07957261], [ 0.01653469 -0.00703756  0.04344496]
790, [ 1.73634142  0.02483257 -0.07957261], [ 0.01653469 -0.00703756  0.04344496]
791, [ 1.73634142  0.02483257 -0.07957261], [ 0.01653469 -0.00703756  0.04344496]
792, [ 1.73634142  0.02483257 -0.07957261], [ 0.01653469 -0.00703756  0.04344496]
793, [ 1.73634142  0.02483257 -0.07957261], [ 0.01653469 -0.00703756  0.04344496]
794, [ 1.73634142  0.02483257 -0.07957261], [ 0.01653469 -0.00703756  0.04344496]
795, [ 1.74210174  0.02233632 -0.08854014], [-0.60273553 -1.15043169  0.00527272]
796, [ 1.74210174  0.02233632 -0.08854014], [-0.60273553 -1.15043169  0.00527272]
797, [ 1.74210174  0.02233632 -0.08854014], [-0.60273553 -1.15043169  0.00527272]
798, [ 1.74210174  0.02233632 -0.08854014], [-0.60273553 -1.15043169  0.00527272]
799, [ 1.74210174  0.02233632 -0.08854014], [-0.60273553 -1.15043169  0.00527272]
800, [ 1.74210174  0.02233632 -0.08854014], [-0.60273553 -1.15043169  0.00527272]
801, [ 1.74210174  0.02233632 -0.08854014], [-0.60273553 -1.15043169  0.00527272]
802, [ 1.74210174  0.02233632 -0.08854014], [-0.60273553 -1.15043169  0.00527272]
803, [ 1.74210174  0.02233632 -0.08854014], [-0.60273553 -1.15043169  0.00527272]
804, [ 1.74210174  0.02233632 -0.08854014], [-0.60273553 -1.15043169  0.00527272]
805, [ 1.74210174  0.02233632 -0.08854014], [-0.60273553 -1.15043169  0.00527272]
806, [ 1.74210174  0.02233632 -0.08854014], [-0.60273553 -1.15043169  0.00527272]
807, [ 1.74210174  0.02233632 -0.08854014], [-0.60273553 -1.15043169  0.00527272]
808, [ 1.74210174  0.02233632 -0.08854014], [-0.60273553 -1.15043169  0.00527272]
809, [ 1.74210174  0.02233632 -0.08854014], [-0.60273553 -1.15043169  0.00527272]
810, [ 1.74210174  0.02233632 -0.08854014], [-0.60273553 -1.15043169  0.00527272]
811, [ 1.71801472  0.03381771 -0.05344166], [0.00337072 0.02418555 0.03226271]
812, [ 1.71801472  0.03381771 -0.05344166], [0.00337072 0.02418555 0.03226271]
813, [ 1.71801472  0.03381771 -0.05344166], [0.00337072 0.02418555 0.03226271]
814, [ 1.71801472  0.03381771 -0.05344166], [0.00337072 0.02418555 0.03226271]
815, [ 1.71801472  0.03381771 -0.05344166], [0.00337072 0.02418555 0.03226271]
816, [ 1.73155172  0.02732204 -0.07273007], [-0.00623369  0.00310329  0.02646111]
817, [ 1.73155172  0.02732204 -0.07273007], [-0.00623369  0.00310329  0.02646111]
818, [ 1.73155172  0.02732204 -0.07273007], [-0.00623369  0.00310329  0.02646111]
819, [ 1.73155172  0.02732204 -0.07273007], [-0.00623369  0.00310329  0.02646111]
820, [ 1.73155172  0.02732204 -0.07273007], [-0.00623369  0.00310329  0.02646111]
821, [ 1.73155172  0.02732204 -0.07273007], [-0.00623369  0.00310329  0.02646111]
822, [ 1.72659454  0.02933689 -0.06569732], [-0.02830883  0.01257152  0.00992194]
823, [ 1.72659454  0.02933689 -0.06569732], [-0.02830883  0.01257152  0.00992194]
824, [ 1.72380807  0.03101898 -0.06249188], [-0.5551284  -1.21690165  0.04527233]
825, [ 1.72380807  0.03101898 -0.06249188], [-0.5551284  -1.21690165  0.04527233]
826, [ 1.72380807  0.03101898 -0.06249188], [-0.5551284  -1.21690165  0.04527233]
827, [ 1.72380807  0.03101898 -0.06249188], [-0.5551284  -1.21690165  0.04527233]
828, [ 1.73155172  0.02732204 -0.07273007], [-0.00623369  0.00310329  0.02646111]
829, [ 1.73155172  0.02732204 -0.07273007], [-0.00623369  0.00310329  0.02646111]
830, [ 1.73155172  0.02732204 -0.07273007], [-0.00623369  0.00310329  0.02646111]
831, [ 1.73155172  0.02732204 -0.07273007], [-0.00623369  0.00310329  0.02646111]
832, [ 1.73155172  0.02732204 -0.07273007], [-0.00623369  0.00310329  0.02646111]
833, [ 1.73155172  0.02732204 -0.07273007], [-0.00623369  0.00310329  0.02646111]
834, [ 1.73155172  0.02732204 -0.07273007], [-0.00623369  0.00310329  0.02646111]
835, [ 1.73155172  0.02732204 -0.07273007], [-0.00623369  0.00310329  0.02646111]
836, [ 1.73155172  0.02732204 -0.07273007], [-0.00623369  0.00310329  0.02646111]
837, [ 1.73155172  0.02732204 -0.07273007], [-0.00623369  0.00310329  0.02646111]
838, [ 1.73155172  0.02732204 -0.07273007], [-0.00623369  0.00310329  0.02646111]
839, [ 1.73155172  0.02732204 -0.07273007], [-0.00623369  0.00310329  0.02646111]
840, [ 1.72380807  0.03101898 -0.06249188], [-0.5551284  -1.21690165  0.04527233]
841, [ 1.73155172  0.02732204 -0.07273007], [-0.00623369  0.00310329  0.02646111]
842, [ 1.73155172  0.02732204 -0.07273007], [-0.00623369  0.00310329  0.02646111]
843, [ 1.73155172  0.02732204 -0.07273007], [-0.00623369  0.00310329  0.02646111]
844, [ 1.73155172  0.02732204 -0.07273007], [-0.00623369  0.00310329  0.02646111]
845, [ 1.73155172  0.02732204 -0.07273007], [-0.00623369  0.00310329  0.02646111]
846, [ 1.73155172  0.02732204 -0.07273007], [-0.00623369  0.00310329  0.02646111]
847, [ 1.72659454  0.02933689 -0.06569732], [-0.02830883  0.01257152  0.00992194]
848, [ 1.73155172  0.02732204 -0.07273007], [-0.00623369  0.00310329  0.02646111]
849, [ 1.73155172  0.02732204 -0.07273007], [-0.00623369  0.00310329  0.02646111]
850, [ 1.73155172  0.02732204 -0.07273007], [-0.00623369  0.00310329  0.02646111]
851, [ 1.73155172  0.02732204 -0.07273007], [-0.00623369  0.00310329  0.02646111]
852, [ 1.73155172  0.02732204 -0.07273007], [-0.00623369  0.00310329  0.02646111]
853, [ 1.73155172  0.02732204 -0.07273007], [-0.00623369  0.00310329  0.02646111]
854, [ 1.73155172  0.02732204 -0.07273007], [-0.00623369  0.00310329  0.02646111]
855, [ 1.73155172  0.02732204 -0.07273007], [-0.00623369  0.00310329  0.02646111]
856, [ 1.73155172  0.02732204 -0.07273007], [-0.00623369  0.00310329  0.02646111]
857, [ 1.73155172  0.02732204 -0.07273007], [-0.00623369  0.00310329  0.02646111]
858, [ 1.73155172  0.02732204 -0.07273007], [-0.00623369  0.00310329  0.02646111]
859, [ 1.73155172  0.02732204 -0.07273007], [-0.00623369  0.00310329  0.02646111]
860, [ 1.73155172  0.02732204 -0.07273007], [-0.00623369  0.00310329  0.02646111]
861, [ 1.73155172  0.02732204 -0.07273007], [-0.00623369  0.00310329  0.02646111]
862, [ 1.73155172  0.02732204 -0.07273007], [-0.00623369  0.00310329  0.02646111]
863, [ 1.73155172  0.02732204 -0.07273007], [-0.00623369  0.00310329  0.02646111]
864, [ 1.73155172  0.02732204 -0.07273007], [-0.00623369  0.00310329  0.02646111]
865, [ 1.73155172  0.02732204 -0.07273007], [-0.00623369  0.00310329  0.02646111]
866, [ 1.73155172  0.02732204 -0.07273007], [-0.00623369  0.00310329  0.02646111]
867, [ 1.73155172  0.02732204 -0.07273007], [-0.00623369  0.00310329  0.02646111]
868, [ 1.73155172  0.02732204 -0.07273007], [-0.00623369  0.00310329  0.02646111]
869, [ 1.73155172  0.02732204 -0.07273007], [-0.00623369  0.00310329  0.02646111]
870, [ 1.73155172  0.02732204 -0.07273007], [-0.00623369  0.00310329  0.02646111]
871, [ 1.73634142  0.02483257 -0.07957261], [ 0.01653469 -0.00703756  0.04344496]
872, [ 1.73634142  0.02483257 -0.07957261], [ 0.01653469 -0.00703756  0.04344496]
873, [ 1.73634142  0.02483257 -0.07957261], [ 0.01653469 -0.00703756  0.04344496]
874, [ 1.7211454   0.03184125 -0.05909961], [-0.58541313 -1.21041588  0.00870388]
875, [ 1.7211454   0.03184125 -0.05909961], [-0.58541313 -1.21041588  0.00870388]
876, [ 1.7211454   0.03184125 -0.05909961], [-0.58541313 -1.21041588  0.00870388]
877, [ 1.7211454   0.03184125 -0.05909961], [-0.58541313 -1.21041588  0.00870388]
878, [ 1.7211454   0.03184125 -0.05909961], [-0.58541313 -1.21041588  0.00870388]
879, [ 1.7211454   0.03184125 -0.05909961], [-0.58541313 -1.21041588  0.00870388]
880, [ 1.7211454   0.03184125 -0.05909961], [-0.58541313 -1.21041588  0.00870388]
881, [ 1.7211454   0.03184125 -0.05909961], [-0.58541313 -1.21041588  0.00870388]
882, [ 1.7211454   0.03184125 -0.05909961], [-0.58541313 -1.21041588  0.00870388]
883, [ 1.7211454   0.03184125 -0.05909961], [-0.58541313 -1.21041588  0.00870388]
884, [ 1.7211454   0.03184125 -0.05909961], [-0.58541313 -1.21041588  0.00870388]
885, [ 1.7211454   0.03184125 -0.05909961], [-0.58541313 -1.21041588  0.00870388]
886, [ 1.7211454   0.03184125 -0.05909961], [-0.58541313 -1.21041588  0.00870388]
887, [ 1.7211454   0.03184125 -0.05909961], [-0.58541313 -1.21041588  0.00870388]
888, [ 1.7211454   0.03184125 -0.05909961], [-0.58541313 -1.21041588  0.00870388]
889, [ 1.7211454   0.03184125 -0.05909961], [-0.58541313 -1.21041588  0.00870388]
890, [ 1.7211454   0.03184125 -0.05909961], [-0.58541313 -1.21041588  0.00870388]
891, [ 1.7211454   0.03184125 -0.05909961], [-0.58541313 -1.21041588  0.00870388]
892, [ 1.7211454   0.03184125 -0.05909961], [-0.58541313 -1.21041588  0.00870388]
893, [ 1.73634142  0.02483257 -0.07957261], [ 0.01653469 -0.00703756  0.04344496]
894, [ 1.73634142  0.02483257 -0.07957261], [ 0.01653469 -0.00703756  0.04344496]
895, [ 1.7211454   0.03184125 -0.05909961], [-0.58541313 -1.21041588  0.00870388]
896, [ 1.73634142  0.02483257 -0.07957261], [ 0.01653469 -0.00703756  0.04344496]
897, [ 1.73634142  0.02483257 -0.07957261], [ 0.01653469 -0.00703756  0.04344496]
898, [ 1.73634142  0.02483257 -0.07957261], [ 0.01653469 -0.00703756  0.04344496]
899, [ 1.73634142  0.02483257 -0.07957261], [ 0.01653469 -0.00703756  0.04344496]
900, [ 1.73634142  0.02483257 -0.07957261], [ 0.01653469 -0.00703756  0.04344496]
901, [ 1.72412754  0.0311482  -0.06292365], [-0.58360695 -1.18460455  0.01330636]
902, [ 1.72412754  0.0311482  -0.06292365], [-0.58360695 -1.18460455  0.01330636]
903, [ 1.72412754  0.0311482  -0.06292365], [-0.58360695 -1.18460455  0.01330636]
904, [ 1.71801472  0.03381771 -0.05344166], [0.00337072 0.02418555 0.03226271]
905, [ 1.72412754  0.0311482  -0.06292365], [-0.58360695 -1.18460455  0.01330636]
906, [ 1.72412754  0.0311482  -0.06292365], [-0.58360695 -1.18460455  0.01330636]
907, [ 1.72412754  0.0311482  -0.06292365], [-0.58360695 -1.18460455  0.01330636]
908, [ 1.71801472  0.03381771 -0.05344166], [0.00337072 0.02418555 0.03226271]
909, [ 1.71801472  0.03381771 -0.05344166], [0.00337072 0.02418555 0.03226271]
910, [ 1.71801472  0.03381771 -0.05344166], [0.00337072 0.02418555 0.03226271]
911, [ 1.71801472  0.03381771 -0.05344166], [0.00337072 0.02418555 0.03226271]
912, [ 1.71801472  0.03381771 -0.05344166], [0.00337072 0.02418555 0.03226271]
913, [ 1.71801472  0.03381771 -0.05344166], [0.00337072 0.02418555 0.03226271]
914, [ 1.71801472  0.03381771 -0.05344166], [0.00337072 0.02418555 0.03226271]
915, [ 1.71801472  0.03381771 -0.05344166], [0.00337072 0.02418555 0.03226271]
916, [ 1.71801472  0.03381771 -0.05344166], [0.00337072 0.02418555 0.03226271]
917, [ 1.71801472  0.03381771 -0.05344166], [0.00337072 0.02418555 0.03226271]
918, [ 1.71801472  0.03381771 -0.05344166], [0.00337072 0.02418555 0.03226271]
919, [ 1.71801472  0.03381771 -0.05344166], [0.00337072 0.02418555 0.03226271]
920, [ 1.71801472  0.03381771 -0.05344166], [0.00337072 0.02418555 0.03226271]
921, [ 1.71801472  0.03381771 -0.05344166], [0.00337072 0.02418555 0.03226271]
922, [ 1.72380807  0.03101898 -0.06249188], [-0.5551284  -1.21690165  0.04527233]
923, [ 1.72380807  0.03101898 -0.06249188], [-0.5551284  -1.21690165  0.04527233]
924, [ 1.72380807  0.03101898 -0.06249188], [-0.5551284  -1.21690165  0.04527233]
925, [ 1.72380807  0.03101898 -0.06249188], [-0.5551284  -1.21690165  0.04527233]
926, [ 1.72380807  0.03101898 -0.06249188], [-0.5551284  -1.21690165  0.04527233]
927, [ 1.72380807  0.03101898 -0.06249188], [-0.5551284  -1.21690165  0.04527233]
928, [ 1.72380807  0.03101898 -0.06249188], [-0.5551284  -1.21690165  0.04527233]
929, [ 1.72380807  0.03101898 -0.06249188], [-0.5551284  -1.21690165  0.04527233]
930, [ 1.72380807  0.03101898 -0.06249188], [-0.5551284  -1.21690165  0.04527233]
931, [ 1.73155172  0.02732204 -0.07273007], [-0.00623369  0.00310329  0.02646111]
932, [ 1.73155172  0.02732204 -0.07273007], [-0.00623369  0.00310329  0.02646111]
933, [ 1.73155172  0.02732204 -0.07273007], [-0.00623369  0.00310329  0.02646111]
934, [ 1.73155172  0.02732204 -0.07273007], [-0.00623369  0.00310329  0.02646111]
935, [ 1.73155172  0.02732204 -0.07273007], [-0.00623369  0.00310329  0.02646111]
936, [ 1.72659454  0.02933689 -0.06569732], [-0.02830883  0.01257152  0.00992194]
937, [ 1.72659454  0.02933689 -0.06569732], [-0.02830883  0.01257152  0.00992194]
938, [ 1.73155172  0.02732204 -0.07273007], [-0.00623369  0.00310329  0.02646111]
939, [ 1.73155172  0.02732204 -0.07273007], [-0.00623369  0.00310329  0.02646111]
940, [ 1.73155172  0.02732204 -0.07273007], [-0.00623369  0.00310329  0.02646111]
941, [ 1.73155172  0.02732204 -0.07273007], [-0.00623369  0.00310329  0.02646111]
942, [ 1.73155172  0.02732204 -0.07273007], [-0.00623369  0.00310329  0.02646111]
943, [ 1.73155172  0.02732204 -0.07273007], [-0.00623369  0.00310329  0.02646111]
944, [ 1.73155172  0.02732204 -0.07273007], [-0.00623369  0.00310329  0.02646111]
945, [ 1.73155172  0.02732204 -0.07273007], [-0.00623369  0.00310329  0.02646111]
946, [ 1.73155172  0.02732204 -0.07273007], [-0.00623369  0.00310329  0.02646111]
947, [ 1.73155172  0.02732204 -0.07273007], [-0.00623369  0.00310329  0.02646111]
948, [ 1.73155172  0.02732204 -0.07273007], [-0.00623369  0.00310329  0.02646111]
949, [ 1.73155172  0.02732204 -0.07273007], [-0.00623369  0.00310329  0.02646111]
950, [ 1.73155172  0.02732204 -0.07273007], [-0.00623369  0.00310329  0.02646111]
951, [ 1.73155172  0.02732204 -0.07273007], [-0.00623369  0.00310329  0.02646111]
952, [ 1.73155172  0.02732204 -0.07273007], [-0.00623369  0.00310329  0.02646111]
953, [ 1.73155172  0.02732204 -0.07273007], [-0.00623369  0.00310329  0.02646111]
954, [ 1.73155172  0.02732204 -0.07273007], [-0.00623369  0.00310329  0.02646111]
955, [ 1.73155172  0.02732204 -0.07273007], [-0.00623369  0.00310329  0.02646111]
956, [ 1.73155172  0.02732204 -0.07273007], [-0.00623369  0.00310329  0.02646111]
957, [ 1.73155172  0.02732204 -0.07273007], [-0.00623369  0.00310329  0.02646111]
958, [ 1.72486679  0.030518   -0.06284834], [ 0.0174991  -0.00387201  0.02938897]
959, [ 1.73634142  0.02483257 -0.07957261], [ 0.01653469 -0.00703756  0.04344496]
960, [ 1.73634142  0.02483257 -0.07957261], [ 0.01653469 -0.00703756  0.04344496]
961, [ 1.73155172  0.02732204 -0.07273007], [-0.00623369  0.00310329  0.02646111]
962, [ 1.73155172  0.02732204 -0.07273007], [-0.00623369  0.00310329  0.02646111]
963, [ 1.73155172  0.02732204 -0.07273007], [-0.00623369  0.00310329  0.02646111]
964, [ 1.73155172  0.02732204 -0.07273007], [-0.00623369  0.00310329  0.02646111]
965, [ 1.73155172  0.02732204 -0.07273007], [-0.00623369  0.00310329  0.02646111]
966, [ 1.73155172  0.02732204 -0.07273007], [-0.00623369  0.00310329  0.02646111]
967, [ 1.73155172  0.02732204 -0.07273007], [-0.00623369  0.00310329  0.02646111]
968, [ 1.73155172  0.02732204 -0.07273007], [-0.00623369  0.00310329  0.02646111]
969, [ 1.73155172  0.02732204 -0.07273007], [-0.00623369  0.00310329  0.02646111]
970, [ 1.73155172  0.02732204 -0.07273007], [-0.00623369  0.00310329  0.02646111]
971, [ 1.73155172  0.02732204 -0.07273007], [-0.00623369  0.00310329  0.02646111]
972, [ 1.73155172  0.02732204 -0.07273007], [-0.00623369  0.00310329  0.02646111]
973, [ 1.73155172  0.02732204 -0.07273007], [-0.00623369  0.00310329  0.02646111]
974, [ 1.73155172  0.02732204 -0.07273007], [-0.00623369  0.00310329  0.02646111]
975, [ 1.73155172  0.02732204 -0.07273007], [-0.00623369  0.00310329  0.02646111]
976, [ 1.73155172  0.02732204 -0.07273007], [-0.00623369  0.00310329  0.02646111]
977, [ 1.73155172  0.02732204 -0.07273007], [-0.00623369  0.00310329  0.02646111]
978, [ 1.73155172  0.02732204 -0.07273007], [-0.00623369  0.00310329  0.02646111]
979, [ 1.73155172  0.02732204 -0.07273007], [-0.00623369  0.00310329  0.02646111]
980, [ 1.73155172  0.02732204 -0.07273007], [-0.00623369  0.00310329  0.02646111]
981, [ 1.73155172  0.02732204 -0.07273007], [-0.00623369  0.00310329  0.02646111]
982, [ 1.73155172  0.02732204 -0.07273007], [-0.00623369  0.00310329  0.02646111]
983, [ 1.73155172  0.02732204 -0.07273007], [-0.00623369  0.00310329  0.02646111]
984, [ 1.73155172  0.02732204 -0.07273007], [-0.00623369  0.00310329  0.02646111]
985, [ 1.73155172  0.02732204 -0.07273007], [-0.00623369  0.00310329  0.02646111]
986, [ 1.73155172  0.02732204 -0.07273007], [-0.00623369  0.00310329  0.02646111]
987, [ 1.73155172  0.02732204 -0.07273007], [-0.00623369  0.00310329  0.02646111]
988, [ 1.73155172  0.02732204 -0.07273007], [-0.00623369  0.00310329  0.02646111]
989, [ 1.73155172  0.02732204 -0.07273007], [-0.00623369  0.00310329  0.02646111]
990, [ 1.73155172  0.02732204 -0.07273007], [-0.00623369  0.00310329  0.02646111]
991, [ 1.73155172  0.02732204 -0.07273007], [-0.00623369  0.00310329  0.02646111]
992, [ 1.73155172  0.02732204 -0.07273007], [-0.00623369  0.00310329  0.02646111]
993, [ 1.73155172  0.02732204 -0.07273007], [-0.00623369  0.00310329  0.02646111]
994, [ 1.73155172  0.02732204 -0.07273007], [-0.00623369  0.00310329  0.02646111]
995, [ 1.73155172  0.02732204 -0.07273007], [-0.00623369  0.00310329  0.02646111]
996, [ 1.73155172  0.02732204 -0.07273007], [-0.00623369  0.00310329  0.02646111]
997, [ 1.73155172  0.02732204 -0.07273007], [-0.00623369  0.00310329  0.02646111]
998, [ 1.73155172  0.02732204 -0.07273007], [-0.00623369  0.00310329  0.02646111]
999, [ 1.73155172  0.02732204 -0.07273007], [-0.00623369  0.00310329  0.02646111]
1000, [ 1.73155172  0.02732204 -0.07273007], [-0.00623369  0.00310329  0.02646111]
1001, [ 1.73155172  0.02732204 -0.07273007], [-0.00623369  0.00310329  0.02646111]
1002, [ 1.73155172  0.02732204 -0.07273007], [-0.00623369  0.00310329  0.02646111]
1003, [ 1.73155172  0.02732204 -0.07273007], [-0.00623369  0.00310329  0.02646111]
1004, [ 1.73155172  0.02732204 -0.07273007], [-0.00623369  0.00310329  0.02646111]
1005, [ 1.73155172  0.02732204 -0.07273007], [-0.00623369  0.00310329  0.02646111]
1006, [ 1.73155172  0.02732204 -0.07273007], [-0.00623369  0.00310329  0.02646111]
1007, [ 1.73155172  0.02732204 -0.07273007], [-0.00623369  0.00310329  0.02646111]
1008, [ 1.73155172  0.02732204 -0.07273007], [-0.00623369  0.00310329  0.02646111]
1009, [ 1.73155172  0.02732204 -0.07273007], [-0.00623369  0.00310329  0.02646111]
1010, [ 1.73155172  0.02732204 -0.07273007], [-0.00623369  0.00310329  0.02646111]
1011, [ 1.73155172  0.02732204 -0.07273007], [-0.00623369  0.00310329  0.02646111]
1012, [ 1.73155172  0.02732204 -0.07273007], [-0.00623369  0.00310329  0.02646111]
1013, [ 1.73155172  0.02732204 -0.07273007], [-0.00623369  0.00310329  0.02646111]
1014, [ 1.73155172  0.02732204 -0.07273007], [-0.00623369  0.00310329  0.02646111]
1015, [ 1.73155172  0.02732204 -0.07273007], [-0.00623369  0.00310329  0.02646111]
1016, [ 1.73155172  0.02732204 -0.07273007], [-0.00623369  0.00310329  0.02646111]
1017, [ 1.73155172  0.02732204 -0.07273007], [-0.00623369  0.00310329  0.02646111]
1018, [ 1.73155172  0.02732204 -0.07273007], [-0.00623369  0.00310329  0.02646111]
1019, [ 1.73155172  0.02732204 -0.07273007], [-0.00623369  0.00310329  0.02646111]
1020, [ 1.73155172  0.02732204 -0.07273007], [-0.00623369  0.00310329  0.02646111]
1021, [ 1.7219198   0.03174878 -0.05945216], [-0.6033853  -1.19927639  0.03050678]
1022, [ 1.7219198   0.03174878 -0.05945216], [-0.6033853  -1.19927639  0.03050678]
1023, [ 1.7219198   0.03174878 -0.05945216], [-0.6033853  -1.19927639  0.03050678]
1024, [ 1.7219198   0.03174878 -0.05945216], [-0.6033853  -1.19927639  0.03050678]
1025, [ 1.7219198   0.03174878 -0.05945216], [-0.6033853  -1.19927639  0.03050678]
1026, [ 1.7219198   0.03174878 -0.05945216], [-0.6033853  -1.19927639  0.03050678]
1027, [ 1.7219198   0.03174878 -0.05945216], [-0.6033853  -1.19927639  0.03050678]
1028, [ 1.7219198   0.03174878 -0.05945216], [-0.6033853  -1.19927639  0.03050678]
1029, [ 1.7219198   0.03174878 -0.05945216], [-0.6033853  -1.19927639  0.03050678]
1030, [ 1.7219198   0.03174878 -0.05945216], [-0.6033853  -1.19927639  0.03050678]
1031, [ 1.7219198   0.03174878 -0.05945216], [-0.6033853  -1.19927639  0.03050678]
1032, [ 1.7219198   0.03174878 -0.05945216], [-0.6033853  -1.19927639  0.03050678]
1033, [ 1.7219198   0.03174878 -0.05945216], [-0.6033853  -1.19927639  0.03050678]
1034, [ 1.7219198   0.03174878 -0.05945216], [-0.6033853  -1.19927639  0.03050678]
1035, [ 1.7219198   0.03174878 -0.05945216], [-0.6033853  -1.19927639  0.03050678]
1036, [ 1.7219198   0.03174878 -0.05945216], [-0.6033853  -1.19927639  0.03050678]
1037, [ 1.7219198   0.03174878 -0.05945216], [-0.6033853  -1.19927639  0.03050678]
1038, [ 1.7219198   0.03174878 -0.05945216], [-0.6033853  -1.19927639  0.03050678]
1039, [ 1.7219198   0.03174878 -0.05945216], [-0.6033853  -1.19927639  0.03050678]
1040, [ 1.7219198   0.03174878 -0.05945216], [-0.6033853  -1.19927639  0.03050678]
1041, [ 1.73139335  0.02684034 -0.0729757 ], [-0.56289385 -1.19075922  0.02673384]
1042, [ 1.73139335  0.02684034 -0.0729757 ], [-0.56289385 -1.19075922  0.02673384]
1043, [ 1.72659454  0.02933689 -0.06569732], [-0.02830883  0.01257152  0.00992194]
1044, [ 1.72659454  0.02933689 -0.06569732], [-0.02830883  0.01257152  0.00992194]
1045, [ 1.72659454  0.02933689 -0.06569732], [-0.02830883  0.01257152  0.00992194]
1046, [ 1.72659454  0.02933689 -0.06569732], [-0.02830883  0.01257152  0.00992194]
1047, [ 1.72659454  0.02933689 -0.06569732], [-0.02830883  0.01257152  0.00992194]
1048, [ 1.72659454  0.02933689 -0.06569732], [-0.02830883  0.01257152  0.00992194]
1049, [ 1.72659454  0.02933689 -0.06569732], [-0.02830883  0.01257152  0.00992194]
1050, [ 1.72659454  0.02933689 -0.06569732], [-0.02830883  0.01257152  0.00992194]
1051, [ 1.73057685  0.02805147 -0.07247783], [-0.56275502 -1.19041212  0.02677493]
1052, [ 1.73057685  0.02805147 -0.07247783], [-0.56275502 -1.19041212  0.02677493]
1053, [ 1.73475102  0.02585833 -0.07843984], [-0.59224974 -1.17846906  0.02493397]
