frame index, translation vector, rotation vector
3, [ 1.70599914  1.15136142 -0.01970109], [ 0.08387953 -0.0102277   0.05752165]
4, [ 1.70599914  1.15136142 -0.01970109], [ 0.08387953 -0.0102277   0.05752165]
5, [ 1.70599914  1.15136142 -0.01970109], [ 0.08387953 -0.0102277   0.05752165]
6, [ 1.70599914  1.15136142 -0.01970109], [ 0.08387953 -0.0102277   0.05752165]
7, [ 1.70599914  1.15136142 -0.01970109], [ 0.08387953 -0.0102277   0.05752165]
8, [ 1.70599914  1.15136142 -0.01970109], [ 0.08387953 -0.0102277   0.05752165]
9, [ 1.70599914  1.15136142 -0.01970109], [ 0.08387953 -0.0102277   0.05752165]
10, [ 1.70599914  1.15136142 -0.01970109], [ 0.08387953 -0.0102277   0.05752165]
11, [ 1.70599914  1.15136142 -0.01970109], [ 0.08387953 -0.0102277   0.05752165]
12, [ 1.70599914  1.15136142 -0.01970109], [ 0.08387953 -0.0102277   0.05752165]
13, [ 1.70599914  1.15136142 -0.01970109], [ 0.08387953 -0.0102277   0.05752165]
14, [ 1.70599914  1.15136142 -0.01970109], [ 0.08387953 -0.0102277   0.05752165]
15, [ 1.70599914  1.15136142 -0.01970109], [ 0.08387953 -0.0102277   0.05752165]
16, [ 1.70599914  1.15136142 -0.01970109], [ 0.08387953 -0.0102277   0.05752165]
17, [ 1.70599914  1.15136142 -0.01970109], [ 0.08387953 -0.0102277   0.05752165]
18, [ 1.70599914  1.15136142 -0.01970109], [ 0.08387953 -0.0102277   0.05752165]
21, [ 1.70802056  1.15295418 -0.02214843], [ 0.0867353  -0.03308078  0.04388586]
22, [ 1.70802056  1.15295418 -0.02214843], [ 0.0867353  -0.03308078  0.04388586]
23, [ 1.70802056  1.15295418 -0.02214843], [ 0.0867353  -0.03308078  0.04388586]
24, [ 1.70802056  1.15295418 -0.02214843], [ 0.0867353  -0.03308078  0.04388586]
25, [ 1.70802056  1.15295418 -0.02214843], [ 0.0867353  -0.03308078  0.04388586]
26, [ 1.70802056  1.15295418 -0.02214843], [ 0.0867353  -0.03308078  0.04388586]
27, [ 1.70802056  1.15295418 -0.02214843], [ 0.0867353  -0.03308078  0.04388586]
28, [ 1.70802056  1.15295418 -0.02214843], [ 0.0867353  -0.03308078  0.04388586]
29, [ 1.70802056  1.15295418 -0.02214843], [ 0.0867353  -0.03308078  0.04388586]
30, [ 1.70802056  1.15295418 -0.02214843], [ 0.0867353  -0.03308078  0.04388586]
31, [ 1.70599914  1.15136142 -0.01970109], [ 0.08387953 -0.0102277   0.05752165]
32, [ 1.70599914  1.15136142 -0.01970109], [ 0.08387953 -0.0102277   0.05752165]
33, [ 1.70599914  1.15136142 -0.01970109], [ 0.08387953 -0.0102277   0.05752165]
34, [ 1.70536365  1.1507467  -0.02004209], [ 0.92841668 -1.14576824  0.00289933]
35, [ 1.7083932   1.153542   -0.02349721], [ 0.06378048 -0.03769448  0.05683282]
36, [ 1.7083932   1.153542   -0.02349721], [ 0.06378048 -0.03769448  0.05683282]
37, [ 1.7083932   1.153542   -0.02349721], [ 0.06378048 -0.03769448  0.05683282]
38, [ 1.7083932   1.153542   -0.02349721], [ 0.06378048 -0.03769448  0.05683282]
39, [ 1.7083932   1.153542   -0.02349721], [ 0.06378048 -0.03769448  0.05683282]
40, [ 1.7083932   1.153542   -0.02349721], [ 0.06378048 -0.03769448  0.05683282]
41, [ 1.7083932   1.153542   -0.02349721], [ 0.06378048 -0.03769448  0.05683282]
42, [ 1.7083932   1.153542   -0.02349721], [ 0.06378048 -0.03769448  0.05683282]
43, [ 1.7083932   1.153542   -0.02349721], [ 0.06378048 -0.03769448  0.05683282]
44, [ 1.7083932   1.153542   -0.02349721], [ 0.06378048 -0.03769448  0.05683282]
45, [ 1.7083932   1.153542   -0.02349721], [ 0.06378048 -0.03769448  0.05683282]
46, [ 1.7083932   1.153542   -0.02349721], [ 0.06378048 -0.03769448  0.05683282]
47, [ 1.70536365  1.1507467  -0.02004209], [ 0.92841668 -1.14576824  0.00289933]
48, [ 1.70536365  1.1507467  -0.02004209], [ 0.92841668 -1.14576824  0.00289933]
49, [ 1.70536365  1.1507467  -0.02004209], [ 0.92841668 -1.14576824  0.00289933]
50, [ 1.70599914  1.15136142 -0.01970109], [ 0.08387953 -0.0102277   0.05752165]
51, [ 1.70599914  1.15136142 -0.01970109], [ 0.08387953 -0.0102277   0.05752165]
52, [ 1.70599914  1.15136142 -0.01970109], [ 0.08387953 -0.0102277   0.05752165]
53, [ 1.70599914  1.15136142 -0.01970109], [ 0.08387953 -0.0102277   0.05752165]
59, [ 1.7083932   1.153542   -0.02349721], [ 0.06378048 -0.03769448  0.05683282]
60, [ 1.7083932   1.153542   -0.02349721], [ 0.06378048 -0.03769448  0.05683282]
70, [ 1.70599914  1.15136142 -0.01970109], [ 0.08387953 -0.0102277   0.05752165]
71, [ 1.70599914  1.15136142 -0.01970109], [ 0.08387953 -0.0102277   0.05752165]
72, [ 1.70599914  1.15136142 -0.01970109], [ 0.08387953 -0.0102277   0.05752165]
73, [ 1.70599914  1.15136142 -0.01970109], [ 0.08387953 -0.0102277   0.05752165]
74, [ 1.70599914  1.15136142 -0.01970109], [ 0.08387953 -0.0102277   0.05752165]
75, [ 1.70599914  1.15136142 -0.01970109], [ 0.08387953 -0.0102277   0.05752165]
76, [ 1.70599914  1.15136142 -0.01970109], [ 0.08387953 -0.0102277   0.05752165]
77, [ 1.70599914  1.15136142 -0.01970109], [ 0.08387953 -0.0102277   0.05752165]
78, [ 1.70599914  1.15136142 -0.01970109], [ 0.08387953 -0.0102277   0.05752165]
79, [ 1.70599914  1.15136142 -0.01970109], [ 0.08387953 -0.0102277   0.05752165]
80, [ 1.70599914  1.15136142 -0.01970109], [ 0.08387953 -0.0102277   0.05752165]
81, [ 1.70599914  1.15136142 -0.01970109], [ 0.08387953 -0.0102277   0.05752165]
82, [ 1.70599914  1.15136142 -0.01970109], [ 0.08387953 -0.0102277   0.05752165]
83, [ 1.70599914  1.15136142 -0.01970109], [ 0.08387953 -0.0102277   0.05752165]
84, [ 1.70599914  1.15136142 -0.01970109], [ 0.08387953 -0.0102277   0.05752165]
85, [ 1.70599914  1.15136142 -0.01970109], [ 0.08387953 -0.0102277   0.05752165]
86, [ 1.70599914  1.15136142 -0.01970109], [ 0.08387953 -0.0102277   0.05752165]
87, [ 1.70599914  1.15136142 -0.01970109], [ 0.08387953 -0.0102277   0.05752165]
88, [ 1.70599914  1.15136142 -0.01970109], [ 0.08387953 -0.0102277   0.05752165]
89, [ 1.70599914  1.15136142 -0.01970109], [ 0.08387953 -0.0102277   0.05752165]
90, [ 1.70599914  1.15136142 -0.01970109], [ 0.08387953 -0.0102277   0.05752165]
91, [ 1.71008879  1.15483546 -0.02548783], [ 0.06558771 -0.06083252  0.04276854]
92, [ 1.71008879  1.15483546 -0.02548783], [ 0.06558771 -0.06083252  0.04276854]
93, [ 1.71008879  1.15483546 -0.02548783], [ 0.06558771 -0.06083252  0.04276854]
94, [ 1.71008879  1.15483546 -0.02548783], [ 0.06558771 -0.06083252  0.04276854]
95, [ 1.71008879  1.15483546 -0.02548783], [ 0.06558771 -0.06083252  0.04276854]
96, [ 1.71008879  1.15483546 -0.02548783], [ 0.06558771 -0.06083252  0.04276854]
97, [ 1.71008879  1.15483546 -0.02548783], [ 0.06558771 -0.06083252  0.04276854]
98, [ 1.71008879  1.15483546 -0.02548783], [ 0.06558771 -0.06083252  0.04276854]
99, [ 1.71008879  1.15483546 -0.02548783], [ 0.06558771 -0.06083252  0.04276854]
100, [ 1.71008879  1.15483546 -0.02548783], [ 0.06558771 -0.06083252  0.04276854]
101, [ 1.71008879  1.15483546 -0.02548783], [ 0.06558771 -0.06083252  0.04276854]
102, [ 1.71008879  1.15483546 -0.02548783], [ 0.06558771 -0.06083252  0.04276854]
103, [ 1.71008879  1.15483546 -0.02548783], [ 0.06558771 -0.06083252  0.04276854]
104, [ 1.71008879  1.15483546 -0.02548783], [ 0.06558771 -0.06083252  0.04276854]
105, [ 1.71008879  1.15483546 -0.02548783], [ 0.06558771 -0.06083252  0.04276854]
106, [ 1.71008879  1.15483546 -0.02548783], [ 0.06558771 -0.06083252  0.04276854]
107, [ 1.71008879  1.15483546 -0.02548783], [ 0.06558771 -0.06083252  0.04276854]
108, [ 1.71008879  1.15483546 -0.02548783], [ 0.06558771 -0.06083252  0.04276854]
109, [ 1.71008879  1.15483546 -0.02548783], [ 0.06558771 -0.06083252  0.04276854]
110, [ 1.71008879  1.15483546 -0.02548783], [ 0.06558771 -0.06083252  0.04276854]
111, [ 1.71008879  1.15483546 -0.02548783], [ 0.06558771 -0.06083252  0.04276854]
112, [ 1.71008879  1.15483546 -0.02548783], [ 0.06558771 -0.06083252  0.04276854]
113, [ 1.71008879  1.15483546 -0.02548783], [ 0.06558771 -0.06083252  0.04276854]
114, [ 1.71008879  1.15483546 -0.02548783], [ 0.06558771 -0.06083252  0.04276854]
115, [ 1.71008879  1.15483546 -0.02548783], [ 0.06558771 -0.06083252  0.04276854]
116, [ 1.71008879  1.15483546 -0.02548783], [ 0.06558771 -0.06083252  0.04276854]
117, [ 1.71008879  1.15483546 -0.02548783], [ 0.06558771 -0.06083252  0.04276854]
118, [ 1.71008879  1.15483546 -0.02548783], [ 0.06558771 -0.06083252  0.04276854]
119, [ 1.71008879  1.15483546 -0.02548783], [ 0.06558771 -0.06083252  0.04276854]
120, [ 1.71008879  1.15483546 -0.02548783], [ 0.06558771 -0.06083252  0.04276854]
123, [ 1.70599914  1.15136142 -0.01970109], [ 0.08387953 -0.0102277   0.05752165]
124, [ 1.70599914  1.15136142 -0.01970109], [ 0.08387953 -0.0102277   0.05752165]
125, [ 1.70599914  1.15136142 -0.01970109], [ 0.08387953 -0.0102277   0.05752165]
126, [ 1.70599914  1.15136142 -0.01970109], [ 0.08387953 -0.0102277   0.05752165]
127, [ 1.70599914  1.15136142 -0.01970109], [ 0.08387953 -0.0102277   0.05752165]
128, [ 1.70599914  1.15136142 -0.01970109], [ 0.08387953 -0.0102277   0.05752165]
129, [ 1.70599914  1.15136142 -0.01970109], [ 0.08387953 -0.0102277   0.05752165]
130, [ 1.70599914  1.15136142 -0.01970109], [ 0.08387953 -0.0102277   0.05752165]
131, [ 1.70599914  1.15136142 -0.01970109], [ 0.08387953 -0.0102277   0.05752165]
132, [ 1.70599914  1.15136142 -0.01970109], [ 0.08387953 -0.0102277   0.05752165]
133, [ 1.70599914  1.15136142 -0.01970109], [ 0.08387953 -0.0102277   0.05752165]
134, [ 1.70599914  1.15136142 -0.01970109], [ 0.08387953 -0.0102277   0.05752165]
135, [ 1.70599914  1.15136142 -0.01970109], [ 0.08387953 -0.0102277   0.05752165]
136, [ 1.70599914  1.15136142 -0.01970109], [ 0.08387953 -0.0102277   0.05752165]
137, [ 1.70599914  1.15136142 -0.01970109], [ 0.08387953 -0.0102277   0.05752165]
138, [ 1.70599914  1.15136142 -0.01970109], [ 0.08387953 -0.0102277   0.05752165]
140, [ 1.7083932   1.153542   -0.02349721], [ 0.06378048 -0.03769448  0.05683282]
141, [ 1.7083932   1.153542   -0.02349721], [ 0.06378048 -0.03769448  0.05683282]
142, [ 1.7083932   1.153542   -0.02349721], [ 0.06378048 -0.03769448  0.05683282]
143, [ 1.7083932   1.153542   -0.02349721], [ 0.06378048 -0.03769448  0.05683282]
144, [ 1.7083932   1.153542   -0.02349721], [ 0.06378048 -0.03769448  0.05683282]
145, [ 1.7083932   1.153542   -0.02349721], [ 0.06378048 -0.03769448  0.05683282]
146, [ 1.7083932   1.153542   -0.02349721], [ 0.06378048 -0.03769448  0.05683282]
147, [ 1.7083932   1.153542   -0.02349721], [ 0.06378048 -0.03769448  0.05683282]
148, [ 1.7083932   1.153542   -0.02349721], [ 0.06378048 -0.03769448  0.05683282]
149, [ 1.7083932   1.153542   -0.02349721], [ 0.06378048 -0.03769448  0.05683282]
150, [ 1.7083932   1.153542   -0.02349721], [ 0.06378048 -0.03769448  0.05683282]
151, [ 1.70599914  1.15136142 -0.01970109], [ 0.08387953 -0.0102277   0.05752165]
152, [ 1.70599914  1.15136142 -0.01970109], [ 0.08387953 -0.0102277   0.05752165]
153, [ 1.70599914  1.15136142 -0.01970109], [ 0.08387953 -0.0102277   0.05752165]
154, [ 1.70599914  1.15136142 -0.01970109], [ 0.08387953 -0.0102277   0.05752165]
155, [ 1.70599914  1.15136142 -0.01970109], [ 0.08387953 -0.0102277   0.05752165]
156, [ 1.70599914  1.15136142 -0.01970109], [ 0.08387953 -0.0102277   0.05752165]
157, [ 1.70599914  1.15136142 -0.01970109], [ 0.08387953 -0.0102277   0.05752165]
158, [ 1.70599914  1.15136142 -0.01970109], [ 0.08387953 -0.0102277   0.05752165]
159, [ 1.70599914  1.15136142 -0.01970109], [ 0.08387953 -0.0102277   0.05752165]
160, [ 1.70599914  1.15136142 -0.01970109], [ 0.08387953 -0.0102277   0.05752165]
161, [ 1.70599914  1.15136142 -0.01970109], [ 0.08387953 -0.0102277   0.05752165]
162, [ 1.70599914  1.15136142 -0.01970109], [ 0.08387953 -0.0102277   0.05752165]
163, [ 1.70599914  1.15136142 -0.01970109], [ 0.08387953 -0.0102277   0.05752165]
164, [ 1.70599914  1.15136142 -0.01970109], [ 0.08387953 -0.0102277   0.05752165]
165, [ 1.70599914  1.15136142 -0.01970109], [ 0.08387953 -0.0102277   0.05752165]
166, [ 1.70599914  1.15136142 -0.01970109], [ 0.08387953 -0.0102277   0.05752165]
167, [ 1.70599914  1.15136142 -0.01970109], [ 0.08387953 -0.0102277   0.05752165]
168, [ 1.70599914  1.15136142 -0.01970109], [ 0.08387953 -0.0102277   0.05752165]
169, [ 1.70599914  1.15136142 -0.01970109], [ 0.08387953 -0.0102277   0.05752165]
170, [ 1.70536365  1.1507467  -0.02004209], [ 0.92841668 -1.14576824  0.00289933]
171, [ 1.70536365  1.1507467  -0.02004209], [ 0.92841668 -1.14576824  0.00289933]
172, [ 1.70536365  1.1507467  -0.02004209], [ 0.92841668 -1.14576824  0.00289933]
173, [ 1.70536365  1.1507467  -0.02004209], [ 0.92841668 -1.14576824  0.00289933]
174, [ 1.70536365  1.1507467  -0.02004209], [ 0.92841668 -1.14576824  0.00289933]
175, [ 1.70536365  1.1507467  -0.02004209], [ 0.92841668 -1.14576824  0.00289933]
176, [ 1.70536365  1.1507467  -0.02004209], [ 0.92841668 -1.14576824  0.00289933]
177, [ 1.70536365  1.1507467  -0.02004209], [ 0.92841668 -1.14576824  0.00289933]
178, [ 1.70536365  1.1507467  -0.02004209], [ 0.92841668 -1.14576824  0.00289933]
179, [ 1.70536365  1.1507467  -0.02004209], [ 0.92841668 -1.14576824  0.00289933]
180, [ 1.70536365  1.1507467  -0.02004209], [ 0.92841668 -1.14576824  0.00289933]
181, [ 1.7083932   1.153542   -0.02349721], [ 0.06378048 -0.03769448  0.05683282]
182, [ 1.7083932   1.153542   -0.02349721], [ 0.06378048 -0.03769448  0.05683282]
183, [ 1.70599914  1.15136142 -0.01970109], [ 0.08387953 -0.0102277   0.05752165]
184, [ 1.7083932   1.153542   -0.02349721], [ 0.06378048 -0.03769448  0.05683282]
185, [ 1.7083932   1.153542   -0.02349721], [ 0.06378048 -0.03769448  0.05683282]
186, [ 1.7083932   1.153542   -0.02349721], [ 0.06378048 -0.03769448  0.05683282]
187, [ 1.7083932   1.153542   -0.02349721], [ 0.06378048 -0.03769448  0.05683282]
188, [ 1.7083932   1.153542   -0.02349721], [ 0.06378048 -0.03769448  0.05683282]
189, [ 1.7083932   1.153542   -0.02349721], [ 0.06378048 -0.03769448  0.05683282]
190, [ 1.7083932   1.153542   -0.02349721], [ 0.06378048 -0.03769448  0.05683282]
191, [ 1.7083932   1.153542   -0.02349721], [ 0.06378048 -0.03769448  0.05683282]
192, [ 1.7083932   1.153542   -0.02349721], [ 0.06378048 -0.03769448  0.05683282]
193, [ 1.7083932   1.153542   -0.02349721], [ 0.06378048 -0.03769448  0.05683282]
194, [ 1.7083932   1.153542   -0.02349721], [ 0.06378048 -0.03769448  0.05683282]
195, [ 1.70599914  1.15136142 -0.01970109], [ 0.08387953 -0.0102277   0.05752165]
196, [ 1.70599914  1.15136142 -0.01970109], [ 0.08387953 -0.0102277   0.05752165]
197, [ 1.70599914  1.15136142 -0.01970109], [ 0.08387953 -0.0102277   0.05752165]
198, [ 1.70599914  1.15136142 -0.01970109], [ 0.08387953 -0.0102277   0.05752165]
199, [ 1.7083932   1.153542   -0.02349721], [ 0.06378048 -0.03769448  0.05683282]
200, [ 1.7083932   1.153542   -0.02349721], [ 0.06378048 -0.03769448  0.05683282]
201, [ 1.7083932   1.153542   -0.02349721], [ 0.06378048 -0.03769448  0.05683282]
202, [ 1.7083932   1.153542   -0.02349721], [ 0.06378048 -0.03769448  0.05683282]
203, [ 1.7083932   1.153542   -0.02349721], [ 0.06378048 -0.03769448  0.05683282]
204, [ 1.7083932   1.153542   -0.02349721], [ 0.06378048 -0.03769448  0.05683282]
205, [ 1.7083932   1.153542   -0.02349721], [ 0.06378048 -0.03769448  0.05683282]
206, [ 1.7083932   1.153542   -0.02349721], [ 0.06378048 -0.03769448  0.05683282]
207, [ 1.7083932   1.153542   -0.02349721], [ 0.06378048 -0.03769448  0.05683282]
208, [ 1.7083932   1.153542   -0.02349721], [ 0.06378048 -0.03769448  0.05683282]
209, [ 1.7083932   1.153542   -0.02349721], [ 0.06378048 -0.03769448  0.05683282]
210, [ 1.70599914  1.15136142 -0.01970109], [ 0.08387953 -0.0102277   0.05752165]
232, [ 1.7083932   1.153542   -0.02349721], [ 0.06378048 -0.03769448  0.05683282]
247, [ 1.70599914  1.15136142 -0.01970109], [ 0.08387953 -0.0102277   0.05752165]
262, [ 1.70599914  1.15136142 -0.01970109], [ 0.08387953 -0.0102277   0.05752165]
263, [ 1.70599914  1.15136142 -0.01970109], [ 0.08387953 -0.0102277   0.05752165]
264, [ 1.70599914  1.15136142 -0.01970109], [ 0.08387953 -0.0102277   0.05752165]
265, [ 1.70536365  1.1507467  -0.02004209], [ 0.92841668 -1.14576824  0.00289933]
266, [ 1.70536365  1.1507467  -0.02004209], [ 0.92841668 -1.14576824  0.00289933]
267, [ 1.70536365  1.1507467  -0.02004209], [ 0.92841668 -1.14576824  0.00289933]
268, [ 1.70536365  1.1507467  -0.02004209], [ 0.92841668 -1.14576824  0.00289933]
269, [ 1.70536365  1.1507467  -0.02004209], [ 0.92841668 -1.14576824  0.00289933]
270, [ 1.70536365  1.1507467  -0.02004209], [ 0.92841668 -1.14576824  0.00289933]
271, [ 1.70599914  1.15136142 -0.01970109], [ 0.08387953 -0.0102277   0.05752165]
272, [ 1.70599914  1.15136142 -0.01970109], [ 0.08387953 -0.0102277   0.05752165]
273, [ 1.70599914  1.15136142 -0.01970109], [ 0.08387953 -0.0102277   0.05752165]
274, [ 1.70599914  1.15136142 -0.01970109], [ 0.08387953 -0.0102277   0.05752165]
275, [ 1.70599914  1.15136142 -0.01970109], [ 0.08387953 -0.0102277   0.05752165]
276, [ 1.70599914  1.15136142 -0.01970109], [ 0.08387953 -0.0102277   0.05752165]
277, [ 1.70599914  1.15136142 -0.01970109], [ 0.08387953 -0.0102277   0.05752165]
278, [ 1.70599914  1.15136142 -0.01970109], [ 0.08387953 -0.0102277   0.05752165]
279, [ 1.70599914  1.15136142 -0.01970109], [ 0.08387953 -0.0102277   0.05752165]
280, [ 1.70599914  1.15136142 -0.01970109], [ 0.08387953 -0.0102277   0.05752165]
281, [ 1.70599914  1.15136142 -0.01970109], [ 0.08387953 -0.0102277   0.05752165]
282, [ 1.70599914  1.15136142 -0.01970109], [ 0.08387953 -0.0102277   0.05752165]
283, [ 1.70599914  1.15136142 -0.01970109], [ 0.08387953 -0.0102277   0.05752165]
284, [ 1.70599914  1.15136142 -0.01970109], [ 0.08387953 -0.0102277   0.05752165]
285, [ 1.70599914  1.15136142 -0.01970109], [ 0.08387953 -0.0102277   0.05752165]
286, [ 1.70599914  1.15136142 -0.01970109], [ 0.08387953 -0.0102277   0.05752165]
287, [ 1.70599914  1.15136142 -0.01970109], [ 0.08387953 -0.0102277   0.05752165]
288, [ 1.70599914  1.15136142 -0.01970109], [ 0.08387953 -0.0102277   0.05752165]
289, [ 1.70599914  1.15136142 -0.01970109], [ 0.08387953 -0.0102277   0.05752165]
290, [ 1.70599914  1.15136142 -0.01970109], [ 0.08387953 -0.0102277   0.05752165]
291, [ 1.70599914  1.15136142 -0.01970109], [ 0.08387953 -0.0102277   0.05752165]
292, [ 1.70599914  1.15136142 -0.01970109], [ 0.08387953 -0.0102277   0.05752165]
293, [ 1.70599914  1.15136142 -0.01970109], [ 0.08387953 -0.0102277   0.05752165]
294, [ 1.70599914  1.15136142 -0.01970109], [ 0.08387953 -0.0102277   0.05752165]
295, [ 1.70599914  1.15136142 -0.01970109], [ 0.08387953 -0.0102277   0.05752165]
296, [ 1.70599914  1.15136142 -0.01970109], [ 0.08387953 -0.0102277   0.05752165]
297, [ 1.70599914  1.15136142 -0.01970109], [ 0.08387953 -0.0102277   0.05752165]
298, [ 1.70599914  1.15136142 -0.01970109], [ 0.08387953 -0.0102277   0.05752165]
299, [ 1.70599914  1.15136142 -0.01970109], [ 0.08387953 -0.0102277   0.05752165]
300, [ 1.70599914  1.15136142 -0.01970109], [ 0.08387953 -0.0102277   0.05752165]
301, [ 1.70599914  1.15136142 -0.01970109], [ 0.08387953 -0.0102277   0.05752165]
302, [ 1.70599914  1.15136142 -0.01970109], [ 0.08387953 -0.0102277   0.05752165]
303, [ 1.70599914  1.15136142 -0.01970109], [ 0.08387953 -0.0102277   0.05752165]
304, [ 1.70599914  1.15136142 -0.01970109], [ 0.08387953 -0.0102277   0.05752165]
305, [ 1.70599914  1.15136142 -0.01970109], [ 0.08387953 -0.0102277   0.05752165]
306, [ 1.70599914  1.15136142 -0.01970109], [ 0.08387953 -0.0102277   0.05752165]
307, [ 1.70599914  1.15136142 -0.01970109], [ 0.08387953 -0.0102277   0.05752165]
308, [ 1.70599914  1.15136142 -0.01970109], [ 0.08387953 -0.0102277   0.05752165]
309, [ 1.70599914  1.15136142 -0.01970109], [ 0.08387953 -0.0102277   0.05752165]
310, [ 1.7083932   1.153542   -0.02349721], [ 0.06378048 -0.03769448  0.05683282]
311, [ 1.7083932   1.153542   -0.02349721], [ 0.06378048 -0.03769448  0.05683282]
312, [ 1.7083932   1.153542   -0.02349721], [ 0.06378048 -0.03769448  0.05683282]
313, [ 1.7083932   1.153542   -0.02349721], [ 0.06378048 -0.03769448  0.05683282]
314, [ 1.7083932   1.153542   -0.02349721], [ 0.06378048 -0.03769448  0.05683282]
315, [ 1.7083932   1.153542   -0.02349721], [ 0.06378048 -0.03769448  0.05683282]
316, [ 1.7083932   1.153542   -0.02349721], [ 0.06378048 -0.03769448  0.05683282]
317, [ 1.70599914  1.15136142 -0.01970109], [ 0.08387953 -0.0102277   0.05752165]
318, [ 1.70599914  1.15136142 -0.01970109], [ 0.08387953 -0.0102277   0.05752165]
319, [ 1.70599914  1.15136142 -0.01970109], [ 0.08387953 -0.0102277   0.05752165]
320, [ 1.7083932   1.153542   -0.02349721], [ 0.06378048 -0.03769448  0.05683282]
321, [ 1.7083932   1.153542   -0.02349721], [ 0.06378048 -0.03769448  0.05683282]
322, [ 1.7083932   1.153542   -0.02349721], [ 0.06378048 -0.03769448  0.05683282]
323, [ 1.7083932   1.153542   -0.02349721], [ 0.06378048 -0.03769448  0.05683282]
324, [ 1.7083932   1.153542   -0.02349721], [ 0.06378048 -0.03769448  0.05683282]
325, [ 1.7083932   1.153542   -0.02349721], [ 0.06378048 -0.03769448  0.05683282]
326, [ 1.7083932   1.153542   -0.02349721], [ 0.06378048 -0.03769448  0.05683282]
327, [ 1.7083932   1.153542   -0.02349721], [ 0.06378048 -0.03769448  0.05683282]
328, [ 1.7083932   1.153542   -0.02349721], [ 0.06378048 -0.03769448  0.05683282]
329, [ 1.70802056  1.15295418 -0.02214843], [ 0.0867353  -0.03308078  0.04388586]
330, [ 1.70802056  1.15295418 -0.02214843], [ 0.0867353  -0.03308078  0.04388586]
331, [ 1.7083932   1.153542   -0.02349721], [ 0.06378048 -0.03769448  0.05683282]
332, [ 1.7083932   1.153542   -0.02349721], [ 0.06378048 -0.03769448  0.05683282]
333, [ 1.7083932   1.153542   -0.02349721], [ 0.06378048 -0.03769448  0.05683282]
334, [ 1.7083932   1.153542   -0.02349721], [ 0.06378048 -0.03769448  0.05683282]
335, [ 1.7083932   1.153542   -0.02349721], [ 0.06378048 -0.03769448  0.05683282]
336, [ 1.7083932   1.153542   -0.02349721], [ 0.06378048 -0.03769448  0.05683282]
337, [ 1.7083932   1.153542   -0.02349721], [ 0.06378048 -0.03769448  0.05683282]
338, [ 1.7083932   1.153542   -0.02349721], [ 0.06378048 -0.03769448  0.05683282]
339, [ 1.7083932   1.153542   -0.02349721], [ 0.06378048 -0.03769448  0.05683282]
340, [ 1.7083932   1.153542   -0.02349721], [ 0.06378048 -0.03769448  0.05683282]
341, [ 1.7083932   1.153542   -0.02349721], [ 0.06378048 -0.03769448  0.05683282]
342, [ 1.70802056  1.15295418 -0.02214843], [ 0.0867353  -0.03308078  0.04388586]
343, [ 1.70802056  1.15295418 -0.02214843], [ 0.0867353  -0.03308078  0.04388586]
344, [ 1.70802056  1.15295418 -0.02214843], [ 0.0867353  -0.03308078  0.04388586]
345, [1.69149518e+00 1.13750485e+00 1.84582786e-04], [ 0.92266419 -1.1626535  -0.03410604]
346, [1.69149518e+00 1.13750485e+00 1.84582786e-04], [ 0.92266419 -1.1626535  -0.03410604]
347, [ 1.71008879  1.15483546 -0.02548783], [ 0.06558771 -0.06083252  0.04276854]
348, [ 1.69404361  1.13980873 -0.00380789], [ 0.93752771 -1.14075269 -0.01002018]
349, [ 1.69705195  1.14259437 -0.00760441], [ 0.95354773 -1.11884888  0.01454928]
350, [ 1.70599914  1.15136142 -0.01970109], [ 0.08387953 -0.0102277   0.05752165]
351, [ 1.69542979  1.14137148 -0.00571806], [ 0.94892622 -1.14609346  0.01498841]
354, [ 1.71008879  1.15483546 -0.02548783], [ 0.06558771 -0.06083252  0.04276854]
356, [ 1.7083932   1.153542   -0.02349721], [ 0.06378048 -0.03769448  0.05683282]
357, [ 1.7083932   1.153542   -0.02349721], [ 0.06378048 -0.03769448  0.05683282]
358, [ 1.69542979  1.14137148 -0.00571806], [ 0.94892622 -1.14609346  0.01498841]
359, [ 1.7083932   1.153542   -0.02349721], [ 0.06378048 -0.03769448  0.05683282]
360, [ 1.7083932   1.153542   -0.02349721], [ 0.06378048 -0.03769448  0.05683282]
361, [ 1.69760017  1.14314504 -0.00715771], [ 0.06286167 -0.03452408  0.0415095 ]
364, [1.67318005 1.12020625 0.0266139 ], [ 0.96190364 -1.16229563 -0.00991142]
365, [1.68440303 1.13071321 0.01009477], [ 0.95761066 -1.14122465  0.0019696 ]
366, [1.67318005 1.12020625 0.0266139 ], [ 0.96190364 -1.16229563 -0.00991142]
367, [1.67157508 1.11895859 0.02888933], [0.05629836 0.03263174 0.05134287]
368, [1.68358577 1.13025752 0.01207892], [0.05859326 0.0106864  0.05331217]
369, [1.68236984 1.12888187 0.01335869], [ 0.94266088 -1.16222886 -0.02178195]
370, [ 1.69529044  1.14098196 -0.00433004], [ 0.08398359 -0.00848317  0.04243955]
371, [ 1.69529044  1.14098196 -0.00433004], [ 0.08398359 -0.00848317  0.04243955]
372, [ 1.70802056  1.15295418 -0.02214843], [ 0.0867353  -0.03308078  0.04388586]
374, [ 1.69713605  1.14241616 -0.0065357 ], [ 0.08671277 -0.03102624  0.02899032]
375, [ 1.69404361  1.13980873 -0.00380789], [ 0.93752771 -1.14075269 -0.01002018]
376, [ 1.69454075  1.14085088 -0.00444381], [ 0.93890661 -1.13941689 -0.00984953]
377, [ 1.69550672  1.14200924 -0.00538513], [ 0.06183854 -0.01213353  0.05560265]
378, [1.69179897e+00 1.13832015e+00 2.17251677e-04], [0.10376005 0.01894086 0.04336629]
379, [ 1.70722303  1.15218426 -0.02225675], [ 0.93255056 -1.11779273  0.00245884]
380, [ 1.70802056  1.15295418 -0.02214843], [ 0.0867353  -0.03308078  0.04388586]
381, [ 1.70802056  1.15295418 -0.02214843], [ 0.0867353  -0.03308078  0.04388586]
382, [ 1.70979831  1.15432295 -0.02425338], [ 0.08904227 -0.05666083  0.02991112]
383, [ 1.70979831  1.15432295 -0.02425338], [ 0.08904227 -0.05666083  0.02991112]
384, [ 1.70979831  1.15432295 -0.02425338], [ 0.08904227 -0.05666083  0.02991112]
385, [ 1.70979831  1.15432295 -0.02425338], [ 0.08904227 -0.05666083  0.02991112]
386, [ 1.70979831  1.15432295 -0.02425338], [ 0.08904227 -0.05666083  0.02991112]
387, [ 1.70802056  1.15295418 -0.02214843], [ 0.0867353  -0.03308078  0.04388586]
388, [ 1.70682384  1.15158361 -0.02087764], [ 0.92017121 -1.11237934 -0.02273759]
389, [ 1.70682384  1.15158361 -0.02087764], [ 0.92017121 -1.11237934 -0.02273759]
390, [ 1.70722303  1.15218426 -0.02225675], [ 0.93255056 -1.11779273  0.00245884]
391, [ 1.71008879  1.15483546 -0.02548783], [ 0.06558771 -0.06083252  0.04276854]
392, [ 1.71008879  1.15483546 -0.02548783], [ 0.06558771 -0.06083252  0.04276854]
393, [ 1.71008879  1.15483546 -0.02548783], [ 0.06558771 -0.06083252  0.04276854]
394, [ 1.71008879  1.15483546 -0.02548783], [ 0.06558771 -0.06083252  0.04276854]
395, [ 1.71008879  1.15483546 -0.02548783], [ 0.06558771 -0.06083252  0.04276854]
396, [ 1.71008879  1.15483546 -0.02548783], [ 0.06558771 -0.06083252  0.04276854]
397, [ 1.71008879  1.15483546 -0.02548783], [ 0.06558771 -0.06083252  0.04276854]
398, [ 1.71008879  1.15483546 -0.02548783], [ 0.06558771 -0.06083252  0.04276854]
399, [ 1.70802056  1.15295418 -0.02214843], [ 0.0867353  -0.03308078  0.04388586]
400, [ 1.70802056  1.15295418 -0.02214843], [ 0.0867353  -0.03308078  0.04388586]
401, [ 1.71008879  1.15483546 -0.02548783], [ 0.06558771 -0.06083252  0.04276854]
402, [ 1.71008879  1.15483546 -0.02548783], [ 0.06558771 -0.06083252  0.04276854]
403, [ 1.71008879  1.15483546 -0.02548783], [ 0.06558771 -0.06083252  0.04276854]
404, [ 1.71008879  1.15483546 -0.02548783], [ 0.06558771 -0.06083252  0.04276854]
405, [ 1.71008879  1.15483546 -0.02548783], [ 0.06558771 -0.06083252  0.04276854]
406, [ 1.71008879  1.15483546 -0.02548783], [ 0.06558771 -0.06083252  0.04276854]
407, [ 1.71008879  1.15483546 -0.02548783], [ 0.06558771 -0.06083252  0.04276854]
408, [ 1.71008879  1.15483546 -0.02548783], [ 0.06558771 -0.06083252  0.04276854]
409, [ 1.71008879  1.15483546 -0.02548783], [ 0.06558771 -0.06083252  0.04276854]
410, [ 1.71008879  1.15483546 -0.02548783], [ 0.06558771 -0.06083252  0.04276854]
411, [ 1.71008879  1.15483546 -0.02548783], [ 0.06558771 -0.06083252  0.04276854]
412, [ 1.71008879  1.15483546 -0.02548783], [ 0.06558771 -0.06083252  0.04276854]
413, [ 1.71008879  1.15483546 -0.02548783], [ 0.06558771 -0.06083252  0.04276854]
414, [ 1.71008879  1.15483546 -0.02548783], [ 0.06558771 -0.06083252  0.04276854]
415, [ 1.71008879  1.15483546 -0.02548783], [ 0.06558771 -0.06083252  0.04276854]
416, [ 1.71008879  1.15483546 -0.02548783], [ 0.06558771 -0.06083252  0.04276854]
417, [ 1.71008879  1.15483546 -0.02548783], [ 0.06558771 -0.06083252  0.04276854]
418, [ 1.71008879  1.15483546 -0.02548783], [ 0.06558771 -0.06083252  0.04276854]
419, [ 1.71008879  1.15483546 -0.02548783], [ 0.06558771 -0.06083252  0.04276854]
420, [ 1.71008879  1.15483546 -0.02548783], [ 0.06558771 -0.06083252  0.04276854]
421, [ 1.69454075  1.14085088 -0.00444381], [ 0.93890661 -1.13941689 -0.00984953]
422, [ 1.69454075  1.14085088 -0.00444381], [ 0.93890661 -1.13941689 -0.00984953]
423, [ 1.69454075  1.14085088 -0.00444381], [ 0.93890661 -1.13941689 -0.00984953]
424, [ 1.69454075  1.14085088 -0.00444381], [ 0.93890661 -1.13941689 -0.00984953]
425, [ 1.69454075  1.14085088 -0.00444381], [ 0.93890661 -1.13941689 -0.00984953]
426, [ 1.69454075  1.14085088 -0.00444381], [ 0.93890661 -1.13941689 -0.00984953]
427, [ 1.69454075  1.14085088 -0.00444381], [ 0.93890661 -1.13941689 -0.00984953]
428, [ 1.69454075  1.14085088 -0.00444381], [ 0.93890661 -1.13941689 -0.00984953]
429, [ 1.69454075  1.14085088 -0.00444381], [ 0.93890661 -1.13941689 -0.00984953]
430, [ 1.69454075  1.14085088 -0.00444381], [ 0.93890661 -1.13941689 -0.00984953]
431, [ 1.69454075  1.14085088 -0.00444381], [ 0.93890661 -1.13941689 -0.00984953]
432, [ 1.69454075  1.14085088 -0.00444381], [ 0.93890661 -1.13941689 -0.00984953]
433, [ 1.69454075  1.14085088 -0.00444381], [ 0.93890661 -1.13941689 -0.00984953]
453, [ 1.70722303  1.15218426 -0.02225675], [ 0.93255056 -1.11779273  0.00245884]
454, [ 1.70722303  1.15218426 -0.02225675], [ 0.93255056 -1.11779273  0.00245884]
455, [ 1.70722303  1.15218426 -0.02225675], [ 0.93255056 -1.11779273  0.00245884]
461, [ 1.70722303  1.15218426 -0.02225675], [ 0.93255056 -1.11779273  0.00245884]
462, [ 1.70722303  1.15218426 -0.02225675], [ 0.93255056 -1.11779273  0.00245884]
463, [ 1.70722303  1.15218426 -0.02225675], [ 0.93255056 -1.11779273  0.00245884]
464, [ 1.70722303  1.15218426 -0.02225675], [ 0.93255056 -1.11779273  0.00245884]
465, [ 1.70722303  1.15218426 -0.02225675], [ 0.93255056 -1.11779273  0.00245884]
466, [ 1.70722303  1.15218426 -0.02225675], [ 0.93255056 -1.11779273  0.00245884]
467, [ 1.71008879  1.15483546 -0.02548783], [ 0.06558771 -0.06083252  0.04276854]
468, [ 1.71008879  1.15483546 -0.02548783], [ 0.06558771 -0.06083252  0.04276854]
472, [ 1.70802056  1.15295418 -0.02214843], [ 0.0867353  -0.03308078  0.04388586]
473, [ 1.70802056  1.15295418 -0.02214843], [ 0.0867353  -0.03308078  0.04388586]
474, [ 1.70802056  1.15295418 -0.02214843], [ 0.0867353  -0.03308078  0.04388586]
475, [ 1.70802056  1.15295418 -0.02214843], [ 0.0867353  -0.03308078  0.04388586]
476, [ 1.70802056  1.15295418 -0.02214843], [ 0.0867353  -0.03308078  0.04388586]
477, [ 1.70802056  1.15295418 -0.02214843], [ 0.0867353  -0.03308078  0.04388586]
478, [ 1.70802056  1.15295418 -0.02214843], [ 0.0867353  -0.03308078  0.04388586]
479, [ 1.70802056  1.15295418 -0.02214843], [ 0.0867353  -0.03308078  0.04388586]
480, [ 1.70802056  1.15295418 -0.02214843], [ 0.0867353  -0.03308078  0.04388586]
483, [ 1.70802056  1.15295418 -0.02214843], [ 0.0867353  -0.03308078  0.04388586]
484, [ 1.70802056  1.15295418 -0.02214843], [ 0.0867353  -0.03308078  0.04388586]
485, [ 1.71008879  1.15483546 -0.02548783], [ 0.06558771 -0.06083252  0.04276854]
486, [ 1.71008879  1.15483546 -0.02548783], [ 0.06558771 -0.06083252  0.04276854]
487, [ 1.71008879  1.15483546 -0.02548783], [ 0.06558771 -0.06083252  0.04276854]
488, [ 1.71008879  1.15483546 -0.02548783], [ 0.06558771 -0.06083252  0.04276854]
489, [ 1.71008879  1.15483546 -0.02548783], [ 0.06558771 -0.06083252  0.04276854]
490, [ 1.71008879  1.15483546 -0.02548783], [ 0.06558771 -0.06083252  0.04276854]
491, [ 1.70802056  1.15295418 -0.02214843], [ 0.0867353  -0.03308078  0.04388586]
492, [ 1.70802056  1.15295418 -0.02214843], [ 0.0867353  -0.03308078  0.04388586]
493, [ 1.70802056  1.15295418 -0.02214843], [ 0.0867353  -0.03308078  0.04388586]
494, [ 1.70802056  1.15295418 -0.02214843], [ 0.0867353  -0.03308078  0.04388586]
495, [ 1.71008879  1.15483546 -0.02548783], [ 0.06558771 -0.06083252  0.04276854]
496, [ 1.71008879  1.15483546 -0.02548783], [ 0.06558771 -0.06083252  0.04276854]
497, [ 1.70802056  1.15295418 -0.02214843], [ 0.0867353  -0.03308078  0.04388586]
499, [ 1.70802056  1.15295418 -0.02214843], [ 0.0867353  -0.03308078  0.04388586]
500, [ 1.70802056  1.15295418 -0.02214843], [ 0.0867353  -0.03308078  0.04388586]
501, [ 1.70802056  1.15295418 -0.02214843], [ 0.0867353  -0.03308078  0.04388586]
502, [ 1.70802056  1.15295418 -0.02214843], [ 0.0867353  -0.03308078  0.04388586]
503, [ 1.70802056  1.15295418 -0.02214843], [ 0.0867353  -0.03308078  0.04388586]
504, [ 1.70802056  1.15295418 -0.02214843], [ 0.0867353  -0.03308078  0.04388586]
508, [ 1.70802056  1.15295418 -0.02214843], [ 0.0867353  -0.03308078  0.04388586]
511, [ 1.69454075  1.14085088 -0.00444381], [ 0.93890661 -1.13941689 -0.00984953]
512, [ 1.69454075  1.14085088 -0.00444381], [ 0.93890661 -1.13941689 -0.00984953]
513, [ 1.69454075  1.14085088 -0.00444381], [ 0.93890661 -1.13941689 -0.00984953]
514, [ 1.69454075  1.14085088 -0.00444381], [ 0.93890661 -1.13941689 -0.00984953]
515, [ 1.69454075  1.14085088 -0.00444381], [ 0.93890661 -1.13941689 -0.00984953]
516, [ 1.69454075  1.14085088 -0.00444381], [ 0.93890661 -1.13941689 -0.00984953]
517, [ 1.69454075  1.14085088 -0.00444381], [ 0.93890661 -1.13941689 -0.00984953]
533, [ 1.69454075  1.14085088 -0.00444381], [ 0.93890661 -1.13941689 -0.00984953]
534, [ 1.69454075  1.14085088 -0.00444381], [ 0.93890661 -1.13941689 -0.00984953]
535, [ 1.69454075  1.14085088 -0.00444381], [ 0.93890661 -1.13941689 -0.00984953]
536, [ 1.69454075  1.14085088 -0.00444381], [ 0.93890661 -1.13941689 -0.00984953]
537, [ 1.69454075  1.14085088 -0.00444381], [ 0.93890661 -1.13941689 -0.00984953]
538, [ 1.69454075  1.14085088 -0.00444381], [ 0.93890661 -1.13941689 -0.00984953]
539, [ 1.69454075  1.14085088 -0.00444381], [ 0.93890661 -1.13941689 -0.00984953]
540, [ 1.69454075  1.14085088 -0.00444381], [ 0.93890661 -1.13941689 -0.00984953]
541, [ 1.70802056  1.15295418 -0.02214843], [ 0.0867353  -0.03308078  0.04388586]
542, [ 1.70802056  1.15295418 -0.02214843], [ 0.0867353  -0.03308078  0.04388586]
543, [ 1.70802056  1.15295418 -0.02214843], [ 0.0867353  -0.03308078  0.04388586]
544, [ 1.70802056  1.15295418 -0.02214843], [ 0.0867353  -0.03308078  0.04388586]
545, [ 1.70802056  1.15295418 -0.02214843], [ 0.0867353  -0.03308078  0.04388586]
546, [ 1.70802056  1.15295418 -0.02214843], [ 0.0867353  -0.03308078  0.04388586]
547, [ 1.70802056  1.15295418 -0.02214843], [ 0.0867353  -0.03308078  0.04388586]
548, [ 1.70802056  1.15295418 -0.02214843], [ 0.0867353  -0.03308078  0.04388586]
549, [ 1.70802056  1.15295418 -0.02214843], [ 0.0867353  -0.03308078  0.04388586]
550, [ 1.70802056  1.15295418 -0.02214843], [ 0.0867353  -0.03308078  0.04388586]
551, [ 1.70802056  1.15295418 -0.02214843], [ 0.0867353  -0.03308078  0.04388586]
552, [ 1.70802056  1.15295418 -0.02214843], [ 0.0867353  -0.03308078  0.04388586]
553, [ 1.70802056  1.15295418 -0.02214843], [ 0.0867353  -0.03308078  0.04388586]
554, [ 1.70802056  1.15295418 -0.02214843], [ 0.0867353  -0.03308078  0.04388586]
555, [ 1.70802056  1.15295418 -0.02214843], [ 0.0867353  -0.03308078  0.04388586]
556, [ 1.70802056  1.15295418 -0.02214843], [ 0.0867353  -0.03308078  0.04388586]
558, [ 1.70722303  1.15218426 -0.02225675], [ 0.93255056 -1.11779273  0.00245884]
559, [ 1.70722303  1.15218426 -0.02225675], [ 0.93255056 -1.11779273  0.00245884]
568, [ 1.70802056  1.15295418 -0.02214843], [ 0.0867353  -0.03308078  0.04388586]
569, [ 1.70802056  1.15295418 -0.02214843], [ 0.0867353  -0.03308078  0.04388586]
570, [ 1.70802056  1.15295418 -0.02214843], [ 0.0867353  -0.03308078  0.04388586]
571, [ 1.70722303  1.15218426 -0.02225675], [ 0.93255056 -1.11779273  0.00245884]
572, [ 1.70722303  1.15218426 -0.02225675], [ 0.93255056 -1.11779273  0.00245884]
573, [ 1.70722303  1.15218426 -0.02225675], [ 0.93255056 -1.11779273  0.00245884]
574, [ 1.70722303  1.15218426 -0.02225675], [ 0.93255056 -1.11779273  0.00245884]
575, [ 1.70513318  1.15026024 -0.01851557], [ 0.10770884 -0.00584579  0.0449612 ]
576, [ 1.70513318  1.15026024 -0.01851557], [ 0.10770884 -0.00584579  0.0449612 ]
577, [ 1.70513318  1.15026024 -0.01851557], [ 0.10770884 -0.00584579  0.0449612 ]
578, [ 1.70722303  1.15218426 -0.02225675], [ 0.93255056 -1.11779273  0.00245884]
579, [ 1.70722303  1.15218426 -0.02225675], [ 0.93255056 -1.11779273  0.00245884]
580, [ 1.70722303  1.15218426 -0.02225675], [ 0.93255056 -1.11779273  0.00245884]
581, [ 1.70722303  1.15218426 -0.02225675], [ 0.93255056 -1.11779273  0.00245884]
582, [ 1.70722303  1.15218426 -0.02225675], [ 0.93255056 -1.11779273  0.00245884]
583, [ 1.70722303  1.15218426 -0.02225675], [ 0.93255056 -1.11779273  0.00245884]
584, [ 1.70722303  1.15218426 -0.02225675], [ 0.93255056 -1.11779273  0.00245884]
585, [ 1.70722303  1.15218426 -0.02225675], [ 0.93255056 -1.11779273  0.00245884]
586, [ 1.70722303  1.15218426 -0.02225675], [ 0.93255056 -1.11779273  0.00245884]
587, [ 1.70722303  1.15218426 -0.02225675], [ 0.93255056 -1.11779273  0.00245884]
588, [ 1.70722303  1.15218426 -0.02225675], [ 0.93255056 -1.11779273  0.00245884]
589, [ 1.70513318  1.15026024 -0.01851557], [ 0.10770884 -0.00584579  0.0449612 ]
590, [ 1.70513318  1.15026024 -0.01851557], [ 0.10770884 -0.00584579  0.0449612 ]
591, [ 1.70513318  1.15026024 -0.01851557], [ 0.10770884 -0.00584579  0.0449612 ]
592, [ 1.70722303  1.15218426 -0.02225675], [ 0.93255056 -1.11779273  0.00245884]
593, [ 1.70722303  1.15218426 -0.02225675], [ 0.93255056 -1.11779273  0.00245884]
594, [ 1.70722303  1.15218426 -0.02225675], [ 0.93255056 -1.11779273  0.00245884]
595, [ 1.70722303  1.15218426 -0.02225675], [ 0.93255056 -1.11779273  0.00245884]
596, [ 1.70722303  1.15218426 -0.02225675], [ 0.93255056 -1.11779273  0.00245884]
597, [ 1.70722303  1.15218426 -0.02225675], [ 0.93255056 -1.11779273  0.00245884]
598, [ 1.70722303  1.15218426 -0.02225675], [ 0.93255056 -1.11779273  0.00245884]
599, [ 1.70722303  1.15218426 -0.02225675], [ 0.93255056 -1.11779273  0.00245884]
600, [ 1.70722303  1.15218426 -0.02225675], [ 0.93255056 -1.11779273  0.00245884]
601, [ 1.70722303  1.15218426 -0.02225675], [ 0.93255056 -1.11779273  0.00245884]
602, [ 1.70722303  1.15218426 -0.02225675], [ 0.93255056 -1.11779273  0.00245884]
603, [ 1.70717741  1.15158429 -0.02102905], [ 0.09072628 -0.03510346  0.07407946]
604, [ 1.70416805  1.14884261 -0.01637426], [ 0.10991791 -0.00657264  0.07481732]
605, [ 1.70416805  1.14884261 -0.01637426], [ 0.10991791 -0.00657264  0.07481732]
606, [ 1.70802056  1.15295418 -0.02214843], [ 0.0867353  -0.03308078  0.04388586]
607, [ 1.70802056  1.15295418 -0.02214843], [ 0.0867353  -0.03308078  0.04388586]
608, [ 1.70802056  1.15295418 -0.02214843], [ 0.0867353  -0.03308078  0.04388586]
609, [ 1.70802056  1.15295418 -0.02214843], [ 0.0867353  -0.03308078  0.04388586]
610, [ 1.70802056  1.15295418 -0.02214843], [ 0.0867353  -0.03308078  0.04388586]
611, [ 1.70802056  1.15295418 -0.02214843], [ 0.0867353  -0.03308078  0.04388586]
612, [ 1.70802056  1.15295418 -0.02214843], [ 0.0867353  -0.03308078  0.04388586]
613, [ 1.70802056  1.15295418 -0.02214843], [ 0.0867353  -0.03308078  0.04388586]
614, [ 1.70802056  1.15295418 -0.02214843], [ 0.0867353  -0.03308078  0.04388586]
615, [ 1.70802056  1.15295418 -0.02214843], [ 0.0867353  -0.03308078  0.04388586]
616, [ 1.70802056  1.15295418 -0.02214843], [ 0.0867353  -0.03308078  0.04388586]
617, [ 1.70802056  1.15295418 -0.02214843], [ 0.0867353  -0.03308078  0.04388586]
618, [ 1.70802056  1.15295418 -0.02214843], [ 0.0867353  -0.03308078  0.04388586]
619, [ 1.70802056  1.15295418 -0.02214843], [ 0.0867353  -0.03308078  0.04388586]
620, [ 1.70802056  1.15295418 -0.02214843], [ 0.0867353  -0.03308078  0.04388586]
621, [ 1.70802056  1.15295418 -0.02214843], [ 0.0867353  -0.03308078  0.04388586]
622, [ 1.70802056  1.15295418 -0.02214843], [ 0.0867353  -0.03308078  0.04388586]
623, [ 1.71008879  1.15483546 -0.02548783], [ 0.06558771 -0.06083252  0.04276854]
624, [ 1.71008879  1.15483546 -0.02548783], [ 0.06558771 -0.06083252  0.04276854]
625, [ 1.70802056  1.15295418 -0.02214843], [ 0.0867353  -0.03308078  0.04388586]
626, [ 1.70802056  1.15295418 -0.02214843], [ 0.0867353  -0.03308078  0.04388586]
627, [ 1.70802056  1.15295418 -0.02214843], [ 0.0867353  -0.03308078  0.04388586]
628, [ 1.70802056  1.15295418 -0.02214843], [ 0.0867353  -0.03308078  0.04388586]
629, [ 1.70802056  1.15295418 -0.02214843], [ 0.0867353  -0.03308078  0.04388586]
630, [ 1.70802056  1.15295418 -0.02214843], [ 0.0867353  -0.03308078  0.04388586]
631, [ 1.70722303  1.15218426 -0.02225675], [ 0.93255056 -1.11779273  0.00245884]
632, [ 1.70722303  1.15218426 -0.02225675], [ 0.93255056 -1.11779273  0.00245884]
633, [ 1.70722303  1.15218426 -0.02225675], [ 0.93255056 -1.11779273  0.00245884]
634, [ 1.70722303  1.15218426 -0.02225675], [ 0.93255056 -1.11779273  0.00245884]
635, [ 1.70722303  1.15218426 -0.02225675], [ 0.93255056 -1.11779273  0.00245884]
636, [ 1.70722303  1.15218426 -0.02225675], [ 0.93255056 -1.11779273  0.00245884]
637, [ 1.70722303  1.15218426 -0.02225675], [ 0.93255056 -1.11779273  0.00245884]
638, [ 1.70722303  1.15218426 -0.02225675], [ 0.93255056 -1.11779273  0.00245884]
639, [ 1.70722303  1.15218426 -0.02225675], [ 0.93255056 -1.11779273  0.00245884]
640, [ 1.70722303  1.15218426 -0.02225675], [ 0.93255056 -1.11779273  0.00245884]
641, [ 1.70722303  1.15218426 -0.02225675], [ 0.93255056 -1.11779273  0.00245884]
642, [ 1.70722303  1.15218426 -0.02225675], [ 0.93255056 -1.11779273  0.00245884]
643, [ 1.69940813  1.14561258 -0.01123742], [ 0.88321988 -1.17732578 -0.02386524]
644, [ 1.69940813  1.14561258 -0.01123742], [ 0.88321988 -1.17732578 -0.02386524]
645, [ 1.70722303  1.15218426 -0.02225675], [ 0.93255056 -1.11779273  0.00245884]
646, [ 1.70722303  1.15218426 -0.02225675], [ 0.93255056 -1.11779273  0.00245884]
647, [ 1.70722303  1.15218426 -0.02225675], [ 0.93255056 -1.11779273  0.00245884]
648, [ 1.70722303  1.15218426 -0.02225675], [ 0.93255056 -1.11779273  0.00245884]
649, [ 1.70722303  1.15218426 -0.02225675], [ 0.93255056 -1.11779273  0.00245884]
650, [ 1.70722303  1.15218426 -0.02225675], [ 0.93255056 -1.11779273  0.00245884]
651, [ 1.70722303  1.15218426 -0.02225675], [ 0.93255056 -1.11779273  0.00245884]
652, [ 1.70722303  1.15218426 -0.02225675], [ 0.93255056 -1.11779273  0.00245884]
653, [ 1.70722303  1.15218426 -0.02225675], [ 0.93255056 -1.11779273  0.00245884]
654, [ 1.70722303  1.15218426 -0.02225675], [ 0.93255056 -1.11779273  0.00245884]
655, [ 1.70722303  1.15218426 -0.02225675], [ 0.93255056 -1.11779273  0.00245884]
656, [ 1.70722303  1.15218426 -0.02225675], [ 0.93255056 -1.11779273  0.00245884]
657, [ 1.70722303  1.15218426 -0.02225675], [ 0.93255056 -1.11779273  0.00245884]
658, [ 1.70722303  1.15218426 -0.02225675], [ 0.93255056 -1.11779273  0.00245884]
659, [ 1.70722303  1.15218426 -0.02225675], [ 0.93255056 -1.11779273  0.00245884]
660, [ 1.70513318  1.15026024 -0.01851557], [ 0.10770884 -0.00584579  0.0449612 ]
661, [ 1.70223301  1.14729446 -0.01447756], [ 0.13243424 -0.00154634  0.062003  ]
662, [ 1.70223301  1.14729446 -0.01447756], [ 0.13243424 -0.00154634  0.062003  ]
663, [ 1.70223301  1.14729446 -0.01447756], [ 0.13243424 -0.00154634  0.062003  ]
664, [ 1.70223301  1.14729446 -0.01447756], [ 0.13243424 -0.00154634  0.062003  ]
665, [ 1.70223301  1.14729446 -0.01447756], [ 0.13243424 -0.00154634  0.062003  ]
666, [ 1.70223301  1.14729446 -0.01447756], [ 0.13243424 -0.00154634  0.062003  ]
667, [ 1.70223301  1.14729446 -0.01447756], [ 0.13243424 -0.00154634  0.062003  ]
668, [ 1.70223301  1.14729446 -0.01447756], [ 0.13243424 -0.00154634  0.062003  ]
669, [ 1.70223301  1.14729446 -0.01447756], [ 0.13243424 -0.00154634  0.062003  ]
670, [ 1.70223301  1.14729446 -0.01447756], [ 0.13243424 -0.00154634  0.062003  ]
671, [ 1.70223301  1.14729446 -0.01447756], [ 0.13243424 -0.00154634  0.062003  ]
672, [ 1.70223301  1.14729446 -0.01447756], [ 0.13243424 -0.00154634  0.062003  ]
673, [ 1.70223301  1.14729446 -0.01447756], [ 0.13243424 -0.00154634  0.062003  ]
674, [ 1.70223301  1.14729446 -0.01447756], [ 0.13243424 -0.00154634  0.062003  ]
675, [ 1.70223301  1.14729446 -0.01447756], [ 0.13243424 -0.00154634  0.062003  ]
676, [ 1.70223301  1.14729446 -0.01447756], [ 0.13243424 -0.00154634  0.062003  ]
677, [ 1.70722303  1.15218426 -0.02225675], [ 0.93255056 -1.11779273  0.00245884]
678, [ 1.70722303  1.15218426 -0.02225675], [ 0.93255056 -1.11779273  0.00245884]
679, [ 1.70722303  1.15218426 -0.02225675], [ 0.93255056 -1.11779273  0.00245884]
680, [ 1.70722303  1.15218426 -0.02225675], [ 0.93255056 -1.11779273  0.00245884]
681, [ 1.70722303  1.15218426 -0.02225675], [ 0.93255056 -1.11779273  0.00245884]
682, [ 1.70722303  1.15218426 -0.02225675], [ 0.93255056 -1.11779273  0.00245884]
683, [ 1.70722303  1.15218426 -0.02225675], [ 0.93255056 -1.11779273  0.00245884]
684, [ 1.70722303  1.15218426 -0.02225675], [ 0.93255056 -1.11779273  0.00245884]
685, [ 1.70722303  1.15218426 -0.02225675], [ 0.93255056 -1.11779273  0.00245884]
686, [ 1.70722303  1.15218426 -0.02225675], [ 0.93255056 -1.11779273  0.00245884]
687, [ 1.70722303  1.15218426 -0.02225675], [ 0.93255056 -1.11779273  0.00245884]
688, [ 1.70722303  1.15218426 -0.02225675], [ 0.93255056 -1.11779273  0.00245884]
689, [ 1.70722303  1.15218426 -0.02225675], [ 0.93255056 -1.11779273  0.00245884]
690, [ 1.70722303  1.15218426 -0.02225675], [ 0.93255056 -1.11779273  0.00245884]
699, [ 1.70722303  1.15218426 -0.02225675], [ 0.93255056 -1.11779273  0.00245884]
700, [ 1.70722303  1.15218426 -0.02225675], [ 0.93255056 -1.11779273  0.00245884]
701, [ 1.70722303  1.15218426 -0.02225675], [ 0.93255056 -1.11779273  0.00245884]
704, [ 1.70722303  1.15218426 -0.02225675], [ 0.93255056 -1.11779273  0.00245884]
705, [ 1.70722303  1.15218426 -0.02225675], [ 0.93255056 -1.11779273  0.00245884]
710, [ 1.70722303  1.15218426 -0.02225675], [ 0.93255056 -1.11779273  0.00245884]
711, [ 1.70722303  1.15218426 -0.02225675], [ 0.93255056 -1.11779273  0.00245884]
712, [ 1.70722303  1.15218426 -0.02225675], [ 0.93255056 -1.11779273  0.00245884]
721, [ 1.70223301  1.14729446 -0.01447756], [ 0.13243424 -0.00154634  0.062003  ]
722, [ 1.70722303  1.15218426 -0.02225675], [ 0.93255056 -1.11779273  0.00245884]
723, [ 1.70722303  1.15218426 -0.02225675], [ 0.93255056 -1.11779273  0.00245884]
724, [ 1.70722303  1.15218426 -0.02225675], [ 0.93255056 -1.11779273  0.00245884]
725, [ 1.70722303  1.15218426 -0.02225675], [ 0.93255056 -1.11779273  0.00245884]
726, [ 1.70722303  1.15218426 -0.02225675], [ 0.93255056 -1.11779273  0.00245884]
727, [ 1.70722303  1.15218426 -0.02225675], [ 0.93255056 -1.11779273  0.00245884]
728, [ 1.70722303  1.15218426 -0.02225675], [ 0.93255056 -1.11779273  0.00245884]
729, [ 1.70722303  1.15218426 -0.02225675], [ 0.93255056 -1.11779273  0.00245884]
730, [ 1.70722303  1.15218426 -0.02225675], [ 0.93255056 -1.11779273  0.00245884]
731, [ 1.70722303  1.15218426 -0.02225675], [ 0.93255056 -1.11779273  0.00245884]
732, [ 1.70722303  1.15218426 -0.02225675], [ 0.93255056 -1.11779273  0.00245884]
733, [ 1.70043048  1.1453722  -0.01154931], [0.12888324 0.02117432 0.07543059]
734, [ 1.70513318  1.15026024 -0.01851557], [ 0.10770884 -0.00584579  0.0449612 ]
735, [ 1.70722303  1.15218426 -0.02225675], [ 0.93255056 -1.11779273  0.00245884]
736, [ 1.70722303  1.15218426 -0.02225675], [ 0.93255056 -1.11779273  0.00245884]
737, [ 1.70722303  1.15218426 -0.02225675], [ 0.93255056 -1.11779273  0.00245884]
738, [ 1.70722303  1.15218426 -0.02225675], [ 0.93255056 -1.11779273  0.00245884]
739, [ 1.70722303  1.15218426 -0.02225675], [ 0.93255056 -1.11779273  0.00245884]
740, [ 1.70722303  1.15218426 -0.02225675], [ 0.93255056 -1.11779273  0.00245884]
741, [ 1.70722303  1.15218426 -0.02225675], [ 0.93255056 -1.11779273  0.00245884]
742, [ 1.70722303  1.15218426 -0.02225675], [ 0.93255056 -1.11779273  0.00245884]
743, [ 1.70722303  1.15218426 -0.02225675], [ 0.93255056 -1.11779273  0.00245884]
744, [ 1.70722303  1.15218426 -0.02225675], [ 0.93255056 -1.11779273  0.00245884]
745, [ 1.70722303  1.15218426 -0.02225675], [ 0.93255056 -1.11779273  0.00245884]
746, [ 1.70513318  1.15026024 -0.01851557], [ 0.10770884 -0.00584579  0.0449612 ]
747, [ 1.70513318  1.15026024 -0.01851557], [ 0.10770884 -0.00584579  0.0449612 ]
748, [ 1.70513318  1.15026024 -0.01851557], [ 0.10770884 -0.00584579  0.0449612 ]
749, [ 1.70513318  1.15026024 -0.01851557], [ 0.10770884 -0.00584579  0.0449612 ]
750, [ 1.70513318  1.15026024 -0.01851557], [ 0.10770884 -0.00584579  0.0449612 ]
751, [ 1.70513318  1.15026024 -0.01851557], [ 0.10770884 -0.00584579  0.0449612 ]
752, [ 1.70513318  1.15026024 -0.01851557], [ 0.10770884 -0.00584579  0.0449612 ]
753, [ 1.70513318  1.15026024 -0.01851557], [ 0.10770884 -0.00584579  0.0449612 ]
754, [ 1.70513318  1.15026024 -0.01851557], [ 0.10770884 -0.00584579  0.0449612 ]
755, [ 1.70513318  1.15026024 -0.01851557], [ 0.10770884 -0.00584579  0.0449612 ]
756, [ 1.70722303  1.15218426 -0.02225675], [ 0.93255056 -1.11779273  0.00245884]
757, [ 1.70722303  1.15218426 -0.02225675], [ 0.93255056 -1.11779273  0.00245884]
758, [ 1.70722303  1.15218426 -0.02225675], [ 0.93255056 -1.11779273  0.00245884]
759, [ 1.70722303  1.15218426 -0.02225675], [ 0.93255056 -1.11779273  0.00245884]
760, [ 1.70722303  1.15218426 -0.02225675], [ 0.93255056 -1.11779273  0.00245884]
761, [ 1.70722303  1.15218426 -0.02225675], [ 0.93255056 -1.11779273  0.00245884]
762, [ 1.70722303  1.15218426 -0.02225675], [ 0.93255056 -1.11779273  0.00245884]
763, [ 1.70722303  1.15218426 -0.02225675], [ 0.93255056 -1.11779273  0.00245884]
764, [ 1.70513318  1.15026024 -0.01851557], [ 0.10770884 -0.00584579  0.0449612 ]
765, [ 1.70513318  1.15026024 -0.01851557], [ 0.10770884 -0.00584579  0.0449612 ]
766, [ 1.70513318  1.15026024 -0.01851557], [ 0.10770884 -0.00584579  0.0449612 ]
767, [ 1.70722303  1.15218426 -0.02225675], [ 0.93255056 -1.11779273  0.00245884]
768, [ 1.70722303  1.15218426 -0.02225675], [ 0.93255056 -1.11779273  0.00245884]
769, [ 1.70722303  1.15218426 -0.02225675], [ 0.93255056 -1.11779273  0.00245884]
770, [ 1.70722303  1.15218426 -0.02225675], [ 0.93255056 -1.11779273  0.00245884]
771, [ 1.70513318  1.15026024 -0.01851557], [ 0.10770884 -0.00584579  0.0449612 ]
772, [ 1.70513318  1.15026024 -0.01851557], [ 0.10770884 -0.00584579  0.0449612 ]
773, [ 1.70513318  1.15026024 -0.01851557], [ 0.10770884 -0.00584579  0.0449612 ]
774, [ 1.70513318  1.15026024 -0.01851557], [ 0.10770884 -0.00584579  0.0449612 ]
775, [ 1.70513318  1.15026024 -0.01851557], [ 0.10770884 -0.00584579  0.0449612 ]
776, [ 1.70513318  1.15026024 -0.01851557], [ 0.10770884 -0.00584579  0.0449612 ]
777, [ 1.70513318  1.15026024 -0.01851557], [ 0.10770884 -0.00584579  0.0449612 ]
778, [ 1.70722303  1.15218426 -0.02225675], [ 0.93255056 -1.11779273  0.00245884]
779, [ 1.70722303  1.15218426 -0.02225675], [ 0.93255056 -1.11779273  0.00245884]
780, [ 1.70513318  1.15026024 -0.01851557], [ 0.10770884 -0.00584579  0.0449612 ]
781, [ 1.70722303  1.15218426 -0.02225675], [ 0.93255056 -1.11779273  0.00245884]
782, [ 1.70043048  1.1453722  -0.01154931], [0.12888324 0.02117432 0.07543059]
783, [ 1.70043048  1.1453722  -0.01154931], [0.12888324 0.02117432 0.07543059]
784, [ 1.70043048  1.1453722  -0.01154931], [0.12888324 0.02117432 0.07543059]
785, [ 1.70043048  1.1453722  -0.01154931], [0.12888324 0.02117432 0.07543059]
786, [ 1.70043048  1.1453722  -0.01154931], [0.12888324 0.02117432 0.07543059]
787, [ 1.70043048  1.1453722  -0.01154931], [0.12888324 0.02117432 0.07543059]
788, [ 1.70043048  1.1453722  -0.01154931], [0.12888324 0.02117432 0.07543059]
789, [ 1.70043048  1.1453722  -0.01154931], [0.12888324 0.02117432 0.07543059]
790, [ 1.70722303  1.15218426 -0.02225675], [ 0.93255056 -1.11779273  0.00245884]
791, [ 1.70722303  1.15218426 -0.02225675], [ 0.93255056 -1.11779273  0.00245884]
792, [ 1.70722303  1.15218426 -0.02225675], [ 0.93255056 -1.11779273  0.00245884]
793, [ 1.70722303  1.15218426 -0.02225675], [ 0.93255056 -1.11779273  0.00245884]
794, [ 1.70722303  1.15218426 -0.02225675], [ 0.93255056 -1.11779273  0.00245884]
795, [ 1.70722303  1.15218426 -0.02225675], [ 0.93255056 -1.11779273  0.00245884]
796, [ 1.70722303  1.15218426 -0.02225675], [ 0.93255056 -1.11779273  0.00245884]
797, [ 1.70722303  1.15218426 -0.02225675], [ 0.93255056 -1.11779273  0.00245884]
798, [ 1.70722303  1.15218426 -0.02225675], [ 0.93255056 -1.11779273  0.00245884]
799, [ 1.70722303  1.15218426 -0.02225675], [ 0.93255056 -1.11779273  0.00245884]
800, [ 1.70416805  1.14884261 -0.01637426], [ 0.10991791 -0.00657264  0.07481732]
801, [ 1.70416805  1.14884261 -0.01637426], [ 0.10991791 -0.00657264  0.07481732]
802, [ 1.70416805  1.14884261 -0.01637426], [ 0.10991791 -0.00657264  0.07481732]
803, [ 1.70722303  1.15218426 -0.02225675], [ 0.93255056 -1.11779273  0.00245884]
804, [ 1.70722303  1.15218426 -0.02225675], [ 0.93255056 -1.11779273  0.00245884]
805, [ 1.70722303  1.15218426 -0.02225675], [ 0.93255056 -1.11779273  0.00245884]
806, [ 1.70722303  1.15218426 -0.02225675], [ 0.93255056 -1.11779273  0.00245884]
807, [ 1.70722303  1.15218426 -0.02225675], [ 0.93255056 -1.11779273  0.00245884]
808, [ 1.70722303  1.15218426 -0.02225675], [ 0.93255056 -1.11779273  0.00245884]
809, [ 1.70722303  1.15218426 -0.02225675], [ 0.93255056 -1.11779273  0.00245884]
810, [ 1.70722303  1.15218426 -0.02225675], [ 0.93255056 -1.11779273  0.00245884]
811, [ 1.70802056  1.15295418 -0.02214843], [ 0.0867353  -0.03308078  0.04388586]
812, [ 1.70802056  1.15295418 -0.02214843], [ 0.0867353  -0.03308078  0.04388586]
813, [ 1.70802056  1.15295418 -0.02214843], [ 0.0867353  -0.03308078  0.04388586]
814, [ 1.70802056  1.15295418 -0.02214843], [ 0.0867353  -0.03308078  0.04388586]
815, [ 1.70802056  1.15295418 -0.02214843], [ 0.0867353  -0.03308078  0.04388586]
816, [ 1.70802056  1.15295418 -0.02214843], [ 0.0867353  -0.03308078  0.04388586]
817, [ 1.70802056  1.15295418 -0.02214843], [ 0.0867353  -0.03308078  0.04388586]
818, [ 1.70802056  1.15295418 -0.02214843], [ 0.0867353  -0.03308078  0.04388586]
819, [ 1.70802056  1.15295418 -0.02214843], [ 0.0867353  -0.03308078  0.04388586]
820, [ 1.70802056  1.15295418 -0.02214843], [ 0.0867353  -0.03308078  0.04388586]
821, [ 1.70802056  1.15295418 -0.02214843], [ 0.0867353  -0.03308078  0.04388586]
822, [ 1.70802056  1.15295418 -0.02214843], [ 0.0867353  -0.03308078  0.04388586]
823, [ 1.70802056  1.15295418 -0.02214843], [ 0.0867353  -0.03308078  0.04388586]
824, [ 1.70802056  1.15295418 -0.02214843], [ 0.0867353  -0.03308078  0.04388586]
825, [ 1.70802056  1.15295418 -0.02214843], [ 0.0867353  -0.03308078  0.04388586]
826, [ 1.70802056  1.15295418 -0.02214843], [ 0.0867353  -0.03308078  0.04388586]
827, [ 1.70802056  1.15295418 -0.02214843], [ 0.0867353  -0.03308078  0.04388586]
828, [ 1.70802056  1.15295418 -0.02214843], [ 0.0867353  -0.03308078  0.04388586]
829, [ 1.70802056  1.15295418 -0.02214843], [ 0.0867353  -0.03308078  0.04388586]
830, [ 1.70802056  1.15295418 -0.02214843], [ 0.0867353  -0.03308078  0.04388586]
831, [ 1.70802056  1.15295418 -0.02214843], [ 0.0867353  -0.03308078  0.04388586]
832, [ 1.70802056  1.15295418 -0.02214843], [ 0.0867353  -0.03308078  0.04388586]
833, [ 1.70802056  1.15295418 -0.02214843], [ 0.0867353  -0.03308078  0.04388586]
834, [ 1.70802056  1.15295418 -0.02214843], [ 0.0867353  -0.03308078  0.04388586]
835, [ 1.70802056  1.15295418 -0.02214843], [ 0.0867353  -0.03308078  0.04388586]
836, [ 1.70802056  1.15295418 -0.02214843], [ 0.0867353  -0.03308078  0.04388586]
837, [ 1.70722303  1.15218426 -0.02225675], [ 0.93255056 -1.11779273  0.00245884]
838, [ 1.70722303  1.15218426 -0.02225675], [ 0.93255056 -1.11779273  0.00245884]
839, [ 1.70722303  1.15218426 -0.02225675], [ 0.93255056 -1.11779273  0.00245884]
840, [ 1.70722303  1.15218426 -0.02225675], [ 0.93255056 -1.11779273  0.00245884]
841, [ 1.70513318  1.15026024 -0.01851557], [ 0.10770884 -0.00584579  0.0449612 ]
842, [ 1.70513318  1.15026024 -0.01851557], [ 0.10770884 -0.00584579  0.0449612 ]
843, [ 1.70513318  1.15026024 -0.01851557], [ 0.10770884 -0.00584579  0.0449612 ]
844, [ 1.70513318  1.15026024 -0.01851557], [ 0.10770884 -0.00584579  0.0449612 ]
845, [ 1.70513318  1.15026024 -0.01851557], [ 0.10770884 -0.00584579  0.0449612 ]
846, [ 1.70513318  1.15026024 -0.01851557], [ 0.10770884 -0.00584579  0.0449612 ]
847, [ 1.70513318  1.15026024 -0.01851557], [ 0.10770884 -0.00584579  0.0449612 ]
848, [ 1.70513318  1.15026024 -0.01851557], [ 0.10770884 -0.00584579  0.0449612 ]
849, [ 1.70513318  1.15026024 -0.01851557], [ 0.10770884 -0.00584579  0.0449612 ]
850, [ 1.70513318  1.15026024 -0.01851557], [ 0.10770884 -0.00584579  0.0449612 ]
851, [ 1.70513318  1.15026024 -0.01851557], [ 0.10770884 -0.00584579  0.0449612 ]
852, [ 1.70513318  1.15026024 -0.01851557], [ 0.10770884 -0.00584579  0.0449612 ]
853, [ 1.70513318  1.15026024 -0.01851557], [ 0.10770884 -0.00584579  0.0449612 ]
854, [ 1.70513318  1.15026024 -0.01851557], [ 0.10770884 -0.00584579  0.0449612 ]
855, [ 1.70513318  1.15026024 -0.01851557], [ 0.10770884 -0.00584579  0.0449612 ]
856, [ 1.70513318  1.15026024 -0.01851557], [ 0.10770884 -0.00584579  0.0449612 ]
857, [ 1.70513318  1.15026024 -0.01851557], [ 0.10770884 -0.00584579  0.0449612 ]
858, [ 1.70513318  1.15026024 -0.01851557], [ 0.10770884 -0.00584579  0.0449612 ]
859, [ 1.70513318  1.15026024 -0.01851557], [ 0.10770884 -0.00584579  0.0449612 ]
860, [ 1.70513318  1.15026024 -0.01851557], [ 0.10770884 -0.00584579  0.0449612 ]
861, [ 1.70513318  1.15026024 -0.01851557], [ 0.10770884 -0.00584579  0.0449612 ]
862, [ 1.70513318  1.15026024 -0.01851557], [ 0.10770884 -0.00584579  0.0449612 ]
863, [ 1.70513318  1.15026024 -0.01851557], [ 0.10770884 -0.00584579  0.0449612 ]
864, [ 1.70513318  1.15026024 -0.01851557], [ 0.10770884 -0.00584579  0.0449612 ]
865, [ 1.70513318  1.15026024 -0.01851557], [ 0.10770884 -0.00584579  0.0449612 ]
866, [ 1.70513318  1.15026024 -0.01851557], [ 0.10770884 -0.00584579  0.0449612 ]
867, [ 1.70513318  1.15026024 -0.01851557], [ 0.10770884 -0.00584579  0.0449612 ]
868, [ 1.70513318  1.15026024 -0.01851557], [ 0.10770884 -0.00584579  0.0449612 ]
869, [ 1.70513318  1.15026024 -0.01851557], [ 0.10770884 -0.00584579  0.0449612 ]
870, [ 1.70513318  1.15026024 -0.01851557], [ 0.10770884 -0.00584579  0.0449612 ]
871, [ 1.71008879  1.15483546 -0.02548783], [ 0.06558771 -0.06083252  0.04276854]
872, [ 1.71008879  1.15483546 -0.02548783], [ 0.06558771 -0.06083252  0.04276854]
873, [ 1.71008879  1.15483546 -0.02548783], [ 0.06558771 -0.06083252  0.04276854]
874, [ 1.71008879  1.15483546 -0.02548783], [ 0.06558771 -0.06083252  0.04276854]
875, [ 1.71008879  1.15483546 -0.02548783], [ 0.06558771 -0.06083252  0.04276854]
876, [ 1.71008879  1.15483546 -0.02548783], [ 0.06558771 -0.06083252  0.04276854]
877, [ 1.71008879  1.15483546 -0.02548783], [ 0.06558771 -0.06083252  0.04276854]
878, [ 1.71008879  1.15483546 -0.02548783], [ 0.06558771 -0.06083252  0.04276854]
879, [ 1.71008879  1.15483546 -0.02548783], [ 0.06558771 -0.06083252  0.04276854]
880, [ 1.71008879  1.15483546 -0.02548783], [ 0.06558771 -0.06083252  0.04276854]
881, [ 1.71008879  1.15483546 -0.02548783], [ 0.06558771 -0.06083252  0.04276854]
882, [ 1.71008879  1.15483546 -0.02548783], [ 0.06558771 -0.06083252  0.04276854]
883, [ 1.71008879  1.15483546 -0.02548783], [ 0.06558771 -0.06083252  0.04276854]
884, [ 1.71008879  1.15483546 -0.02548783], [ 0.06558771 -0.06083252  0.04276854]
885, [ 1.71008879  1.15483546 -0.02548783], [ 0.06558771 -0.06083252  0.04276854]
886, [ 1.71008879  1.15483546 -0.02548783], [ 0.06558771 -0.06083252  0.04276854]
887, [ 1.71008879  1.15483546 -0.02548783], [ 0.06558771 -0.06083252  0.04276854]
888, [ 1.71008879  1.15483546 -0.02548783], [ 0.06558771 -0.06083252  0.04276854]
889, [ 1.71008879  1.15483546 -0.02548783], [ 0.06558771 -0.06083252  0.04276854]
890, [ 1.71008879  1.15483546 -0.02548783], [ 0.06558771 -0.06083252  0.04276854]
891, [ 1.71008879  1.15483546 -0.02548783], [ 0.06558771 -0.06083252  0.04276854]
892, [ 1.71008879  1.15483546 -0.02548783], [ 0.06558771 -0.06083252  0.04276854]
893, [ 1.71008879  1.15483546 -0.02548783], [ 0.06558771 -0.06083252  0.04276854]
894, [ 1.71008879  1.15483546 -0.02548783], [ 0.06558771 -0.06083252  0.04276854]
895, [ 1.71008879  1.15483546 -0.02548783], [ 0.06558771 -0.06083252  0.04276854]
896, [ 1.71008879  1.15483546 -0.02548783], [ 0.06558771 -0.06083252  0.04276854]
897, [ 1.71008879  1.15483546 -0.02548783], [ 0.06558771 -0.06083252  0.04276854]
898, [ 1.71008879  1.15483546 -0.02548783], [ 0.06558771 -0.06083252  0.04276854]
899, [ 1.71008879  1.15483546 -0.02548783], [ 0.06558771 -0.06083252  0.04276854]
900, [ 1.71008879  1.15483546 -0.02548783], [ 0.06558771 -0.06083252  0.04276854]
901, [ 1.70722303  1.15218426 -0.02225675], [ 0.93255056 -1.11779273  0.00245884]
902, [ 1.70722303  1.15218426 -0.02225675], [ 0.93255056 -1.11779273  0.00245884]
903, [ 1.70722303  1.15218426 -0.02225675], [ 0.93255056 -1.11779273  0.00245884]
904, [ 1.70722303  1.15218426 -0.02225675], [ 0.93255056 -1.11779273  0.00245884]
905, [ 1.70513318  1.15026024 -0.01851557], [ 0.10770884 -0.00584579  0.0449612 ]
906, [ 1.70513318  1.15026024 -0.01851557], [ 0.10770884 -0.00584579  0.0449612 ]
907, [ 1.70513318  1.15026024 -0.01851557], [ 0.10770884 -0.00584579  0.0449612 ]
908, [ 1.70513318  1.15026024 -0.01851557], [ 0.10770884 -0.00584579  0.0449612 ]
909, [ 1.70513318  1.15026024 -0.01851557], [ 0.10770884 -0.00584579  0.0449612 ]
910, [ 1.70513318  1.15026024 -0.01851557], [ 0.10770884 -0.00584579  0.0449612 ]
911, [ 1.70513318  1.15026024 -0.01851557], [ 0.10770884 -0.00584579  0.0449612 ]
912, [ 1.70513318  1.15026024 -0.01851557], [ 0.10770884 -0.00584579  0.0449612 ]
913, [ 1.70722303  1.15218426 -0.02225675], [ 0.93255056 -1.11779273  0.00245884]
914, [ 1.70722303  1.15218426 -0.02225675], [ 0.93255056 -1.11779273  0.00245884]
915, [ 1.70722303  1.15218426 -0.02225675], [ 0.93255056 -1.11779273  0.00245884]
916, [ 1.70722303  1.15218426 -0.02225675], [ 0.93255056 -1.11779273  0.00245884]
917, [ 1.70802056  1.15295418 -0.02214843], [ 0.0867353  -0.03308078  0.04388586]
918, [ 1.70722303  1.15218426 -0.02225675], [ 0.93255056 -1.11779273  0.00245884]
919, [ 1.70722303  1.15218426 -0.02225675], [ 0.93255056 -1.11779273  0.00245884]
920, [ 1.70722303  1.15218426 -0.02225675], [ 0.93255056 -1.11779273  0.00245884]
921, [ 1.70722303  1.15218426 -0.02225675], [ 0.93255056 -1.11779273  0.00245884]
922, [ 1.70722303  1.15218426 -0.02225675], [ 0.93255056 -1.11779273  0.00245884]
923, [ 1.70722303  1.15218426 -0.02225675], [ 0.93255056 -1.11779273  0.00245884]
924, [ 1.70722303  1.15218426 -0.02225675], [ 0.93255056 -1.11779273  0.00245884]
925, [ 1.70722303  1.15218426 -0.02225675], [ 0.93255056 -1.11779273  0.00245884]
926, [ 1.70722303  1.15218426 -0.02225675], [ 0.93255056 -1.11779273  0.00245884]
927, [ 1.70722303  1.15218426 -0.02225675], [ 0.93255056 -1.11779273  0.00245884]
928, [ 1.70722303  1.15218426 -0.02225675], [ 0.93255056 -1.11779273  0.00245884]
929, [ 1.70722303  1.15218426 -0.02225675], [ 0.93255056 -1.11779273  0.00245884]
930, [ 1.70722303  1.15218426 -0.02225675], [ 0.93255056 -1.11779273  0.00245884]
931, [ 1.7057008   1.15051938 -0.01892558], [ 0.11230361 -0.02978153  0.06086805]
932, [ 1.7057008   1.15051938 -0.01892558], [ 0.11230361 -0.02978153  0.06086805]
933, [ 1.70722303  1.15218426 -0.02225675], [ 0.93255056 -1.11779273  0.00245884]
934, [ 1.70722303  1.15218426 -0.02225675], [ 0.93255056 -1.11779273  0.00245884]
935, [ 1.70722303  1.15218426 -0.02225675], [ 0.93255056 -1.11779273  0.00245884]
936, [ 1.70722303  1.15218426 -0.02225675], [ 0.93255056 -1.11779273  0.00245884]
937, [ 1.70722303  1.15218426 -0.02225675], [ 0.93255056 -1.11779273  0.00245884]
938, [ 1.70416805  1.14884261 -0.01637426], [ 0.10991791 -0.00657264  0.07481732]
939, [ 1.70416805  1.14884261 -0.01637426], [ 0.10991791 -0.00657264  0.07481732]
940, [ 1.70416805  1.14884261 -0.01637426], [ 0.10991791 -0.00657264  0.07481732]
941, [ 1.70416805  1.14884261 -0.01637426], [ 0.10991791 -0.00657264  0.07481732]
942, [ 1.70416805  1.14884261 -0.01637426], [ 0.10991791 -0.00657264  0.07481732]
943, [ 1.70416805  1.14884261 -0.01637426], [ 0.10991791 -0.00657264  0.07481732]
944, [ 1.70416805  1.14884261 -0.01637426], [ 0.10991791 -0.00657264  0.07481732]
945, [ 1.7057008   1.15051938 -0.01892558], [ 0.11230361 -0.02978153  0.06086805]
946, [ 1.7057008   1.15051938 -0.01892558], [ 0.11230361 -0.02978153  0.06086805]
947, [ 1.7057008   1.15051938 -0.01892558], [ 0.11230361 -0.02978153  0.06086805]
948, [ 1.7057008   1.15051938 -0.01892558], [ 0.11230361 -0.02978153  0.06086805]
949, [ 1.7057008   1.15051938 -0.01892558], [ 0.11230361 -0.02978153  0.06086805]
950, [ 1.7057008   1.15051938 -0.01892558], [ 0.11230361 -0.02978153  0.06086805]
955, [ 1.70722303  1.15218426 -0.02225675], [ 0.93255056 -1.11779273  0.00245884]
956, [ 1.70722303  1.15218426 -0.02225675], [ 0.93255056 -1.11779273  0.00245884]
957, [ 1.70722303  1.15218426 -0.02225675], [ 0.93255056 -1.11779273  0.00245884]
958, [ 1.70722303  1.15218426 -0.02225675], [ 0.93255056 -1.11779273  0.00245884]
959, [ 1.70722303  1.15218426 -0.02225675], [ 0.93255056 -1.11779273  0.00245884]
960, [ 1.70722303  1.15218426 -0.02225675], [ 0.93255056 -1.11779273  0.00245884]
961, [ 1.70043048  1.1453722  -0.01154931], [0.12888324 0.02117432 0.07543059]
962, [ 1.70043048  1.1453722  -0.01154931], [0.12888324 0.02117432 0.07543059]
963, [ 1.70722303  1.15218426 -0.02225675], [ 0.93255056 -1.11779273  0.00245884]
964, [ 1.70722303  1.15218426 -0.02225675], [ 0.93255056 -1.11779273  0.00245884]
965, [ 1.70223301  1.14729446 -0.01447756], [ 0.13243424 -0.00154634  0.062003  ]
966, [ 1.70223301  1.14729446 -0.01447756], [ 0.13243424 -0.00154634  0.062003  ]
967, [ 1.70223301  1.14729446 -0.01447756], [ 0.13243424 -0.00154634  0.062003  ]
968, [ 1.70223301  1.14729446 -0.01447756], [ 0.13243424 -0.00154634  0.062003  ]
969, [ 1.70223301  1.14729446 -0.01447756], [ 0.13243424 -0.00154634  0.062003  ]
970, [ 1.70223301  1.14729446 -0.01447756], [ 0.13243424 -0.00154634  0.062003  ]
971, [ 1.70223301  1.14729446 -0.01447756], [ 0.13243424 -0.00154634  0.062003  ]
972, [ 1.70223301  1.14729446 -0.01447756], [ 0.13243424 -0.00154634  0.062003  ]
973, [ 1.70223301  1.14729446 -0.01447756], [ 0.13243424 -0.00154634  0.062003  ]
974, [ 1.70536388  1.15018403 -0.01968386], [ 9.00477738e-01 -1.12494255e+00  4.41603519e-05]
975, [ 1.70536388  1.15018403 -0.01968386], [ 9.00477738e-01 -1.12494255e+00  4.41603519e-05]
976, [ 1.70536388  1.15018403 -0.01968386], [ 9.00477738e-01 -1.12494255e+00  4.41603519e-05]
977, [ 1.70722303  1.15218426 -0.02225675], [ 0.93255056 -1.11779273  0.00245884]
978, [ 1.70722303  1.15218426 -0.02225675], [ 0.93255056 -1.11779273  0.00245884]
979, [ 1.70722303  1.15218426 -0.02225675], [ 0.93255056 -1.11779273  0.00245884]
980, [ 1.70722303  1.15218426 -0.02225675], [ 0.93255056 -1.11779273  0.00245884]
981, [ 1.70722303  1.15218426 -0.02225675], [ 0.93255056 -1.11779273  0.00245884]
982, [ 1.70722303  1.15218426 -0.02225675], [ 0.93255056 -1.11779273  0.00245884]
983, [ 1.70722303  1.15218426 -0.02225675], [ 0.93255056 -1.11779273  0.00245884]
984, [ 1.70722303  1.15218426 -0.02225675], [ 0.93255056 -1.11779273  0.00245884]
985, [ 1.70722303  1.15218426 -0.02225675], [ 0.93255056 -1.11779273  0.00245884]
986, [ 1.70722303  1.15218426 -0.02225675], [ 0.93255056 -1.11779273  0.00245884]
987, [ 1.70722303  1.15218426 -0.02225675], [ 0.93255056 -1.11779273  0.00245884]
988, [ 1.70223301  1.14729446 -0.01447756], [ 0.13243424 -0.00154634  0.062003  ]
989, [ 1.70223301  1.14729446 -0.01447756], [ 0.13243424 -0.00154634  0.062003  ]
990, [ 1.70722303  1.15218426 -0.02225675], [ 0.93255056 -1.11779273  0.00245884]
991, [ 1.70722303  1.15218426 -0.02225675], [ 0.93255056 -1.11779273  0.00245884]
992, [ 1.70722303  1.15218426 -0.02225675], [ 0.93255056 -1.11779273  0.00245884]
993, [ 1.70722303  1.15218426 -0.02225675], [ 0.93255056 -1.11779273  0.00245884]
994, [ 1.70513318  1.15026024 -0.01851557], [ 0.10770884 -0.00584579  0.0449612 ]
995, [ 1.70513318  1.15026024 -0.01851557], [ 0.10770884 -0.00584579  0.0449612 ]
996, [ 1.70513318  1.15026024 -0.01851557], [ 0.10770884 -0.00584579  0.0449612 ]
997, [ 1.70513318  1.15026024 -0.01851557], [ 0.10770884 -0.00584579  0.0449612 ]
998, [ 1.70513318  1.15026024 -0.01851557], [ 0.10770884 -0.00584579  0.0449612 ]
999, [ 1.70513318  1.15026024 -0.01851557], [ 0.10770884 -0.00584579  0.0449612 ]
1000, [ 1.70513318  1.15026024 -0.01851557], [ 0.10770884 -0.00584579  0.0449612 ]
1001, [ 1.70513318  1.15026024 -0.01851557], [ 0.10770884 -0.00584579  0.0449612 ]
1002, [ 1.70513318  1.15026024 -0.01851557], [ 0.10770884 -0.00584579  0.0449612 ]
1003, [ 1.70513318  1.15026024 -0.01851557], [ 0.10770884 -0.00584579  0.0449612 ]
1004, [ 1.70722303  1.15218426 -0.02225675], [ 0.93255056 -1.11779273  0.00245884]
1005, [ 1.70722303  1.15218426 -0.02225675], [ 0.93255056 -1.11779273  0.00245884]
1006, [ 1.70722303  1.15218426 -0.02225675], [ 0.93255056 -1.11779273  0.00245884]
1007, [ 1.70722303  1.15218426 -0.02225675], [ 0.93255056 -1.11779273  0.00245884]
1008, [ 1.70722303  1.15218426 -0.02225675], [ 0.93255056 -1.11779273  0.00245884]
1009, [ 1.70722303  1.15218426 -0.02225675], [ 0.93255056 -1.11779273  0.00245884]
1010, [ 1.70722303  1.15218426 -0.02225675], [ 0.93255056 -1.11779273  0.00245884]
1011, [ 1.70722303  1.15218426 -0.02225675], [ 0.93255056 -1.11779273  0.00245884]
1012, [ 1.70722303  1.15218426 -0.02225675], [ 0.93255056 -1.11779273  0.00245884]
1013, [ 1.70722303  1.15218426 -0.02225675], [ 0.93255056 -1.11779273  0.00245884]
1014, [ 1.70722303  1.15218426 -0.02225675], [ 0.93255056 -1.11779273  0.00245884]
1015, [ 1.70722303  1.15218426 -0.02225675], [ 0.93255056 -1.11779273  0.00245884]
1016, [ 1.70722303  1.15218426 -0.02225675], [ 0.93255056 -1.11779273  0.00245884]
1017, [ 1.70722303  1.15218426 -0.02225675], [ 0.93255056 -1.11779273  0.00245884]
1018, [ 1.70722303  1.15218426 -0.02225675], [ 0.93255056 -1.11779273  0.00245884]
1019, [ 1.70722303  1.15218426 -0.02225675], [ 0.93255056 -1.11779273  0.00245884]
1020, [ 1.70722303  1.15218426 -0.02225675], [ 0.93255056 -1.11779273  0.00245884]
1021, [ 1.70043048  1.1453722  -0.01154931], [0.12888324 0.02117432 0.07543059]
1022, [ 1.70043048  1.1453722  -0.01154931], [0.12888324 0.02117432 0.07543059]
1023, [ 1.70513318  1.15026024 -0.01851557], [ 0.10770884 -0.00584579  0.0449612 ]
1024, [ 1.70043048  1.1453722  -0.01154931], [0.12888324 0.02117432 0.07543059]
1025, [ 1.70513318  1.15026024 -0.01851557], [ 0.10770884 -0.00584579  0.0449612 ]
1026, [ 1.70513318  1.15026024 -0.01851557], [ 0.10770884 -0.00584579  0.0449612 ]
1027, [ 1.70513318  1.15026024 -0.01851557], [ 0.10770884 -0.00584579  0.0449612 ]
1028, [ 1.70722303  1.15218426 -0.02225675], [ 0.93255056 -1.11779273  0.00245884]
1029, [ 1.70722303  1.15218426 -0.02225675], [ 0.93255056 -1.11779273  0.00245884]
1030, [ 1.70513318  1.15026024 -0.01851557], [ 0.10770884 -0.00584579  0.0449612 ]
1031, [ 1.70513318  1.15026024 -0.01851557], [ 0.10770884 -0.00584579  0.0449612 ]
1032, [ 1.70513318  1.15026024 -0.01851557], [ 0.10770884 -0.00584579  0.0449612 ]
1033, [ 1.70513318  1.15026024 -0.01851557], [ 0.10770884 -0.00584579  0.0449612 ]
1034, [ 1.70513318  1.15026024 -0.01851557], [ 0.10770884 -0.00584579  0.0449612 ]
1035, [ 1.70513318  1.15026024 -0.01851557], [ 0.10770884 -0.00584579  0.0449612 ]
1051, [ 1.70043048  1.1453722  -0.01154931], [0.12888324 0.02117432 0.07543059]
1052, [ 1.70043048  1.1453722  -0.01154931], [0.12888324 0.02117432 0.07543059]
1053, [ 1.70043048  1.1453722  -0.01154931], [0.12888324 0.02117432 0.07543059]
