frame index, translation vector, rotation vector
1, [ 1.36306193  0.51034547 -0.0289255 ], [-0.02091746 -0.0614834  -0.11112637]
2, [ 1.36306193  0.51034547 -0.0289255 ], [-0.02091746 -0.0614834  -0.11112637]
3, [ 1.36306193  0.51034547 -0.0289255 ], [-0.02091746 -0.0614834  -0.11112637]
4, [ 1.36306193  0.51034547 -0.0289255 ], [-0.02091746 -0.0614834  -0.11112637]
5, [ 1.36306193  0.51034547 -0.0289255 ], [-0.02091746 -0.0614834  -0.11112637]
6, [ 1.36306193  0.51034547 -0.0289255 ], [-0.02091746 -0.0614834  -0.11112637]
7, [ 1.36306193  0.51034547 -0.0289255 ], [-0.02091746 -0.0614834  -0.11112637]
8, [ 1.36306193  0.51034547 -0.0289255 ], [-0.02091746 -0.0614834  -0.11112637]
9, [ 1.36306193  0.51034547 -0.0289255 ], [-0.02091746 -0.0614834  -0.11112637]
10, [ 1.36306193  0.51034547 -0.0289255 ], [-0.02091746 -0.0614834  -0.11112637]
11, [ 1.36306193  0.51034547 -0.0289255 ], [-0.02091746 -0.0614834  -0.11112637]
12, [ 1.36306193  0.51034547 -0.0289255 ], [-0.02091746 -0.0614834  -0.11112637]
13, [ 1.36306193  0.51034547 -0.0289255 ], [-0.02091746 -0.0614834  -0.11112637]
14, [ 1.36306193  0.51034547 -0.0289255 ], [-0.02091746 -0.0614834  -0.11112637]
15, [ 1.36306193  0.51034547 -0.0289255 ], [-0.02091746 -0.0614834  -0.11112637]
16, [ 1.36306193  0.51034547 -0.0289255 ], [-0.02091746 -0.0614834  -0.11112637]
17, [1.34635766 0.50700369 0.01220249], [ 0.04357616  0.03542851 -0.08447705]
18, [ 1.36306193  0.51034547 -0.0289255 ], [-0.02091746 -0.0614834  -0.11112637]
19, [ 1.36306193  0.51034547 -0.0289255 ], [-0.02091746 -0.0614834  -0.11112637]
20, [ 1.36306193  0.51034547 -0.0289255 ], [-0.02091746 -0.0614834  -0.11112637]
21, [ 1.36306193  0.51034547 -0.0289255 ], [-0.02091746 -0.0614834  -0.11112637]
22, [ 1.36306193  0.51034547 -0.0289255 ], [-0.02091746 -0.0614834  -0.11112637]
23, [ 1.36306193  0.51034547 -0.0289255 ], [-0.02091746 -0.0614834  -0.11112637]
24, [ 1.36306193  0.51034547 -0.0289255 ], [-0.02091746 -0.0614834  -0.11112637]
25, [ 1.36306193  0.51034547 -0.0289255 ], [-0.02091746 -0.0614834  -0.11112637]
26, [ 1.36306193  0.51034547 -0.0289255 ], [-0.02091746 -0.0614834  -0.11112637]
27, [ 1.36306193  0.51034547 -0.0289255 ], [-0.02091746 -0.0614834  -0.11112637]
28, [ 1.36306193  0.51034547 -0.0289255 ], [-0.02091746 -0.0614834  -0.11112637]
29, [ 1.36306193  0.51034547 -0.0289255 ], [-0.02091746 -0.0614834  -0.11112637]
30, [1.34635766 0.50700369 0.01220249], [ 0.04357616  0.03542851 -0.08447705]
31, [ 1.35906293  0.50976628 -0.01961357], [ 0.1667321  -0.72654179 -0.09627319]
32, [ 1.35906293  0.50976628 -0.01961357], [ 0.1667321  -0.72654179 -0.09627319]
33, [1.34635766 0.50700369 0.01220249], [ 0.04357616  0.03542851 -0.08447705]
34, [1.34635766 0.50700369 0.01220249], [ 0.04357616  0.03542851 -0.08447705]
35, [1.34635766 0.50700369 0.01220249], [ 0.04357616  0.03542851 -0.08447705]
36, [1.34635766 0.50700369 0.01220249], [ 0.04357616  0.03542851 -0.08447705]
37, [1.34635766 0.50700369 0.01220249], [ 0.04357616  0.03542851 -0.08447705]
38, [1.34635766 0.50700369 0.01220249], [ 0.04357616  0.03542851 -0.08447705]
39, [1.34635766 0.50700369 0.01220249], [ 0.04357616  0.03542851 -0.08447705]
40, [1.34635766 0.50700369 0.01220249], [ 0.04357616  0.03542851 -0.08447705]
41, [1.34635766 0.50700369 0.01220249], [ 0.04357616  0.03542851 -0.08447705]
42, [1.34635766 0.50700369 0.01220249], [ 0.04357616  0.03542851 -0.08447705]
43, [1.34635766 0.50700369 0.01220249], [ 0.04357616  0.03542851 -0.08447705]
44, [1.34635766 0.50700369 0.01220249], [ 0.04357616  0.03542851 -0.08447705]
45, [1.34635766 0.50700369 0.01220249], [ 0.04357616  0.03542851 -0.08447705]
46, [1.34635766 0.50700369 0.01220249], [ 0.04357616  0.03542851 -0.08447705]
47, [1.34635766 0.50700369 0.01220249], [ 0.04357616  0.03542851 -0.08447705]
48, [1.34635766 0.50700369 0.01220249], [ 0.04357616  0.03542851 -0.08447705]
49, [1.34635766 0.50700369 0.01220249], [ 0.04357616  0.03542851 -0.08447705]
50, [1.34635766 0.50700369 0.01220249], [ 0.04357616  0.03542851 -0.08447705]
51, [1.34635766 0.50700369 0.01220249], [ 0.04357616  0.03542851 -0.08447705]
52, [1.34635766 0.50700369 0.01220249], [ 0.04357616  0.03542851 -0.08447705]
53, [1.34635766 0.50700369 0.01220249], [ 0.04357616  0.03542851 -0.08447705]
54, [1.34635766 0.50700369 0.01220249], [ 0.04357616  0.03542851 -0.08447705]
55, [1.34635766 0.50700369 0.01220249], [ 0.04357616  0.03542851 -0.08447705]
56, [ 1.37753244  0.51366169 -0.06418958], [ 0.23926625 -0.65867456 -0.09037921]
57, [ 1.37753244  0.51366169 -0.06418958], [ 0.23926625 -0.65867456 -0.09037921]
58, [ 1.37753244  0.51366169 -0.06418958], [ 0.23926625 -0.65867456 -0.09037921]
59, [ 1.35379768  0.50831647 -0.00612771], [ 0.07212771 -0.00444786 -0.07419015]
60, [ 1.35379768  0.50831647 -0.00612771], [ 0.07212771 -0.00444786 -0.07419015]
61, [ 1.35932142  0.5098893  -0.02093927], [ 0.13083074 -0.75669793 -0.11217322]
62, [ 1.35932142  0.5098893  -0.02093927], [ 0.13083074 -0.75669793 -0.11217322]
63, [ 1.35932142  0.5098893  -0.02093927], [ 0.13083074 -0.75669793 -0.11217322]
64, [ 1.35932142  0.5098893  -0.02093927], [ 0.13083074 -0.75669793 -0.11217322]
65, [ 1.35932142  0.5098893  -0.02093927], [ 0.13083074 -0.75669793 -0.11217322]
66, [ 1.35932142  0.5098893  -0.02093927], [ 0.13083074 -0.75669793 -0.11217322]
67, [ 1.35342531  0.50827549 -0.00585858], [ 0.10882776  0.02772997 -0.07254058]
68, [ 1.35932142  0.5098893  -0.02093927], [ 0.13083074 -0.75669793 -0.11217322]
69, [ 1.35932142  0.5098893  -0.02093927], [ 0.13083074 -0.75669793 -0.11217322]
70, [ 1.35932142  0.5098893  -0.02093927], [ 0.13083074 -0.75669793 -0.11217322]
71, [ 1.35932142  0.5098893  -0.02093927], [ 0.13083074 -0.75669793 -0.11217322]
72, [ 1.35932142  0.5098893  -0.02093927], [ 0.13083074 -0.75669793 -0.11217322]
73, [ 1.35932142  0.5098893  -0.02093927], [ 0.13083074 -0.75669793 -0.11217322]
74, [ 1.35932142  0.5098893  -0.02093927], [ 0.13083074 -0.75669793 -0.11217322]
75, [ 1.35932142  0.5098893  -0.02093927], [ 0.13083074 -0.75669793 -0.11217322]
76, [ 1.35932142  0.5098893  -0.02093927], [ 0.13083074 -0.75669793 -0.11217322]
77, [ 1.35932142  0.5098893  -0.02093927], [ 0.13083074 -0.75669793 -0.11217322]
78, [ 1.35932142  0.5098893  -0.02093927], [ 0.13083074 -0.75669793 -0.11217322]
79, [ 1.35150145  0.50798047 -0.00245141], [ 0.13249984 -0.82316736 -0.12887499]
80, [ 1.35932142  0.5098893  -0.02093927], [ 0.13083074 -0.75669793 -0.11217322]
81, [ 1.35932142  0.5098893  -0.02093927], [ 0.13083074 -0.75669793 -0.11217322]
82, [ 1.35932142  0.5098893  -0.02093927], [ 0.13083074 -0.75669793 -0.11217322]
83, [ 1.35932142  0.5098893  -0.02093927], [ 0.13083074 -0.75669793 -0.11217322]
84, [ 1.35932142  0.5098893  -0.02093927], [ 0.13083074 -0.75669793 -0.11217322]
85, [ 1.35932142  0.5098893  -0.02093927], [ 0.13083074 -0.75669793 -0.11217322]
86, [ 1.35302579  0.50822228 -0.00493439], [ 0.03624933 -0.03622073 -0.07562114]
87, [ 1.35302579  0.50822228 -0.00493439], [ 0.03624933 -0.03622073 -0.07562114]
88, [ 1.35302579  0.50822228 -0.00493439], [ 0.03624933 -0.03622073 -0.07562114]
89, [ 1.35302579  0.50822228 -0.00493439], [ 0.03624933 -0.03622073 -0.07562114]
90, [ 1.35302579  0.50822228 -0.00493439], [ 0.03624933 -0.03622073 -0.07562114]
91, [1.34635766 0.50700369 0.01220249], [ 0.04357616  0.03542851 -0.08447705]
92, [1.34635766 0.50700369 0.01220249], [ 0.04357616  0.03542851 -0.08447705]
93, [1.34635766 0.50700369 0.01220249], [ 0.04357616  0.03542851 -0.08447705]
94, [1.34635766 0.50700369 0.01220249], [ 0.04357616  0.03542851 -0.08447705]
95, [1.34635766 0.50700369 0.01220249], [ 0.04357616  0.03542851 -0.08447705]
96, [1.34635766 0.50700369 0.01220249], [ 0.04357616  0.03542851 -0.08447705]
97, [1.34635766 0.50700369 0.01220249], [ 0.04357616  0.03542851 -0.08447705]
98, [1.34635766 0.50700369 0.01220249], [ 0.04357616  0.03542851 -0.08447705]
99, [1.34635766 0.50700369 0.01220249], [ 0.04357616  0.03542851 -0.08447705]
100, [1.34635766 0.50700369 0.01220249], [ 0.04357616  0.03542851 -0.08447705]
101, [1.34635766 0.50700369 0.01220249], [ 0.04357616  0.03542851 -0.08447705]
102, [1.34635766 0.50700369 0.01220249], [ 0.04357616  0.03542851 -0.08447705]
103, [1.34635766 0.50700369 0.01220249], [ 0.04357616  0.03542851 -0.08447705]
104, [1.34635766 0.50700369 0.01220249], [ 0.04357616  0.03542851 -0.08447705]
105, [1.34635766 0.50700369 0.01220249], [ 0.04357616  0.03542851 -0.08447705]
106, [1.34635766 0.50700369 0.01220249], [ 0.04357616  0.03542851 -0.08447705]
107, [1.34635766 0.50700369 0.01220249], [ 0.04357616  0.03542851 -0.08447705]
108, [1.34635766 0.50700369 0.01220249], [ 0.04357616  0.03542851 -0.08447705]
109, [1.34635766 0.50700369 0.01220249], [ 0.04357616  0.03542851 -0.08447705]
110, [1.34635766 0.50700369 0.01220249], [ 0.04357616  0.03542851 -0.08447705]
111, [1.34635766 0.50700369 0.01220249], [ 0.04357616  0.03542851 -0.08447705]
112, [1.34635766 0.50700369 0.01220249], [ 0.04357616  0.03542851 -0.08447705]
113, [1.34635766 0.50700369 0.01220249], [ 0.04357616  0.03542851 -0.08447705]
114, [1.34635766 0.50700369 0.01220249], [ 0.04357616  0.03542851 -0.08447705]
115, [1.34635766 0.50700369 0.01220249], [ 0.04357616  0.03542851 -0.08447705]
116, [1.34635766 0.50700369 0.01220249], [ 0.04357616  0.03542851 -0.08447705]
117, [1.34635766 0.50700369 0.01220249], [ 0.04357616  0.03542851 -0.08447705]
118, [1.34635766 0.50700369 0.01220249], [ 0.04357616  0.03542851 -0.08447705]
119, [1.34635766 0.50700369 0.01220249], [ 0.04357616  0.03542851 -0.08447705]
120, [1.34635766 0.50700369 0.01220249], [ 0.04357616  0.03542851 -0.08447705]
121, [1.33976658 0.50535384 0.02775944], [ 0.05217867  0.09095649 -0.09356787]
122, [1.33976658 0.50535384 0.02775944], [ 0.05217867  0.09095649 -0.09356787]
123, [1.33976658 0.50535384 0.02775944], [ 0.05217867  0.09095649 -0.09356787]
124, [1.33976658 0.50535384 0.02775944], [ 0.05217867  0.09095649 -0.09356787]
125, [1.33976658 0.50535384 0.02775944], [ 0.05217867  0.09095649 -0.09356787]
126, [1.33976658 0.50535384 0.02775944], [ 0.05217867  0.09095649 -0.09356787]
127, [1.34635766 0.50700369 0.01220249], [ 0.04357616  0.03542851 -0.08447705]
128, [1.34635766 0.50700369 0.01220249], [ 0.04357616  0.03542851 -0.08447705]
129, [1.34635766 0.50700369 0.01220249], [ 0.04357616  0.03542851 -0.08447705]
130, [1.34635766 0.50700369 0.01220249], [ 0.04357616  0.03542851 -0.08447705]
131, [1.34635766 0.50700369 0.01220249], [ 0.04357616  0.03542851 -0.08447705]
132, [1.34635766 0.50700369 0.01220249], [ 0.04357616  0.03542851 -0.08447705]
133, [1.34635766 0.50700369 0.01220249], [ 0.04357616  0.03542851 -0.08447705]
134, [1.34635766 0.50700369 0.01220249], [ 0.04357616  0.03542851 -0.08447705]
135, [1.34635766 0.50700369 0.01220249], [ 0.04357616  0.03542851 -0.08447705]
136, [1.34635766 0.50700369 0.01220249], [ 0.04357616  0.03542851 -0.08447705]
137, [1.34635766 0.50700369 0.01220249], [ 0.04357616  0.03542851 -0.08447705]
138, [1.34635766 0.50700369 0.01220249], [ 0.04357616  0.03542851 -0.08447705]
139, [1.34635766 0.50700369 0.01220249], [ 0.04357616  0.03542851 -0.08447705]
140, [1.34635766 0.50700369 0.01220249], [ 0.04357616  0.03542851 -0.08447705]
141, [1.34635766 0.50700369 0.01220249], [ 0.04357616  0.03542851 -0.08447705]
142, [1.34635766 0.50700369 0.01220249], [ 0.04357616  0.03542851 -0.08447705]
143, [1.33976658 0.50535384 0.02775944], [ 0.05217867  0.09095649 -0.09356787]
144, [1.33976658 0.50535384 0.02775944], [ 0.05217867  0.09095649 -0.09356787]
145, [1.33976658 0.50535384 0.02775944], [ 0.05217867  0.09095649 -0.09356787]
146, [1.33976658 0.50535384 0.02775944], [ 0.05217867  0.09095649 -0.09356787]
147, [1.33976658 0.50535384 0.02775944], [ 0.05217867  0.09095649 -0.09356787]
148, [1.33976658 0.50535384 0.02775944], [ 0.05217867  0.09095649 -0.09356787]
149, [1.33976658 0.50535384 0.02775944], [ 0.05217867  0.09095649 -0.09356787]
150, [1.33976658 0.50535384 0.02775944], [ 0.05217867  0.09095649 -0.09356787]
151, [ 1.35906293  0.50976628 -0.01961357], [ 0.1667321  -0.72654179 -0.09627319]
152, [ 1.35906293  0.50976628 -0.01961357], [ 0.1667321  -0.72654179 -0.09627319]
153, [ 1.35906293  0.50976628 -0.01961357], [ 0.1667321  -0.72654179 -0.09627319]
154, [ 1.35906293  0.50976628 -0.01961357], [ 0.1667321  -0.72654179 -0.09627319]
155, [ 1.35906293  0.50976628 -0.01961357], [ 0.1667321  -0.72654179 -0.09627319]
156, [ 1.35906293  0.50976628 -0.01961357], [ 0.1667321  -0.72654179 -0.09627319]
157, [ 1.35906293  0.50976628 -0.01961357], [ 0.1667321  -0.72654179 -0.09627319]
158, [ 1.35906293  0.50976628 -0.01961357], [ 0.1667321  -0.72654179 -0.09627319]
159, [ 1.35906293  0.50976628 -0.01961357], [ 0.1667321  -0.72654179 -0.09627319]
160, [ 1.35906293  0.50976628 -0.01961357], [ 0.1667321  -0.72654179 -0.09627319]
161, [ 1.35906293  0.50976628 -0.01961357], [ 0.1667321  -0.72654179 -0.09627319]
162, [ 1.35906293  0.50976628 -0.01961357], [ 0.1667321  -0.72654179 -0.09627319]
163, [ 1.35906293  0.50976628 -0.01961357], [ 0.1667321  -0.72654179 -0.09627319]
164, [ 1.35906293  0.50976628 -0.01961357], [ 0.1667321  -0.72654179 -0.09627319]
165, [1.34635766 0.50700369 0.01220249], [ 0.04357616  0.03542851 -0.08447705]
166, [ 1.35906293  0.50976628 -0.01961357], [ 0.1667321  -0.72654179 -0.09627319]
167, [ 1.35906293  0.50976628 -0.01961357], [ 0.1667321  -0.72654179 -0.09627319]
168, [ 1.35906293  0.50976628 -0.01961357], [ 0.1667321  -0.72654179 -0.09627319]
169, [ 1.35906293  0.50976628 -0.01961357], [ 0.1667321  -0.72654179 -0.09627319]
170, [ 1.35906293  0.50976628 -0.01961357], [ 0.1667321  -0.72654179 -0.09627319]
171, [ 1.35906293  0.50976628 -0.01961357], [ 0.1667321  -0.72654179 -0.09627319]
172, [ 1.35906293  0.50976628 -0.01961357], [ 0.1667321  -0.72654179 -0.09627319]
173, [ 1.35906293  0.50976628 -0.01961357], [ 0.1667321  -0.72654179 -0.09627319]
174, [ 1.35906293  0.50976628 -0.01961357], [ 0.1667321  -0.72654179 -0.09627319]
175, [ 1.35906293  0.50976628 -0.01961357], [ 0.1667321  -0.72654179 -0.09627319]
176, [ 1.35906293  0.50976628 -0.01961357], [ 0.1667321  -0.72654179 -0.09627319]
177, [ 1.35906293  0.50976628 -0.01961357], [ 0.1667321  -0.72654179 -0.09627319]
178, [ 1.35906293  0.50976628 -0.01961357], [ 0.1667321  -0.72654179 -0.09627319]
179, [ 1.35906293  0.50976628 -0.01961357], [ 0.1667321  -0.72654179 -0.09627319]
180, [ 1.35906293  0.50976628 -0.01961357], [ 0.1667321  -0.72654179 -0.09627319]
181, [1.34635766 0.50700369 0.01220249], [ 0.04357616  0.03542851 -0.08447705]
182, [1.34635766 0.50700369 0.01220249], [ 0.04357616  0.03542851 -0.08447705]
183, [1.34635766 0.50700369 0.01220249], [ 0.04357616  0.03542851 -0.08447705]
184, [1.34635766 0.50700369 0.01220249], [ 0.04357616  0.03542851 -0.08447705]
185, [1.34635766 0.50700369 0.01220249], [ 0.04357616  0.03542851 -0.08447705]
186, [1.34635766 0.50700369 0.01220249], [ 0.04357616  0.03542851 -0.08447705]
187, [1.34635766 0.50700369 0.01220249], [ 0.04357616  0.03542851 -0.08447705]
188, [1.34635766 0.50700369 0.01220249], [ 0.04357616  0.03542851 -0.08447705]
189, [1.34635766 0.50700369 0.01220249], [ 0.04357616  0.03542851 -0.08447705]
190, [1.34635766 0.50700369 0.01220249], [ 0.04357616  0.03542851 -0.08447705]
191, [1.34635766 0.50700369 0.01220249], [ 0.04357616  0.03542851 -0.08447705]
192, [1.34635766 0.50700369 0.01220249], [ 0.04357616  0.03542851 -0.08447705]
193, [1.34635766 0.50700369 0.01220249], [ 0.04357616  0.03542851 -0.08447705]
194, [1.34635766 0.50700369 0.01220249], [ 0.04357616  0.03542851 -0.08447705]
195, [1.34635766 0.50700369 0.01220249], [ 0.04357616  0.03542851 -0.08447705]
196, [1.34635766 0.50700369 0.01220249], [ 0.04357616  0.03542851 -0.08447705]
197, [1.34635766 0.50700369 0.01220249], [ 0.04357616  0.03542851 -0.08447705]
198, [1.34635766 0.50700369 0.01220249], [ 0.04357616  0.03542851 -0.08447705]
199, [1.34635766 0.50700369 0.01220249], [ 0.04357616  0.03542851 -0.08447705]
200, [1.34635766 0.50700369 0.01220249], [ 0.04357616  0.03542851 -0.08447705]
201, [1.34635766 0.50700369 0.01220249], [ 0.04357616  0.03542851 -0.08447705]
202, [1.34635766 0.50700369 0.01220249], [ 0.04357616  0.03542851 -0.08447705]
203, [1.34635766 0.50700369 0.01220249], [ 0.04357616  0.03542851 -0.08447705]
204, [1.34635766 0.50700369 0.01220249], [ 0.04357616  0.03542851 -0.08447705]
205, [1.34635766 0.50700369 0.01220249], [ 0.04357616  0.03542851 -0.08447705]
206, [1.34635766 0.50700369 0.01220249], [ 0.04357616  0.03542851 -0.08447705]
207, [1.34635766 0.50700369 0.01220249], [ 0.04357616  0.03542851 -0.08447705]
208, [1.34635766 0.50700369 0.01220249], [ 0.04357616  0.03542851 -0.08447705]
209, [1.34635766 0.50700369 0.01220249], [ 0.04357616  0.03542851 -0.08447705]
210, [1.34635766 0.50700369 0.01220249], [ 0.04357616  0.03542851 -0.08447705]
211, [1.34635766 0.50700369 0.01220249], [ 0.04357616  0.03542851 -0.08447705]
212, [1.34635766 0.50700369 0.01220249], [ 0.04357616  0.03542851 -0.08447705]
213, [ 1.35906293  0.50976628 -0.01961357], [ 0.1667321  -0.72654179 -0.09627319]
214, [ 1.35906293  0.50976628 -0.01961357], [ 0.1667321  -0.72654179 -0.09627319]
215, [ 1.35906293  0.50976628 -0.01961357], [ 0.1667321  -0.72654179 -0.09627319]
216, [ 1.35906293  0.50976628 -0.01961357], [ 0.1667321  -0.72654179 -0.09627319]
217, [ 1.35906293  0.50976628 -0.01961357], [ 0.1667321  -0.72654179 -0.09627319]
218, [ 1.35906293  0.50976628 -0.01961357], [ 0.1667321  -0.72654179 -0.09627319]
219, [ 1.35906293  0.50976628 -0.01961357], [ 0.1667321  -0.72654179 -0.09627319]
220, [ 1.35906293  0.50976628 -0.01961357], [ 0.1667321  -0.72654179 -0.09627319]
221, [ 1.35906293  0.50976628 -0.01961357], [ 0.1667321  -0.72654179 -0.09627319]
222, [ 1.35906293  0.50976628 -0.01961357], [ 0.1667321  -0.72654179 -0.09627319]
223, [1.34635766 0.50700369 0.01220249], [ 0.04357616  0.03542851 -0.08447705]
224, [1.34635766 0.50700369 0.01220249], [ 0.04357616  0.03542851 -0.08447705]
225, [1.34635766 0.50700369 0.01220249], [ 0.04357616  0.03542851 -0.08447705]
226, [1.34635766 0.50700369 0.01220249], [ 0.04357616  0.03542851 -0.08447705]
227, [1.34635766 0.50700369 0.01220249], [ 0.04357616  0.03542851 -0.08447705]
228, [1.34635766 0.50700369 0.01220249], [ 0.04357616  0.03542851 -0.08447705]
229, [ 1.35906293  0.50976628 -0.01961357], [ 0.1667321  -0.72654179 -0.09627319]
230, [ 1.35906293  0.50976628 -0.01961357], [ 0.1667321  -0.72654179 -0.09627319]
231, [ 1.35906293  0.50976628 -0.01961357], [ 0.1667321  -0.72654179 -0.09627319]
232, [ 1.35906293  0.50976628 -0.01961357], [ 0.1667321  -0.72654179 -0.09627319]
233, [ 1.35906293  0.50976628 -0.01961357], [ 0.1667321  -0.72654179 -0.09627319]
234, [ 1.35906293  0.50976628 -0.01961357], [ 0.1667321  -0.72654179 -0.09627319]
235, [ 1.35906293  0.50976628 -0.01961357], [ 0.1667321  -0.72654179 -0.09627319]
236, [ 1.35906293  0.50976628 -0.01961357], [ 0.1667321  -0.72654179 -0.09627319]
237, [ 1.35906293  0.50976628 -0.01961357], [ 0.1667321  -0.72654179 -0.09627319]
238, [ 1.35906293  0.50976628 -0.01961357], [ 0.1667321  -0.72654179 -0.09627319]
239, [ 1.35906293  0.50976628 -0.01961357], [ 0.1667321  -0.72654179 -0.09627319]
240, [ 1.35906293  0.50976628 -0.01961357], [ 0.1667321  -0.72654179 -0.09627319]
241, [ 1.35906293  0.50976628 -0.01961357], [ 0.1667321  -0.72654179 -0.09627319]
242, [ 1.35906293  0.50976628 -0.01961357], [ 0.1667321  -0.72654179 -0.09627319]
243, [ 1.35906293  0.50976628 -0.01961357], [ 0.1667321  -0.72654179 -0.09627319]
244, [ 1.35906293  0.50976628 -0.01961357], [ 0.1667321  -0.72654179 -0.09627319]
245, [ 1.35906293  0.50976628 -0.01961357], [ 0.1667321  -0.72654179 -0.09627319]
246, [ 1.35906293  0.50976628 -0.01961357], [ 0.1667321  -0.72654179 -0.09627319]
247, [ 1.35906293  0.50976628 -0.01961357], [ 0.1667321  -0.72654179 -0.09627319]
248, [ 1.35906293  0.50976628 -0.01961357], [ 0.1667321  -0.72654179 -0.09627319]
249, [ 1.35388759  0.50828654 -0.0056413 ], [ 0.04569482  0.03065562 -0.07148882]
250, [ 1.35388759  0.50828654 -0.0056413 ], [ 0.04569482  0.03065562 -0.07148882]
251, [ 1.35388759  0.50828654 -0.0056413 ], [ 0.04569482  0.03065562 -0.07148882]
252, [ 1.35388759  0.50828654 -0.0056413 ], [ 0.04569482  0.03065562 -0.07148882]
253, [ 1.35388759  0.50828654 -0.0056413 ], [ 0.04569482  0.03065562 -0.07148882]
254, [ 1.35388759  0.50828654 -0.0056413 ], [ 0.04569482  0.03065562 -0.07148882]
255, [ 1.35388759  0.50828654 -0.0056413 ], [ 0.04569482  0.03065562 -0.07148882]
256, [ 1.35388759  0.50828654 -0.0056413 ], [ 0.04569482  0.03065562 -0.07148882]
257, [ 1.35388759  0.50828654 -0.0056413 ], [ 0.04569482  0.03065562 -0.07148882]
258, [ 1.35388759  0.50828654 -0.0056413 ], [ 0.04569482  0.03065562 -0.07148882]
259, [ 1.35388759  0.50828654 -0.0056413 ], [ 0.04569482  0.03065562 -0.07148882]
260, [ 1.35388759  0.50828654 -0.0056413 ], [ 0.04569482  0.03065562 -0.07148882]
261, [ 1.35388759  0.50828654 -0.0056413 ], [ 0.04569482  0.03065562 -0.07148882]
262, [ 1.35388759  0.50828654 -0.0056413 ], [ 0.04569482  0.03065562 -0.07148882]
263, [ 1.35388759  0.50828654 -0.0056413 ], [ 0.04569482  0.03065562 -0.07148882]
264, [ 1.35388759  0.50828654 -0.0056413 ], [ 0.04569482  0.03065562 -0.07148882]
265, [ 1.35388759  0.50828654 -0.0056413 ], [ 0.04569482  0.03065562 -0.07148882]
266, [ 1.35388759  0.50828654 -0.0056413 ], [ 0.04569482  0.03065562 -0.07148882]
267, [ 1.35388759  0.50828654 -0.0056413 ], [ 0.04569482  0.03065562 -0.07148882]
268, [ 1.35388759  0.50828654 -0.0056413 ], [ 0.04569482  0.03065562 -0.07148882]
269, [ 1.35388759  0.50828654 -0.0056413 ], [ 0.04569482  0.03065562 -0.07148882]
270, [ 1.35388759  0.50828654 -0.0056413 ], [ 0.04569482  0.03065562 -0.07148882]
271, [ 1.35906293  0.50976628 -0.01961357], [ 0.1667321  -0.72654179 -0.09627319]
272, [ 1.35906293  0.50976628 -0.01961357], [ 0.1667321  -0.72654179 -0.09627319]
273, [ 1.35906293  0.50976628 -0.01961357], [ 0.1667321  -0.72654179 -0.09627319]
274, [ 1.35906293  0.50976628 -0.01961357], [ 0.1667321  -0.72654179 -0.09627319]
275, [ 1.35906293  0.50976628 -0.01961357], [ 0.1667321  -0.72654179 -0.09627319]
276, [1.34635766 0.50700369 0.01220249], [ 0.04357616  0.03542851 -0.08447705]
277, [1.34635766 0.50700369 0.01220249], [ 0.04357616  0.03542851 -0.08447705]
278, [1.34635766 0.50700369 0.01220249], [ 0.04357616  0.03542851 -0.08447705]
279, [1.34635766 0.50700369 0.01220249], [ 0.04357616  0.03542851 -0.08447705]
280, [1.34635766 0.50700369 0.01220249], [ 0.04357616  0.03542851 -0.08447705]
281, [1.34635766 0.50700369 0.01220249], [ 0.04357616  0.03542851 -0.08447705]
282, [1.34635766 0.50700369 0.01220249], [ 0.04357616  0.03542851 -0.08447705]
283, [1.34635766 0.50700369 0.01220249], [ 0.04357616  0.03542851 -0.08447705]
284, [1.34635766 0.50700369 0.01220249], [ 0.04357616  0.03542851 -0.08447705]
285, [1.34635766 0.50700369 0.01220249], [ 0.04357616  0.03542851 -0.08447705]
286, [1.34635766 0.50700369 0.01220249], [ 0.04357616  0.03542851 -0.08447705]
287, [1.34635766 0.50700369 0.01220249], [ 0.04357616  0.03542851 -0.08447705]
288, [1.34635766 0.50700369 0.01220249], [ 0.04357616  0.03542851 -0.08447705]
289, [1.34635766 0.50700369 0.01220249], [ 0.04357616  0.03542851 -0.08447705]
290, [1.34635766 0.50700369 0.01220249], [ 0.04357616  0.03542851 -0.08447705]
291, [ 1.35379768  0.50831647 -0.00612771], [ 0.07212771 -0.00444786 -0.07419015]
292, [1.34635766 0.50700369 0.01220249], [ 0.04357616  0.03542851 -0.08447705]
293, [1.34635766 0.50700369 0.01220249], [ 0.04357616  0.03542851 -0.08447705]
294, [1.34635766 0.50700369 0.01220249], [ 0.04357616  0.03542851 -0.08447705]
295, [1.34635766 0.50700369 0.01220249], [ 0.04357616  0.03542851 -0.08447705]
296, [1.34635766 0.50700369 0.01220249], [ 0.04357616  0.03542851 -0.08447705]
297, [1.34635766 0.50700369 0.01220249], [ 0.04357616  0.03542851 -0.08447705]
298, [1.34635766 0.50700369 0.01220249], [ 0.04357616  0.03542851 -0.08447705]
299, [ 1.35379768  0.50831647 -0.00612771], [ 0.07212771 -0.00444786 -0.07419015]
300, [ 1.35379768  0.50831647 -0.00612771], [ 0.07212771 -0.00444786 -0.07419015]
301, [ 1.35906293  0.50976628 -0.01961357], [ 0.1667321  -0.72654179 -0.09627319]
302, [ 1.35906293  0.50976628 -0.01961357], [ 0.1667321  -0.72654179 -0.09627319]
303, [1.34635766 0.50700369 0.01220249], [ 0.04357616  0.03542851 -0.08447705]
304, [1.34635766 0.50700369 0.01220249], [ 0.04357616  0.03542851 -0.08447705]
305, [1.34635766 0.50700369 0.01220249], [ 0.04357616  0.03542851 -0.08447705]
306, [1.34635766 0.50700369 0.01220249], [ 0.04357616  0.03542851 -0.08447705]
307, [1.34635766 0.50700369 0.01220249], [ 0.04357616  0.03542851 -0.08447705]
308, [ 1.35379768  0.50831647 -0.00612771], [ 0.07212771 -0.00444786 -0.07419015]
309, [ 1.35379768  0.50831647 -0.00612771], [ 0.07212771 -0.00444786 -0.07419015]
310, [ 1.35379768  0.50831647 -0.00612771], [ 0.07212771 -0.00444786 -0.07419015]
311, [ 1.35379768  0.50831647 -0.00612771], [ 0.07212771 -0.00444786 -0.07419015]
312, [ 1.35379768  0.50831647 -0.00612771], [ 0.07212771 -0.00444786 -0.07419015]
313, [ 1.35379768  0.50831647 -0.00612771], [ 0.07212771 -0.00444786 -0.07419015]
314, [ 1.35379768  0.50831647 -0.00612771], [ 0.07212771 -0.00444786 -0.07419015]
315, [ 1.35379768  0.50831647 -0.00612771], [ 0.07212771 -0.00444786 -0.07419015]
316, [ 1.35379768  0.50831647 -0.00612771], [ 0.07212771 -0.00444786 -0.07419015]
317, [ 1.35379768  0.50831647 -0.00612771], [ 0.07212771 -0.00444786 -0.07419015]
318, [ 1.35379768  0.50831647 -0.00612771], [ 0.07212771 -0.00444786 -0.07419015]
319, [ 1.35379768  0.50831647 -0.00612771], [ 0.07212771 -0.00444786 -0.07419015]
320, [ 1.35379768  0.50831647 -0.00612771], [ 0.07212771 -0.00444786 -0.07419015]
321, [ 1.35379768  0.50831647 -0.00612771], [ 0.07212771 -0.00444786 -0.07419015]
322, [ 1.35379768  0.50831647 -0.00612771], [ 0.07212771 -0.00444786 -0.07419015]
323, [ 1.35395108  0.50828332 -0.00586862], [ 0.1110205  -0.04106214 -0.07443188]
324, [ 1.35395108  0.50828332 -0.00586862], [ 0.1110205  -0.04106214 -0.07443188]
325, [ 1.35395108  0.50828332 -0.00586862], [ 0.1110205  -0.04106214 -0.07443188]
326, [ 1.35395108  0.50828332 -0.00586862], [ 0.1110205  -0.04106214 -0.07443188]
327, [ 1.35395108  0.50828332 -0.00586862], [ 0.1110205  -0.04106214 -0.07443188]
328, [ 1.35395108  0.50828332 -0.00586862], [ 0.1110205  -0.04106214 -0.07443188]
329, [ 1.35395108  0.50828332 -0.00586862], [ 0.1110205  -0.04106214 -0.07443188]
330, [ 1.35395108  0.50828332 -0.00586862], [ 0.1110205  -0.04106214 -0.07443188]
331, [1.34635766 0.50700369 0.01220249], [ 0.04357616  0.03542851 -0.08447705]
332, [1.34635766 0.50700369 0.01220249], [ 0.04357616  0.03542851 -0.08447705]
333, [1.34635766 0.50700369 0.01220249], [ 0.04357616  0.03542851 -0.08447705]
334, [1.34635766 0.50700369 0.01220249], [ 0.04357616  0.03542851 -0.08447705]
335, [1.34635766 0.50700369 0.01220249], [ 0.04357616  0.03542851 -0.08447705]
336, [1.34635766 0.50700369 0.01220249], [ 0.04357616  0.03542851 -0.08447705]
337, [1.34635766 0.50700369 0.01220249], [ 0.04357616  0.03542851 -0.08447705]
338, [1.34635766 0.50700369 0.01220249], [ 0.04357616  0.03542851 -0.08447705]
339, [1.34635766 0.50700369 0.01220249], [ 0.04357616  0.03542851 -0.08447705]
340, [1.34635766 0.50700369 0.01220249], [ 0.04357616  0.03542851 -0.08447705]
341, [1.34635766 0.50700369 0.01220249], [ 0.04357616  0.03542851 -0.08447705]
342, [1.34635766 0.50700369 0.01220249], [ 0.04357616  0.03542851 -0.08447705]
343, [1.34635766 0.50700369 0.01220249], [ 0.04357616  0.03542851 -0.08447705]
344, [1.34635766 0.50700369 0.01220249], [ 0.04357616  0.03542851 -0.08447705]
345, [1.34635766 0.50700369 0.01220249], [ 0.04357616  0.03542851 -0.08447705]
346, [1.34635766 0.50700369 0.01220249], [ 0.04357616  0.03542851 -0.08447705]
347, [1.34635766 0.50700369 0.01220249], [ 0.04357616  0.03542851 -0.08447705]
348, [1.34635766 0.50700369 0.01220249], [ 0.04357616  0.03542851 -0.08447705]
349, [1.34635766 0.50700369 0.01220249], [ 0.04357616  0.03542851 -0.08447705]
350, [1.34635766 0.50700369 0.01220249], [ 0.04357616  0.03542851 -0.08447705]
351, [1.34635766 0.50700369 0.01220249], [ 0.04357616  0.03542851 -0.08447705]
352, [1.34635766 0.50700369 0.01220249], [ 0.04357616  0.03542851 -0.08447705]
353, [ 1.35379768  0.50831647 -0.00612771], [ 0.07212771 -0.00444786 -0.07419015]
354, [ 1.35379768  0.50831647 -0.00612771], [ 0.07212771 -0.00444786 -0.07419015]
355, [ 1.35379768  0.50831647 -0.00612771], [ 0.07212771 -0.00444786 -0.07419015]
356, [ 1.35379768  0.50831647 -0.00612771], [ 0.07212771 -0.00444786 -0.07419015]
357, [ 1.35379768  0.50831647 -0.00612771], [ 0.07212771 -0.00444786 -0.07419015]
358, [ 1.35379768  0.50831647 -0.00612771], [ 0.07212771 -0.00444786 -0.07419015]
359, [ 1.35379768  0.50831647 -0.00612771], [ 0.07212771 -0.00444786 -0.07419015]
360, [ 1.35379768  0.50831647 -0.00612771], [ 0.07212771 -0.00444786 -0.07419015]
361, [ 1.35906293  0.50976628 -0.01961357], [ 0.1667321  -0.72654179 -0.09627319]
362, [ 1.35906293  0.50976628 -0.01961357], [ 0.1667321  -0.72654179 -0.09627319]
363, [ 1.35906293  0.50976628 -0.01961357], [ 0.1667321  -0.72654179 -0.09627319]
364, [ 1.35906293  0.50976628 -0.01961357], [ 0.1667321  -0.72654179 -0.09627319]
365, [ 1.35906293  0.50976628 -0.01961357], [ 0.1667321  -0.72654179 -0.09627319]
366, [ 1.35906293  0.50976628 -0.01961357], [ 0.1667321  -0.72654179 -0.09627319]
367, [ 1.35379768  0.50831647 -0.00612771], [ 0.07212771 -0.00444786 -0.07419015]
368, [ 1.35379768  0.50831647 -0.00612771], [ 0.07212771 -0.00444786 -0.07419015]
369, [ 1.35906293  0.50976628 -0.01961357], [ 0.1667321  -0.72654179 -0.09627319]
370, [ 1.35906293  0.50976628 -0.01961357], [ 0.1667321  -0.72654179 -0.09627319]
371, [ 1.35906293  0.50976628 -0.01961357], [ 0.1667321  -0.72654179 -0.09627319]
372, [ 1.35379768  0.50831647 -0.00612771], [ 0.07212771 -0.00444786 -0.07419015]
373, [ 1.35379768  0.50831647 -0.00612771], [ 0.07212771 -0.00444786 -0.07419015]
374, [ 1.35379768  0.50831647 -0.00612771], [ 0.07212771 -0.00444786 -0.07419015]
375, [ 1.35379768  0.50831647 -0.00612771], [ 0.07212771 -0.00444786 -0.07419015]
376, [ 1.35906293  0.50976628 -0.01961357], [ 0.1667321  -0.72654179 -0.09627319]
377, [ 1.35906293  0.50976628 -0.01961357], [ 0.1667321  -0.72654179 -0.09627319]
378, [ 1.35906293  0.50976628 -0.01961357], [ 0.1667321  -0.72654179 -0.09627319]
379, [1.34635766 0.50700369 0.01220249], [ 0.04357616  0.03542851 -0.08447705]
380, [ 1.35379768  0.50831647 -0.00612771], [ 0.07212771 -0.00444786 -0.07419015]
381, [ 1.35379768  0.50831647 -0.00612771], [ 0.07212771 -0.00444786 -0.07419015]
382, [ 1.35379768  0.50831647 -0.00612771], [ 0.07212771 -0.00444786 -0.07419015]
383, [ 1.35379768  0.50831647 -0.00612771], [ 0.07212771 -0.00444786 -0.07419015]
384, [1.34635766 0.50700369 0.01220249], [ 0.04357616  0.03542851 -0.08447705]
385, [1.34635766 0.50700369 0.01220249], [ 0.04357616  0.03542851 -0.08447705]
386, [1.34635766 0.50700369 0.01220249], [ 0.04357616  0.03542851 -0.08447705]
387, [1.34635766 0.50700369 0.01220249], [ 0.04357616  0.03542851 -0.08447705]
388, [1.34635766 0.50700369 0.01220249], [ 0.04357616  0.03542851 -0.08447705]
389, [1.34635766 0.50700369 0.01220249], [ 0.04357616  0.03542851 -0.08447705]
390, [1.34635766 0.50700369 0.01220249], [ 0.04357616  0.03542851 -0.08447705]
391, [ 1.37753244  0.51366169 -0.06418958], [ 0.23926625 -0.65867456 -0.09037921]
392, [ 1.37753244  0.51366169 -0.06418958], [ 0.23926625 -0.65867456 -0.09037921]
393, [ 1.37753244  0.51366169 -0.06418958], [ 0.23926625 -0.65867456 -0.09037921]
394, [ 1.37753244  0.51366169 -0.06418958], [ 0.23926625 -0.65867456 -0.09037921]
395, [ 1.37753244  0.51366169 -0.06418958], [ 0.23926625 -0.65867456 -0.09037921]
396, [ 1.37753244  0.51366169 -0.06418958], [ 0.23926625 -0.65867456 -0.09037921]
397, [ 1.37753244  0.51366169 -0.06418958], [ 0.23926625 -0.65867456 -0.09037921]
398, [ 1.37753244  0.51366169 -0.06418958], [ 0.23926625 -0.65867456 -0.09037921]
399, [ 1.37753244  0.51366169 -0.06418958], [ 0.23926625 -0.65867456 -0.09037921]
400, [ 1.37753244  0.51366169 -0.06418958], [ 0.23926625 -0.65867456 -0.09037921]
401, [ 1.37753244  0.51366169 -0.06418958], [ 0.23926625 -0.65867456 -0.09037921]
402, [ 1.37753244  0.51366169 -0.06418958], [ 0.23926625 -0.65867456 -0.09037921]
403, [ 1.35906293  0.50976628 -0.01961357], [ 0.1667321  -0.72654179 -0.09627319]
404, [ 1.35906293  0.50976628 -0.01961357], [ 0.1667321  -0.72654179 -0.09627319]
405, [ 1.35906293  0.50976628 -0.01961357], [ 0.1667321  -0.72654179 -0.09627319]
406, [ 1.35906293  0.50976628 -0.01961357], [ 0.1667321  -0.72654179 -0.09627319]
407, [ 1.35906293  0.50976628 -0.01961357], [ 0.1667321  -0.72654179 -0.09627319]
408, [ 1.35379768  0.50831647 -0.00612771], [ 0.07212771 -0.00444786 -0.07419015]
409, [ 1.35379768  0.50831647 -0.00612771], [ 0.07212771 -0.00444786 -0.07419015]
410, [ 1.35379768  0.50831647 -0.00612771], [ 0.07212771 -0.00444786 -0.07419015]
411, [ 1.35379768  0.50831647 -0.00612771], [ 0.07212771 -0.00444786 -0.07419015]
412, [ 1.35379768  0.50831647 -0.00612771], [ 0.07212771 -0.00444786 -0.07419015]
413, [ 1.35379768  0.50831647 -0.00612771], [ 0.07212771 -0.00444786 -0.07419015]
414, [ 1.35379768  0.50831647 -0.00612771], [ 0.07212771 -0.00444786 -0.07419015]
415, [ 1.35379768  0.50831647 -0.00612771], [ 0.07212771 -0.00444786 -0.07419015]
416, [ 1.35379768  0.50831647 -0.00612771], [ 0.07212771 -0.00444786 -0.07419015]
417, [ 1.35379768  0.50831647 -0.00612771], [ 0.07212771 -0.00444786 -0.07419015]
418, [ 1.35379768  0.50831647 -0.00612771], [ 0.07212771 -0.00444786 -0.07419015]
419, [ 1.35379768  0.50831647 -0.00612771], [ 0.07212771 -0.00444786 -0.07419015]
420, [ 1.35379768  0.50831647 -0.00612771], [ 0.07212771 -0.00444786 -0.07419015]
421, [ 1.35906293  0.50976628 -0.01961357], [ 0.1667321  -0.72654179 -0.09627319]
422, [ 1.35906293  0.50976628 -0.01961357], [ 0.1667321  -0.72654179 -0.09627319]
423, [1.34635766 0.50700369 0.01220249], [ 0.04357616  0.03542851 -0.08447705]
424, [ 1.35906293  0.50976628 -0.01961357], [ 0.1667321  -0.72654179 -0.09627319]
425, [ 1.35906293  0.50976628 -0.01961357], [ 0.1667321  -0.72654179 -0.09627319]
426, [ 1.35906293  0.50976628 -0.01961357], [ 0.1667321  -0.72654179 -0.09627319]
427, [1.34635766 0.50700369 0.01220249], [ 0.04357616  0.03542851 -0.08447705]
428, [1.34635766 0.50700369 0.01220249], [ 0.04357616  0.03542851 -0.08447705]
429, [1.34635766 0.50700369 0.01220249], [ 0.04357616  0.03542851 -0.08447705]
430, [ 1.35906293  0.50976628 -0.01961357], [ 0.1667321  -0.72654179 -0.09627319]
431, [ 1.35906293  0.50976628 -0.01961357], [ 0.1667321  -0.72654179 -0.09627319]
432, [ 1.35906293  0.50976628 -0.01961357], [ 0.1667321  -0.72654179 -0.09627319]
433, [ 1.35906293  0.50976628 -0.01961357], [ 0.1667321  -0.72654179 -0.09627319]
434, [1.34635766 0.50700369 0.01220249], [ 0.04357616  0.03542851 -0.08447705]
435, [1.34635766 0.50700369 0.01220249], [ 0.04357616  0.03542851 -0.08447705]
436, [1.34635766 0.50700369 0.01220249], [ 0.04357616  0.03542851 -0.08447705]
437, [1.34635766 0.50700369 0.01220249], [ 0.04357616  0.03542851 -0.08447705]
438, [1.34635766 0.50700369 0.01220249], [ 0.04357616  0.03542851 -0.08447705]
439, [1.34635766 0.50700369 0.01220249], [ 0.04357616  0.03542851 -0.08447705]
440, [1.34635766 0.50700369 0.01220249], [ 0.04357616  0.03542851 -0.08447705]
441, [1.34635766 0.50700369 0.01220249], [ 0.04357616  0.03542851 -0.08447705]
442, [1.34635766 0.50700369 0.01220249], [ 0.04357616  0.03542851 -0.08447705]
443, [1.34635766 0.50700369 0.01220249], [ 0.04357616  0.03542851 -0.08447705]
444, [1.34635766 0.50700369 0.01220249], [ 0.04357616  0.03542851 -0.08447705]
445, [1.34635766 0.50700369 0.01220249], [ 0.04357616  0.03542851 -0.08447705]
446, [1.34635766 0.50700369 0.01220249], [ 0.04357616  0.03542851 -0.08447705]
447, [1.34635766 0.50700369 0.01220249], [ 0.04357616  0.03542851 -0.08447705]
448, [1.34635766 0.50700369 0.01220249], [ 0.04357616  0.03542851 -0.08447705]
449, [1.34635766 0.50700369 0.01220249], [ 0.04357616  0.03542851 -0.08447705]
450, [1.34635766 0.50700369 0.01220249], [ 0.04357616  0.03542851 -0.08447705]
451, [ 1.35906293  0.50976628 -0.01961357], [ 0.1667321  -0.72654179 -0.09627319]
452, [ 1.35906293  0.50976628 -0.01961357], [ 0.1667321  -0.72654179 -0.09627319]
453, [ 1.35906293  0.50976628 -0.01961357], [ 0.1667321  -0.72654179 -0.09627319]
454, [ 1.35379768  0.50831647 -0.00612771], [ 0.07212771 -0.00444786 -0.07419015]
455, [ 1.35906293  0.50976628 -0.01961357], [ 0.1667321  -0.72654179 -0.09627319]
456, [ 1.35906293  0.50976628 -0.01961357], [ 0.1667321  -0.72654179 -0.09627319]
457, [ 1.35906293  0.50976628 -0.01961357], [ 0.1667321  -0.72654179 -0.09627319]
458, [ 1.35906293  0.50976628 -0.01961357], [ 0.1667321  -0.72654179 -0.09627319]
459, [ 1.35906293  0.50976628 -0.01961357], [ 0.1667321  -0.72654179 -0.09627319]
460, [ 1.35906293  0.50976628 -0.01961357], [ 0.1667321  -0.72654179 -0.09627319]
461, [ 1.35906293  0.50976628 -0.01961357], [ 0.1667321  -0.72654179 -0.09627319]
462, [ 1.35906293  0.50976628 -0.01961357], [ 0.1667321  -0.72654179 -0.09627319]
463, [ 1.35906293  0.50976628 -0.01961357], [ 0.1667321  -0.72654179 -0.09627319]
464, [ 1.35906293  0.50976628 -0.01961357], [ 0.1667321  -0.72654179 -0.09627319]
465, [ 1.35906293  0.50976628 -0.01961357], [ 0.1667321  -0.72654179 -0.09627319]
466, [ 1.35906293  0.50976628 -0.01961357], [ 0.1667321  -0.72654179 -0.09627319]
467, [ 1.35906293  0.50976628 -0.01961357], [ 0.1667321  -0.72654179 -0.09627319]
468, [ 1.35906293  0.50976628 -0.01961357], [ 0.1667321  -0.72654179 -0.09627319]
469, [ 1.35906293  0.50976628 -0.01961357], [ 0.1667321  -0.72654179 -0.09627319]
470, [ 1.35906293  0.50976628 -0.01961357], [ 0.1667321  -0.72654179 -0.09627319]
471, [ 1.35906293  0.50976628 -0.01961357], [ 0.1667321  -0.72654179 -0.09627319]
472, [ 1.35906293  0.50976628 -0.01961357], [ 0.1667321  -0.72654179 -0.09627319]
473, [ 1.35906293  0.50976628 -0.01961357], [ 0.1667321  -0.72654179 -0.09627319]
474, [ 1.35906293  0.50976628 -0.01961357], [ 0.1667321  -0.72654179 -0.09627319]
475, [ 1.35906293  0.50976628 -0.01961357], [ 0.1667321  -0.72654179 -0.09627319]
476, [ 1.35906293  0.50976628 -0.01961357], [ 0.1667321  -0.72654179 -0.09627319]
477, [ 1.35906293  0.50976628 -0.01961357], [ 0.1667321  -0.72654179 -0.09627319]
478, [ 1.35906293  0.50976628 -0.01961357], [ 0.1667321  -0.72654179 -0.09627319]
479, [ 1.35906293  0.50976628 -0.01961357], [ 0.1667321  -0.72654179 -0.09627319]
480, [ 1.35906293  0.50976628 -0.01961357], [ 0.1667321  -0.72654179 -0.09627319]
481, [ 1.35906293  0.50976628 -0.01961357], [ 0.1667321  -0.72654179 -0.09627319]
482, [ 1.35906293  0.50976628 -0.01961357], [ 0.1667321  -0.72654179 -0.09627319]
483, [ 1.35906293  0.50976628 -0.01961357], [ 0.1667321  -0.72654179 -0.09627319]
484, [ 1.35906293  0.50976628 -0.01961357], [ 0.1667321  -0.72654179 -0.09627319]
485, [ 1.35906293  0.50976628 -0.01961357], [ 0.1667321  -0.72654179 -0.09627319]
486, [ 1.35906293  0.50976628 -0.01961357], [ 0.1667321  -0.72654179 -0.09627319]
487, [ 1.35906293  0.50976628 -0.01961357], [ 0.1667321  -0.72654179 -0.09627319]
488, [ 1.35906293  0.50976628 -0.01961357], [ 0.1667321  -0.72654179 -0.09627319]
489, [ 1.35906293  0.50976628 -0.01961357], [ 0.1667321  -0.72654179 -0.09627319]
490, [ 1.35906293  0.50976628 -0.01961357], [ 0.1667321  -0.72654179 -0.09627319]
491, [ 1.35906293  0.50976628 -0.01961357], [ 0.1667321  -0.72654179 -0.09627319]
492, [1.34635766 0.50700369 0.01220249], [ 0.04357616  0.03542851 -0.08447705]
493, [1.34635766 0.50700369 0.01220249], [ 0.04357616  0.03542851 -0.08447705]
494, [1.34635766 0.50700369 0.01220249], [ 0.04357616  0.03542851 -0.08447705]
495, [1.34635766 0.50700369 0.01220249], [ 0.04357616  0.03542851 -0.08447705]
496, [1.34635766 0.50700369 0.01220249], [ 0.04357616  0.03542851 -0.08447705]
497, [1.34635766 0.50700369 0.01220249], [ 0.04357616  0.03542851 -0.08447705]
498, [1.34635766 0.50700369 0.01220249], [ 0.04357616  0.03542851 -0.08447705]
499, [1.34635766 0.50700369 0.01220249], [ 0.04357616  0.03542851 -0.08447705]
500, [ 1.35906293  0.50976628 -0.01961357], [ 0.1667321  -0.72654179 -0.09627319]
501, [1.34635766 0.50700369 0.01220249], [ 0.04357616  0.03542851 -0.08447705]
502, [1.34635766 0.50700369 0.01220249], [ 0.04357616  0.03542851 -0.08447705]
503, [ 1.35906293  0.50976628 -0.01961357], [ 0.1667321  -0.72654179 -0.09627319]
504, [ 1.35906293  0.50976628 -0.01961357], [ 0.1667321  -0.72654179 -0.09627319]
505, [ 1.35906293  0.50976628 -0.01961357], [ 0.1667321  -0.72654179 -0.09627319]
506, [ 1.35906293  0.50976628 -0.01961357], [ 0.1667321  -0.72654179 -0.09627319]
507, [ 1.35906293  0.50976628 -0.01961357], [ 0.1667321  -0.72654179 -0.09627319]
508, [ 1.35906293  0.50976628 -0.01961357], [ 0.1667321  -0.72654179 -0.09627319]
509, [ 1.35906293  0.50976628 -0.01961357], [ 0.1667321  -0.72654179 -0.09627319]
510, [ 1.35906293  0.50976628 -0.01961357], [ 0.1667321  -0.72654179 -0.09627319]
511, [ 1.35906293  0.50976628 -0.01961357], [ 0.1667321  -0.72654179 -0.09627319]
512, [ 1.35906293  0.50976628 -0.01961357], [ 0.1667321  -0.72654179 -0.09627319]
513, [ 1.35906293  0.50976628 -0.01961357], [ 0.1667321  -0.72654179 -0.09627319]
514, [1.34635766 0.50700369 0.01220249], [ 0.04357616  0.03542851 -0.08447705]
515, [1.34635766 0.50700369 0.01220249], [ 0.04357616  0.03542851 -0.08447705]
516, [1.34635766 0.50700369 0.01220249], [ 0.04357616  0.03542851 -0.08447705]
517, [1.34635766 0.50700369 0.01220249], [ 0.04357616  0.03542851 -0.08447705]
518, [1.34635766 0.50700369 0.01220249], [ 0.04357616  0.03542851 -0.08447705]
519, [1.34635766 0.50700369 0.01220249], [ 0.04357616  0.03542851 -0.08447705]
520, [1.34635766 0.50700369 0.01220249], [ 0.04357616  0.03542851 -0.08447705]
521, [1.34635766 0.50700369 0.01220249], [ 0.04357616  0.03542851 -0.08447705]
522, [1.34635766 0.50700369 0.01220249], [ 0.04357616  0.03542851 -0.08447705]
523, [1.34635766 0.50700369 0.01220249], [ 0.04357616  0.03542851 -0.08447705]
524, [1.34635766 0.50700369 0.01220249], [ 0.04357616  0.03542851 -0.08447705]
525, [1.34635766 0.50700369 0.01220249], [ 0.04357616  0.03542851 -0.08447705]
526, [1.34635766 0.50700369 0.01220249], [ 0.04357616  0.03542851 -0.08447705]
527, [1.34635766 0.50700369 0.01220249], [ 0.04357616  0.03542851 -0.08447705]
528, [1.34635766 0.50700369 0.01220249], [ 0.04357616  0.03542851 -0.08447705]
529, [1.34635766 0.50700369 0.01220249], [ 0.04357616  0.03542851 -0.08447705]
530, [1.34635766 0.50700369 0.01220249], [ 0.04357616  0.03542851 -0.08447705]
531, [1.34635766 0.50700369 0.01220249], [ 0.04357616  0.03542851 -0.08447705]
532, [1.34635766 0.50700369 0.01220249], [ 0.04357616  0.03542851 -0.08447705]
533, [1.34635766 0.50700369 0.01220249], [ 0.04357616  0.03542851 -0.08447705]
534, [1.34635766 0.50700369 0.01220249], [ 0.04357616  0.03542851 -0.08447705]
535, [1.34635766 0.50700369 0.01220249], [ 0.04357616  0.03542851 -0.08447705]
536, [1.34635766 0.50700369 0.01220249], [ 0.04357616  0.03542851 -0.08447705]
537, [1.34635766 0.50700369 0.01220249], [ 0.04357616  0.03542851 -0.08447705]
538, [1.34635766 0.50700369 0.01220249], [ 0.04357616  0.03542851 -0.08447705]
539, [1.34635766 0.50700369 0.01220249], [ 0.04357616  0.03542851 -0.08447705]
540, [1.34635766 0.50700369 0.01220249], [ 0.04357616  0.03542851 -0.08447705]
541, [ 1.35906293  0.50976628 -0.01961357], [ 0.1667321  -0.72654179 -0.09627319]
542, [ 1.35906293  0.50976628 -0.01961357], [ 0.1667321  -0.72654179 -0.09627319]
543, [ 1.35906293  0.50976628 -0.01961357], [ 0.1667321  -0.72654179 -0.09627319]
544, [ 1.35906293  0.50976628 -0.01961357], [ 0.1667321  -0.72654179 -0.09627319]
545, [ 1.35906293  0.50976628 -0.01961357], [ 0.1667321  -0.72654179 -0.09627319]
546, [ 1.35302579  0.50822228 -0.00493439], [ 0.03624933 -0.03622073 -0.07562114]
547, [ 1.35302579  0.50822228 -0.00493439], [ 0.03624933 -0.03622073 -0.07562114]
548, [ 1.35302579  0.50822228 -0.00493439], [ 0.03624933 -0.03622073 -0.07562114]
549, [ 1.35302579  0.50822228 -0.00493439], [ 0.03624933 -0.03622073 -0.07562114]
550, [ 1.35302579  0.50822228 -0.00493439], [ 0.03624933 -0.03622073 -0.07562114]
551, [ 1.35302579  0.50822228 -0.00493439], [ 0.03624933 -0.03622073 -0.07562114]
552, [ 1.35388759  0.50828654 -0.0056413 ], [ 0.04569482  0.03065562 -0.07148882]
553, [ 1.35388759  0.50828654 -0.0056413 ], [ 0.04569482  0.03065562 -0.07148882]
554, [ 1.35388759  0.50828654 -0.0056413 ], [ 0.04569482  0.03065562 -0.07148882]
555, [ 1.35388759  0.50828654 -0.0056413 ], [ 0.04569482  0.03065562 -0.07148882]
556, [ 1.35388759  0.50828654 -0.0056413 ], [ 0.04569482  0.03065562 -0.07148882]
557, [ 1.35388759  0.50828654 -0.0056413 ], [ 0.04569482  0.03065562 -0.07148882]
558, [ 1.35388759  0.50828654 -0.0056413 ], [ 0.04569482  0.03065562 -0.07148882]
559, [ 1.35388759  0.50828654 -0.0056413 ], [ 0.04569482  0.03065562 -0.07148882]
560, [ 1.35388759  0.50828654 -0.0056413 ], [ 0.04569482  0.03065562 -0.07148882]
561, [ 1.35388759  0.50828654 -0.0056413 ], [ 0.04569482  0.03065562 -0.07148882]
562, [ 1.35388759  0.50828654 -0.0056413 ], [ 0.04569482  0.03065562 -0.07148882]
563, [ 1.35388759  0.50828654 -0.0056413 ], [ 0.04569482  0.03065562 -0.07148882]
564, [ 1.35388759  0.50828654 -0.0056413 ], [ 0.04569482  0.03065562 -0.07148882]
565, [ 1.35388759  0.50828654 -0.0056413 ], [ 0.04569482  0.03065562 -0.07148882]
566, [ 1.35388759  0.50828654 -0.0056413 ], [ 0.04569482  0.03065562 -0.07148882]
567, [ 1.35388759  0.50828654 -0.0056413 ], [ 0.04569482  0.03065562 -0.07148882]
568, [ 1.35388759  0.50828654 -0.0056413 ], [ 0.04569482  0.03065562 -0.07148882]
569, [ 1.35388759  0.50828654 -0.0056413 ], [ 0.04569482  0.03065562 -0.07148882]
570, [ 1.35388759  0.50828654 -0.0056413 ], [ 0.04569482  0.03065562 -0.07148882]
571, [ 1.35906293  0.50976628 -0.01961357], [ 0.1667321  -0.72654179 -0.09627319]
572, [ 1.35906293  0.50976628 -0.01961357], [ 0.1667321  -0.72654179 -0.09627319]
573, [1.34532177 0.50630059 0.01338063], [ 0.18936538 -0.76982074 -0.0851406 ]
574, [1.34532177 0.50630059 0.01338063], [ 0.18936538 -0.76982074 -0.0851406 ]
575, [1.34532177 0.50630059 0.01338063], [ 0.18936538 -0.76982074 -0.0851406 ]
576, [1.34532177 0.50630059 0.01338063], [ 0.18936538 -0.76982074 -0.0851406 ]
577, [1.34532177 0.50630059 0.01338063], [ 0.18936538 -0.76982074 -0.0851406 ]
578, [1.34532177 0.50630059 0.01338063], [ 0.18936538 -0.76982074 -0.0851406 ]
579, [1.34532177 0.50630059 0.01338063], [ 0.18936538 -0.76982074 -0.0851406 ]
580, [1.34532177 0.50630059 0.01338063], [ 0.18936538 -0.76982074 -0.0851406 ]
581, [1.34532177 0.50630059 0.01338063], [ 0.18936538 -0.76982074 -0.0851406 ]
582, [1.34532177 0.50630059 0.01338063], [ 0.18936538 -0.76982074 -0.0851406 ]
583, [1.34532177 0.50630059 0.01338063], [ 0.18936538 -0.76982074 -0.0851406 ]
584, [1.34532177 0.50630059 0.01338063], [ 0.18936538 -0.76982074 -0.0851406 ]
585, [1.34532177 0.50630059 0.01338063], [ 0.18936538 -0.76982074 -0.0851406 ]
586, [1.34532177 0.50630059 0.01338063], [ 0.18936538 -0.76982074 -0.0851406 ]
587, [1.34532177 0.50630059 0.01338063], [ 0.18936538 -0.76982074 -0.0851406 ]
588, [1.34532177 0.50630059 0.01338063], [ 0.18936538 -0.76982074 -0.0851406 ]
589, [1.34532177 0.50630059 0.01338063], [ 0.18936538 -0.76982074 -0.0851406 ]
590, [1.34532177 0.50630059 0.01338063], [ 0.18936538 -0.76982074 -0.0851406 ]
591, [1.34532177 0.50630059 0.01338063], [ 0.18936538 -0.76982074 -0.0851406 ]
592, [1.34532177 0.50630059 0.01338063], [ 0.18936538 -0.76982074 -0.0851406 ]
593, [1.34532177 0.50630059 0.01338063], [ 0.18936538 -0.76982074 -0.0851406 ]
594, [1.34532177 0.50630059 0.01338063], [ 0.18936538 -0.76982074 -0.0851406 ]
595, [1.34532177 0.50630059 0.01338063], [ 0.18936538 -0.76982074 -0.0851406 ]
596, [1.34532177 0.50630059 0.01338063], [ 0.18936538 -0.76982074 -0.0851406 ]
597, [1.34532177 0.50630059 0.01338063], [ 0.18936538 -0.76982074 -0.0851406 ]
598, [1.34532177 0.50630059 0.01338063], [ 0.18936538 -0.76982074 -0.0851406 ]
599, [1.34532177 0.50630059 0.01338063], [ 0.18936538 -0.76982074 -0.0851406 ]
600, [1.34532177 0.50630059 0.01338063], [ 0.18936538 -0.76982074 -0.0851406 ]
601, [ 1.35906293  0.50976628 -0.01961357], [ 0.1667321  -0.72654179 -0.09627319]
602, [ 1.35906293  0.50976628 -0.01961357], [ 0.1667321  -0.72654179 -0.09627319]
603, [1.34635766 0.50700369 0.01220249], [ 0.04357616  0.03542851 -0.08447705]
604, [1.34635766 0.50700369 0.01220249], [ 0.04357616  0.03542851 -0.08447705]
605, [1.34635766 0.50700369 0.01220249], [ 0.04357616  0.03542851 -0.08447705]
606, [1.34635766 0.50700369 0.01220249], [ 0.04357616  0.03542851 -0.08447705]
607, [1.34635766 0.50700369 0.01220249], [ 0.04357616  0.03542851 -0.08447705]
608, [1.34635766 0.50700369 0.01220249], [ 0.04357616  0.03542851 -0.08447705]
609, [1.34635766 0.50700369 0.01220249], [ 0.04357616  0.03542851 -0.08447705]
610, [1.34635766 0.50700369 0.01220249], [ 0.04357616  0.03542851 -0.08447705]
611, [1.34635766 0.50700369 0.01220249], [ 0.04357616  0.03542851 -0.08447705]
612, [1.34635766 0.50700369 0.01220249], [ 0.04357616  0.03542851 -0.08447705]
613, [1.34635766 0.50700369 0.01220249], [ 0.04357616  0.03542851 -0.08447705]
614, [1.34635766 0.50700369 0.01220249], [ 0.04357616  0.03542851 -0.08447705]
615, [1.34635766 0.50700369 0.01220249], [ 0.04357616  0.03542851 -0.08447705]
616, [1.34635766 0.50700369 0.01220249], [ 0.04357616  0.03542851 -0.08447705]
617, [1.34635766 0.50700369 0.01220249], [ 0.04357616  0.03542851 -0.08447705]
618, [1.34635766 0.50700369 0.01220249], [ 0.04357616  0.03542851 -0.08447705]
619, [1.34635766 0.50700369 0.01220249], [ 0.04357616  0.03542851 -0.08447705]
620, [1.34635766 0.50700369 0.01220249], [ 0.04357616  0.03542851 -0.08447705]
621, [1.34635766 0.50700369 0.01220249], [ 0.04357616  0.03542851 -0.08447705]
622, [1.34635766 0.50700369 0.01220249], [ 0.04357616  0.03542851 -0.08447705]
623, [1.34635766 0.50700369 0.01220249], [ 0.04357616  0.03542851 -0.08447705]
624, [1.34635766 0.50700369 0.01220249], [ 0.04357616  0.03542851 -0.08447705]
625, [1.34635766 0.50700369 0.01220249], [ 0.04357616  0.03542851 -0.08447705]
626, [1.34635766 0.50700369 0.01220249], [ 0.04357616  0.03542851 -0.08447705]
627, [1.34635766 0.50700369 0.01220249], [ 0.04357616  0.03542851 -0.08447705]
628, [1.34635766 0.50700369 0.01220249], [ 0.04357616  0.03542851 -0.08447705]
629, [1.34635766 0.50700369 0.01220249], [ 0.04357616  0.03542851 -0.08447705]
630, [1.34635766 0.50700369 0.01220249], [ 0.04357616  0.03542851 -0.08447705]
631, [ 1.35906293  0.50976628 -0.01961357], [ 0.1667321  -0.72654179 -0.09627319]
632, [ 1.35906293  0.50976628 -0.01961357], [ 0.1667321  -0.72654179 -0.09627319]
633, [ 1.35906293  0.50976628 -0.01961357], [ 0.1667321  -0.72654179 -0.09627319]
634, [ 1.35906293  0.50976628 -0.01961357], [ 0.1667321  -0.72654179 -0.09627319]
635, [ 1.35906293  0.50976628 -0.01961357], [ 0.1667321  -0.72654179 -0.09627319]
636, [ 1.35906293  0.50976628 -0.01961357], [ 0.1667321  -0.72654179 -0.09627319]
637, [ 1.35906293  0.50976628 -0.01961357], [ 0.1667321  -0.72654179 -0.09627319]
638, [ 1.35906293  0.50976628 -0.01961357], [ 0.1667321  -0.72654179 -0.09627319]
639, [ 1.35906293  0.50976628 -0.01961357], [ 0.1667321  -0.72654179 -0.09627319]
640, [ 1.35906293  0.50976628 -0.01961357], [ 0.1667321  -0.72654179 -0.09627319]
641, [ 1.35906293  0.50976628 -0.01961357], [ 0.1667321  -0.72654179 -0.09627319]
642, [ 1.35906293  0.50976628 -0.01961357], [ 0.1667321  -0.72654179 -0.09627319]
643, [ 1.35906293  0.50976628 -0.01961357], [ 0.1667321  -0.72654179 -0.09627319]
644, [ 1.35906293  0.50976628 -0.01961357], [ 0.1667321  -0.72654179 -0.09627319]
645, [ 1.35906293  0.50976628 -0.01961357], [ 0.1667321  -0.72654179 -0.09627319]
646, [ 1.35906293  0.50976628 -0.01961357], [ 0.1667321  -0.72654179 -0.09627319]
647, [ 1.35906293  0.50976628 -0.01961357], [ 0.1667321  -0.72654179 -0.09627319]
648, [ 1.35906293  0.50976628 -0.01961357], [ 0.1667321  -0.72654179 -0.09627319]
649, [ 1.35906293  0.50976628 -0.01961357], [ 0.1667321  -0.72654179 -0.09627319]
650, [ 1.35906293  0.50976628 -0.01961357], [ 0.1667321  -0.72654179 -0.09627319]
651, [ 1.35906293  0.50976628 -0.01961357], [ 0.1667321  -0.72654179 -0.09627319]
652, [ 1.35906293  0.50976628 -0.01961357], [ 0.1667321  -0.72654179 -0.09627319]
653, [ 1.35906293  0.50976628 -0.01961357], [ 0.1667321  -0.72654179 -0.09627319]
654, [ 1.35906293  0.50976628 -0.01961357], [ 0.1667321  -0.72654179 -0.09627319]
655, [ 1.35906293  0.50976628 -0.01961357], [ 0.1667321  -0.72654179 -0.09627319]
656, [ 1.35906293  0.50976628 -0.01961357], [ 0.1667321  -0.72654179 -0.09627319]
657, [ 1.35906293  0.50976628 -0.01961357], [ 0.1667321  -0.72654179 -0.09627319]
658, [ 1.35906293  0.50976628 -0.01961357], [ 0.1667321  -0.72654179 -0.09627319]
659, [ 1.35906293  0.50976628 -0.01961357], [ 0.1667321  -0.72654179 -0.09627319]
660, [ 1.35906293  0.50976628 -0.01961357], [ 0.1667321  -0.72654179 -0.09627319]
661, [ 1.35906293  0.50976628 -0.01961357], [ 0.1667321  -0.72654179 -0.09627319]
662, [1.34635766 0.50700369 0.01220249], [ 0.04357616  0.03542851 -0.08447705]
663, [1.34635766 0.50700369 0.01220249], [ 0.04357616  0.03542851 -0.08447705]
664, [1.34635766 0.50700369 0.01220249], [ 0.04357616  0.03542851 -0.08447705]
665, [1.34635766 0.50700369 0.01220249], [ 0.04357616  0.03542851 -0.08447705]
666, [1.34635766 0.50700369 0.01220249], [ 0.04357616  0.03542851 -0.08447705]
667, [1.34635766 0.50700369 0.01220249], [ 0.04357616  0.03542851 -0.08447705]
668, [1.34635766 0.50700369 0.01220249], [ 0.04357616  0.03542851 -0.08447705]
669, [1.34635766 0.50700369 0.01220249], [ 0.04357616  0.03542851 -0.08447705]
670, [1.34635766 0.50700369 0.01220249], [ 0.04357616  0.03542851 -0.08447705]
671, [1.34635766 0.50700369 0.01220249], [ 0.04357616  0.03542851 -0.08447705]
672, [1.34635766 0.50700369 0.01220249], [ 0.04357616  0.03542851 -0.08447705]
673, [1.34635766 0.50700369 0.01220249], [ 0.04357616  0.03542851 -0.08447705]
674, [1.34635766 0.50700369 0.01220249], [ 0.04357616  0.03542851 -0.08447705]
675, [1.34635766 0.50700369 0.01220249], [ 0.04357616  0.03542851 -0.08447705]
676, [1.34635766 0.50700369 0.01220249], [ 0.04357616  0.03542851 -0.08447705]
677, [1.34635766 0.50700369 0.01220249], [ 0.04357616  0.03542851 -0.08447705]
678, [1.34635766 0.50700369 0.01220249], [ 0.04357616  0.03542851 -0.08447705]
679, [1.34635766 0.50700369 0.01220249], [ 0.04357616  0.03542851 -0.08447705]
680, [1.34635766 0.50700369 0.01220249], [ 0.04357616  0.03542851 -0.08447705]
681, [1.34635766 0.50700369 0.01220249], [ 0.04357616  0.03542851 -0.08447705]
682, [1.34635766 0.50700369 0.01220249], [ 0.04357616  0.03542851 -0.08447705]
683, [1.34635766 0.50700369 0.01220249], [ 0.04357616  0.03542851 -0.08447705]
684, [1.34635766 0.50700369 0.01220249], [ 0.04357616  0.03542851 -0.08447705]
685, [1.34635766 0.50700369 0.01220249], [ 0.04357616  0.03542851 -0.08447705]
686, [1.34635766 0.50700369 0.01220249], [ 0.04357616  0.03542851 -0.08447705]
687, [1.34635766 0.50700369 0.01220249], [ 0.04357616  0.03542851 -0.08447705]
688, [1.34635766 0.50700369 0.01220249], [ 0.04357616  0.03542851 -0.08447705]
689, [1.34635766 0.50700369 0.01220249], [ 0.04357616  0.03542851 -0.08447705]
690, [1.34635766 0.50700369 0.01220249], [ 0.04357616  0.03542851 -0.08447705]
691, [ 1.35906293  0.50976628 -0.01961357], [ 0.1667321  -0.72654179 -0.09627319]
692, [ 1.35906293  0.50976628 -0.01961357], [ 0.1667321  -0.72654179 -0.09627319]
693, [ 1.35906293  0.50976628 -0.01961357], [ 0.1667321  -0.72654179 -0.09627319]
694, [ 1.35906293  0.50976628 -0.01961357], [ 0.1667321  -0.72654179 -0.09627319]
695, [ 1.35906293  0.50976628 -0.01961357], [ 0.1667321  -0.72654179 -0.09627319]
696, [ 1.35906293  0.50976628 -0.01961357], [ 0.1667321  -0.72654179 -0.09627319]
697, [ 1.35906293  0.50976628 -0.01961357], [ 0.1667321  -0.72654179 -0.09627319]
698, [ 1.35906293  0.50976628 -0.01961357], [ 0.1667321  -0.72654179 -0.09627319]
699, [ 1.35906293  0.50976628 -0.01961357], [ 0.1667321  -0.72654179 -0.09627319]
700, [ 1.35906293  0.50976628 -0.01961357], [ 0.1667321  -0.72654179 -0.09627319]
701, [ 1.35906293  0.50976628 -0.01961357], [ 0.1667321  -0.72654179 -0.09627319]
702, [ 1.35906293  0.50976628 -0.01961357], [ 0.1667321  -0.72654179 -0.09627319]
703, [ 1.35906293  0.50976628 -0.01961357], [ 0.1667321  -0.72654179 -0.09627319]
704, [ 1.35906293  0.50976628 -0.01961357], [ 0.1667321  -0.72654179 -0.09627319]
705, [ 1.35906293  0.50976628 -0.01961357], [ 0.1667321  -0.72654179 -0.09627319]
706, [ 1.35906293  0.50976628 -0.01961357], [ 0.1667321  -0.72654179 -0.09627319]
707, [ 1.35906293  0.50976628 -0.01961357], [ 0.1667321  -0.72654179 -0.09627319]
708, [ 1.35906293  0.50976628 -0.01961357], [ 0.1667321  -0.72654179 -0.09627319]
709, [ 1.35906293  0.50976628 -0.01961357], [ 0.1667321  -0.72654179 -0.09627319]
710, [ 1.35906293  0.50976628 -0.01961357], [ 0.1667321  -0.72654179 -0.09627319]
711, [ 1.35906293  0.50976628 -0.01961357], [ 0.1667321  -0.72654179 -0.09627319]
712, [ 1.35906293  0.50976628 -0.01961357], [ 0.1667321  -0.72654179 -0.09627319]
713, [ 1.35906293  0.50976628 -0.01961357], [ 0.1667321  -0.72654179 -0.09627319]
714, [ 1.35906293  0.50976628 -0.01961357], [ 0.1667321  -0.72654179 -0.09627319]
715, [ 1.35906293  0.50976628 -0.01961357], [ 0.1667321  -0.72654179 -0.09627319]
716, [ 1.35906293  0.50976628 -0.01961357], [ 0.1667321  -0.72654179 -0.09627319]
717, [ 1.35906293  0.50976628 -0.01961357], [ 0.1667321  -0.72654179 -0.09627319]
718, [ 1.35906293  0.50976628 -0.01961357], [ 0.1667321  -0.72654179 -0.09627319]
719, [ 1.35906293  0.50976628 -0.01961357], [ 0.1667321  -0.72654179 -0.09627319]
720, [ 1.35906293  0.50976628 -0.01961357], [ 0.1667321  -0.72654179 -0.09627319]
721, [ 1.35379768  0.50831647 -0.00612771], [ 0.07212771 -0.00444786 -0.07419015]
722, [ 1.35379768  0.50831647 -0.00612771], [ 0.07212771 -0.00444786 -0.07419015]
723, [ 1.35379768  0.50831647 -0.00612771], [ 0.07212771 -0.00444786 -0.07419015]
724, [ 1.35379768  0.50831647 -0.00612771], [ 0.07212771 -0.00444786 -0.07419015]
725, [ 1.35379768  0.50831647 -0.00612771], [ 0.07212771 -0.00444786 -0.07419015]
726, [ 1.35379768  0.50831647 -0.00612771], [ 0.07212771 -0.00444786 -0.07419015]
727, [ 1.35379768  0.50831647 -0.00612771], [ 0.07212771 -0.00444786 -0.07419015]
728, [ 1.35379768  0.50831647 -0.00612771], [ 0.07212771 -0.00444786 -0.07419015]
729, [ 1.35379768  0.50831647 -0.00612771], [ 0.07212771 -0.00444786 -0.07419015]
730, [ 1.35379768  0.50831647 -0.00612771], [ 0.07212771 -0.00444786 -0.07419015]
731, [ 1.35379768  0.50831647 -0.00612771], [ 0.07212771 -0.00444786 -0.07419015]
732, [ 1.35379768  0.50831647 -0.00612771], [ 0.07212771 -0.00444786 -0.07419015]
733, [ 1.35379768  0.50831647 -0.00612771], [ 0.07212771 -0.00444786 -0.07419015]
734, [ 1.35379768  0.50831647 -0.00612771], [ 0.07212771 -0.00444786 -0.07419015]
735, [ 1.35379768  0.50831647 -0.00612771], [ 0.07212771 -0.00444786 -0.07419015]
736, [ 1.35379768  0.50831647 -0.00612771], [ 0.07212771 -0.00444786 -0.07419015]
737, [ 1.35379768  0.50831647 -0.00612771], [ 0.07212771 -0.00444786 -0.07419015]
738, [ 1.35379768  0.50831647 -0.00612771], [ 0.07212771 -0.00444786 -0.07419015]
739, [ 1.35379768  0.50831647 -0.00612771], [ 0.07212771 -0.00444786 -0.07419015]
740, [ 1.35379768  0.50831647 -0.00612771], [ 0.07212771 -0.00444786 -0.07419015]
741, [ 1.35379768  0.50831647 -0.00612771], [ 0.07212771 -0.00444786 -0.07419015]
742, [ 1.35379768  0.50831647 -0.00612771], [ 0.07212771 -0.00444786 -0.07419015]
743, [ 1.35379768  0.50831647 -0.00612771], [ 0.07212771 -0.00444786 -0.07419015]
744, [ 1.35379768  0.50831647 -0.00612771], [ 0.07212771 -0.00444786 -0.07419015]
745, [ 1.35379768  0.50831647 -0.00612771], [ 0.07212771 -0.00444786 -0.07419015]
746, [ 1.35379768  0.50831647 -0.00612771], [ 0.07212771 -0.00444786 -0.07419015]
747, [ 1.35379768  0.50831647 -0.00612771], [ 0.07212771 -0.00444786 -0.07419015]
748, [ 1.35379768  0.50831647 -0.00612771], [ 0.07212771 -0.00444786 -0.07419015]
749, [ 1.35379768  0.50831647 -0.00612771], [ 0.07212771 -0.00444786 -0.07419015]
750, [ 1.35379768  0.50831647 -0.00612771], [ 0.07212771 -0.00444786 -0.07419015]
751, [1.34635766 0.50700369 0.01220249], [ 0.04357616  0.03542851 -0.08447705]
752, [1.34635766 0.50700369 0.01220249], [ 0.04357616  0.03542851 -0.08447705]
753, [1.34635766 0.50700369 0.01220249], [ 0.04357616  0.03542851 -0.08447705]
754, [1.34635766 0.50700369 0.01220249], [ 0.04357616  0.03542851 -0.08447705]
755, [1.34635766 0.50700369 0.01220249], [ 0.04357616  0.03542851 -0.08447705]
756, [1.34635766 0.50700369 0.01220249], [ 0.04357616  0.03542851 -0.08447705]
757, [1.34635766 0.50700369 0.01220249], [ 0.04357616  0.03542851 -0.08447705]
758, [1.34635766 0.50700369 0.01220249], [ 0.04357616  0.03542851 -0.08447705]
759, [1.34635766 0.50700369 0.01220249], [ 0.04357616  0.03542851 -0.08447705]
760, [1.34635766 0.50700369 0.01220249], [ 0.04357616  0.03542851 -0.08447705]
761, [1.34635766 0.50700369 0.01220249], [ 0.04357616  0.03542851 -0.08447705]
762, [1.34635766 0.50700369 0.01220249], [ 0.04357616  0.03542851 -0.08447705]
763, [1.34635766 0.50700369 0.01220249], [ 0.04357616  0.03542851 -0.08447705]
764, [1.34635766 0.50700369 0.01220249], [ 0.04357616  0.03542851 -0.08447705]
765, [1.34635766 0.50700369 0.01220249], [ 0.04357616  0.03542851 -0.08447705]
766, [1.34635766 0.50700369 0.01220249], [ 0.04357616  0.03542851 -0.08447705]
767, [1.34635766 0.50700369 0.01220249], [ 0.04357616  0.03542851 -0.08447705]
768, [1.34635766 0.50700369 0.01220249], [ 0.04357616  0.03542851 -0.08447705]
769, [1.34635766 0.50700369 0.01220249], [ 0.04357616  0.03542851 -0.08447705]
770, [1.34635766 0.50700369 0.01220249], [ 0.04357616  0.03542851 -0.08447705]
771, [1.34635766 0.50700369 0.01220249], [ 0.04357616  0.03542851 -0.08447705]
772, [1.34635766 0.50700369 0.01220249], [ 0.04357616  0.03542851 -0.08447705]
773, [1.34635766 0.50700369 0.01220249], [ 0.04357616  0.03542851 -0.08447705]
774, [1.34635766 0.50700369 0.01220249], [ 0.04357616  0.03542851 -0.08447705]
775, [1.34635766 0.50700369 0.01220249], [ 0.04357616  0.03542851 -0.08447705]
776, [1.34635766 0.50700369 0.01220249], [ 0.04357616  0.03542851 -0.08447705]
777, [1.34635766 0.50700369 0.01220249], [ 0.04357616  0.03542851 -0.08447705]
778, [1.34635766 0.50700369 0.01220249], [ 0.04357616  0.03542851 -0.08447705]
779, [1.34635766 0.50700369 0.01220249], [ 0.04357616  0.03542851 -0.08447705]
780, [1.34635766 0.50700369 0.01220249], [ 0.04357616  0.03542851 -0.08447705]
781, [1.34635766 0.50700369 0.01220249], [ 0.04357616  0.03542851 -0.08447705]
782, [1.34635766 0.50700369 0.01220249], [ 0.04357616  0.03542851 -0.08447705]
783, [1.34635766 0.50700369 0.01220249], [ 0.04357616  0.03542851 -0.08447705]
784, [1.34635766 0.50700369 0.01220249], [ 0.04357616  0.03542851 -0.08447705]
785, [1.34635766 0.50700369 0.01220249], [ 0.04357616  0.03542851 -0.08447705]
786, [1.34635766 0.50700369 0.01220249], [ 0.04357616  0.03542851 -0.08447705]
787, [1.34635766 0.50700369 0.01220249], [ 0.04357616  0.03542851 -0.08447705]
788, [1.34635766 0.50700369 0.01220249], [ 0.04357616  0.03542851 -0.08447705]
789, [1.34635766 0.50700369 0.01220249], [ 0.04357616  0.03542851 -0.08447705]
790, [1.34635766 0.50700369 0.01220249], [ 0.04357616  0.03542851 -0.08447705]
791, [1.34635766 0.50700369 0.01220249], [ 0.04357616  0.03542851 -0.08447705]
792, [1.34635766 0.50700369 0.01220249], [ 0.04357616  0.03542851 -0.08447705]
793, [1.34635766 0.50700369 0.01220249], [ 0.04357616  0.03542851 -0.08447705]
794, [1.34635766 0.50700369 0.01220249], [ 0.04357616  0.03542851 -0.08447705]
795, [1.34635766 0.50700369 0.01220249], [ 0.04357616  0.03542851 -0.08447705]
796, [1.34635766 0.50700369 0.01220249], [ 0.04357616  0.03542851 -0.08447705]
797, [1.34635766 0.50700369 0.01220249], [ 0.04357616  0.03542851 -0.08447705]
798, [1.34635766 0.50700369 0.01220249], [ 0.04357616  0.03542851 -0.08447705]
799, [1.34635766 0.50700369 0.01220249], [ 0.04357616  0.03542851 -0.08447705]
800, [1.34635766 0.50700369 0.01220249], [ 0.04357616  0.03542851 -0.08447705]
801, [1.34635766 0.50700369 0.01220249], [ 0.04357616  0.03542851 -0.08447705]
802, [1.34635766 0.50700369 0.01220249], [ 0.04357616  0.03542851 -0.08447705]
803, [1.34635766 0.50700369 0.01220249], [ 0.04357616  0.03542851 -0.08447705]
804, [1.34635766 0.50700369 0.01220249], [ 0.04357616  0.03542851 -0.08447705]
805, [1.34635766 0.50700369 0.01220249], [ 0.04357616  0.03542851 -0.08447705]
806, [1.34635766 0.50700369 0.01220249], [ 0.04357616  0.03542851 -0.08447705]
807, [1.34635766 0.50700369 0.01220249], [ 0.04357616  0.03542851 -0.08447705]
808, [1.34635766 0.50700369 0.01220249], [ 0.04357616  0.03542851 -0.08447705]
809, [1.34635766 0.50700369 0.01220249], [ 0.04357616  0.03542851 -0.08447705]
810, [1.34635766 0.50700369 0.01220249], [ 0.04357616  0.03542851 -0.08447705]
811, [ 1.35150936  0.50791839 -0.00179475], [ 0.16240548 -0.79695077 -0.11431631]
812, [ 1.35150936  0.50791839 -0.00179475], [ 0.16240548 -0.79695077 -0.11431631]
813, [ 1.35906293  0.50976628 -0.01961357], [ 0.1667321  -0.72654179 -0.09627319]
814, [ 1.35906293  0.50976628 -0.01961357], [ 0.1667321  -0.72654179 -0.09627319]
815, [ 1.35388759  0.50828654 -0.0056413 ], [ 0.04569482  0.03065562 -0.07148882]
816, [ 1.35394662  0.50833929 -0.00643519], [ 0.08071232  0.05838761 -0.07038855]
817, [ 1.35388759  0.50828654 -0.0056413 ], [ 0.04569482  0.03065562 -0.07148882]
818, [ 1.35932142  0.5098893  -0.02093927], [ 0.13083074 -0.75669793 -0.11217322]
819, [ 1.35906293  0.50976628 -0.01961357], [ 0.1667321  -0.72654179 -0.09627319]
820, [ 1.35906293  0.50976628 -0.01961357], [ 0.1667321  -0.72654179 -0.09627319]
821, [ 1.35906293  0.50976628 -0.01961357], [ 0.1667321  -0.72654179 -0.09627319]
822, [ 1.35932142  0.5098893  -0.02093927], [ 0.13083074 -0.75669793 -0.11217322]
823, [ 1.35932142  0.5098893  -0.02093927], [ 0.13083074 -0.75669793 -0.11217322]
824, [ 1.35932142  0.5098893  -0.02093927], [ 0.13083074 -0.75669793 -0.11217322]
825, [ 1.35932142  0.5098893  -0.02093927], [ 0.13083074 -0.75669793 -0.11217322]
826, [ 1.35932142  0.5098893  -0.02093927], [ 0.13083074 -0.75669793 -0.11217322]
827, [ 1.35932142  0.5098893  -0.02093927], [ 0.13083074 -0.75669793 -0.11217322]
828, [ 1.35932142  0.5098893  -0.02093927], [ 0.13083074 -0.75669793 -0.11217322]
829, [ 1.35932142  0.5098893  -0.02093927], [ 0.13083074 -0.75669793 -0.11217322]
830, [ 1.35932142  0.5098893  -0.02093927], [ 0.13083074 -0.75669793 -0.11217322]
831, [ 1.35932142  0.5098893  -0.02093927], [ 0.13083074 -0.75669793 -0.11217322]
832, [ 1.35932142  0.5098893  -0.02093927], [ 0.13083074 -0.75669793 -0.11217322]
833, [ 1.35932142  0.5098893  -0.02093927], [ 0.13083074 -0.75669793 -0.11217322]
834, [ 1.35932142  0.5098893  -0.02093927], [ 0.13083074 -0.75669793 -0.11217322]
835, [ 1.35932142  0.5098893  -0.02093927], [ 0.13083074 -0.75669793 -0.11217322]
836, [ 1.35932142  0.5098893  -0.02093927], [ 0.13083074 -0.75669793 -0.11217322]
837, [ 1.35932142  0.5098893  -0.02093927], [ 0.13083074 -0.75669793 -0.11217322]
838, [ 1.35932142  0.5098893  -0.02093927], [ 0.13083074 -0.75669793 -0.11217322]
839, [ 1.35932142  0.5098893  -0.02093927], [ 0.13083074 -0.75669793 -0.11217322]
840, [ 1.35932142  0.5098893  -0.02093927], [ 0.13083074 -0.75669793 -0.11217322]
841, [ 1.35906293  0.50976628 -0.01961357], [ 0.1667321  -0.72654179 -0.09627319]
842, [ 1.35906293  0.50976628 -0.01961357], [ 0.1667321  -0.72654179 -0.09627319]
843, [ 1.35906293  0.50976628 -0.01961357], [ 0.1667321  -0.72654179 -0.09627319]
844, [ 1.35906293  0.50976628 -0.01961357], [ 0.1667321  -0.72654179 -0.09627319]
845, [1.34635766 0.50700369 0.01220249], [ 0.04357616  0.03542851 -0.08447705]
846, [ 1.35906293  0.50976628 -0.01961357], [ 0.1667321  -0.72654179 -0.09627319]
847, [ 1.35906293  0.50976628 -0.01961357], [ 0.1667321  -0.72654179 -0.09627319]
848, [ 1.35906293  0.50976628 -0.01961357], [ 0.1667321  -0.72654179 -0.09627319]
849, [ 1.35906293  0.50976628 -0.01961357], [ 0.1667321  -0.72654179 -0.09627319]
850, [ 1.35906293  0.50976628 -0.01961357], [ 0.1667321  -0.72654179 -0.09627319]
851, [ 1.35906293  0.50976628 -0.01961357], [ 0.1667321  -0.72654179 -0.09627319]
852, [ 1.35906293  0.50976628 -0.01961357], [ 0.1667321  -0.72654179 -0.09627319]
853, [ 1.35906293  0.50976628 -0.01961357], [ 0.1667321  -0.72654179 -0.09627319]
854, [ 1.35906293  0.50976628 -0.01961357], [ 0.1667321  -0.72654179 -0.09627319]
855, [ 1.35906293  0.50976628 -0.01961357], [ 0.1667321  -0.72654179 -0.09627319]
856, [ 1.35906293  0.50976628 -0.01961357], [ 0.1667321  -0.72654179 -0.09627319]
857, [ 1.35906293  0.50976628 -0.01961357], [ 0.1667321  -0.72654179 -0.09627319]
858, [ 1.35906293  0.50976628 -0.01961357], [ 0.1667321  -0.72654179 -0.09627319]
859, [ 1.35906293  0.50976628 -0.01961357], [ 0.1667321  -0.72654179 -0.09627319]
860, [ 1.35906293  0.50976628 -0.01961357], [ 0.1667321  -0.72654179 -0.09627319]
861, [ 1.35906293  0.50976628 -0.01961357], [ 0.1667321  -0.72654179 -0.09627319]
862, [ 1.35906293  0.50976628 -0.01961357], [ 0.1667321  -0.72654179 -0.09627319]
863, [ 1.35906293  0.50976628 -0.01961357], [ 0.1667321  -0.72654179 -0.09627319]
864, [ 1.35906293  0.50976628 -0.01961357], [ 0.1667321  -0.72654179 -0.09627319]
865, [ 1.35906293  0.50976628 -0.01961357], [ 0.1667321  -0.72654179 -0.09627319]
866, [ 1.35906293  0.50976628 -0.01961357], [ 0.1667321  -0.72654179 -0.09627319]
867, [ 1.35906293  0.50976628 -0.01961357], [ 0.1667321  -0.72654179 -0.09627319]
868, [ 1.35906293  0.50976628 -0.01961357], [ 0.1667321  -0.72654179 -0.09627319]
869, [ 1.35906293  0.50976628 -0.01961357], [ 0.1667321  -0.72654179 -0.09627319]
870, [ 1.35906293  0.50976628 -0.01961357], [ 0.1667321  -0.72654179 -0.09627319]
871, [ 1.35906293  0.50976628 -0.01961357], [ 0.1667321  -0.72654179 -0.09627319]
872, [ 1.35906293  0.50976628 -0.01961357], [ 0.1667321  -0.72654179 -0.09627319]
873, [ 1.35906293  0.50976628 -0.01961357], [ 0.1667321  -0.72654179 -0.09627319]
874, [ 1.35906293  0.50976628 -0.01961357], [ 0.1667321  -0.72654179 -0.09627319]
875, [ 1.35906293  0.50976628 -0.01961357], [ 0.1667321  -0.72654179 -0.09627319]
876, [ 1.35906293  0.50976628 -0.01961357], [ 0.1667321  -0.72654179 -0.09627319]
877, [ 1.35906293  0.50976628 -0.01961357], [ 0.1667321  -0.72654179 -0.09627319]
878, [ 1.35906293  0.50976628 -0.01961357], [ 0.1667321  -0.72654179 -0.09627319]
879, [ 1.35906293  0.50976628 -0.01961357], [ 0.1667321  -0.72654179 -0.09627319]
880, [ 1.35906293  0.50976628 -0.01961357], [ 0.1667321  -0.72654179 -0.09627319]
881, [ 1.35906293  0.50976628 -0.01961357], [ 0.1667321  -0.72654179 -0.09627319]
882, [ 1.35906293  0.50976628 -0.01961357], [ 0.1667321  -0.72654179 -0.09627319]
883, [ 1.35906293  0.50976628 -0.01961357], [ 0.1667321  -0.72654179 -0.09627319]
884, [ 1.35906293  0.50976628 -0.01961357], [ 0.1667321  -0.72654179 -0.09627319]
885, [ 1.35906293  0.50976628 -0.01961357], [ 0.1667321  -0.72654179 -0.09627319]
886, [ 1.35906293  0.50976628 -0.01961357], [ 0.1667321  -0.72654179 -0.09627319]
887, [ 1.35906293  0.50976628 -0.01961357], [ 0.1667321  -0.72654179 -0.09627319]
888, [ 1.35906293  0.50976628 -0.01961357], [ 0.1667321  -0.72654179 -0.09627319]
889, [ 1.35906293  0.50976628 -0.01961357], [ 0.1667321  -0.72654179 -0.09627319]
890, [ 1.35906293  0.50976628 -0.01961357], [ 0.1667321  -0.72654179 -0.09627319]
891, [ 1.35906293  0.50976628 -0.01961357], [ 0.1667321  -0.72654179 -0.09627319]
892, [ 1.35906293  0.50976628 -0.01961357], [ 0.1667321  -0.72654179 -0.09627319]
893, [ 1.35906293  0.50976628 -0.01961357], [ 0.1667321  -0.72654179 -0.09627319]
894, [ 1.35906293  0.50976628 -0.01961357], [ 0.1667321  -0.72654179 -0.09627319]
895, [ 1.35906293  0.50976628 -0.01961357], [ 0.1667321  -0.72654179 -0.09627319]
896, [ 1.35906293  0.50976628 -0.01961357], [ 0.1667321  -0.72654179 -0.09627319]
897, [ 1.35906293  0.50976628 -0.01961357], [ 0.1667321  -0.72654179 -0.09627319]
898, [ 1.35906293  0.50976628 -0.01961357], [ 0.1667321  -0.72654179 -0.09627319]
899, [ 1.35906293  0.50976628 -0.01961357], [ 0.1667321  -0.72654179 -0.09627319]
900, [ 1.35906293  0.50976628 -0.01961357], [ 0.1667321  -0.72654179 -0.09627319]
901, [ 1.37753244  0.51366169 -0.06418958], [ 0.23926625 -0.65867456 -0.09037921]
902, [ 1.37753244  0.51366169 -0.06418958], [ 0.23926625 -0.65867456 -0.09037921]
903, [ 1.37753244  0.51366169 -0.06418958], [ 0.23926625 -0.65867456 -0.09037921]
904, [ 1.37753244  0.51366169 -0.06418958], [ 0.23926625 -0.65867456 -0.09037921]
905, [ 1.37753244  0.51366169 -0.06418958], [ 0.23926625 -0.65867456 -0.09037921]
906, [ 1.37753244  0.51366169 -0.06418958], [ 0.23926625 -0.65867456 -0.09037921]
907, [ 1.37753244  0.51366169 -0.06418958], [ 0.23926625 -0.65867456 -0.09037921]
908, [ 1.37753244  0.51366169 -0.06418958], [ 0.23926625 -0.65867456 -0.09037921]
909, [ 1.37753244  0.51366169 -0.06418958], [ 0.23926625 -0.65867456 -0.09037921]
910, [ 1.37753244  0.51366169 -0.06418958], [ 0.23926625 -0.65867456 -0.09037921]
911, [ 1.37753244  0.51366169 -0.06418958], [ 0.23926625 -0.65867456 -0.09037921]
912, [ 1.37753244  0.51366169 -0.06418958], [ 0.23926625 -0.65867456 -0.09037921]
913, [ 1.37753244  0.51366169 -0.06418958], [ 0.23926625 -0.65867456 -0.09037921]
914, [ 1.37753244  0.51366169 -0.06418958], [ 0.23926625 -0.65867456 -0.09037921]
915, [ 1.35379768  0.50831647 -0.00612771], [ 0.07212771 -0.00444786 -0.07419015]
916, [ 1.35379768  0.50831647 -0.00612771], [ 0.07212771 -0.00444786 -0.07419015]
917, [ 1.35379768  0.50831647 -0.00612771], [ 0.07212771 -0.00444786 -0.07419015]
918, [ 1.35379768  0.50831647 -0.00612771], [ 0.07212771 -0.00444786 -0.07419015]
919, [ 1.35379768  0.50831647 -0.00612771], [ 0.07212771 -0.00444786 -0.07419015]
920, [ 1.35379768  0.50831647 -0.00612771], [ 0.07212771 -0.00444786 -0.07419015]
921, [ 1.35379768  0.50831647 -0.00612771], [ 0.07212771 -0.00444786 -0.07419015]
922, [ 1.35379768  0.50831647 -0.00612771], [ 0.07212771 -0.00444786 -0.07419015]
923, [ 1.35379768  0.50831647 -0.00612771], [ 0.07212771 -0.00444786 -0.07419015]
924, [ 1.35379768  0.50831647 -0.00612771], [ 0.07212771 -0.00444786 -0.07419015]
925, [ 1.35379768  0.50831647 -0.00612771], [ 0.07212771 -0.00444786 -0.07419015]
926, [ 1.35379768  0.50831647 -0.00612771], [ 0.07212771 -0.00444786 -0.07419015]
927, [ 1.35379768  0.50831647 -0.00612771], [ 0.07212771 -0.00444786 -0.07419015]
928, [ 1.35379768  0.50831647 -0.00612771], [ 0.07212771 -0.00444786 -0.07419015]
929, [ 1.35379768  0.50831647 -0.00612771], [ 0.07212771 -0.00444786 -0.07419015]
930, [ 1.35379768  0.50831647 -0.00612771], [ 0.07212771 -0.00444786 -0.07419015]
931, [1.34521774 0.5068278  0.01431636], [ 0.01014409  0.0096503  -0.08519776]
932, [1.34521774 0.5068278  0.01431636], [ 0.01014409  0.0096503  -0.08519776]
933, [1.33802334 0.50500789 0.03200094], [-0.01176046  0.04538492 -0.09426579]
934, [1.33802334 0.50500789 0.03200094], [-0.01176046  0.04538492 -0.09426579]
935, [1.33802334 0.50500789 0.03200094], [-0.01176046  0.04538492 -0.09426579]
936, [1.33802334 0.50500789 0.03200094], [-0.01176046  0.04538492 -0.09426579]
937, [1.33802334 0.50500789 0.03200094], [-0.01176046  0.04538492 -0.09426579]
938, [1.33802334 0.50500789 0.03200094], [-0.01176046  0.04538492 -0.09426579]
939, [1.33802334 0.50500789 0.03200094], [-0.01176046  0.04538492 -0.09426579]
940, [1.33802334 0.50500789 0.03200094], [-0.01176046  0.04538492 -0.09426579]
941, [1.33802334 0.50500789 0.03200094], [-0.01176046  0.04538492 -0.09426579]
942, [1.33802334 0.50500789 0.03200094], [-0.01176046  0.04538492 -0.09426579]
943, [1.33802334 0.50500789 0.03200094], [-0.01176046  0.04538492 -0.09426579]
944, [1.33802334 0.50500789 0.03200094], [-0.01176046  0.04538492 -0.09426579]
945, [1.33802334 0.50500789 0.03200094], [-0.01176046  0.04538492 -0.09426579]
946, [1.33802334 0.50500789 0.03200094], [-0.01176046  0.04538492 -0.09426579]
947, [1.33802334 0.50500789 0.03200094], [-0.01176046  0.04538492 -0.09426579]
948, [1.33802334 0.50500789 0.03200094], [-0.01176046  0.04538492 -0.09426579]
949, [1.33802334 0.50500789 0.03200094], [-0.01176046  0.04538492 -0.09426579]
950, [1.33802334 0.50500789 0.03200094], [-0.01176046  0.04538492 -0.09426579]
951, [1.33802334 0.50500789 0.03200094], [-0.01176046  0.04538492 -0.09426579]
952, [1.33802334 0.50500789 0.03200094], [-0.01176046  0.04538492 -0.09426579]
953, [1.33802334 0.50500789 0.03200094], [-0.01176046  0.04538492 -0.09426579]
954, [1.33802334 0.50500789 0.03200094], [-0.01176046  0.04538492 -0.09426579]
955, [1.33802334 0.50500789 0.03200094], [-0.01176046  0.04538492 -0.09426579]
956, [1.33802334 0.50500789 0.03200094], [-0.01176046  0.04538492 -0.09426579]
957, [1.33802334 0.50500789 0.03200094], [-0.01176046  0.04538492 -0.09426579]
958, [1.33802334 0.50500789 0.03200094], [-0.01176046  0.04538492 -0.09426579]
959, [1.33802334 0.50500789 0.03200094], [-0.01176046  0.04538492 -0.09426579]
960, [1.33802334 0.50500789 0.03200094], [-0.01176046  0.04538492 -0.09426579]
961, [1.34635766 0.50700369 0.01220249], [ 0.04357616  0.03542851 -0.08447705]
962, [1.34635766 0.50700369 0.01220249], [ 0.04357616  0.03542851 -0.08447705]
963, [1.34635766 0.50700369 0.01220249], [ 0.04357616  0.03542851 -0.08447705]
964, [1.34635766 0.50700369 0.01220249], [ 0.04357616  0.03542851 -0.08447705]
965, [1.34635766 0.50700369 0.01220249], [ 0.04357616  0.03542851 -0.08447705]
966, [1.34635766 0.50700369 0.01220249], [ 0.04357616  0.03542851 -0.08447705]
967, [1.34635766 0.50700369 0.01220249], [ 0.04357616  0.03542851 -0.08447705]
968, [1.34635766 0.50700369 0.01220249], [ 0.04357616  0.03542851 -0.08447705]
969, [1.34877157 0.50733039 0.0055435 ], [-0.03197542 -0.00885846 -0.10207269]
970, [1.34877157 0.50733039 0.0055435 ], [-0.03197542 -0.00885846 -0.10207269]
971, [1.34877157 0.50733039 0.0055435 ], [-0.03197542 -0.00885846 -0.10207269]
972, [1.34131768 0.50618377 0.02456331], [ 0.07991119 -0.00253529 -0.07046138]
973, [1.34131768 0.50618377 0.02456331], [ 0.07991119 -0.00253529 -0.07046138]
974, [1.34521774 0.5068278  0.01431636], [ 0.01014409  0.0096503  -0.08519776]
975, [1.34521774 0.5068278  0.01431636], [ 0.01014409  0.0096503  -0.08519776]
976, [1.34521774 0.5068278  0.01431636], [ 0.01014409  0.0096503  -0.08519776]
977, [1.34521774 0.5068278  0.01431636], [ 0.01014409  0.0096503  -0.08519776]
978, [1.34521774 0.5068278  0.01431636], [ 0.01014409  0.0096503  -0.08519776]
979, [ 1.35921831  0.50924933 -0.02014176], [ 0.07389003 -0.00201962 -0.08889952]
980, [1.34521774 0.5068278  0.01431636], [ 0.01014409  0.0096503  -0.08519776]
981, [1.34521774 0.5068278  0.01431636], [ 0.01014409  0.0096503  -0.08519776]
982, [1.34521774 0.5068278  0.01431636], [ 0.01014409  0.0096503  -0.08519776]
983, [1.34521774 0.5068278  0.01431636], [ 0.01014409  0.0096503  -0.08519776]
984, [1.34521774 0.5068278  0.01431636], [ 0.01014409  0.0096503  -0.08519776]
985, [1.34521774 0.5068278  0.01431636], [ 0.01014409  0.0096503  -0.08519776]
986, [1.34521774 0.5068278  0.01431636], [ 0.01014409  0.0096503  -0.08519776]
987, [1.34521774 0.5068278  0.01431636], [ 0.01014409  0.0096503  -0.08519776]
988, [1.34521774 0.5068278  0.01431636], [ 0.01014409  0.0096503  -0.08519776]
989, [1.34521774 0.5068278  0.01431636], [ 0.01014409  0.0096503  -0.08519776]
990, [ 1.35302579  0.50822228 -0.00493439], [ 0.03624933 -0.03622073 -0.07562114]
991, [ 1.35379768  0.50831647 -0.00612771], [ 0.07212771 -0.00444786 -0.07419015]
992, [ 1.35379768  0.50831647 -0.00612771], [ 0.07212771 -0.00444786 -0.07419015]
993, [ 1.35302579  0.50822228 -0.00493439], [ 0.03624933 -0.03622073 -0.07562114]
994, [1.34635766 0.50700369 0.01220249], [ 0.04357616  0.03542851 -0.08447705]
995, [1.34635766 0.50700369 0.01220249], [ 0.04357616  0.03542851 -0.08447705]
996, [ 1.35379768  0.50831647 -0.00612771], [ 0.07212771 -0.00444786 -0.07419015]
997, [ 1.35379768  0.50831647 -0.00612771], [ 0.07212771 -0.00444786 -0.07419015]
998, [ 1.35379768  0.50831647 -0.00612771], [ 0.07212771 -0.00444786 -0.07419015]
999, [ 1.35379768  0.50831647 -0.00612771], [ 0.07212771 -0.00444786 -0.07419015]
1000, [ 1.35379768  0.50831647 -0.00612771], [ 0.07212771 -0.00444786 -0.07419015]
1001, [ 1.35379768  0.50831647 -0.00612771], [ 0.07212771 -0.00444786 -0.07419015]
1002, [ 1.35379768  0.50831647 -0.00612771], [ 0.07212771 -0.00444786 -0.07419015]
1003, [ 1.35379768  0.50831647 -0.00612771], [ 0.07212771 -0.00444786 -0.07419015]
1004, [ 1.35379768  0.50831647 -0.00612771], [ 0.07212771 -0.00444786 -0.07419015]
1005, [ 1.35379768  0.50831647 -0.00612771], [ 0.07212771 -0.00444786 -0.07419015]
1006, [ 1.35379768  0.50831647 -0.00612771], [ 0.07212771 -0.00444786 -0.07419015]
1007, [ 1.35379768  0.50831647 -0.00612771], [ 0.07212771 -0.00444786 -0.07419015]
1008, [ 1.35379768  0.50831647 -0.00612771], [ 0.07212771 -0.00444786 -0.07419015]
1009, [ 1.35379768  0.50831647 -0.00612771], [ 0.07212771 -0.00444786 -0.07419015]
1010, [ 1.35379768  0.50831647 -0.00612771], [ 0.07212771 -0.00444786 -0.07419015]
1011, [ 1.35379768  0.50831647 -0.00612771], [ 0.07212771 -0.00444786 -0.07419015]
1012, [ 1.35906293  0.50976628 -0.01961357], [ 0.1667321  -0.72654179 -0.09627319]
1013, [ 1.35906293  0.50976628 -0.01961357], [ 0.1667321  -0.72654179 -0.09627319]
1014, [ 1.35906293  0.50976628 -0.01961357], [ 0.1667321  -0.72654179 -0.09627319]
1015, [ 1.35906293  0.50976628 -0.01961357], [ 0.1667321  -0.72654179 -0.09627319]
1016, [ 1.35906293  0.50976628 -0.01961357], [ 0.1667321  -0.72654179 -0.09627319]
1017, [ 1.35906293  0.50976628 -0.01961357], [ 0.1667321  -0.72654179 -0.09627319]
1018, [ 1.35906293  0.50976628 -0.01961357], [ 0.1667321  -0.72654179 -0.09627319]
1019, [ 1.35906293  0.50976628 -0.01961357], [ 0.1667321  -0.72654179 -0.09627319]
1020, [ 1.35906293  0.50976628 -0.01961357], [ 0.1667321  -0.72654179 -0.09627319]
1021, [1.34635766 0.50700369 0.01220249], [ 0.04357616  0.03542851 -0.08447705]
1022, [1.34635766 0.50700369 0.01220249], [ 0.04357616  0.03542851 -0.08447705]
1023, [ 1.35221201  0.50850239 -0.00154031], [ 0.03328978 -0.03228546 -0.10378344]
1024, [ 1.35395108  0.50828332 -0.00586862], [ 0.1110205  -0.04106214 -0.07443188]
1025, [ 1.35173062e+00  5.07849535e-01 -9.78251428e-04], [ 0.17297074 -0.73279998 -0.10836197]
1026, [1.34703667 0.50651435 0.01115138], [ 0.15639603 -0.79652298 -0.10010841]
1027, [1.34703667 0.50651435 0.01115138], [ 0.15639603 -0.79652298 -0.10010841]
1028, [1.34703667 0.50651435 0.01115138], [ 0.15639603 -0.79652298 -0.10010841]
1029, [ 1.36424618  0.51037293 -0.02908423], [-0.02041248 -0.06109852 -0.1110707 ]
1030, [ 1.35456737  0.50822318 -0.00468325], [ 0.02902304 -0.03491949 -0.07705451]
1031, [ 1.35889319  0.5094565  -0.01527549], [-0.02126633 -0.06493247 -0.09618582]
1032, [ 1.35427222  0.50810917 -0.00325314], [ 0.00641508  0.0048989  -0.07339751]
1033, [ 1.35427222  0.50810917 -0.00325314], [ 0.00641508  0.0048989  -0.07339751]
1034, [ 1.35530617  0.50826798 -0.00515112], [ 0.0367537  -0.0354316  -0.07555142]
1035, [ 1.35530617  0.50826798 -0.00515112], [ 0.0367537  -0.0354316  -0.07555142]
1036, [ 1.35501219  0.50815495 -0.00372511], [ 0.01251978  0.00449108 -0.07221565]
1037, [1.35343315e+00 5.07780244e-01 7.76923264e-04], [-0.03051367 -0.01818213 -0.07473373]
1038, [1.35103805 0.50676469 0.00595523], [-0.04876163  0.0252215  -0.097768  ]
1039, [1.34550462 0.50578613 0.01950329], [ 0.24425242 -0.79180142 -0.06182172]
1040, [1.35138684 0.50673197 0.00642777], [-0.05351784  0.02576031 -0.09872476]
1041, [1.34558946 0.50469666 0.01919921], [ 0.2422967  -0.79146993 -0.06176019]
1042, [1.34862047 0.50509808 0.01240651], [-0.08918006  0.00878588 -0.09935151]
1043, [ 1.35513396  0.50576257 -0.00218472], [-0.01342174  0.04124011 -0.06933359]
1044, [1.3533992  0.50536366 0.00269051], [-0.05247898  0.02097028 -0.07096081]
1045, [1.34831677 0.50400859 0.01440856], [ 0.20723028 -0.81222332 -0.07642633]
1046, [1.34413202 0.50284888 0.02527896], [ 0.02553007  0.06424533 -0.06587848]
1047, [1.34987551 0.50403315 0.01187727], [-0.08871413  0.00837897 -0.09933236]
1048, [1.34987551 0.50403315 0.01187727], [-0.08871413  0.00837897 -0.09933236]
1049, [ 1.36316934  0.50621113 -0.02183575], [ 0.28083831 -0.73014727 -0.06754225]
1050, [1.34987551 0.50403315 0.01187727], [-0.08871413  0.00837897 -0.09933236]
1051, [1.3488403  0.50345795 0.01506766], [-0.01379315  0.04551537 -0.08221318]
1052, [1.3488403  0.50345795 0.01506766], [-0.01379315  0.04551537 -0.08221318]
1053, [1.34720181 0.50308415 0.01969003], [-0.05214552  0.02562626 -0.08372382]
