frame index, translation vector, rotation vector
1, [ 0.8010363  -0.31330684  1.52560342], [-2.33698658  1.9023225  -0.58609993]
2, [ 0.8010363  -0.31330684  1.52560342], [-2.33698658  1.9023225  -0.58609993]
3, [ 0.8010363  -0.31330684  1.52560342], [-2.33698658  1.9023225  -0.58609993]
4, [ 0.8010363  -0.31330684  1.52560342], [-2.33698658  1.9023225  -0.58609993]
5, [ 0.8010363  -0.31330684  1.52560342], [-2.33698658  1.9023225  -0.58609993]
6, [ 0.8010363  -0.31330684  1.52560342], [-2.33698658  1.9023225  -0.58609993]
7, [ 0.8010363  -0.31330684  1.52560342], [-2.33698658  1.9023225  -0.58609993]
8, [ 0.8010363  -0.31330684  1.52560342], [-2.33698658  1.9023225  -0.58609993]
9, [ 0.8010363  -0.31330684  1.52560342], [-2.33698658  1.9023225  -0.58609993]
10, [ 1.06568167 -0.35966715  2.02303017], [-2.32818531  1.89677162 -0.57288061]
11, [ 1.06568167 -0.35966715  2.02303017], [-2.32818531  1.89677162 -0.57288061]
12, [ 1.06568167 -0.35966715  2.02303017], [-2.32818531  1.89677162 -0.57288061]
13, [ 1.06568167 -0.35966715  2.02303017], [-2.32818531  1.89677162 -0.57288061]
14, [ 1.06568167 -0.35966715  2.02303017], [-2.32818531  1.89677162 -0.57288061]
15, [ 1.06568167 -0.35966715  2.02303017], [-2.32818531  1.89677162 -0.57288061]
16, [ 1.06568167 -0.35966715  2.02303017], [-2.32818531  1.89677162 -0.57288061]
17, [ 1.06568167 -0.35966715  2.02303017], [-2.32818531  1.89677162 -0.57288061]
18, [ 1.06568167 -0.35966715  2.02303017], [-2.32818531  1.89677162 -0.57288061]
19, [ 1.06568167 -0.35966715  2.02303017], [-2.32818531  1.89677162 -0.57288061]
20, [ 1.06568167 -0.35966715  2.02303017], [-2.32818531  1.89677162 -0.57288061]
21, [ 1.06568167 -0.35966715  2.02303017], [-2.32818531  1.89677162 -0.57288061]
22, [ 1.06568167 -0.35966715  2.02303017], [-2.32818531  1.89677162 -0.57288061]
23, [ 0.8010363  -0.31330684  1.52560342], [-2.33698658  1.9023225  -0.58609993]
24, [ 0.8010363  -0.31330684  1.52560342], [-2.33698658  1.9023225  -0.58609993]
25, [ 0.8010363  -0.31330684  1.52560342], [-2.33698658  1.9023225  -0.58609993]
26, [ 0.8010363  -0.31330684  1.52560342], [-2.33698658  1.9023225  -0.58609993]
27, [ 0.8010363  -0.31330684  1.52560342], [-2.33698658  1.9023225  -0.58609993]
28, [ 0.8010363  -0.31330684  1.52560342], [-2.33698658  1.9023225  -0.58609993]
29, [ 0.8010363  -0.31330684  1.52560342], [-2.33698658  1.9023225  -0.58609993]
30, [ 0.8010363  -0.31330684  1.52560342], [-2.33698658  1.9023225  -0.58609993]
31, [ 0.8010363  -0.31330684  1.52560342], [-2.33698658  1.9023225  -0.58609993]
32, [ 0.8010363  -0.31330684  1.52560342], [-2.33698658  1.9023225  -0.58609993]
33, [ 0.8010363  -0.31330684  1.52560342], [-2.33698658  1.9023225  -0.58609993]
34, [ 0.8010363  -0.31330684  1.52560342], [-2.33698658  1.9023225  -0.58609993]
35, [ 0.8010363  -0.31330684  1.52560342], [-2.33698658  1.9023225  -0.58609993]
36, [ 0.8010363  -0.31330684  1.52560342], [-2.33698658  1.9023225  -0.58609993]
37, [ 0.8010363  -0.31330684  1.52560342], [-2.33698658  1.9023225  -0.58609993]
38, [ 0.8010363  -0.31330684  1.52560342], [-2.33698658  1.9023225  -0.58609993]
39, [ 0.8010363  -0.31330684  1.52560342], [-2.33698658  1.9023225  -0.58609993]
40, [ 0.8010363  -0.31330684  1.52560342], [-2.33698658  1.9023225  -0.58609993]
41, [ 0.8010363  -0.31330684  1.52560342], [-2.33698658  1.9023225  -0.58609993]
42, [ 0.8010363  -0.31330684  1.52560342], [-2.33698658  1.9023225  -0.58609993]
43, [ 0.8010363  -0.31330684  1.52560342], [-2.33698658  1.9023225  -0.58609993]
44, [ 0.8010363  -0.31330684  1.52560342], [-2.33698658  1.9023225  -0.58609993]
45, [ 0.8010363  -0.31330684  1.52560342], [-2.33698658  1.9023225  -0.58609993]
46, [ 0.8010363  -0.31330684  1.52560342], [-2.33698658  1.9023225  -0.58609993]
47, [ 0.8010363  -0.31330684  1.52560342], [-2.33698658  1.9023225  -0.58609993]
48, [ 0.8010363  -0.31330684  1.52560342], [-2.33698658  1.9023225  -0.58609993]
49, [ 0.8010363  -0.31330684  1.52560342], [-2.33698658  1.9023225  -0.58609993]
50, [ 0.8010363  -0.31330684  1.52560342], [-2.33698658  1.9023225  -0.58609993]
51, [ 0.8010363  -0.31330684  1.52560342], [-2.33698658  1.9023225  -0.58609993]
52, [ 0.8010363  -0.31330684  1.52560342], [-2.33698658  1.9023225  -0.58609993]
53, [ 0.8010363  -0.31330684  1.52560342], [-2.33698658  1.9023225  -0.58609993]
54, [ 0.8010363  -0.31330684  1.52560342], [-2.33698658  1.9023225  -0.58609993]
55, [ 0.8010363  -0.31330684  1.52560342], [-2.33698658  1.9023225  -0.58609993]
56, [ 0.8010363  -0.31330684  1.52560342], [-2.33698658  1.9023225  -0.58609993]
57, [ 0.8010363  -0.31330684  1.52560342], [-2.33698658  1.9023225  -0.58609993]
58, [ 0.8010363  -0.31330684  1.52560342], [-2.33698658  1.9023225  -0.58609993]
59, [ 0.8010363  -0.31330684  1.52560342], [-2.33698658  1.9023225  -0.58609993]
60, [ 0.8010363  -0.31330684  1.52560342], [-2.33698658  1.9023225  -0.58609993]
61, [ 0.8010363  -0.31330684  1.52560342], [-2.33698658  1.9023225  -0.58609993]
62, [ 1.05925864 -0.35843712  2.01014368], [-2.37145675  1.90273653 -0.61951492]
63, [ 1.05925864 -0.35843712  2.01014368], [-2.37145675  1.90273653 -0.61951492]
64, [ 0.8010363  -0.31330684  1.52560342], [-2.33698658  1.9023225  -0.58609993]
65, [ 0.8010363  -0.31330684  1.52560342], [-2.33698658  1.9023225  -0.58609993]
66, [ 0.8010363  -0.31330684  1.52560342], [-2.33698658  1.9023225  -0.58609993]
67, [ 0.8010363  -0.31330684  1.52560342], [-2.33698658  1.9023225  -0.58609993]
68, [ 0.8010363  -0.31330684  1.52560342], [-2.33698658  1.9023225  -0.58609993]
69, [ 0.8010363  -0.31330684  1.52560342], [-2.33698658  1.9023225  -0.58609993]
70, [ 0.8010363  -0.31330684  1.52560342], [-2.33698658  1.9023225  -0.58609993]
71, [ 0.8010363  -0.31330684  1.52560342], [-2.33698658  1.9023225  -0.58609993]
72, [ 1.06568167 -0.35966715  2.02303017], [-2.32818531  1.89677162 -0.57288061]
73, [ 1.06568167 -0.35966715  2.02303017], [-2.32818531  1.89677162 -0.57288061]
74, [ 1.06568167 -0.35966715  2.02303017], [-2.32818531  1.89677162 -0.57288061]
75, [ 1.06568167 -0.35966715  2.02303017], [-2.32818531  1.89677162 -0.57288061]
76, [ 1.06568167 -0.35966715  2.02303017], [-2.32818531  1.89677162 -0.57288061]
77, [ 1.06568167 -0.35966715  2.02303017], [-2.32818531  1.89677162 -0.57288061]
78, [ 1.06568167 -0.35966715  2.02303017], [-2.32818531  1.89677162 -0.57288061]
79, [ 1.06568167 -0.35966715  2.02303017], [-2.32818531  1.89677162 -0.57288061]
80, [ 1.06568167 -0.35966715  2.02303017], [-2.32818531  1.89677162 -0.57288061]
81, [ 1.06568167 -0.35966715  2.02303017], [-2.32818531  1.89677162 -0.57288061]
82, [ 1.06568167 -0.35966715  2.02303017], [-2.32818531  1.89677162 -0.57288061]
83, [ 1.06568167 -0.35966715  2.02303017], [-2.32818531  1.89677162 -0.57288061]
84, [ 1.06568167 -0.35966715  2.02303017], [-2.32818531  1.89677162 -0.57288061]
85, [ 1.06568167 -0.35966715  2.02303017], [-2.32818531  1.89677162 -0.57288061]
86, [ 1.06568167 -0.35966715  2.02303017], [-2.32818531  1.89677162 -0.57288061]
87, [ 1.06568167 -0.35966715  2.02303017], [-2.32818531  1.89677162 -0.57288061]
88, [ 1.06568167 -0.35966715  2.02303017], [-2.32818531  1.89677162 -0.57288061]
89, [ 1.06568167 -0.35966715  2.02303017], [-2.32818531  1.89677162 -0.57288061]
90, [ 1.06568167 -0.35966715  2.02303017], [-2.32818531  1.89677162 -0.57288061]
91, [ 1.06568167 -0.35966715  2.02303017], [-2.32818531  1.89677162 -0.57288061]
92, [ 1.06568167 -0.35966715  2.02303017], [-2.32818531  1.89677162 -0.57288061]
93, [ 1.06568167 -0.35966715  2.02303017], [-2.32818531  1.89677162 -0.57288061]
94, [ 1.06568167 -0.35966715  2.02303017], [-2.32818531  1.89677162 -0.57288061]
95, [ 1.06568167 -0.35966715  2.02303017], [-2.32818531  1.89677162 -0.57288061]
96, [ 1.06568167 -0.35966715  2.02303017], [-2.32818531  1.89677162 -0.57288061]
97, [ 1.06568167 -0.35966715  2.02303017], [-2.32818531  1.89677162 -0.57288061]
98, [ 1.06568167 -0.35966715  2.02303017], [-2.32818531  1.89677162 -0.57288061]
99, [ 1.06568167 -0.35966715  2.02303017], [-2.32818531  1.89677162 -0.57288061]
100, [ 1.06568167 -0.35966715  2.02303017], [-2.32818531  1.89677162 -0.57288061]
101, [ 1.06568167 -0.35966715  2.02303017], [-2.32818531  1.89677162 -0.57288061]
102, [ 1.06568167 -0.35966715  2.02303017], [-2.32818531  1.89677162 -0.57288061]
103, [ 1.06568167 -0.35966715  2.02303017], [-2.32818531  1.89677162 -0.57288061]
104, [ 1.06568167 -0.35966715  2.02303017], [-2.32818531  1.89677162 -0.57288061]
105, [ 1.06568167 -0.35966715  2.02303017], [-2.32818531  1.89677162 -0.57288061]
106, [ 1.06568167 -0.35966715  2.02303017], [-2.32818531  1.89677162 -0.57288061]
107, [ 1.06568167 -0.35966715  2.02303017], [-2.32818531  1.89677162 -0.57288061]
108, [ 1.06568167 -0.35966715  2.02303017], [-2.32818531  1.89677162 -0.57288061]
109, [ 1.06568167 -0.35966715  2.02303017], [-2.32818531  1.89677162 -0.57288061]
110, [ 1.06568167 -0.35966715  2.02303017], [-2.32818531  1.89677162 -0.57288061]
111, [ 1.06568167 -0.35966715  2.02303017], [-2.32818531  1.89677162 -0.57288061]
112, [ 1.06568167 -0.35966715  2.02303017], [-2.32818531  1.89677162 -0.57288061]
113, [ 1.06568167 -0.35966715  2.02303017], [-2.32818531  1.89677162 -0.57288061]
114, [ 1.06568167 -0.35966715  2.02303017], [-2.32818531  1.89677162 -0.57288061]
115, [ 1.06568167 -0.35966715  2.02303017], [-2.32818531  1.89677162 -0.57288061]
116, [ 1.06568167 -0.35966715  2.02303017], [-2.32818531  1.89677162 -0.57288061]
117, [ 1.06568167 -0.35966715  2.02303017], [-2.32818531  1.89677162 -0.57288061]
118, [ 1.06568167 -0.35966715  2.02303017], [-2.32818531  1.89677162 -0.57288061]
119, [ 1.06568167 -0.35966715  2.02303017], [-2.32818531  1.89677162 -0.57288061]
120, [ 1.06568167 -0.35966715  2.02303017], [-2.32818531  1.89677162 -0.57288061]
121, [ 0.80169933 -0.31367456  1.52739797], [-2.35551994  1.90359579 -0.55975055]
122, [ 0.85673529 -0.33469102  1.63114319], [-2.39080681  1.85933441 -0.55959924]
123, [ 0.84914389 -0.33184451  1.61725115], [-2.40098345  1.8734064  -0.57775607]
124, [ 0.79853187 -0.31205841  1.52083209], [-2.31371492  1.91071593 -0.56723944]
125, [ 0.79853187 -0.31205841  1.52083209], [-2.31371492  1.91071593 -0.56723944]
126, [ 0.84914389 -0.33184451  1.61725115], [-2.40098345  1.8734064  -0.57775607]
127, [ 0.8010363  -0.31330684  1.52560342], [-2.33698658  1.9023225  -0.58609993]
128, [ 0.8010363  -0.31330684  1.52560342], [-2.33698658  1.9023225  -0.58609993]
129, [ 0.8010363  -0.31330684  1.52560342], [-2.33698658  1.9023225  -0.58609993]
130, [ 0.8010363  -0.31330684  1.52560342], [-2.33698658  1.9023225  -0.58609993]
131, [ 0.8010363  -0.31330684  1.52560342], [-2.33698658  1.9023225  -0.58609993]
132, [ 0.8010363  -0.31330684  1.52560342], [-2.33698658  1.9023225  -0.58609993]
133, [ 0.8010363  -0.31330684  1.52560342], [-2.33698658  1.9023225  -0.58609993]
134, [ 0.8010363  -0.31330684  1.52560342], [-2.33698658  1.9023225  -0.58609993]
135, [ 0.8010363  -0.31330684  1.52560342], [-2.33698658  1.9023225  -0.58609993]
136, [ 0.8010363  -0.31330684  1.52560342], [-2.33698658  1.9023225  -0.58609993]
137, [ 0.8010363  -0.31330684  1.52560342], [-2.33698658  1.9023225  -0.58609993]
138, [ 0.8010363  -0.31330684  1.52560342], [-2.33698658  1.9023225  -0.58609993]
139, [ 0.8010363  -0.31330684  1.52560342], [-2.33698658  1.9023225  -0.58609993]
140, [ 0.8010363  -0.31330684  1.52560342], [-2.33698658  1.9023225  -0.58609993]
141, [ 0.8010363  -0.31330684  1.52560342], [-2.33698658  1.9023225  -0.58609993]
142, [ 0.8010363  -0.31330684  1.52560342], [-2.33698658  1.9023225  -0.58609993]
143, [ 0.8010363  -0.31330684  1.52560342], [-2.33698658  1.9023225  -0.58609993]
144, [ 0.8010363  -0.31330684  1.52560342], [-2.33698658  1.9023225  -0.58609993]
145, [ 0.8010363  -0.31330684  1.52560342], [-2.33698658  1.9023225  -0.58609993]
146, [ 0.8010363  -0.31330684  1.52560342], [-2.33698658  1.9023225  -0.58609993]
147, [ 0.8010363  -0.31330684  1.52560342], [-2.33698658  1.9023225  -0.58609993]
148, [ 0.8010363  -0.31330684  1.52560342], [-2.33698658  1.9023225  -0.58609993]
149, [ 0.8010363  -0.31330684  1.52560342], [-2.33698658  1.9023225  -0.58609993]
150, [ 0.8010363  -0.31330684  1.52560342], [-2.33698658  1.9023225  -0.58609993]
151, [ 0.8010363  -0.31330684  1.52560342], [-2.33698658  1.9023225  -0.58609993]
152, [ 0.8010363  -0.31330684  1.52560342], [-2.33698658  1.9023225  -0.58609993]
153, [ 0.8010363  -0.31330684  1.52560342], [-2.33698658  1.9023225  -0.58609993]
154, [ 0.8010363  -0.31330684  1.52560342], [-2.33698658  1.9023225  -0.58609993]
155, [ 1.04645324 -0.35387282  1.98652083], [-2.35096769  1.86766546 -0.62030502]
156, [ 1.04645324 -0.35387282  1.98652083], [-2.35096769  1.86766546 -0.62030502]
157, [ 1.04645324 -0.35387282  1.98652083], [-2.35096769  1.86766546 -0.62030502]
158, [ 1.04645324 -0.35387282  1.98652083], [-2.35096769  1.86766546 -0.62030502]
159, [ 1.04645324 -0.35387282  1.98652083], [-2.35096769  1.86766546 -0.62030502]
160, [ 1.04645324 -0.35387282  1.98652083], [-2.35096769  1.86766546 -0.62030502]
161, [ 1.04645324 -0.35387282  1.98652083], [-2.35096769  1.86766546 -0.62030502]
162, [ 1.04645324 -0.35387282  1.98652083], [-2.35096769  1.86766546 -0.62030502]
163, [ 1.04645324 -0.35387282  1.98652083], [-2.35096769  1.86766546 -0.62030502]
164, [ 1.04645324 -0.35387282  1.98652083], [-2.35096769  1.86766546 -0.62030502]
165, [ 1.04645324 -0.35387282  1.98652083], [-2.35096769  1.86766546 -0.62030502]
166, [ 1.04645324 -0.35387282  1.98652083], [-2.35096769  1.86766546 -0.62030502]
167, [ 1.04645324 -0.35387282  1.98652083], [-2.35096769  1.86766546 -0.62030502]
168, [ 1.04645324 -0.35387282  1.98652083], [-2.35096769  1.86766546 -0.62030502]
169, [ 1.04645324 -0.35387282  1.98652083], [-2.35096769  1.86766546 -0.62030502]
170, [ 1.04645324 -0.35387282  1.98652083], [-2.35096769  1.86766546 -0.62030502]
171, [ 1.04645324 -0.35387282  1.98652083], [-2.35096769  1.86766546 -0.62030502]
172, [ 1.04645324 -0.35387282  1.98652083], [-2.35096769  1.86766546 -0.62030502]
173, [ 1.04645324 -0.35387282  1.98652083], [-2.35096769  1.86766546 -0.62030502]
174, [ 1.04645324 -0.35387282  1.98652083], [-2.35096769  1.86766546 -0.62030502]
175, [ 1.04645324 -0.35387282  1.98652083], [-2.35096769  1.86766546 -0.62030502]
176, [ 1.04645324 -0.35387282  1.98652083], [-2.35096769  1.86766546 -0.62030502]
177, [ 1.04645324 -0.35387282  1.98652083], [-2.35096769  1.86766546 -0.62030502]
178, [ 1.04645324 -0.35387282  1.98652083], [-2.35096769  1.86766546 -0.62030502]
179, [ 1.04645324 -0.35387282  1.98652083], [-2.35096769  1.86766546 -0.62030502]
180, [ 1.04645324 -0.35387282  1.98652083], [-2.35096769  1.86766546 -0.62030502]
181, [ 0.80169933 -0.31367456  1.52739797], [-2.35551994  1.90359579 -0.55975055]
182, [ 0.80169933 -0.31367456  1.52739797], [-2.35551994  1.90359579 -0.55975055]
183, [ 0.80169933 -0.31367456  1.52739797], [-2.35551994  1.90359579 -0.55975055]
184, [ 0.80169933 -0.31367456  1.52739797], [-2.35551994  1.90359579 -0.55975055]
185, [ 0.80169933 -0.31367456  1.52739797], [-2.35551994  1.90359579 -0.55975055]
186, [ 0.80169933 -0.31367456  1.52739797], [-2.35551994  1.90359579 -0.55975055]
187, [ 0.80169933 -0.31367456  1.52739797], [-2.35551994  1.90359579 -0.55975055]
188, [ 0.80169933 -0.31367456  1.52739797], [-2.35551994  1.90359579 -0.55975055]
189, [ 0.80169933 -0.31367456  1.52739797], [-2.35551994  1.90359579 -0.55975055]
190, [ 0.80169933 -0.31367456  1.52739797], [-2.35551994  1.90359579 -0.55975055]
191, [ 0.80169933 -0.31367456  1.52739797], [-2.35551994  1.90359579 -0.55975055]
192, [ 0.80169933 -0.31367456  1.52739797], [-2.35551994  1.90359579 -0.55975055]
193, [ 0.80169933 -0.31367456  1.52739797], [-2.35551994  1.90359579 -0.55975055]
194, [ 0.80169933 -0.31367456  1.52739797], [-2.35551994  1.90359579 -0.55975055]
195, [ 0.80169933 -0.31367456  1.52739797], [-2.35551994  1.90359579 -0.55975055]
196, [ 0.80169933 -0.31367456  1.52739797], [-2.35551994  1.90359579 -0.55975055]
197, [ 0.80169933 -0.31367456  1.52739797], [-2.35551994  1.90359579 -0.55975055]
198, [ 0.80169933 -0.31367456  1.52739797], [-2.35551994  1.90359579 -0.55975055]
199, [ 0.80169933 -0.31367456  1.52739797], [-2.35551994  1.90359579 -0.55975055]
200, [ 0.80169933 -0.31367456  1.52739797], [-2.35551994  1.90359579 -0.55975055]
201, [ 0.80169933 -0.31367456  1.52739797], [-2.35551994  1.90359579 -0.55975055]
202, [ 0.80169933 -0.31367456  1.52739797], [-2.35551994  1.90359579 -0.55975055]
203, [ 0.80169933 -0.31367456  1.52739797], [-2.35551994  1.90359579 -0.55975055]
204, [ 0.80169933 -0.31367456  1.52739797], [-2.35551994  1.90359579 -0.55975055]
205, [ 0.80169933 -0.31367456  1.52739797], [-2.35551994  1.90359579 -0.55975055]
206, [ 0.80169933 -0.31367456  1.52739797], [-2.35551994  1.90359579 -0.55975055]
207, [ 0.80169933 -0.31367456  1.52739797], [-2.35551994  1.90359579 -0.55975055]
208, [ 0.80169933 -0.31367456  1.52739797], [-2.35551994  1.90359579 -0.55975055]
209, [ 0.80169933 -0.31367456  1.52739797], [-2.35551994  1.90359579 -0.55975055]
210, [ 0.80169933 -0.31367456  1.52739797], [-2.35551994  1.90359579 -0.55975055]
211, [ 0.80169933 -0.31367456  1.52739797], [-2.35551994  1.90359579 -0.55975055]
212, [ 0.80169933 -0.31367456  1.52739797], [-2.35551994  1.90359579 -0.55975055]
213, [ 0.80169933 -0.31367456  1.52739797], [-2.35551994  1.90359579 -0.55975055]
214, [ 0.80169933 -0.31367456  1.52739797], [-2.35551994  1.90359579 -0.55975055]
215, [ 0.80169933 -0.31367456  1.52739797], [-2.35551994  1.90359579 -0.55975055]
216, [ 0.80169933 -0.31367456  1.52739797], [-2.35551994  1.90359579 -0.55975055]
217, [ 0.80169933 -0.31367456  1.52739797], [-2.35551994  1.90359579 -0.55975055]
218, [ 0.80169933 -0.31367456  1.52739797], [-2.35551994  1.90359579 -0.55975055]
219, [ 0.80169933 -0.31367456  1.52739797], [-2.35551994  1.90359579 -0.55975055]
220, [ 0.80169933 -0.31367456  1.52739797], [-2.35551994  1.90359579 -0.55975055]
221, [ 0.80169933 -0.31367456  1.52739797], [-2.35551994  1.90359579 -0.55975055]
222, [ 0.80169933 -0.31367456  1.52739797], [-2.35551994  1.90359579 -0.55975055]
223, [ 0.80169933 -0.31367456  1.52739797], [-2.35551994  1.90359579 -0.55975055]
224, [ 0.80169933 -0.31367456  1.52739797], [-2.35551994  1.90359579 -0.55975055]
225, [ 0.80169933 -0.31367456  1.52739797], [-2.35551994  1.90359579 -0.55975055]
226, [ 0.80169933 -0.31367456  1.52739797], [-2.35551994  1.90359579 -0.55975055]
227, [ 0.80169933 -0.31367456  1.52739797], [-2.35551994  1.90359579 -0.55975055]
228, [ 0.80169933 -0.31367456  1.52739797], [-2.35551994  1.90359579 -0.55975055]
229, [ 0.80169933 -0.31367456  1.52739797], [-2.35551994  1.90359579 -0.55975055]
230, [ 0.80169933 -0.31367456  1.52739797], [-2.35551994  1.90359579 -0.55975055]
231, [ 0.80169933 -0.31367456  1.52739797], [-2.35551994  1.90359579 -0.55975055]
232, [ 0.80169933 -0.31367456  1.52739797], [-2.35551994  1.90359579 -0.55975055]
233, [ 0.80169933 -0.31367456  1.52739797], [-2.35551994  1.90359579 -0.55975055]
234, [ 0.80169933 -0.31367456  1.52739797], [-2.35551994  1.90359579 -0.55975055]
235, [ 0.80169933 -0.31367456  1.52739797], [-2.35551994  1.90359579 -0.55975055]
236, [ 0.80169933 -0.31367456  1.52739797], [-2.35551994  1.90359579 -0.55975055]
237, [ 0.80169933 -0.31367456  1.52739797], [-2.35551994  1.90359579 -0.55975055]
238, [ 0.80169933 -0.31367456  1.52739797], [-2.35551994  1.90359579 -0.55975055]
239, [ 0.80169933 -0.31367456  1.52739797], [-2.35551994  1.90359579 -0.55975055]
240, [ 0.80169933 -0.31367456  1.52739797], [-2.35551994  1.90359579 -0.55975055]
241, [ 0.80169933 -0.31367456  1.52739797], [-2.35551994  1.90359579 -0.55975055]
242, [ 0.80169933 -0.31367456  1.52739797], [-2.35551994  1.90359579 -0.55975055]
243, [ 0.80169933 -0.31367456  1.52739797], [-2.35551994  1.90359579 -0.55975055]
244, [ 0.80169933 -0.31367456  1.52739797], [-2.35551994  1.90359579 -0.55975055]
245, [ 0.80169933 -0.31367456  1.52739797], [-2.35551994  1.90359579 -0.55975055]
246, [ 0.80169933 -0.31367456  1.52739797], [-2.35551994  1.90359579 -0.55975055]
247, [ 0.80169933 -0.31367456  1.52739797], [-2.35551994  1.90359579 -0.55975055]
248, [ 0.80169933 -0.31367456  1.52739797], [-2.35551994  1.90359579 -0.55975055]
249, [ 0.80169933 -0.31367456  1.52739797], [-2.35551994  1.90359579 -0.55975055]
250, [ 0.80169933 -0.31367456  1.52739797], [-2.35551994  1.90359579 -0.55975055]
251, [ 0.80169933 -0.31367456  1.52739797], [-2.35551994  1.90359579 -0.55975055]
252, [ 0.80169933 -0.31367456  1.52739797], [-2.35551994  1.90359579 -0.55975055]
253, [ 0.80169933 -0.31367456  1.52739797], [-2.35551994  1.90359579 -0.55975055]
254, [ 0.80169933 -0.31367456  1.52739797], [-2.35551994  1.90359579 -0.55975055]
255, [ 0.80169933 -0.31367456  1.52739797], [-2.35551994  1.90359579 -0.55975055]
256, [ 0.80169933 -0.31367456  1.52739797], [-2.35551994  1.90359579 -0.55975055]
257, [ 0.80169933 -0.31367456  1.52739797], [-2.35551994  1.90359579 -0.55975055]
258, [ 0.80169933 -0.31367456  1.52739797], [-2.35551994  1.90359579 -0.55975055]
259, [ 0.80169933 -0.31367456  1.52739797], [-2.35551994  1.90359579 -0.55975055]
260, [ 0.80169933 -0.31367456  1.52739797], [-2.35551994  1.90359579 -0.55975055]
261, [ 0.80169933 -0.31367456  1.52739797], [-2.35551994  1.90359579 -0.55975055]
262, [ 0.80169933 -0.31367456  1.52739797], [-2.35551994  1.90359579 -0.55975055]
263, [ 0.80169933 -0.31367456  1.52739797], [-2.35551994  1.90359579 -0.55975055]
264, [ 0.8010363  -0.31330684  1.52560342], [-2.33698658  1.9023225  -0.58609993]
265, [ 0.8010363  -0.31330684  1.52560342], [-2.33698658  1.9023225  -0.58609993]
266, [ 0.8010363  -0.31330684  1.52560342], [-2.33698658  1.9023225  -0.58609993]
267, [ 0.8010363  -0.31330684  1.52560342], [-2.33698658  1.9023225  -0.58609993]
268, [ 0.8010363  -0.31330684  1.52560342], [-2.33698658  1.9023225  -0.58609993]
269, [ 0.8010363  -0.31330684  1.52560342], [-2.33698658  1.9023225  -0.58609993]
270, [ 0.8010363  -0.31330684  1.52560342], [-2.33698658  1.9023225  -0.58609993]
271, [ 0.8010363  -0.31330684  1.52560342], [-2.33698658  1.9023225  -0.58609993]
272, [ 0.8010363  -0.31330684  1.52560342], [-2.33698658  1.9023225  -0.58609993]
273, [ 0.8010363  -0.31330684  1.52560342], [-2.33698658  1.9023225  -0.58609993]
274, [ 0.8010363  -0.31330684  1.52560342], [-2.33698658  1.9023225  -0.58609993]
275, [ 0.8010363  -0.31330684  1.52560342], [-2.33698658  1.9023225  -0.58609993]
276, [ 0.8010363  -0.31330684  1.52560342], [-2.33698658  1.9023225  -0.58609993]
277, [ 0.8010363  -0.31330684  1.52560342], [-2.33698658  1.9023225  -0.58609993]
278, [ 0.8010363  -0.31330684  1.52560342], [-2.33698658  1.9023225  -0.58609993]
279, [ 0.8010363  -0.31330684  1.52560342], [-2.33698658  1.9023225  -0.58609993]
280, [ 0.8010363  -0.31330684  1.52560342], [-2.33698658  1.9023225  -0.58609993]
281, [ 0.8010363  -0.31330684  1.52560342], [-2.33698658  1.9023225  -0.58609993]
282, [ 0.8010363  -0.31330684  1.52560342], [-2.33698658  1.9023225  -0.58609993]
283, [ 0.8010363  -0.31330684  1.52560342], [-2.33698658  1.9023225  -0.58609993]
284, [ 0.8010363  -0.31330684  1.52560342], [-2.33698658  1.9023225  -0.58609993]
285, [ 0.8010363  -0.31330684  1.52560342], [-2.33698658  1.9023225  -0.58609993]
286, [ 0.8010363  -0.31330684  1.52560342], [-2.33698658  1.9023225  -0.58609993]
287, [ 0.8010363  -0.31330684  1.52560342], [-2.33698658  1.9023225  -0.58609993]
288, [ 0.8010363  -0.31330684  1.52560342], [-2.33698658  1.9023225  -0.58609993]
289, [ 0.8010363  -0.31330684  1.52560342], [-2.33698658  1.9023225  -0.58609993]
290, [ 0.8010363  -0.31330684  1.52560342], [-2.33698658  1.9023225  -0.58609993]
291, [ 0.8010363  -0.31330684  1.52560342], [-2.33698658  1.9023225  -0.58609993]
292, [ 0.8010363  -0.31330684  1.52560342], [-2.33698658  1.9023225  -0.58609993]
293, [ 0.8010363  -0.31330684  1.52560342], [-2.33698658  1.9023225  -0.58609993]
294, [ 0.8010363  -0.31330684  1.52560342], [-2.33698658  1.9023225  -0.58609993]
295, [ 0.8010363  -0.31330684  1.52560342], [-2.33698658  1.9023225  -0.58609993]
296, [ 0.8010363  -0.31330684  1.52560342], [-2.33698658  1.9023225  -0.58609993]
297, [ 0.8010363  -0.31330684  1.52560342], [-2.33698658  1.9023225  -0.58609993]
298, [ 0.8010363  -0.31330684  1.52560342], [-2.33698658  1.9023225  -0.58609993]
299, [ 0.8010363  -0.31330684  1.52560342], [-2.33698658  1.9023225  -0.58609993]
300, [ 0.8010363  -0.31330684  1.52560342], [-2.33698658  1.9023225  -0.58609993]
301, [ 0.79853187 -0.31205841  1.52083209], [-2.31371492  1.91071593 -0.56723944]
302, [ 0.79853187 -0.31205841  1.52083209], [-2.31371492  1.91071593 -0.56723944]
303, [ 0.79853187 -0.31205841  1.52083209], [-2.31371492  1.91071593 -0.56723944]
304, [ 0.79853187 -0.31205841  1.52083209], [-2.31371492  1.91071593 -0.56723944]
305, [ 0.79853187 -0.31205841  1.52083209], [-2.31371492  1.91071593 -0.56723944]
306, [ 0.79853187 -0.31205841  1.52083209], [-2.31371492  1.91071593 -0.56723944]
307, [ 0.79853187 -0.31205841  1.52083209], [-2.31371492  1.91071593 -0.56723944]
308, [ 0.79853187 -0.31205841  1.52083209], [-2.31371492  1.91071593 -0.56723944]
309, [ 0.79853187 -0.31205841  1.52083209], [-2.31371492  1.91071593 -0.56723944]
310, [ 0.79853187 -0.31205841  1.52083209], [-2.31371492  1.91071593 -0.56723944]
311, [ 0.79853187 -0.31205841  1.52083209], [-2.31371492  1.91071593 -0.56723944]
312, [ 0.79853187 -0.31205841  1.52083209], [-2.31371492  1.91071593 -0.56723944]
313, [ 0.79853187 -0.31205841  1.52083209], [-2.31371492  1.91071593 -0.56723944]
314, [ 0.79853187 -0.31205841  1.52083209], [-2.31371492  1.91071593 -0.56723944]
315, [ 0.79853187 -0.31205841  1.52083209], [-2.31371492  1.91071593 -0.56723944]
316, [ 0.79853187 -0.31205841  1.52083209], [-2.31371492  1.91071593 -0.56723944]
317, [ 0.79853187 -0.31205841  1.52083209], [-2.31371492  1.91071593 -0.56723944]
318, [ 0.79853187 -0.31205841  1.52083209], [-2.31371492  1.91071593 -0.56723944]
319, [ 0.79853187 -0.31205841  1.52083209], [-2.31371492  1.91071593 -0.56723944]
320, [ 0.79853187 -0.31205841  1.52083209], [-2.31371492  1.91071593 -0.56723944]
321, [ 0.79853187 -0.31205841  1.52083209], [-2.31371492  1.91071593 -0.56723944]
322, [ 0.79853187 -0.31205841  1.52083209], [-2.31371492  1.91071593 -0.56723944]
323, [ 0.79853187 -0.31205841  1.52083209], [-2.31371492  1.91071593 -0.56723944]
324, [ 0.79853187 -0.31205841  1.52083209], [-2.31371492  1.91071593 -0.56723944]
325, [ 0.79853187 -0.31205841  1.52083209], [-2.31371492  1.91071593 -0.56723944]
326, [ 0.79853187 -0.31205841  1.52083209], [-2.31371492  1.91071593 -0.56723944]
327, [ 0.8010363  -0.31330684  1.52560342], [-2.33698658  1.9023225  -0.58609993]
328, [ 0.8010363  -0.31330684  1.52560342], [-2.33698658  1.9023225  -0.58609993]
329, [ 0.8010363  -0.31330684  1.52560342], [-2.33698658  1.9023225  -0.58609993]
330, [ 0.8010363  -0.31330684  1.52560342], [-2.33698658  1.9023225  -0.58609993]
331, [ 0.8010363  -0.31330684  1.52560342], [-2.33698658  1.9023225  -0.58609993]
332, [ 0.8010363  -0.31330684  1.52560342], [-2.33698658  1.9023225  -0.58609993]
333, [ 0.8010363  -0.31330684  1.52560342], [-2.33698658  1.9023225  -0.58609993]
334, [ 0.8010363  -0.31330684  1.52560342], [-2.33698658  1.9023225  -0.58609993]
335, [ 0.8010363  -0.31330684  1.52560342], [-2.33698658  1.9023225  -0.58609993]
336, [ 0.8010363  -0.31330684  1.52560342], [-2.33698658  1.9023225  -0.58609993]
337, [ 0.8010363  -0.31330684  1.52560342], [-2.33698658  1.9023225  -0.58609993]
338, [ 0.8010363  -0.31330684  1.52560342], [-2.33698658  1.9023225  -0.58609993]
339, [ 0.8010363  -0.31330684  1.52560342], [-2.33698658  1.9023225  -0.58609993]
340, [ 0.8010363  -0.31330684  1.52560342], [-2.33698658  1.9023225  -0.58609993]
341, [ 0.8010363  -0.31330684  1.52560342], [-2.33698658  1.9023225  -0.58609993]
342, [ 0.8010363  -0.31330684  1.52560342], [-2.33698658  1.9023225  -0.58609993]
343, [ 0.8010363  -0.31330684  1.52560342], [-2.33698658  1.9023225  -0.58609993]
344, [ 0.8010363  -0.31330684  1.52560342], [-2.33698658  1.9023225  -0.58609993]
345, [ 0.8010363  -0.31330684  1.52560342], [-2.33698658  1.9023225  -0.58609993]
346, [ 0.8010363  -0.31330684  1.52560342], [-2.33698658  1.9023225  -0.58609993]
347, [ 0.8010363  -0.31330684  1.52560342], [-2.33698658  1.9023225  -0.58609993]
348, [ 0.8010363  -0.31330684  1.52560342], [-2.33698658  1.9023225  -0.58609993]
349, [ 0.8010363  -0.31330684  1.52560342], [-2.33698658  1.9023225  -0.58609993]
350, [ 0.8010363  -0.31330684  1.52560342], [-2.33698658  1.9023225  -0.58609993]
351, [ 0.8010363  -0.31330684  1.52560342], [-2.33698658  1.9023225  -0.58609993]
352, [ 0.8010363  -0.31330684  1.52560342], [-2.33698658  1.9023225  -0.58609993]
353, [ 0.8010363  -0.31330684  1.52560342], [-2.33698658  1.9023225  -0.58609993]
354, [ 0.8010363  -0.31330684  1.52560342], [-2.33698658  1.9023225  -0.58609993]
355, [ 0.8010363  -0.31330684  1.52560342], [-2.33698658  1.9023225  -0.58609993]
356, [ 0.8010363  -0.31330684  1.52560342], [-2.33698658  1.9023225  -0.58609993]
357, [ 0.8010363  -0.31330684  1.52560342], [-2.33698658  1.9023225  -0.58609993]
358, [ 0.8010363  -0.31330684  1.52560342], [-2.33698658  1.9023225  -0.58609993]
359, [ 0.8010363  -0.31330684  1.52560342], [-2.33698658  1.9023225  -0.58609993]
360, [ 0.8010363  -0.31330684  1.52560342], [-2.33698658  1.9023225  -0.58609993]
361, [ 0.80169933 -0.31367456  1.52739797], [-2.35551994  1.90359579 -0.55975055]
362, [ 0.80169933 -0.31367456  1.52739797], [-2.35551994  1.90359579 -0.55975055]
363, [ 0.80169933 -0.31367456  1.52739797], [-2.35551994  1.90359579 -0.55975055]
364, [ 0.80169933 -0.31367456  1.52739797], [-2.35551994  1.90359579 -0.55975055]
365, [ 0.80169933 -0.31367456  1.52739797], [-2.35551994  1.90359579 -0.55975055]
366, [ 0.80169933 -0.31367456  1.52739797], [-2.35551994  1.90359579 -0.55975055]
367, [ 0.80169933 -0.31367456  1.52739797], [-2.35551994  1.90359579 -0.55975055]
368, [ 0.8010363  -0.31330684  1.52560342], [-2.33698658  1.9023225  -0.58609993]
369, [ 0.8010363  -0.31330684  1.52560342], [-2.33698658  1.9023225  -0.58609993]
370, [ 0.8010363  -0.31330684  1.52560342], [-2.33698658  1.9023225  -0.58609993]
371, [ 0.8010363  -0.31330684  1.52560342], [-2.33698658  1.9023225  -0.58609993]
372, [ 0.8010363  -0.31330684  1.52560342], [-2.33698658  1.9023225  -0.58609993]
373, [ 0.8010363  -0.31330684  1.52560342], [-2.33698658  1.9023225  -0.58609993]
374, [ 0.8010363  -0.31330684  1.52560342], [-2.33698658  1.9023225  -0.58609993]
375, [ 0.8010363  -0.31330684  1.52560342], [-2.33698658  1.9023225  -0.58609993]
376, [ 0.8010363  -0.31330684  1.52560342], [-2.33698658  1.9023225  -0.58609993]
377, [ 0.8010363  -0.31330684  1.52560342], [-2.33698658  1.9023225  -0.58609993]
378, [ 0.8010363  -0.31330684  1.52560342], [-2.33698658  1.9023225  -0.58609993]
379, [ 0.8010363  -0.31330684  1.52560342], [-2.33698658  1.9023225  -0.58609993]
380, [ 0.8010363  -0.31330684  1.52560342], [-2.33698658  1.9023225  -0.58609993]
381, [ 0.8010363  -0.31330684  1.52560342], [-2.33698658  1.9023225  -0.58609993]
382, [ 0.8010363  -0.31330684  1.52560342], [-2.33698658  1.9023225  -0.58609993]
383, [ 0.8010363  -0.31330684  1.52560342], [-2.33698658  1.9023225  -0.58609993]
384, [ 0.8010363  -0.31330684  1.52560342], [-2.33698658  1.9023225  -0.58609993]
385, [ 0.8010363  -0.31330684  1.52560342], [-2.33698658  1.9023225  -0.58609993]
386, [ 0.8010363  -0.31330684  1.52560342], [-2.33698658  1.9023225  -0.58609993]
387, [ 0.8010363  -0.31330684  1.52560342], [-2.33698658  1.9023225  -0.58609993]
388, [ 0.8010363  -0.31330684  1.52560342], [-2.33698658  1.9023225  -0.58609993]
389, [ 0.8010363  -0.31330684  1.52560342], [-2.33698658  1.9023225  -0.58609993]
390, [ 0.8010363  -0.31330684  1.52560342], [-2.33698658  1.9023225  -0.58609993]
391, [ 0.8010363  -0.31330684  1.52560342], [-2.33698658  1.9023225  -0.58609993]
392, [ 0.8010363  -0.31330684  1.52560342], [-2.33698658  1.9023225  -0.58609993]
393, [ 0.8010363  -0.31330684  1.52560342], [-2.33698658  1.9023225  -0.58609993]
394, [ 0.8010363  -0.31330684  1.52560342], [-2.33698658  1.9023225  -0.58609993]
395, [ 0.8010363  -0.31330684  1.52560342], [-2.33698658  1.9023225  -0.58609993]
396, [ 0.8010363  -0.31330684  1.52560342], [-2.33698658  1.9023225  -0.58609993]
397, [ 0.8010363  -0.31330684  1.52560342], [-2.33698658  1.9023225  -0.58609993]
